-------------------------------------------------------------------------------
Test set: org.apache.gora.orientdb.store.OrientDBStore_Test
-------------------------------------------------------------------------------
Tests run: 35, Failures: 0, Errors: 1, Skipped: 0, Time elapsed: 89.173 sec <<< FAILURE!
testGetWithFields(org.apache.gora.orientdb.store.OrientDBStore_Test)  Time elapsed: 2.736 sec  <<< ERROR!
java.lang.NullPointerException
	at org.apache.gora.persistency.impl.DirtyCollectionWrapper.iterator(DirtyCollectionWrapper.java:68)
	at org.apache.gora.persistency.impl.DirtyCollectionWrapper.clearDirty(DirtyCollectionWrapper.java:44)
	at org.apache.gora.persistency.impl.PersistentBase.clearDirynessIfFieldIsDirtyable(PersistentBase.java:82)
	at org.apache.gora.persistency.impl.PersistentBase.clearDirty(PersistentBase.java:73)
	at org.apache.gora.persistency.impl.PersistentBase.clearDirynessIfFieldIsDirtyable(PersistentBase.java:82)
	at org.apache.gora.persistency.impl.PersistentBase.clearDirty(PersistentBase.java:73)
	at org.apache.gora.orientdb.store.OrientDBStore.get(OrientDBStore.java:266)
	at org.apache.gora.orientdb.store.OrientDBStore.get(OrientDBStore.java:92)
	at org.apache.gora.store.DataStoreTestUtil.testGetEmployeeWithFields(DataStoreTestUtil.java:265)
	at org.apache.gora.store.DataStoreTestBase.testGetWithFields(DataStoreTestBase.java:282)
	at sun.reflect.NativeMethodAccessorImpl.invoke0(Native Method)
	at sun.reflect.NativeMethodAccessorImpl.invoke(NativeMethodAccessorImpl.java:57)
	at sun.reflect.DelegatingMethodAccessorImpl.invoke(DelegatingMethodAccessorImpl.java:43)
	at java.lang.reflect.Method.invoke(Method.java:601)
	at org.junit.runners.model.FrameworkMethod$1.runReflectiveCall(FrameworkMethod.java:45)
	at org.junit.internal.runners.model.ReflectiveCallable.run(ReflectiveCallable.java:15)
	at org.junit.runners.model.FrameworkMethod.invokeExplosively(FrameworkMethod.java:42)
	at org.junit.internal.runners.statements.InvokeMethod.evaluate(InvokeMethod.java:20)
	at org.junit.internal.runners.statements.RunBefores.evaluate(RunBefores.java:28)
	at org.junit.internal.runners.statements.RunAfters.evaluate(RunAfters.java:30)
	at org.junit.runners.ParentRunner.runLeaf(ParentRunner.java:263)
	at org.junit.runners.BlockJUnit4ClassRunner.runChild(BlockJUnit4ClassRunner.java:68)
	at org.junit.runners.BlockJUnit4ClassRunner.runChild(BlockJUnit4ClassRunner.java:47)
	at org.junit.runners.ParentRunner$3.run(ParentRunner.java:231)
	at org.junit.runners.ParentRunner$1.schedule(ParentRunner.java:60)
	at org.junit.runners.ParentRunner.runChildren(ParentRunner.java:229)
	at org.junit.runners.ParentRunner.access$000(ParentRunner.java:50)
	at org.junit.runners.ParentRunner$2.evaluate(ParentRunner.java:222)
	at org.junit.internal.runners.statements.RunBefores.evaluate(RunBefores.java:28)
	at org.junit.internal.runners.statements.RunAfters.evaluate(RunAfters.java:30)
	at org.junit.runners.ParentRunner.run(ParentRunner.java:300)
	at org.apache.maven.surefire.junit4.JUnit4Provider.execute(JUnit4Provider.java:236)
	at org.apache.maven.surefire.junit4.JUnit4Provider.executeTestSet(JUnit4Provider.java:134)
	at org.apache.maven.surefire.junit4.JUnit4Provider.invoke(JUnit4Provider.java:113)
	at sun.reflect.NativeMethodAccessorImpl.invoke0(Native Method)
	at sun.reflect.NativeMethodAccessorImpl.invoke(NativeMethodAccessorImpl.java:57)
	at sun.reflect.DelegatingMethodAccessorImpl.invoke(DelegatingMethodAccessorImpl.java:43)
	at java.lang.reflect.Method.invoke(Method.java:601)
	at org.apache.maven.surefire.util.ReflectionUtils.invokeMethodWithArray(ReflectionUtils.java:189)
	at org.apache.maven.surefire.booter.ProviderFactory$ProviderProxy.invoke(ProviderFactory.java:165)
	at org.apache.maven.surefire.booter.ProviderFactory.invokeProvider(ProviderFactory.java:85)
	at org.apache.maven.surefire.booter.ForkedBooter.runSuitesInProcess(ForkedBooter.java:103)
	at org.apache.maven.surefire.booter.ForkedBooter.main(ForkedBooter.java:74)
