-------------------------------------------------------------------------------
Test set: org.apache.gora.orientdb.store.OrientDBStore_Test
-------------------------------------------------------------------------------
Tests run: 34, Failures: 0, Errors: 32, Skipped: 2, Time elapsed: 70.066 sec <<< FAILURE!
testQueryWebPageQueryEmptyResults(org.apache.gora.orientdb.store.OrientDBStore_Test)  Time elapsed: 4.582 sec  <<< ERROR!
com.orientechnologies.orient.core.exception.OStorageException: Cannot create a connection to remote server address(es): [127.0.0.1:2424]
	at com.orientechnologies.orient.client.remote.OStorageRemote.openRemoteDatabase(OStorageRemote.java:1675)
	at com.orientechnologies.orient.client.remote.OStorageRemote.open(OStorageRemote.java:212)
	at com.orientechnologies.orient.client.remote.OStorageRemoteThread.open(OStorageRemoteThread.java:87)
	at com.orientechnologies.orient.core.db.document.ODatabaseDocumentTx.open(ODatabaseDocumentTx.java:244)
	at com.orientechnologies.orient.core.db.document.ODatabaseDocumentTxPooled.<init>(ODatabaseDocumentTxPooled.java:49)
	at com.orientechnologies.orient.core.db.document.ODatabaseDocumentPool.createResource(ODatabaseDocumentPool.java:53)
	at com.orientechnologies.orient.core.db.document.ODatabaseDocumentPool.createResource(ODatabaseDocumentPool.java:28)
	at com.orientechnologies.orient.core.db.ODatabasePoolBase$1.createNewResource(ODatabasePoolBase.java:81)
	at com.orientechnologies.orient.core.db.ODatabasePoolBase$1.createNewResource(ODatabasePoolBase.java:70)
	at com.orientechnologies.common.concur.resource.OResourcePool.getResource(OResourcePool.java:91)
	at com.orientechnologies.common.concur.resource.OReentrantResourcePool.getResource(OReentrantResourcePool.java:67)
	at com.orientechnologies.orient.core.db.ODatabasePoolAbstract.acquire(ODatabasePoolAbstract.java:158)
	at com.orientechnologies.orient.core.db.ODatabasePoolAbstract.acquire(ODatabasePoolAbstract.java:138)
	at com.orientechnologies.orient.core.db.ODatabasePoolBase.acquire(ODatabasePoolBase.java:128)
	at org.apache.gora.orientdb.store.OrientDBStore.createSchema(OrientDBStore.java:205)
	at org.apache.gora.orientdb.store.OrientDBStore_Test.createEmployeeDataStore(OrientDBStore_Test.java:129)
	at org.apache.gora.store.DataStoreTestBase.setUp(DataStoreTestBase.java:96)
	at sun.reflect.NativeMethodAccessorImpl.invoke0(Native Method)
	at sun.reflect.NativeMethodAccessorImpl.invoke(NativeMethodAccessorImpl.java:57)
	at sun.reflect.DelegatingMethodAccessorImpl.invoke(DelegatingMethodAccessorImpl.java:43)
	at java.lang.reflect.Method.invoke(Method.java:601)
	at org.junit.runners.model.FrameworkMethod$1.runReflectiveCall(FrameworkMethod.java:45)
	at org.junit.internal.runners.model.ReflectiveCallable.run(ReflectiveCallable.java:15)
	at org.junit.runners.model.FrameworkMethod.invokeExplosively(FrameworkMethod.java:42)
	at org.junit.internal.runners.statements.RunBefores.evaluate(RunBefores.java:27)
	at org.junit.internal.runners.statements.RunAfters.evaluate(RunAfters.java:30)
	at org.junit.runners.ParentRunner.runLeaf(ParentRunner.java:263)
	at org.junit.runners.BlockJUnit4ClassRunner.runChild(BlockJUnit4ClassRunner.java:68)
	at org.junit.runners.BlockJUnit4ClassRunner.runChild(BlockJUnit4ClassRunner.java:47)
	at org.junit.runners.ParentRunner$3.run(ParentRunner.java:231)
	at org.junit.runners.ParentRunner$1.schedule(ParentRunner.java:60)
	at org.junit.runners.ParentRunner.runChildren(ParentRunner.java:229)
	at org.junit.runners.ParentRunner.access$000(ParentRunner.java:50)
	at org.junit.runners.ParentRunner$2.evaluate(ParentRunner.java:222)
	at org.junit.internal.runners.statements.RunBefores.evaluate(RunBefores.java:28)
	at org.junit.internal.runners.statements.RunAfters.evaluate(RunAfters.java:30)
	at org.junit.runners.ParentRunner.run(ParentRunner.java:300)
	at org.apache.maven.surefire.junit4.JUnit4Provider.execute(JUnit4Provider.java:236)
	at org.apache.maven.surefire.junit4.JUnit4Provider.executeTestSet(JUnit4Provider.java:134)
	at org.apache.maven.surefire.junit4.JUnit4Provider.invoke(JUnit4Provider.java:113)
	at sun.reflect.NativeMethodAccessorImpl.invoke0(Native Method)
	at sun.reflect.NativeMethodAccessorImpl.invoke(NativeMethodAccessorImpl.java:57)
	at sun.reflect.DelegatingMethodAccessorImpl.invoke(DelegatingMethodAccessorImpl.java:43)
	at java.lang.reflect.Method.invoke(Method.java:601)
	at org.apache.maven.surefire.util.ReflectionUtils.invokeMethodWithArray(ReflectionUtils.java:189)
	at org.apache.maven.surefire.booter.ProviderFactory$ProviderProxy.invoke(ProviderFactory.java:165)
	at org.apache.maven.surefire.booter.ProviderFactory.invokeProvider(ProviderFactory.java:85)
	at org.apache.maven.surefire.booter.ForkedBooter.runSuitesInProcess(ForkedBooter.java:103)
	at org.apache.maven.surefire.booter.ForkedBooter.main(ForkedBooter.java:74)
testQueryWebPageSingleKeyDefaultFields(org.apache.gora.orientdb.store.OrientDBStore_Test)  Time elapsed: 2.11 sec  <<< ERROR!
com.orientechnologies.orient.core.exception.OStorageException: Cannot create a connection to remote server address(es): [127.0.0.1:2424]
	at com.orientechnologies.orient.client.remote.OStorageRemote.openRemoteDatabase(OStorageRemote.java:1675)
	at com.orientechnologies.orient.client.remote.OStorageRemote.open(OStorageRemote.java:212)
	at com.orientechnologies.orient.client.remote.OStorageRemoteThread.open(OStorageRemoteThread.java:87)
	at com.orientechnologies.orient.core.db.document.ODatabaseDocumentTx.open(ODatabaseDocumentTx.java:244)
	at com.orientechnologies.orient.core.db.document.ODatabaseDocumentTxPooled.<init>(ODatabaseDocumentTxPooled.java:49)
	at com.orientechnologies.orient.core.db.document.ODatabaseDocumentPool.createResource(ODatabaseDocumentPool.java:53)
	at com.orientechnologies.orient.core.db.document.ODatabaseDocumentPool.createResource(ODatabaseDocumentPool.java:28)
	at com.orientechnologies.orient.core.db.ODatabasePoolBase$1.createNewResource(ODatabasePoolBase.java:81)
	at com.orientechnologies.orient.core.db.ODatabasePoolBase$1.createNewResource(ODatabasePoolBase.java:70)
	at com.orientechnologies.common.concur.resource.OResourcePool.getResource(OResourcePool.java:91)
	at com.orientechnologies.common.concur.resource.OReentrantResourcePool.getResource(OReentrantResourcePool.java:67)
	at com.orientechnologies.orient.core.db.ODatabasePoolAbstract.acquire(ODatabasePoolAbstract.java:158)
	at com.orientechnologies.orient.core.db.ODatabasePoolAbstract.acquire(ODatabasePoolAbstract.java:138)
	at com.orientechnologies.orient.core.db.ODatabasePoolBase.acquire(ODatabasePoolBase.java:128)
	at org.apache.gora.orientdb.store.OrientDBStore.createSchema(OrientDBStore.java:205)
	at org.apache.gora.orientdb.store.OrientDBStore_Test.createEmployeeDataStore(OrientDBStore_Test.java:129)
	at org.apache.gora.store.DataStoreTestBase.setUp(DataStoreTestBase.java:96)
	at sun.reflect.NativeMethodAccessorImpl.invoke0(Native Method)
	at sun.reflect.NativeMethodAccessorImpl.invoke(NativeMethodAccessorImpl.java:57)
	at sun.reflect.DelegatingMethodAccessorImpl.invoke(DelegatingMethodAccessorImpl.java:43)
	at java.lang.reflect.Method.invoke(Method.java:601)
	at org.junit.runners.model.FrameworkMethod$1.runReflectiveCall(FrameworkMethod.java:45)
	at org.junit.internal.runners.model.ReflectiveCallable.run(ReflectiveCallable.java:15)
	at org.junit.runners.model.FrameworkMethod.invokeExplosively(FrameworkMethod.java:42)
	at org.junit.internal.runners.statements.RunBefores.evaluate(RunBefores.java:27)
	at org.junit.internal.runners.statements.RunAfters.evaluate(RunAfters.java:30)
	at org.junit.runners.ParentRunner.runLeaf(ParentRunner.java:263)
	at org.junit.runners.BlockJUnit4ClassRunner.runChild(BlockJUnit4ClassRunner.java:68)
	at org.junit.runners.BlockJUnit4ClassRunner.runChild(BlockJUnit4ClassRunner.java:47)
	at org.junit.runners.ParentRunner$3.run(ParentRunner.java:231)
	at org.junit.runners.ParentRunner$1.schedule(ParentRunner.java:60)
	at org.junit.runners.ParentRunner.runChildren(ParentRunner.java:229)
	at org.junit.runners.ParentRunner.access$000(ParentRunner.java:50)
	at org.junit.runners.ParentRunner$2.evaluate(ParentRunner.java:222)
	at org.junit.internal.runners.statements.RunBefores.evaluate(RunBefores.java:28)
	at org.junit.internal.runners.statements.RunAfters.evaluate(RunAfters.java:30)
	at org.junit.runners.ParentRunner.run(ParentRunner.java:300)
	at org.apache.maven.surefire.junit4.JUnit4Provider.execute(JUnit4Provider.java:236)
	at org.apache.maven.surefire.junit4.JUnit4Provider.executeTestSet(JUnit4Provider.java:134)
	at org.apache.maven.surefire.junit4.JUnit4Provider.invoke(JUnit4Provider.java:113)
	at sun.reflect.NativeMethodAccessorImpl.invoke0(Native Method)
	at sun.reflect.NativeMethodAccessorImpl.invoke(NativeMethodAccessorImpl.java:57)
	at sun.reflect.DelegatingMethodAccessorImpl.invoke(DelegatingMethodAccessorImpl.java:43)
	at java.lang.reflect.Method.invoke(Method.java:601)
	at org.apache.maven.surefire.util.ReflectionUtils.invokeMethodWithArray(ReflectionUtils.java:189)
	at org.apache.maven.surefire.booter.ProviderFactory$ProviderProxy.invoke(ProviderFactory.java:165)
	at org.apache.maven.surefire.booter.ProviderFactory.invokeProvider(ProviderFactory.java:85)
	at org.apache.maven.surefire.booter.ForkedBooter.runSuitesInProcess(ForkedBooter.java:103)
	at org.apache.maven.surefire.booter.ForkedBooter.main(ForkedBooter.java:74)
testNewInstance(org.apache.gora.orientdb.store.OrientDBStore_Test)  Time elapsed: 2.125 sec  <<< ERROR!
com.orientechnologies.orient.core.exception.OStorageException: Cannot create a connection to remote server address(es): [127.0.0.1:2424]
	at com.orientechnologies.orient.client.remote.OStorageRemote.openRemoteDatabase(OStorageRemote.java:1675)
	at com.orientechnologies.orient.client.remote.OStorageRemote.open(OStorageRemote.java:212)
	at com.orientechnologies.orient.client.remote.OStorageRemoteThread.open(OStorageRemoteThread.java:87)
	at com.orientechnologies.orient.core.db.document.ODatabaseDocumentTx.open(ODatabaseDocumentTx.java:244)
	at com.orientechnologies.orient.core.db.document.ODatabaseDocumentTxPooled.<init>(ODatabaseDocumentTxPooled.java:49)
	at com.orientechnologies.orient.core.db.document.ODatabaseDocumentPool.createResource(ODatabaseDocumentPool.java:53)
	at com.orientechnologies.orient.core.db.document.ODatabaseDocumentPool.createResource(ODatabaseDocumentPool.java:28)
	at com.orientechnologies.orient.core.db.ODatabasePoolBase$1.createNewResource(ODatabasePoolBase.java:81)
	at com.orientechnologies.orient.core.db.ODatabasePoolBase$1.createNewResource(ODatabasePoolBase.java:70)
	at com.orientechnologies.common.concur.resource.OResourcePool.getResource(OResourcePool.java:91)
	at com.orientechnologies.common.concur.resource.OReentrantResourcePool.getResource(OReentrantResourcePool.java:67)
	at com.orientechnologies.orient.core.db.ODatabasePoolAbstract.acquire(ODatabasePoolAbstract.java:158)
	at com.orientechnologies.orient.core.db.ODatabasePoolAbstract.acquire(ODatabasePoolAbstract.java:138)
	at com.orientechnologies.orient.core.db.ODatabasePoolBase.acquire(ODatabasePoolBase.java:128)
	at org.apache.gora.orientdb.store.OrientDBStore.createSchema(OrientDBStore.java:205)
	at org.apache.gora.orientdb.store.OrientDBStore_Test.createEmployeeDataStore(OrientDBStore_Test.java:129)
	at org.apache.gora.store.DataStoreTestBase.setUp(DataStoreTestBase.java:96)
	at sun.reflect.NativeMethodAccessorImpl.invoke0(Native Method)
	at sun.reflect.NativeMethodAccessorImpl.invoke(NativeMethodAccessorImpl.java:57)
	at sun.reflect.DelegatingMethodAccessorImpl.invoke(DelegatingMethodAccessorImpl.java:43)
	at java.lang.reflect.Method.invoke(Method.java:601)
	at org.junit.runners.model.FrameworkMethod$1.runReflectiveCall(FrameworkMethod.java:45)
	at org.junit.internal.runners.model.ReflectiveCallable.run(ReflectiveCallable.java:15)
	at org.junit.runners.model.FrameworkMethod.invokeExplosively(FrameworkMethod.java:42)
	at org.junit.internal.runners.statements.RunBefores.evaluate(RunBefores.java:27)
	at org.junit.internal.runners.statements.RunAfters.evaluate(RunAfters.java:30)
	at org.junit.runners.ParentRunner.runLeaf(ParentRunner.java:263)
	at org.junit.runners.BlockJUnit4ClassRunner.runChild(BlockJUnit4ClassRunner.java:68)
	at org.junit.runners.BlockJUnit4ClassRunner.runChild(BlockJUnit4ClassRunner.java:47)
	at org.junit.runners.ParentRunner$3.run(ParentRunner.java:231)
	at org.junit.runners.ParentRunner$1.schedule(ParentRunner.java:60)
	at org.junit.runners.ParentRunner.runChildren(ParentRunner.java:229)
	at org.junit.runners.ParentRunner.access$000(ParentRunner.java:50)
	at org.junit.runners.ParentRunner$2.evaluate(ParentRunner.java:222)
	at org.junit.internal.runners.statements.RunBefores.evaluate(RunBefores.java:28)
	at org.junit.internal.runners.statements.RunAfters.evaluate(RunAfters.java:30)
	at org.junit.runners.ParentRunner.run(ParentRunner.java:300)
	at org.apache.maven.surefire.junit4.JUnit4Provider.execute(JUnit4Provider.java:236)
	at org.apache.maven.surefire.junit4.JUnit4Provider.executeTestSet(JUnit4Provider.java:134)
	at org.apache.maven.surefire.junit4.JUnit4Provider.invoke(JUnit4Provider.java:113)
	at sun.reflect.NativeMethodAccessorImpl.invoke0(Native Method)
	at sun.reflect.NativeMethodAccessorImpl.invoke(NativeMethodAccessorImpl.java:57)
	at sun.reflect.DelegatingMethodAccessorImpl.invoke(DelegatingMethodAccessorImpl.java:43)
	at java.lang.reflect.Method.invoke(Method.java:601)
	at org.apache.maven.surefire.util.ReflectionUtils.invokeMethodWithArray(ReflectionUtils.java:189)
	at org.apache.maven.surefire.booter.ProviderFactory$ProviderProxy.invoke(ProviderFactory.java:165)
	at org.apache.maven.surefire.booter.ProviderFactory.invokeProvider(ProviderFactory.java:85)
	at org.apache.maven.surefire.booter.ForkedBooter.runSuitesInProcess(ForkedBooter.java:103)
	at org.apache.maven.surefire.booter.ForkedBooter.main(ForkedBooter.java:74)
testDeleteSchema(org.apache.gora.orientdb.store.OrientDBStore_Test)  Time elapsed: 2.135 sec  <<< ERROR!
com.orientechnologies.orient.core.exception.OStorageException: Cannot create a connection to remote server address(es): [127.0.0.1:2424]
	at com.orientechnologies.orient.client.remote.OStorageRemote.openRemoteDatabase(OStorageRemote.java:1675)
	at com.orientechnologies.orient.client.remote.OStorageRemote.open(OStorageRemote.java:212)
	at com.orientechnologies.orient.client.remote.OStorageRemoteThread.open(OStorageRemoteThread.java:87)
	at com.orientechnologies.orient.core.db.document.ODatabaseDocumentTx.open(ODatabaseDocumentTx.java:244)
	at com.orientechnologies.orient.core.db.document.ODatabaseDocumentTxPooled.<init>(ODatabaseDocumentTxPooled.java:49)
	at com.orientechnologies.orient.core.db.document.ODatabaseDocumentPool.createResource(ODatabaseDocumentPool.java:53)
	at com.orientechnologies.orient.core.db.document.ODatabaseDocumentPool.createResource(ODatabaseDocumentPool.java:28)
	at com.orientechnologies.orient.core.db.ODatabasePoolBase$1.createNewResource(ODatabasePoolBase.java:81)
	at com.orientechnologies.orient.core.db.ODatabasePoolBase$1.createNewResource(ODatabasePoolBase.java:70)
	at com.orientechnologies.common.concur.resource.OResourcePool.getResource(OResourcePool.java:91)
	at com.orientechnologies.common.concur.resource.OReentrantResourcePool.getResource(OReentrantResourcePool.java:67)
	at com.orientechnologies.orient.core.db.ODatabasePoolAbstract.acquire(ODatabasePoolAbstract.java:158)
	at com.orientechnologies.orient.core.db.ODatabasePoolAbstract.acquire(ODatabasePoolAbstract.java:138)
	at com.orientechnologies.orient.core.db.ODatabasePoolBase.acquire(ODatabasePoolBase.java:128)
	at org.apache.gora.orientdb.store.OrientDBStore.createSchema(OrientDBStore.java:205)
	at org.apache.gora.orientdb.store.OrientDBStore_Test.createEmployeeDataStore(OrientDBStore_Test.java:129)
	at org.apache.gora.store.DataStoreTestBase.setUp(DataStoreTestBase.java:96)
	at sun.reflect.NativeMethodAccessorImpl.invoke0(Native Method)
	at sun.reflect.NativeMethodAccessorImpl.invoke(NativeMethodAccessorImpl.java:57)
	at sun.reflect.DelegatingMethodAccessorImpl.invoke(DelegatingMethodAccessorImpl.java:43)
	at java.lang.reflect.Method.invoke(Method.java:601)
	at org.junit.runners.model.FrameworkMethod$1.runReflectiveCall(FrameworkMethod.java:45)
	at org.junit.internal.runners.model.ReflectiveCallable.run(ReflectiveCallable.java:15)
	at org.junit.runners.model.FrameworkMethod.invokeExplosively(FrameworkMethod.java:42)
	at org.junit.internal.runners.statements.RunBefores.evaluate(RunBefores.java:27)
	at org.junit.internal.runners.statements.RunAfters.evaluate(RunAfters.java:30)
	at org.junit.runners.ParentRunner.runLeaf(ParentRunner.java:263)
	at org.junit.runners.BlockJUnit4ClassRunner.runChild(BlockJUnit4ClassRunner.java:68)
	at org.junit.runners.BlockJUnit4ClassRunner.runChild(BlockJUnit4ClassRunner.java:47)
	at org.junit.runners.ParentRunner$3.run(ParentRunner.java:231)
	at org.junit.runners.ParentRunner$1.schedule(ParentRunner.java:60)
	at org.junit.runners.ParentRunner.runChildren(ParentRunner.java:229)
	at org.junit.runners.ParentRunner.access$000(ParentRunner.java:50)
	at org.junit.runners.ParentRunner$2.evaluate(ParentRunner.java:222)
	at org.junit.internal.runners.statements.RunBefores.evaluate(RunBefores.java:28)
	at org.junit.internal.runners.statements.RunAfters.evaluate(RunAfters.java:30)
	at org.junit.runners.ParentRunner.run(ParentRunner.java:300)
	at org.apache.maven.surefire.junit4.JUnit4Provider.execute(JUnit4Provider.java:236)
	at org.apache.maven.surefire.junit4.JUnit4Provider.executeTestSet(JUnit4Provider.java:134)
	at org.apache.maven.surefire.junit4.JUnit4Provider.invoke(JUnit4Provider.java:113)
	at sun.reflect.NativeMethodAccessorImpl.invoke0(Native Method)
	at sun.reflect.NativeMethodAccessorImpl.invoke(NativeMethodAccessorImpl.java:57)
	at sun.reflect.DelegatingMethodAccessorImpl.invoke(DelegatingMethodAccessorImpl.java:43)
	at java.lang.reflect.Method.invoke(Method.java:601)
	at org.apache.maven.surefire.util.ReflectionUtils.invokeMethodWithArray(ReflectionUtils.java:189)
	at org.apache.maven.surefire.booter.ProviderFactory$ProviderProxy.invoke(ProviderFactory.java:165)
	at org.apache.maven.surefire.booter.ProviderFactory.invokeProvider(ProviderFactory.java:85)
	at org.apache.maven.surefire.booter.ForkedBooter.runSuitesInProcess(ForkedBooter.java:103)
	at org.apache.maven.surefire.booter.ForkedBooter.main(ForkedBooter.java:74)
testQueryKeyRange(org.apache.gora.orientdb.store.OrientDBStore_Test)  Time elapsed: 2.109 sec  <<< ERROR!
com.orientechnologies.orient.core.exception.OStorageException: Cannot create a connection to remote server address(es): [127.0.0.1:2424]
	at com.orientechnologies.orient.client.remote.OStorageRemote.openRemoteDatabase(OStorageRemote.java:1675)
	at com.orientechnologies.orient.client.remote.OStorageRemote.open(OStorageRemote.java:212)
	at com.orientechnologies.orient.client.remote.OStorageRemoteThread.open(OStorageRemoteThread.java:87)
	at com.orientechnologies.orient.core.db.document.ODatabaseDocumentTx.open(ODatabaseDocumentTx.java:244)
	at com.orientechnologies.orient.core.db.document.ODatabaseDocumentTxPooled.<init>(ODatabaseDocumentTxPooled.java:49)
	at com.orientechnologies.orient.core.db.document.ODatabaseDocumentPool.createResource(ODatabaseDocumentPool.java:53)
	at com.orientechnologies.orient.core.db.document.ODatabaseDocumentPool.createResource(ODatabaseDocumentPool.java:28)
	at com.orientechnologies.orient.core.db.ODatabasePoolBase$1.createNewResource(ODatabasePoolBase.java:81)
	at com.orientechnologies.orient.core.db.ODatabasePoolBase$1.createNewResource(ODatabasePoolBase.java:70)
	at com.orientechnologies.common.concur.resource.OResourcePool.getResource(OResourcePool.java:91)
	at com.orientechnologies.common.concur.resource.OReentrantResourcePool.getResource(OReentrantResourcePool.java:67)
	at com.orientechnologies.orient.core.db.ODatabasePoolAbstract.acquire(ODatabasePoolAbstract.java:158)
	at com.orientechnologies.orient.core.db.ODatabasePoolAbstract.acquire(ODatabasePoolAbstract.java:138)
	at com.orientechnologies.orient.core.db.ODatabasePoolBase.acquire(ODatabasePoolBase.java:128)
	at org.apache.gora.orientdb.store.OrientDBStore.createSchema(OrientDBStore.java:205)
	at org.apache.gora.orientdb.store.OrientDBStore_Test.createEmployeeDataStore(OrientDBStore_Test.java:129)
	at org.apache.gora.store.DataStoreTestBase.setUp(DataStoreTestBase.java:96)
	at sun.reflect.NativeMethodAccessorImpl.invoke0(Native Method)
	at sun.reflect.NativeMethodAccessorImpl.invoke(NativeMethodAccessorImpl.java:57)
	at sun.reflect.DelegatingMethodAccessorImpl.invoke(DelegatingMethodAccessorImpl.java:43)
	at java.lang.reflect.Method.invoke(Method.java:601)
	at org.junit.runners.model.FrameworkMethod$1.runReflectiveCall(FrameworkMethod.java:45)
	at org.junit.internal.runners.model.ReflectiveCallable.run(ReflectiveCallable.java:15)
	at org.junit.runners.model.FrameworkMethod.invokeExplosively(FrameworkMethod.java:42)
	at org.junit.internal.runners.statements.RunBefores.evaluate(RunBefores.java:27)
	at org.junit.internal.runners.statements.RunAfters.evaluate(RunAfters.java:30)
	at org.junit.runners.ParentRunner.runLeaf(ParentRunner.java:263)
	at org.junit.runners.BlockJUnit4ClassRunner.runChild(BlockJUnit4ClassRunner.java:68)
	at org.junit.runners.BlockJUnit4ClassRunner.runChild(BlockJUnit4ClassRunner.java:47)
	at org.junit.runners.ParentRunner$3.run(ParentRunner.java:231)
	at org.junit.runners.ParentRunner$1.schedule(ParentRunner.java:60)
	at org.junit.runners.ParentRunner.runChildren(ParentRunner.java:229)
	at org.junit.runners.ParentRunner.access$000(ParentRunner.java:50)
	at org.junit.runners.ParentRunner$2.evaluate(ParentRunner.java:222)
	at org.junit.internal.runners.statements.RunBefores.evaluate(RunBefores.java:28)
	at org.junit.internal.runners.statements.RunAfters.evaluate(RunAfters.java:30)
	at org.junit.runners.ParentRunner.run(ParentRunner.java:300)
	at org.apache.maven.surefire.junit4.JUnit4Provider.execute(JUnit4Provider.java:236)
	at org.apache.maven.surefire.junit4.JUnit4Provider.executeTestSet(JUnit4Provider.java:134)
	at org.apache.maven.surefire.junit4.JUnit4Provider.invoke(JUnit4Provider.java:113)
	at sun.reflect.NativeMethodAccessorImpl.invoke0(Native Method)
	at sun.reflect.NativeMethodAccessorImpl.invoke(NativeMethodAccessorImpl.java:57)
	at sun.reflect.DelegatingMethodAccessorImpl.invoke(DelegatingMethodAccessorImpl.java:43)
	at java.lang.reflect.Method.invoke(Method.java:601)
	at org.apache.maven.surefire.util.ReflectionUtils.invokeMethodWithArray(ReflectionUtils.java:189)
	at org.apache.maven.surefire.booter.ProviderFactory$ProviderProxy.invoke(ProviderFactory.java:165)
	at org.apache.maven.surefire.booter.ProviderFactory.invokeProvider(ProviderFactory.java:85)
	at org.apache.maven.surefire.booter.ForkedBooter.runSuitesInProcess(ForkedBooter.java:103)
	at org.apache.maven.surefire.booter.ForkedBooter.main(ForkedBooter.java:74)
testDeleteByQuery(org.apache.gora.orientdb.store.OrientDBStore_Test)  Time elapsed: 2.125 sec  <<< ERROR!
com.orientechnologies.orient.core.exception.OStorageException: Cannot create a connection to remote server address(es): [127.0.0.1:2424]
	at com.orientechnologies.orient.client.remote.OStorageRemote.openRemoteDatabase(OStorageRemote.java:1675)
	at com.orientechnologies.orient.client.remote.OStorageRemote.open(OStorageRemote.java:212)
	at com.orientechnologies.orient.client.remote.OStorageRemoteThread.open(OStorageRemoteThread.java:87)
	at com.orientechnologies.orient.core.db.document.ODatabaseDocumentTx.open(ODatabaseDocumentTx.java:244)
	at com.orientechnologies.orient.core.db.document.ODatabaseDocumentTxPooled.<init>(ODatabaseDocumentTxPooled.java:49)
	at com.orientechnologies.orient.core.db.document.ODatabaseDocumentPool.createResource(ODatabaseDocumentPool.java:53)
	at com.orientechnologies.orient.core.db.document.ODatabaseDocumentPool.createResource(ODatabaseDocumentPool.java:28)
	at com.orientechnologies.orient.core.db.ODatabasePoolBase$1.createNewResource(ODatabasePoolBase.java:81)
	at com.orientechnologies.orient.core.db.ODatabasePoolBase$1.createNewResource(ODatabasePoolBase.java:70)
	at com.orientechnologies.common.concur.resource.OResourcePool.getResource(OResourcePool.java:91)
	at com.orientechnologies.common.concur.resource.OReentrantResourcePool.getResource(OReentrantResourcePool.java:67)
	at com.orientechnologies.orient.core.db.ODatabasePoolAbstract.acquire(ODatabasePoolAbstract.java:158)
	at com.orientechnologies.orient.core.db.ODatabasePoolAbstract.acquire(ODatabasePoolAbstract.java:138)
	at com.orientechnologies.orient.core.db.ODatabasePoolBase.acquire(ODatabasePoolBase.java:128)
	at org.apache.gora.orientdb.store.OrientDBStore.createSchema(OrientDBStore.java:205)
	at org.apache.gora.orientdb.store.OrientDBStore_Test.createEmployeeDataStore(OrientDBStore_Test.java:129)
	at org.apache.gora.store.DataStoreTestBase.setUp(DataStoreTestBase.java:96)
	at sun.reflect.NativeMethodAccessorImpl.invoke0(Native Method)
	at sun.reflect.NativeMethodAccessorImpl.invoke(NativeMethodAccessorImpl.java:57)
	at sun.reflect.DelegatingMethodAccessorImpl.invoke(DelegatingMethodAccessorImpl.java:43)
	at java.lang.reflect.Method.invoke(Method.java:601)
	at org.junit.runners.model.FrameworkMethod$1.runReflectiveCall(FrameworkMethod.java:45)
	at org.junit.internal.runners.model.ReflectiveCallable.run(ReflectiveCallable.java:15)
	at org.junit.runners.model.FrameworkMethod.invokeExplosively(FrameworkMethod.java:42)
	at org.junit.internal.runners.statements.RunBefores.evaluate(RunBefores.java:27)
	at org.junit.internal.runners.statements.RunAfters.evaluate(RunAfters.java:30)
	at org.junit.runners.ParentRunner.runLeaf(ParentRunner.java:263)
	at org.junit.runners.BlockJUnit4ClassRunner.runChild(BlockJUnit4ClassRunner.java:68)
	at org.junit.runners.BlockJUnit4ClassRunner.runChild(BlockJUnit4ClassRunner.java:47)
	at org.junit.runners.ParentRunner$3.run(ParentRunner.java:231)
	at org.junit.runners.ParentRunner$1.schedule(ParentRunner.java:60)
	at org.junit.runners.ParentRunner.runChildren(ParentRunner.java:229)
	at org.junit.runners.ParentRunner.access$000(ParentRunner.java:50)
	at org.junit.runners.ParentRunner$2.evaluate(ParentRunner.java:222)
	at org.junit.internal.runners.statements.RunBefores.evaluate(RunBefores.java:28)
	at org.junit.internal.runners.statements.RunAfters.evaluate(RunAfters.java:30)
	at org.junit.runners.ParentRunner.run(ParentRunner.java:300)
	at org.apache.maven.surefire.junit4.JUnit4Provider.execute(JUnit4Provider.java:236)
	at org.apache.maven.surefire.junit4.JUnit4Provider.executeTestSet(JUnit4Provider.java:134)
	at org.apache.maven.surefire.junit4.JUnit4Provider.invoke(JUnit4Provider.java:113)
	at sun.reflect.NativeMethodAccessorImpl.invoke0(Native Method)
	at sun.reflect.NativeMethodAccessorImpl.invoke(NativeMethodAccessorImpl.java:57)
	at sun.reflect.DelegatingMethodAccessorImpl.invoke(DelegatingMethodAccessorImpl.java:43)
	at java.lang.reflect.Method.invoke(Method.java:601)
	at org.apache.maven.surefire.util.ReflectionUtils.invokeMethodWithArray(ReflectionUtils.java:189)
	at org.apache.maven.surefire.booter.ProviderFactory$ProviderProxy.invoke(ProviderFactory.java:165)
	at org.apache.maven.surefire.booter.ProviderFactory.invokeProvider(ProviderFactory.java:85)
	at org.apache.maven.surefire.booter.ForkedBooter.runSuitesInProcess(ForkedBooter.java:103)
	at org.apache.maven.surefire.booter.ForkedBooter.main(ForkedBooter.java:74)
testGetNested(org.apache.gora.orientdb.store.OrientDBStore_Test)  Time elapsed: 2.125 sec  <<< ERROR!
com.orientechnologies.orient.core.exception.OStorageException: Cannot create a connection to remote server address(es): [127.0.0.1:2424]
	at com.orientechnologies.orient.client.remote.OStorageRemote.openRemoteDatabase(OStorageRemote.java:1675)
	at com.orientechnologies.orient.client.remote.OStorageRemote.open(OStorageRemote.java:212)
	at com.orientechnologies.orient.client.remote.OStorageRemoteThread.open(OStorageRemoteThread.java:87)
	at com.orientechnologies.orient.core.db.document.ODatabaseDocumentTx.open(ODatabaseDocumentTx.java:244)
	at com.orientechnologies.orient.core.db.document.ODatabaseDocumentTxPooled.<init>(ODatabaseDocumentTxPooled.java:49)
	at com.orientechnologies.orient.core.db.document.ODatabaseDocumentPool.createResource(ODatabaseDocumentPool.java:53)
	at com.orientechnologies.orient.core.db.document.ODatabaseDocumentPool.createResource(ODatabaseDocumentPool.java:28)
	at com.orientechnologies.orient.core.db.ODatabasePoolBase$1.createNewResource(ODatabasePoolBase.java:81)
	at com.orientechnologies.orient.core.db.ODatabasePoolBase$1.createNewResource(ODatabasePoolBase.java:70)
	at com.orientechnologies.common.concur.resource.OResourcePool.getResource(OResourcePool.java:91)
	at com.orientechnologies.common.concur.resource.OReentrantResourcePool.getResource(OReentrantResourcePool.java:67)
	at com.orientechnologies.orient.core.db.ODatabasePoolAbstract.acquire(ODatabasePoolAbstract.java:158)
	at com.orientechnologies.orient.core.db.ODatabasePoolAbstract.acquire(ODatabasePoolAbstract.java:138)
	at com.orientechnologies.orient.core.db.ODatabasePoolBase.acquire(ODatabasePoolBase.java:128)
	at org.apache.gora.orientdb.store.OrientDBStore.createSchema(OrientDBStore.java:205)
	at org.apache.gora.orientdb.store.OrientDBStore_Test.createEmployeeDataStore(OrientDBStore_Test.java:129)
	at org.apache.gora.store.DataStoreTestBase.setUp(DataStoreTestBase.java:96)
	at sun.reflect.NativeMethodAccessorImpl.invoke0(Native Method)
	at sun.reflect.NativeMethodAccessorImpl.invoke(NativeMethodAccessorImpl.java:57)
	at sun.reflect.DelegatingMethodAccessorImpl.invoke(DelegatingMethodAccessorImpl.java:43)
	at java.lang.reflect.Method.invoke(Method.java:601)
	at org.junit.runners.model.FrameworkMethod$1.runReflectiveCall(FrameworkMethod.java:45)
	at org.junit.internal.runners.model.ReflectiveCallable.run(ReflectiveCallable.java:15)
	at org.junit.runners.model.FrameworkMethod.invokeExplosively(FrameworkMethod.java:42)
	at org.junit.internal.runners.statements.RunBefores.evaluate(RunBefores.java:27)
	at org.junit.internal.runners.statements.RunAfters.evaluate(RunAfters.java:30)
	at org.junit.runners.ParentRunner.runLeaf(ParentRunner.java:263)
	at org.junit.runners.BlockJUnit4ClassRunner.runChild(BlockJUnit4ClassRunner.java:68)
	at org.junit.runners.BlockJUnit4ClassRunner.runChild(BlockJUnit4ClassRunner.java:47)
	at org.junit.runners.ParentRunner$3.run(ParentRunner.java:231)
	at org.junit.runners.ParentRunner$1.schedule(ParentRunner.java:60)
	at org.junit.runners.ParentRunner.runChildren(ParentRunner.java:229)
	at org.junit.runners.ParentRunner.access$000(ParentRunner.java:50)
	at org.junit.runners.ParentRunner$2.evaluate(ParentRunner.java:222)
	at org.junit.internal.runners.statements.RunBefores.evaluate(RunBefores.java:28)
	at org.junit.internal.runners.statements.RunAfters.evaluate(RunAfters.java:30)
	at org.junit.runners.ParentRunner.run(ParentRunner.java:300)
	at org.apache.maven.surefire.junit4.JUnit4Provider.execute(JUnit4Provider.java:236)
	at org.apache.maven.surefire.junit4.JUnit4Provider.executeTestSet(JUnit4Provider.java:134)
	at org.apache.maven.surefire.junit4.JUnit4Provider.invoke(JUnit4Provider.java:113)
	at sun.reflect.NativeMethodAccessorImpl.invoke0(Native Method)
	at sun.reflect.NativeMethodAccessorImpl.invoke(NativeMethodAccessorImpl.java:57)
	at sun.reflect.DelegatingMethodAccessorImpl.invoke(DelegatingMethodAccessorImpl.java:43)
	at java.lang.reflect.Method.invoke(Method.java:601)
	at org.apache.maven.surefire.util.ReflectionUtils.invokeMethodWithArray(ReflectionUtils.java:189)
	at org.apache.maven.surefire.booter.ProviderFactory$ProviderProxy.invoke(ProviderFactory.java:165)
	at org.apache.maven.surefire.booter.ProviderFactory.invokeProvider(ProviderFactory.java:85)
	at org.apache.maven.surefire.booter.ForkedBooter.runSuitesInProcess(ForkedBooter.java:103)
	at org.apache.maven.surefire.booter.ForkedBooter.main(ForkedBooter.java:74)
testQueryEndKey(org.apache.gora.orientdb.store.OrientDBStore_Test)  Time elapsed: 2.122 sec  <<< ERROR!
com.orientechnologies.orient.core.exception.OStorageException: Cannot create a connection to remote server address(es): [127.0.0.1:2424]
	at com.orientechnologies.orient.client.remote.OStorageRemote.openRemoteDatabase(OStorageRemote.java:1675)
	at com.orientechnologies.orient.client.remote.OStorageRemote.open(OStorageRemote.java:212)
	at com.orientechnologies.orient.client.remote.OStorageRemoteThread.open(OStorageRemoteThread.java:87)
	at com.orientechnologies.orient.core.db.document.ODatabaseDocumentTx.open(ODatabaseDocumentTx.java:244)
	at com.orientechnologies.orient.core.db.document.ODatabaseDocumentTxPooled.<init>(ODatabaseDocumentTxPooled.java:49)
	at com.orientechnologies.orient.core.db.document.ODatabaseDocumentPool.createResource(ODatabaseDocumentPool.java:53)
	at com.orientechnologies.orient.core.db.document.ODatabaseDocumentPool.createResource(ODatabaseDocumentPool.java:28)
	at com.orientechnologies.orient.core.db.ODatabasePoolBase$1.createNewResource(ODatabasePoolBase.java:81)
	at com.orientechnologies.orient.core.db.ODatabasePoolBase$1.createNewResource(ODatabasePoolBase.java:70)
	at com.orientechnologies.common.concur.resource.OResourcePool.getResource(OResourcePool.java:91)
	at com.orientechnologies.common.concur.resource.OReentrantResourcePool.getResource(OReentrantResourcePool.java:67)
	at com.orientechnologies.orient.core.db.ODatabasePoolAbstract.acquire(ODatabasePoolAbstract.java:158)
	at com.orientechnologies.orient.core.db.ODatabasePoolAbstract.acquire(ODatabasePoolAbstract.java:138)
	at com.orientechnologies.orient.core.db.ODatabasePoolBase.acquire(ODatabasePoolBase.java:128)
	at org.apache.gora.orientdb.store.OrientDBStore.createSchema(OrientDBStore.java:205)
	at org.apache.gora.orientdb.store.OrientDBStore_Test.createEmployeeDataStore(OrientDBStore_Test.java:129)
	at org.apache.gora.store.DataStoreTestBase.setUp(DataStoreTestBase.java:96)
	at sun.reflect.NativeMethodAccessorImpl.invoke0(Native Method)
	at sun.reflect.NativeMethodAccessorImpl.invoke(NativeMethodAccessorImpl.java:57)
	at sun.reflect.DelegatingMethodAccessorImpl.invoke(DelegatingMethodAccessorImpl.java:43)
	at java.lang.reflect.Method.invoke(Method.java:601)
	at org.junit.runners.model.FrameworkMethod$1.runReflectiveCall(FrameworkMethod.java:45)
	at org.junit.internal.runners.model.ReflectiveCallable.run(ReflectiveCallable.java:15)
	at org.junit.runners.model.FrameworkMethod.invokeExplosively(FrameworkMethod.java:42)
	at org.junit.internal.runners.statements.RunBefores.evaluate(RunBefores.java:27)
	at org.junit.internal.runners.statements.RunAfters.evaluate(RunAfters.java:30)
	at org.junit.runners.ParentRunner.runLeaf(ParentRunner.java:263)
	at org.junit.runners.BlockJUnit4ClassRunner.runChild(BlockJUnit4ClassRunner.java:68)
	at org.junit.runners.BlockJUnit4ClassRunner.runChild(BlockJUnit4ClassRunner.java:47)
	at org.junit.runners.ParentRunner$3.run(ParentRunner.java:231)
	at org.junit.runners.ParentRunner$1.schedule(ParentRunner.java:60)
	at org.junit.runners.ParentRunner.runChildren(ParentRunner.java:229)
	at org.junit.runners.ParentRunner.access$000(ParentRunner.java:50)
	at org.junit.runners.ParentRunner$2.evaluate(ParentRunner.java:222)
	at org.junit.internal.runners.statements.RunBefores.evaluate(RunBefores.java:28)
	at org.junit.internal.runners.statements.RunAfters.evaluate(RunAfters.java:30)
	at org.junit.runners.ParentRunner.run(ParentRunner.java:300)
	at org.apache.maven.surefire.junit4.JUnit4Provider.execute(JUnit4Provider.java:236)
	at org.apache.maven.surefire.junit4.JUnit4Provider.executeTestSet(JUnit4Provider.java:134)
	at org.apache.maven.surefire.junit4.JUnit4Provider.invoke(JUnit4Provider.java:113)
	at sun.reflect.NativeMethodAccessorImpl.invoke0(Native Method)
	at sun.reflect.NativeMethodAccessorImpl.invoke(NativeMethodAccessorImpl.java:57)
	at sun.reflect.DelegatingMethodAccessorImpl.invoke(DelegatingMethodAccessorImpl.java:43)
	at java.lang.reflect.Method.invoke(Method.java:601)
	at org.apache.maven.surefire.util.ReflectionUtils.invokeMethodWithArray(ReflectionUtils.java:189)
	at org.apache.maven.surefire.booter.ProviderFactory$ProviderProxy.invoke(ProviderFactory.java:165)
	at org.apache.maven.surefire.booter.ProviderFactory.invokeProvider(ProviderFactory.java:85)
	at org.apache.maven.surefire.booter.ForkedBooter.runSuitesInProcess(ForkedBooter.java:103)
	at org.apache.maven.surefire.booter.ForkedBooter.main(ForkedBooter.java:74)
testGetRecursive(org.apache.gora.orientdb.store.OrientDBStore_Test)  Time elapsed: 2.109 sec  <<< ERROR!
com.orientechnologies.orient.core.exception.OStorageException: Cannot create a connection to remote server address(es): [127.0.0.1:2424]
	at com.orientechnologies.orient.client.remote.OStorageRemote.openRemoteDatabase(OStorageRemote.java:1675)
	at com.orientechnologies.orient.client.remote.OStorageRemote.open(OStorageRemote.java:212)
	at com.orientechnologies.orient.client.remote.OStorageRemoteThread.open(OStorageRemoteThread.java:87)
	at com.orientechnologies.orient.core.db.document.ODatabaseDocumentTx.open(ODatabaseDocumentTx.java:244)
	at com.orientechnologies.orient.core.db.document.ODatabaseDocumentTxPooled.<init>(ODatabaseDocumentTxPooled.java:49)
	at com.orientechnologies.orient.core.db.document.ODatabaseDocumentPool.createResource(ODatabaseDocumentPool.java:53)
	at com.orientechnologies.orient.core.db.document.ODatabaseDocumentPool.createResource(ODatabaseDocumentPool.java:28)
	at com.orientechnologies.orient.core.db.ODatabasePoolBase$1.createNewResource(ODatabasePoolBase.java:81)
	at com.orientechnologies.orient.core.db.ODatabasePoolBase$1.createNewResource(ODatabasePoolBase.java:70)
	at com.orientechnologies.common.concur.resource.OResourcePool.getResource(OResourcePool.java:91)
	at com.orientechnologies.common.concur.resource.OReentrantResourcePool.getResource(OReentrantResourcePool.java:67)
	at com.orientechnologies.orient.core.db.ODatabasePoolAbstract.acquire(ODatabasePoolAbstract.java:158)
	at com.orientechnologies.orient.core.db.ODatabasePoolAbstract.acquire(ODatabasePoolAbstract.java:138)
	at com.orientechnologies.orient.core.db.ODatabasePoolBase.acquire(ODatabasePoolBase.java:128)
	at org.apache.gora.orientdb.store.OrientDBStore.createSchema(OrientDBStore.java:205)
	at org.apache.gora.orientdb.store.OrientDBStore_Test.createEmployeeDataStore(OrientDBStore_Test.java:129)
	at org.apache.gora.store.DataStoreTestBase.setUp(DataStoreTestBase.java:96)
	at sun.reflect.NativeMethodAccessorImpl.invoke0(Native Method)
	at sun.reflect.NativeMethodAccessorImpl.invoke(NativeMethodAccessorImpl.java:57)
	at sun.reflect.DelegatingMethodAccessorImpl.invoke(DelegatingMethodAccessorImpl.java:43)
	at java.lang.reflect.Method.invoke(Method.java:601)
	at org.junit.runners.model.FrameworkMethod$1.runReflectiveCall(FrameworkMethod.java:45)
	at org.junit.internal.runners.model.ReflectiveCallable.run(ReflectiveCallable.java:15)
	at org.junit.runners.model.FrameworkMethod.invokeExplosively(FrameworkMethod.java:42)
	at org.junit.internal.runners.statements.RunBefores.evaluate(RunBefores.java:27)
	at org.junit.internal.runners.statements.RunAfters.evaluate(RunAfters.java:30)
	at org.junit.runners.ParentRunner.runLeaf(ParentRunner.java:263)
	at org.junit.runners.BlockJUnit4ClassRunner.runChild(BlockJUnit4ClassRunner.java:68)
	at org.junit.runners.BlockJUnit4ClassRunner.runChild(BlockJUnit4ClassRunner.java:47)
	at org.junit.runners.ParentRunner$3.run(ParentRunner.java:231)
	at org.junit.runners.ParentRunner$1.schedule(ParentRunner.java:60)
	at org.junit.runners.ParentRunner.runChildren(ParentRunner.java:229)
	at org.junit.runners.ParentRunner.access$000(ParentRunner.java:50)
	at org.junit.runners.ParentRunner$2.evaluate(ParentRunner.java:222)
	at org.junit.internal.runners.statements.RunBefores.evaluate(RunBefores.java:28)
	at org.junit.internal.runners.statements.RunAfters.evaluate(RunAfters.java:30)
	at org.junit.runners.ParentRunner.run(ParentRunner.java:300)
	at org.apache.maven.surefire.junit4.JUnit4Provider.execute(JUnit4Provider.java:236)
	at org.apache.maven.surefire.junit4.JUnit4Provider.executeTestSet(JUnit4Provider.java:134)
	at org.apache.maven.surefire.junit4.JUnit4Provider.invoke(JUnit4Provider.java:113)
	at sun.reflect.NativeMethodAccessorImpl.invoke0(Native Method)
	at sun.reflect.NativeMethodAccessorImpl.invoke(NativeMethodAccessorImpl.java:57)
	at sun.reflect.DelegatingMethodAccessorImpl.invoke(DelegatingMethodAccessorImpl.java:43)
	at java.lang.reflect.Method.invoke(Method.java:601)
	at org.apache.maven.surefire.util.ReflectionUtils.invokeMethodWithArray(ReflectionUtils.java:189)
	at org.apache.maven.surefire.booter.ProviderFactory$ProviderProxy.invoke(ProviderFactory.java:165)
	at org.apache.maven.surefire.booter.ProviderFactory.invokeProvider(ProviderFactory.java:85)
	at org.apache.maven.surefire.booter.ForkedBooter.runSuitesInProcess(ForkedBooter.java:103)
	at org.apache.maven.surefire.booter.ForkedBooter.main(ForkedBooter.java:74)
testGetPartitions(org.apache.gora.orientdb.store.OrientDBStore_Test)  Time elapsed: 2.079 sec  <<< ERROR!
com.orientechnologies.orient.core.exception.OStorageException: Cannot create a connection to remote server address(es): [127.0.0.1:2424]
	at com.orientechnologies.orient.client.remote.OStorageRemote.openRemoteDatabase(OStorageRemote.java:1675)
	at com.orientechnologies.orient.client.remote.OStorageRemote.open(OStorageRemote.java:212)
	at com.orientechnologies.orient.client.remote.OStorageRemoteThread.open(OStorageRemoteThread.java:87)
	at com.orientechnologies.orient.core.db.document.ODatabaseDocumentTx.open(ODatabaseDocumentTx.java:244)
	at com.orientechnologies.orient.core.db.document.ODatabaseDocumentTxPooled.<init>(ODatabaseDocumentTxPooled.java:49)
	at com.orientechnologies.orient.core.db.document.ODatabaseDocumentPool.createResource(ODatabaseDocumentPool.java:53)
	at com.orientechnologies.orient.core.db.document.ODatabaseDocumentPool.createResource(ODatabaseDocumentPool.java:28)
	at com.orientechnologies.orient.core.db.ODatabasePoolBase$1.createNewResource(ODatabasePoolBase.java:81)
	at com.orientechnologies.orient.core.db.ODatabasePoolBase$1.createNewResource(ODatabasePoolBase.java:70)
	at com.orientechnologies.common.concur.resource.OResourcePool.getResource(OResourcePool.java:91)
	at com.orientechnologies.common.concur.resource.OReentrantResourcePool.getResource(OReentrantResourcePool.java:67)
	at com.orientechnologies.orient.core.db.ODatabasePoolAbstract.acquire(ODatabasePoolAbstract.java:158)
	at com.orientechnologies.orient.core.db.ODatabasePoolAbstract.acquire(ODatabasePoolAbstract.java:138)
	at com.orientechnologies.orient.core.db.ODatabasePoolBase.acquire(ODatabasePoolBase.java:128)
	at org.apache.gora.orientdb.store.OrientDBStore.createSchema(OrientDBStore.java:205)
	at org.apache.gora.orientdb.store.OrientDBStore_Test.createEmployeeDataStore(OrientDBStore_Test.java:129)
	at org.apache.gora.store.DataStoreTestBase.setUp(DataStoreTestBase.java:96)
	at sun.reflect.NativeMethodAccessorImpl.invoke0(Native Method)
	at sun.reflect.NativeMethodAccessorImpl.invoke(NativeMethodAccessorImpl.java:57)
	at sun.reflect.DelegatingMethodAccessorImpl.invoke(DelegatingMethodAccessorImpl.java:43)
	at java.lang.reflect.Method.invoke(Method.java:601)
	at org.junit.runners.model.FrameworkMethod$1.runReflectiveCall(FrameworkMethod.java:45)
	at org.junit.internal.runners.model.ReflectiveCallable.run(ReflectiveCallable.java:15)
	at org.junit.runners.model.FrameworkMethod.invokeExplosively(FrameworkMethod.java:42)
	at org.junit.internal.runners.statements.RunBefores.evaluate(RunBefores.java:27)
	at org.junit.internal.runners.statements.RunAfters.evaluate(RunAfters.java:30)
	at org.junit.runners.ParentRunner.runLeaf(ParentRunner.java:263)
	at org.junit.runners.BlockJUnit4ClassRunner.runChild(BlockJUnit4ClassRunner.java:68)
	at org.junit.runners.BlockJUnit4ClassRunner.runChild(BlockJUnit4ClassRunner.java:47)
	at org.junit.runners.ParentRunner$3.run(ParentRunner.java:231)
	at org.junit.runners.ParentRunner$1.schedule(ParentRunner.java:60)
	at org.junit.runners.ParentRunner.runChildren(ParentRunner.java:229)
	at org.junit.runners.ParentRunner.access$000(ParentRunner.java:50)
	at org.junit.runners.ParentRunner$2.evaluate(ParentRunner.java:222)
	at org.junit.internal.runners.statements.RunBefores.evaluate(RunBefores.java:28)
	at org.junit.internal.runners.statements.RunAfters.evaluate(RunAfters.java:30)
	at org.junit.runners.ParentRunner.run(ParentRunner.java:300)
	at org.apache.maven.surefire.junit4.JUnit4Provider.execute(JUnit4Provider.java:236)
	at org.apache.maven.surefire.junit4.JUnit4Provider.executeTestSet(JUnit4Provider.java:134)
	at org.apache.maven.surefire.junit4.JUnit4Provider.invoke(JUnit4Provider.java:113)
	at sun.reflect.NativeMethodAccessorImpl.invoke0(Native Method)
	at sun.reflect.NativeMethodAccessorImpl.invoke(NativeMethodAccessorImpl.java:57)
	at sun.reflect.DelegatingMethodAccessorImpl.invoke(DelegatingMethodAccessorImpl.java:43)
	at java.lang.reflect.Method.invoke(Method.java:601)
	at org.apache.maven.surefire.util.ReflectionUtils.invokeMethodWithArray(ReflectionUtils.java:189)
	at org.apache.maven.surefire.booter.ProviderFactory$ProviderProxy.invoke(ProviderFactory.java:165)
	at org.apache.maven.surefire.booter.ProviderFactory.invokeProvider(ProviderFactory.java:85)
	at org.apache.maven.surefire.booter.ForkedBooter.runSuitesInProcess(ForkedBooter.java:103)
	at org.apache.maven.surefire.booter.ForkedBooter.main(ForkedBooter.java:74)
testQueryStartKey(org.apache.gora.orientdb.store.OrientDBStore_Test)  Time elapsed: 2.078 sec  <<< ERROR!
com.orientechnologies.orient.core.exception.OStorageException: Cannot create a connection to remote server address(es): [127.0.0.1:2424]
	at com.orientechnologies.orient.client.remote.OStorageRemote.openRemoteDatabase(OStorageRemote.java:1675)
	at com.orientechnologies.orient.client.remote.OStorageRemote.open(OStorageRemote.java:212)
	at com.orientechnologies.orient.client.remote.OStorageRemoteThread.open(OStorageRemoteThread.java:87)
	at com.orientechnologies.orient.core.db.document.ODatabaseDocumentTx.open(ODatabaseDocumentTx.java:244)
	at com.orientechnologies.orient.core.db.document.ODatabaseDocumentTxPooled.<init>(ODatabaseDocumentTxPooled.java:49)
	at com.orientechnologies.orient.core.db.document.ODatabaseDocumentPool.createResource(ODatabaseDocumentPool.java:53)
	at com.orientechnologies.orient.core.db.document.ODatabaseDocumentPool.createResource(ODatabaseDocumentPool.java:28)
	at com.orientechnologies.orient.core.db.ODatabasePoolBase$1.createNewResource(ODatabasePoolBase.java:81)
	at com.orientechnologies.orient.core.db.ODatabasePoolBase$1.createNewResource(ODatabasePoolBase.java:70)
	at com.orientechnologies.common.concur.resource.OResourcePool.getResource(OResourcePool.java:91)
	at com.orientechnologies.common.concur.resource.OReentrantResourcePool.getResource(OReentrantResourcePool.java:67)
	at com.orientechnologies.orient.core.db.ODatabasePoolAbstract.acquire(ODatabasePoolAbstract.java:158)
	at com.orientechnologies.orient.core.db.ODatabasePoolAbstract.acquire(ODatabasePoolAbstract.java:138)
	at com.orientechnologies.orient.core.db.ODatabasePoolBase.acquire(ODatabasePoolBase.java:128)
	at org.apache.gora.orientdb.store.OrientDBStore.createSchema(OrientDBStore.java:205)
	at org.apache.gora.orientdb.store.OrientDBStore_Test.createEmployeeDataStore(OrientDBStore_Test.java:129)
	at org.apache.gora.store.DataStoreTestBase.setUp(DataStoreTestBase.java:96)
	at sun.reflect.NativeMethodAccessorImpl.invoke0(Native Method)
	at sun.reflect.NativeMethodAccessorImpl.invoke(NativeMethodAccessorImpl.java:57)
	at sun.reflect.DelegatingMethodAccessorImpl.invoke(DelegatingMethodAccessorImpl.java:43)
	at java.lang.reflect.Method.invoke(Method.java:601)
	at org.junit.runners.model.FrameworkMethod$1.runReflectiveCall(FrameworkMethod.java:45)
	at org.junit.internal.runners.model.ReflectiveCallable.run(ReflectiveCallable.java:15)
	at org.junit.runners.model.FrameworkMethod.invokeExplosively(FrameworkMethod.java:42)
	at org.junit.internal.runners.statements.RunBefores.evaluate(RunBefores.java:27)
	at org.junit.internal.runners.statements.RunAfters.evaluate(RunAfters.java:30)
	at org.junit.runners.ParentRunner.runLeaf(ParentRunner.java:263)
	at org.junit.runners.BlockJUnit4ClassRunner.runChild(BlockJUnit4ClassRunner.java:68)
	at org.junit.runners.BlockJUnit4ClassRunner.runChild(BlockJUnit4ClassRunner.java:47)
	at org.junit.runners.ParentRunner$3.run(ParentRunner.java:231)
	at org.junit.runners.ParentRunner$1.schedule(ParentRunner.java:60)
	at org.junit.runners.ParentRunner.runChildren(ParentRunner.java:229)
	at org.junit.runners.ParentRunner.access$000(ParentRunner.java:50)
	at org.junit.runners.ParentRunner$2.evaluate(ParentRunner.java:222)
	at org.junit.internal.runners.statements.RunBefores.evaluate(RunBefores.java:28)
	at org.junit.internal.runners.statements.RunAfters.evaluate(RunAfters.java:30)
	at org.junit.runners.ParentRunner.run(ParentRunner.java:300)
	at org.apache.maven.surefire.junit4.JUnit4Provider.execute(JUnit4Provider.java:236)
	at org.apache.maven.surefire.junit4.JUnit4Provider.executeTestSet(JUnit4Provider.java:134)
	at org.apache.maven.surefire.junit4.JUnit4Provider.invoke(JUnit4Provider.java:113)
	at sun.reflect.NativeMethodAccessorImpl.invoke0(Native Method)
	at sun.reflect.NativeMethodAccessorImpl.invoke(NativeMethodAccessorImpl.java:57)
	at sun.reflect.DelegatingMethodAccessorImpl.invoke(DelegatingMethodAccessorImpl.java:43)
	at java.lang.reflect.Method.invoke(Method.java:601)
	at org.apache.maven.surefire.util.ReflectionUtils.invokeMethodWithArray(ReflectionUtils.java:189)
	at org.apache.maven.surefire.booter.ProviderFactory$ProviderProxy.invoke(ProviderFactory.java:165)
	at org.apache.maven.surefire.booter.ProviderFactory.invokeProvider(ProviderFactory.java:85)
	at org.apache.maven.surefire.booter.ForkedBooter.runSuitesInProcess(ForkedBooter.java:103)
	at org.apache.maven.surefire.booter.ForkedBooter.main(ForkedBooter.java:74)
testCreateSchema(org.apache.gora.orientdb.store.OrientDBStore_Test)  Time elapsed: 2.094 sec  <<< ERROR!
com.orientechnologies.orient.core.exception.OStorageException: Cannot create a connection to remote server address(es): [127.0.0.1:2424]
	at com.orientechnologies.orient.client.remote.OStorageRemote.openRemoteDatabase(OStorageRemote.java:1675)
	at com.orientechnologies.orient.client.remote.OStorageRemote.open(OStorageRemote.java:212)
	at com.orientechnologies.orient.client.remote.OStorageRemoteThread.open(OStorageRemoteThread.java:87)
	at com.orientechnologies.orient.core.db.document.ODatabaseDocumentTx.open(ODatabaseDocumentTx.java:244)
	at com.orientechnologies.orient.core.db.document.ODatabaseDocumentTxPooled.<init>(ODatabaseDocumentTxPooled.java:49)
	at com.orientechnologies.orient.core.db.document.ODatabaseDocumentPool.createResource(ODatabaseDocumentPool.java:53)
	at com.orientechnologies.orient.core.db.document.ODatabaseDocumentPool.createResource(ODatabaseDocumentPool.java:28)
	at com.orientechnologies.orient.core.db.ODatabasePoolBase$1.createNewResource(ODatabasePoolBase.java:81)
	at com.orientechnologies.orient.core.db.ODatabasePoolBase$1.createNewResource(ODatabasePoolBase.java:70)
	at com.orientechnologies.common.concur.resource.OResourcePool.getResource(OResourcePool.java:91)
	at com.orientechnologies.common.concur.resource.OReentrantResourcePool.getResource(OReentrantResourcePool.java:67)
	at com.orientechnologies.orient.core.db.ODatabasePoolAbstract.acquire(ODatabasePoolAbstract.java:158)
	at com.orientechnologies.orient.core.db.ODatabasePoolAbstract.acquire(ODatabasePoolAbstract.java:138)
	at com.orientechnologies.orient.core.db.ODatabasePoolBase.acquire(ODatabasePoolBase.java:128)
	at org.apache.gora.orientdb.store.OrientDBStore.createSchema(OrientDBStore.java:205)
	at org.apache.gora.orientdb.store.OrientDBStore_Test.createEmployeeDataStore(OrientDBStore_Test.java:129)
	at org.apache.gora.store.DataStoreTestBase.setUp(DataStoreTestBase.java:96)
	at sun.reflect.NativeMethodAccessorImpl.invoke0(Native Method)
	at sun.reflect.NativeMethodAccessorImpl.invoke(NativeMethodAccessorImpl.java:57)
	at sun.reflect.DelegatingMethodAccessorImpl.invoke(DelegatingMethodAccessorImpl.java:43)
	at java.lang.reflect.Method.invoke(Method.java:601)
	at org.junit.runners.model.FrameworkMethod$1.runReflectiveCall(FrameworkMethod.java:45)
	at org.junit.internal.runners.model.ReflectiveCallable.run(ReflectiveCallable.java:15)
	at org.junit.runners.model.FrameworkMethod.invokeExplosively(FrameworkMethod.java:42)
	at org.junit.internal.runners.statements.RunBefores.evaluate(RunBefores.java:27)
	at org.junit.internal.runners.statements.RunAfters.evaluate(RunAfters.java:30)
	at org.junit.runners.ParentRunner.runLeaf(ParentRunner.java:263)
	at org.junit.runners.BlockJUnit4ClassRunner.runChild(BlockJUnit4ClassRunner.java:68)
	at org.junit.runners.BlockJUnit4ClassRunner.runChild(BlockJUnit4ClassRunner.java:47)
	at org.junit.runners.ParentRunner$3.run(ParentRunner.java:231)
	at org.junit.runners.ParentRunner$1.schedule(ParentRunner.java:60)
	at org.junit.runners.ParentRunner.runChildren(ParentRunner.java:229)
	at org.junit.runners.ParentRunner.access$000(ParentRunner.java:50)
	at org.junit.runners.ParentRunner$2.evaluate(ParentRunner.java:222)
	at org.junit.internal.runners.statements.RunBefores.evaluate(RunBefores.java:28)
	at org.junit.internal.runners.statements.RunAfters.evaluate(RunAfters.java:30)
	at org.junit.runners.ParentRunner.run(ParentRunner.java:300)
	at org.apache.maven.surefire.junit4.JUnit4Provider.execute(JUnit4Provider.java:236)
	at org.apache.maven.surefire.junit4.JUnit4Provider.executeTestSet(JUnit4Provider.java:134)
	at org.apache.maven.surefire.junit4.JUnit4Provider.invoke(JUnit4Provider.java:113)
	at sun.reflect.NativeMethodAccessorImpl.invoke0(Native Method)
	at sun.reflect.NativeMethodAccessorImpl.invoke(NativeMethodAccessorImpl.java:57)
	at sun.reflect.DelegatingMethodAccessorImpl.invoke(DelegatingMethodAccessorImpl.java:43)
	at java.lang.reflect.Method.invoke(Method.java:601)
	at org.apache.maven.surefire.util.ReflectionUtils.invokeMethodWithArray(ReflectionUtils.java:189)
	at org.apache.maven.surefire.booter.ProviderFactory$ProviderProxy.invoke(ProviderFactory.java:165)
	at org.apache.maven.surefire.booter.ProviderFactory.invokeProvider(ProviderFactory.java:85)
	at org.apache.maven.surefire.booter.ForkedBooter.runSuitesInProcess(ForkedBooter.java:103)
	at org.apache.maven.surefire.booter.ForkedBooter.main(ForkedBooter.java:74)
testSchemaExists(org.apache.gora.orientdb.store.OrientDBStore_Test)  Time elapsed: 2.094 sec  <<< ERROR!
com.orientechnologies.orient.core.exception.OStorageException: Cannot create a connection to remote server address(es): [127.0.0.1:2424]
	at com.orientechnologies.orient.client.remote.OStorageRemote.openRemoteDatabase(OStorageRemote.java:1675)
	at com.orientechnologies.orient.client.remote.OStorageRemote.open(OStorageRemote.java:212)
	at com.orientechnologies.orient.client.remote.OStorageRemoteThread.open(OStorageRemoteThread.java:87)
	at com.orientechnologies.orient.core.db.document.ODatabaseDocumentTx.open(ODatabaseDocumentTx.java:244)
	at com.orientechnologies.orient.core.db.document.ODatabaseDocumentTxPooled.<init>(ODatabaseDocumentTxPooled.java:49)
	at com.orientechnologies.orient.core.db.document.ODatabaseDocumentPool.createResource(ODatabaseDocumentPool.java:53)
	at com.orientechnologies.orient.core.db.document.ODatabaseDocumentPool.createResource(ODatabaseDocumentPool.java:28)
	at com.orientechnologies.orient.core.db.ODatabasePoolBase$1.createNewResource(ODatabasePoolBase.java:81)
	at com.orientechnologies.orient.core.db.ODatabasePoolBase$1.createNewResource(ODatabasePoolBase.java:70)
	at com.orientechnologies.common.concur.resource.OResourcePool.getResource(OResourcePool.java:91)
	at com.orientechnologies.common.concur.resource.OReentrantResourcePool.getResource(OReentrantResourcePool.java:67)
	at com.orientechnologies.orient.core.db.ODatabasePoolAbstract.acquire(ODatabasePoolAbstract.java:158)
	at com.orientechnologies.orient.core.db.ODatabasePoolAbstract.acquire(ODatabasePoolAbstract.java:138)
	at com.orientechnologies.orient.core.db.ODatabasePoolBase.acquire(ODatabasePoolBase.java:128)
	at org.apache.gora.orientdb.store.OrientDBStore.createSchema(OrientDBStore.java:205)
	at org.apache.gora.orientdb.store.OrientDBStore_Test.createEmployeeDataStore(OrientDBStore_Test.java:129)
	at org.apache.gora.store.DataStoreTestBase.setUp(DataStoreTestBase.java:96)
	at sun.reflect.NativeMethodAccessorImpl.invoke0(Native Method)
	at sun.reflect.NativeMethodAccessorImpl.invoke(NativeMethodAccessorImpl.java:57)
	at sun.reflect.DelegatingMethodAccessorImpl.invoke(DelegatingMethodAccessorImpl.java:43)
	at java.lang.reflect.Method.invoke(Method.java:601)
	at org.junit.runners.model.FrameworkMethod$1.runReflectiveCall(FrameworkMethod.java:45)
	at org.junit.internal.runners.model.ReflectiveCallable.run(ReflectiveCallable.java:15)
	at org.junit.runners.model.FrameworkMethod.invokeExplosively(FrameworkMethod.java:42)
	at org.junit.internal.runners.statements.RunBefores.evaluate(RunBefores.java:27)
	at org.junit.internal.runners.statements.RunAfters.evaluate(RunAfters.java:30)
	at org.junit.runners.ParentRunner.runLeaf(ParentRunner.java:263)
	at org.junit.runners.BlockJUnit4ClassRunner.runChild(BlockJUnit4ClassRunner.java:68)
	at org.junit.runners.BlockJUnit4ClassRunner.runChild(BlockJUnit4ClassRunner.java:47)
	at org.junit.runners.ParentRunner$3.run(ParentRunner.java:231)
	at org.junit.runners.ParentRunner$1.schedule(ParentRunner.java:60)
	at org.junit.runners.ParentRunner.runChildren(ParentRunner.java:229)
	at org.junit.runners.ParentRunner.access$000(ParentRunner.java:50)
	at org.junit.runners.ParentRunner$2.evaluate(ParentRunner.java:222)
	at org.junit.internal.runners.statements.RunBefores.evaluate(RunBefores.java:28)
	at org.junit.internal.runners.statements.RunAfters.evaluate(RunAfters.java:30)
	at org.junit.runners.ParentRunner.run(ParentRunner.java:300)
	at org.apache.maven.surefire.junit4.JUnit4Provider.execute(JUnit4Provider.java:236)
	at org.apache.maven.surefire.junit4.JUnit4Provider.executeTestSet(JUnit4Provider.java:134)
	at org.apache.maven.surefire.junit4.JUnit4Provider.invoke(JUnit4Provider.java:113)
	at sun.reflect.NativeMethodAccessorImpl.invoke0(Native Method)
	at sun.reflect.NativeMethodAccessorImpl.invoke(NativeMethodAccessorImpl.java:57)
	at sun.reflect.DelegatingMethodAccessorImpl.invoke(DelegatingMethodAccessorImpl.java:43)
	at java.lang.reflect.Method.invoke(Method.java:601)
	at org.apache.maven.surefire.util.ReflectionUtils.invokeMethodWithArray(ReflectionUtils.java:189)
	at org.apache.maven.surefire.booter.ProviderFactory$ProviderProxy.invoke(ProviderFactory.java:165)
	at org.apache.maven.surefire.booter.ProviderFactory.invokeProvider(ProviderFactory.java:85)
	at org.apache.maven.surefire.booter.ForkedBooter.runSuitesInProcess(ForkedBooter.java:103)
	at org.apache.maven.surefire.booter.ForkedBooter.main(ForkedBooter.java:74)
testGetWebPageDefaultFields(org.apache.gora.orientdb.store.OrientDBStore_Test)  Time elapsed: 2.109 sec  <<< ERROR!
com.orientechnologies.orient.core.exception.OStorageException: Cannot create a connection to remote server address(es): [127.0.0.1:2424]
	at com.orientechnologies.orient.client.remote.OStorageRemote.openRemoteDatabase(OStorageRemote.java:1675)
	at com.orientechnologies.orient.client.remote.OStorageRemote.open(OStorageRemote.java:212)
	at com.orientechnologies.orient.client.remote.OStorageRemoteThread.open(OStorageRemoteThread.java:87)
	at com.orientechnologies.orient.core.db.document.ODatabaseDocumentTx.open(ODatabaseDocumentTx.java:244)
	at com.orientechnologies.orient.core.db.document.ODatabaseDocumentTxPooled.<init>(ODatabaseDocumentTxPooled.java:49)
	at com.orientechnologies.orient.core.db.document.ODatabaseDocumentPool.createResource(ODatabaseDocumentPool.java:53)
	at com.orientechnologies.orient.core.db.document.ODatabaseDocumentPool.createResource(ODatabaseDocumentPool.java:28)
	at com.orientechnologies.orient.core.db.ODatabasePoolBase$1.createNewResource(ODatabasePoolBase.java:81)
	at com.orientechnologies.orient.core.db.ODatabasePoolBase$1.createNewResource(ODatabasePoolBase.java:70)
	at com.orientechnologies.common.concur.resource.OResourcePool.getResource(OResourcePool.java:91)
	at com.orientechnologies.common.concur.resource.OReentrantResourcePool.getResource(OReentrantResourcePool.java:67)
	at com.orientechnologies.orient.core.db.ODatabasePoolAbstract.acquire(ODatabasePoolAbstract.java:158)
	at com.orientechnologies.orient.core.db.ODatabasePoolAbstract.acquire(ODatabasePoolAbstract.java:138)
	at com.orientechnologies.orient.core.db.ODatabasePoolBase.acquire(ODatabasePoolBase.java:128)
	at org.apache.gora.orientdb.store.OrientDBStore.createSchema(OrientDBStore.java:205)
	at org.apache.gora.orientdb.store.OrientDBStore_Test.createEmployeeDataStore(OrientDBStore_Test.java:129)
	at org.apache.gora.store.DataStoreTestBase.setUp(DataStoreTestBase.java:96)
	at sun.reflect.NativeMethodAccessorImpl.invoke0(Native Method)
	at sun.reflect.NativeMethodAccessorImpl.invoke(NativeMethodAccessorImpl.java:57)
	at sun.reflect.DelegatingMethodAccessorImpl.invoke(DelegatingMethodAccessorImpl.java:43)
	at java.lang.reflect.Method.invoke(Method.java:601)
	at org.junit.runners.model.FrameworkMethod$1.runReflectiveCall(FrameworkMethod.java:45)
	at org.junit.internal.runners.model.ReflectiveCallable.run(ReflectiveCallable.java:15)
	at org.junit.runners.model.FrameworkMethod.invokeExplosively(FrameworkMethod.java:42)
	at org.junit.internal.runners.statements.RunBefores.evaluate(RunBefores.java:27)
	at org.junit.internal.runners.statements.RunAfters.evaluate(RunAfters.java:30)
	at org.junit.runners.ParentRunner.runLeaf(ParentRunner.java:263)
	at org.junit.runners.BlockJUnit4ClassRunner.runChild(BlockJUnit4ClassRunner.java:68)
	at org.junit.runners.BlockJUnit4ClassRunner.runChild(BlockJUnit4ClassRunner.java:47)
	at org.junit.runners.ParentRunner$3.run(ParentRunner.java:231)
	at org.junit.runners.ParentRunner$1.schedule(ParentRunner.java:60)
	at org.junit.runners.ParentRunner.runChildren(ParentRunner.java:229)
	at org.junit.runners.ParentRunner.access$000(ParentRunner.java:50)
	at org.junit.runners.ParentRunner$2.evaluate(ParentRunner.java:222)
	at org.junit.internal.runners.statements.RunBefores.evaluate(RunBefores.java:28)
	at org.junit.internal.runners.statements.RunAfters.evaluate(RunAfters.java:30)
	at org.junit.runners.ParentRunner.run(ParentRunner.java:300)
	at org.apache.maven.surefire.junit4.JUnit4Provider.execute(JUnit4Provider.java:236)
	at org.apache.maven.surefire.junit4.JUnit4Provider.executeTestSet(JUnit4Provider.java:134)
	at org.apache.maven.surefire.junit4.JUnit4Provider.invoke(JUnit4Provider.java:113)
	at sun.reflect.NativeMethodAccessorImpl.invoke0(Native Method)
	at sun.reflect.NativeMethodAccessorImpl.invoke(NativeMethodAccessorImpl.java:57)
	at sun.reflect.DelegatingMethodAccessorImpl.invoke(DelegatingMethodAccessorImpl.java:43)
	at java.lang.reflect.Method.invoke(Method.java:601)
	at org.apache.maven.surefire.util.ReflectionUtils.invokeMethodWithArray(ReflectionUtils.java:189)
	at org.apache.maven.surefire.booter.ProviderFactory$ProviderProxy.invoke(ProviderFactory.java:165)
	at org.apache.maven.surefire.booter.ProviderFactory.invokeProvider(ProviderFactory.java:85)
	at org.apache.maven.surefire.booter.ForkedBooter.runSuitesInProcess(ForkedBooter.java:103)
	at org.apache.maven.surefire.booter.ForkedBooter.main(ForkedBooter.java:74)
testGetNonExisting(org.apache.gora.orientdb.store.OrientDBStore_Test)  Time elapsed: 2.079 sec  <<< ERROR!
com.orientechnologies.orient.core.exception.OStorageException: Cannot create a connection to remote server address(es): [127.0.0.1:2424]
	at com.orientechnologies.orient.client.remote.OStorageRemote.openRemoteDatabase(OStorageRemote.java:1675)
	at com.orientechnologies.orient.client.remote.OStorageRemote.open(OStorageRemote.java:212)
	at com.orientechnologies.orient.client.remote.OStorageRemoteThread.open(OStorageRemoteThread.java:87)
	at com.orientechnologies.orient.core.db.document.ODatabaseDocumentTx.open(ODatabaseDocumentTx.java:244)
	at com.orientechnologies.orient.core.db.document.ODatabaseDocumentTxPooled.<init>(ODatabaseDocumentTxPooled.java:49)
	at com.orientechnologies.orient.core.db.document.ODatabaseDocumentPool.createResource(ODatabaseDocumentPool.java:53)
	at com.orientechnologies.orient.core.db.document.ODatabaseDocumentPool.createResource(ODatabaseDocumentPool.java:28)
	at com.orientechnologies.orient.core.db.ODatabasePoolBase$1.createNewResource(ODatabasePoolBase.java:81)
	at com.orientechnologies.orient.core.db.ODatabasePoolBase$1.createNewResource(ODatabasePoolBase.java:70)
	at com.orientechnologies.common.concur.resource.OResourcePool.getResource(OResourcePool.java:91)
	at com.orientechnologies.common.concur.resource.OReentrantResourcePool.getResource(OReentrantResourcePool.java:67)
	at com.orientechnologies.orient.core.db.ODatabasePoolAbstract.acquire(ODatabasePoolAbstract.java:158)
	at com.orientechnologies.orient.core.db.ODatabasePoolAbstract.acquire(ODatabasePoolAbstract.java:138)
	at com.orientechnologies.orient.core.db.ODatabasePoolBase.acquire(ODatabasePoolBase.java:128)
	at org.apache.gora.orientdb.store.OrientDBStore.createSchema(OrientDBStore.java:205)
	at org.apache.gora.orientdb.store.OrientDBStore_Test.createEmployeeDataStore(OrientDBStore_Test.java:129)
	at org.apache.gora.store.DataStoreTestBase.setUp(DataStoreTestBase.java:96)
	at sun.reflect.NativeMethodAccessorImpl.invoke0(Native Method)
	at sun.reflect.NativeMethodAccessorImpl.invoke(NativeMethodAccessorImpl.java:57)
	at sun.reflect.DelegatingMethodAccessorImpl.invoke(DelegatingMethodAccessorImpl.java:43)
	at java.lang.reflect.Method.invoke(Method.java:601)
	at org.junit.runners.model.FrameworkMethod$1.runReflectiveCall(FrameworkMethod.java:45)
	at org.junit.internal.runners.model.ReflectiveCallable.run(ReflectiveCallable.java:15)
	at org.junit.runners.model.FrameworkMethod.invokeExplosively(FrameworkMethod.java:42)
	at org.junit.internal.runners.statements.RunBefores.evaluate(RunBefores.java:27)
	at org.junit.internal.runners.statements.RunAfters.evaluate(RunAfters.java:30)
	at org.junit.runners.ParentRunner.runLeaf(ParentRunner.java:263)
	at org.junit.runners.BlockJUnit4ClassRunner.runChild(BlockJUnit4ClassRunner.java:68)
	at org.junit.runners.BlockJUnit4ClassRunner.runChild(BlockJUnit4ClassRunner.java:47)
	at org.junit.runners.ParentRunner$3.run(ParentRunner.java:231)
	at org.junit.runners.ParentRunner$1.schedule(ParentRunner.java:60)
	at org.junit.runners.ParentRunner.runChildren(ParentRunner.java:229)
	at org.junit.runners.ParentRunner.access$000(ParentRunner.java:50)
	at org.junit.runners.ParentRunner$2.evaluate(ParentRunner.java:222)
	at org.junit.internal.runners.statements.RunBefores.evaluate(RunBefores.java:28)
	at org.junit.internal.runners.statements.RunAfters.evaluate(RunAfters.java:30)
	at org.junit.runners.ParentRunner.run(ParentRunner.java:300)
	at org.apache.maven.surefire.junit4.JUnit4Provider.execute(JUnit4Provider.java:236)
	at org.apache.maven.surefire.junit4.JUnit4Provider.executeTestSet(JUnit4Provider.java:134)
	at org.apache.maven.surefire.junit4.JUnit4Provider.invoke(JUnit4Provider.java:113)
	at sun.reflect.NativeMethodAccessorImpl.invoke0(Native Method)
	at sun.reflect.NativeMethodAccessorImpl.invoke(NativeMethodAccessorImpl.java:57)
	at sun.reflect.DelegatingMethodAccessorImpl.invoke(DelegatingMethodAccessorImpl.java:43)
	at java.lang.reflect.Method.invoke(Method.java:601)
	at org.apache.maven.surefire.util.ReflectionUtils.invokeMethodWithArray(ReflectionUtils.java:189)
	at org.apache.maven.surefire.booter.ProviderFactory$ProviderProxy.invoke(ProviderFactory.java:165)
	at org.apache.maven.surefire.booter.ProviderFactory.invokeProvider(ProviderFactory.java:85)
	at org.apache.maven.surefire.booter.ForkedBooter.runSuitesInProcess(ForkedBooter.java:103)
	at org.apache.maven.surefire.booter.ForkedBooter.main(ForkedBooter.java:74)
testGetWebPage(org.apache.gora.orientdb.store.OrientDBStore_Test)  Time elapsed: 2.102 sec  <<< ERROR!
com.orientechnologies.orient.core.exception.OStorageException: Cannot create a connection to remote server address(es): [127.0.0.1:2424]
	at com.orientechnologies.orient.client.remote.OStorageRemote.openRemoteDatabase(OStorageRemote.java:1675)
	at com.orientechnologies.orient.client.remote.OStorageRemote.open(OStorageRemote.java:212)
	at com.orientechnologies.orient.client.remote.OStorageRemoteThread.open(OStorageRemoteThread.java:87)
	at com.orientechnologies.orient.core.db.document.ODatabaseDocumentTx.open(ODatabaseDocumentTx.java:244)
	at com.orientechnologies.orient.core.db.document.ODatabaseDocumentTxPooled.<init>(ODatabaseDocumentTxPooled.java:49)
	at com.orientechnologies.orient.core.db.document.ODatabaseDocumentPool.createResource(ODatabaseDocumentPool.java:53)
	at com.orientechnologies.orient.core.db.document.ODatabaseDocumentPool.createResource(ODatabaseDocumentPool.java:28)
	at com.orientechnologies.orient.core.db.ODatabasePoolBase$1.createNewResource(ODatabasePoolBase.java:81)
	at com.orientechnologies.orient.core.db.ODatabasePoolBase$1.createNewResource(ODatabasePoolBase.java:70)
	at com.orientechnologies.common.concur.resource.OResourcePool.getResource(OResourcePool.java:91)
	at com.orientechnologies.common.concur.resource.OReentrantResourcePool.getResource(OReentrantResourcePool.java:67)
	at com.orientechnologies.orient.core.db.ODatabasePoolAbstract.acquire(ODatabasePoolAbstract.java:158)
	at com.orientechnologies.orient.core.db.ODatabasePoolAbstract.acquire(ODatabasePoolAbstract.java:138)
	at com.orientechnologies.orient.core.db.ODatabasePoolBase.acquire(ODatabasePoolBase.java:128)
	at org.apache.gora.orientdb.store.OrientDBStore.createSchema(OrientDBStore.java:205)
	at org.apache.gora.orientdb.store.OrientDBStore_Test.createEmployeeDataStore(OrientDBStore_Test.java:129)
	at org.apache.gora.store.DataStoreTestBase.setUp(DataStoreTestBase.java:96)
	at sun.reflect.NativeMethodAccessorImpl.invoke0(Native Method)
	at sun.reflect.NativeMethodAccessorImpl.invoke(NativeMethodAccessorImpl.java:57)
	at sun.reflect.DelegatingMethodAccessorImpl.invoke(DelegatingMethodAccessorImpl.java:43)
	at java.lang.reflect.Method.invoke(Method.java:601)
	at org.junit.runners.model.FrameworkMethod$1.runReflectiveCall(FrameworkMethod.java:45)
	at org.junit.internal.runners.model.ReflectiveCallable.run(ReflectiveCallable.java:15)
	at org.junit.runners.model.FrameworkMethod.invokeExplosively(FrameworkMethod.java:42)
	at org.junit.internal.runners.statements.RunBefores.evaluate(RunBefores.java:27)
	at org.junit.internal.runners.statements.RunAfters.evaluate(RunAfters.java:30)
	at org.junit.runners.ParentRunner.runLeaf(ParentRunner.java:263)
	at org.junit.runners.BlockJUnit4ClassRunner.runChild(BlockJUnit4ClassRunner.java:68)
	at org.junit.runners.BlockJUnit4ClassRunner.runChild(BlockJUnit4ClassRunner.java:47)
	at org.junit.runners.ParentRunner$3.run(ParentRunner.java:231)
	at org.junit.runners.ParentRunner$1.schedule(ParentRunner.java:60)
	at org.junit.runners.ParentRunner.runChildren(ParentRunner.java:229)
	at org.junit.runners.ParentRunner.access$000(ParentRunner.java:50)
	at org.junit.runners.ParentRunner$2.evaluate(ParentRunner.java:222)
	at org.junit.internal.runners.statements.RunBefores.evaluate(RunBefores.java:28)
	at org.junit.internal.runners.statements.RunAfters.evaluate(RunAfters.java:30)
	at org.junit.runners.ParentRunner.run(ParentRunner.java:300)
	at org.apache.maven.surefire.junit4.JUnit4Provider.execute(JUnit4Provider.java:236)
	at org.apache.maven.surefire.junit4.JUnit4Provider.executeTestSet(JUnit4Provider.java:134)
	at org.apache.maven.surefire.junit4.JUnit4Provider.invoke(JUnit4Provider.java:113)
	at sun.reflect.NativeMethodAccessorImpl.invoke0(Native Method)
	at sun.reflect.NativeMethodAccessorImpl.invoke(NativeMethodAccessorImpl.java:57)
	at sun.reflect.DelegatingMethodAccessorImpl.invoke(DelegatingMethodAccessorImpl.java:43)
	at java.lang.reflect.Method.invoke(Method.java:601)
	at org.apache.maven.surefire.util.ReflectionUtils.invokeMethodWithArray(ReflectionUtils.java:189)
	at org.apache.maven.surefire.booter.ProviderFactory$ProviderProxy.invoke(ProviderFactory.java:165)
	at org.apache.maven.surefire.booter.ProviderFactory.invokeProvider(ProviderFactory.java:85)
	at org.apache.maven.surefire.booter.ForkedBooter.runSuitesInProcess(ForkedBooter.java:103)
	at org.apache.maven.surefire.booter.ForkedBooter.main(ForkedBooter.java:74)
testDeleteByQueryFields(org.apache.gora.orientdb.store.OrientDBStore_Test)  Time elapsed: 2.094 sec  <<< ERROR!
com.orientechnologies.orient.core.exception.OStorageException: Cannot create a connection to remote server address(es): [127.0.0.1:2424]
	at com.orientechnologies.orient.client.remote.OStorageRemote.openRemoteDatabase(OStorageRemote.java:1675)
	at com.orientechnologies.orient.client.remote.OStorageRemote.open(OStorageRemote.java:212)
	at com.orientechnologies.orient.client.remote.OStorageRemoteThread.open(OStorageRemoteThread.java:87)
	at com.orientechnologies.orient.core.db.document.ODatabaseDocumentTx.open(ODatabaseDocumentTx.java:244)
	at com.orientechnologies.orient.core.db.document.ODatabaseDocumentTxPooled.<init>(ODatabaseDocumentTxPooled.java:49)
	at com.orientechnologies.orient.core.db.document.ODatabaseDocumentPool.createResource(ODatabaseDocumentPool.java:53)
	at com.orientechnologies.orient.core.db.document.ODatabaseDocumentPool.createResource(ODatabaseDocumentPool.java:28)
	at com.orientechnologies.orient.core.db.ODatabasePoolBase$1.createNewResource(ODatabasePoolBase.java:81)
	at com.orientechnologies.orient.core.db.ODatabasePoolBase$1.createNewResource(ODatabasePoolBase.java:70)
	at com.orientechnologies.common.concur.resource.OResourcePool.getResource(OResourcePool.java:91)
	at com.orientechnologies.common.concur.resource.OReentrantResourcePool.getResource(OReentrantResourcePool.java:67)
	at com.orientechnologies.orient.core.db.ODatabasePoolAbstract.acquire(ODatabasePoolAbstract.java:158)
	at com.orientechnologies.orient.core.db.ODatabasePoolAbstract.acquire(ODatabasePoolAbstract.java:138)
	at com.orientechnologies.orient.core.db.ODatabasePoolBase.acquire(ODatabasePoolBase.java:128)
	at org.apache.gora.orientdb.store.OrientDBStore.createSchema(OrientDBStore.java:205)
	at org.apache.gora.orientdb.store.OrientDBStore_Test.createEmployeeDataStore(OrientDBStore_Test.java:129)
	at org.apache.gora.store.DataStoreTestBase.setUp(DataStoreTestBase.java:96)
	at sun.reflect.GeneratedMethodAccessor1.invoke(Unknown Source)
	at sun.reflect.DelegatingMethodAccessorImpl.invoke(DelegatingMethodAccessorImpl.java:43)
	at java.lang.reflect.Method.invoke(Method.java:601)
	at org.junit.runners.model.FrameworkMethod$1.runReflectiveCall(FrameworkMethod.java:45)
	at org.junit.internal.runners.model.ReflectiveCallable.run(ReflectiveCallable.java:15)
	at org.junit.runners.model.FrameworkMethod.invokeExplosively(FrameworkMethod.java:42)
	at org.junit.internal.runners.statements.RunBefores.evaluate(RunBefores.java:27)
	at org.junit.internal.runners.statements.RunAfters.evaluate(RunAfters.java:30)
	at org.junit.runners.ParentRunner.runLeaf(ParentRunner.java:263)
	at org.junit.runners.BlockJUnit4ClassRunner.runChild(BlockJUnit4ClassRunner.java:68)
	at org.junit.runners.BlockJUnit4ClassRunner.runChild(BlockJUnit4ClassRunner.java:47)
	at org.junit.runners.ParentRunner$3.run(ParentRunner.java:231)
	at org.junit.runners.ParentRunner$1.schedule(ParentRunner.java:60)
	at org.junit.runners.ParentRunner.runChildren(ParentRunner.java:229)
	at org.junit.runners.ParentRunner.access$000(ParentRunner.java:50)
	at org.junit.runners.ParentRunner$2.evaluate(ParentRunner.java:222)
	at org.junit.internal.runners.statements.RunBefores.evaluate(RunBefores.java:28)
	at org.junit.internal.runners.statements.RunAfters.evaluate(RunAfters.java:30)
	at org.junit.runners.ParentRunner.run(ParentRunner.java:300)
	at org.apache.maven.surefire.junit4.JUnit4Provider.execute(JUnit4Provider.java:236)
	at org.apache.maven.surefire.junit4.JUnit4Provider.executeTestSet(JUnit4Provider.java:134)
	at org.apache.maven.surefire.junit4.JUnit4Provider.invoke(JUnit4Provider.java:113)
	at sun.reflect.NativeMethodAccessorImpl.invoke0(Native Method)
	at sun.reflect.NativeMethodAccessorImpl.invoke(NativeMethodAccessorImpl.java:57)
	at sun.reflect.DelegatingMethodAccessorImpl.invoke(DelegatingMethodAccessorImpl.java:43)
	at java.lang.reflect.Method.invoke(Method.java:601)
	at org.apache.maven.surefire.util.ReflectionUtils.invokeMethodWithArray(ReflectionUtils.java:189)
	at org.apache.maven.surefire.booter.ProviderFactory$ProviderProxy.invoke(ProviderFactory.java:165)
	at org.apache.maven.surefire.booter.ProviderFactory.invokeProvider(ProviderFactory.java:85)
	at org.apache.maven.surefire.booter.ForkedBooter.runSuitesInProcess(ForkedBooter.java:103)
	at org.apache.maven.surefire.booter.ForkedBooter.main(ForkedBooter.java:74)
testGet3UnionField(org.apache.gora.orientdb.store.OrientDBStore_Test)  Time elapsed: 2.082 sec  <<< ERROR!
com.orientechnologies.orient.core.exception.OStorageException: Cannot create a connection to remote server address(es): [127.0.0.1:2424]
	at com.orientechnologies.orient.client.remote.OStorageRemote.openRemoteDatabase(OStorageRemote.java:1675)
	at com.orientechnologies.orient.client.remote.OStorageRemote.open(OStorageRemote.java:212)
	at com.orientechnologies.orient.client.remote.OStorageRemoteThread.open(OStorageRemoteThread.java:87)
	at com.orientechnologies.orient.core.db.document.ODatabaseDocumentTx.open(ODatabaseDocumentTx.java:244)
	at com.orientechnologies.orient.core.db.document.ODatabaseDocumentTxPooled.<init>(ODatabaseDocumentTxPooled.java:49)
	at com.orientechnologies.orient.core.db.document.ODatabaseDocumentPool.createResource(ODatabaseDocumentPool.java:53)
	at com.orientechnologies.orient.core.db.document.ODatabaseDocumentPool.createResource(ODatabaseDocumentPool.java:28)
	at com.orientechnologies.orient.core.db.ODatabasePoolBase$1.createNewResource(ODatabasePoolBase.java:81)
	at com.orientechnologies.orient.core.db.ODatabasePoolBase$1.createNewResource(ODatabasePoolBase.java:70)
	at com.orientechnologies.common.concur.resource.OResourcePool.getResource(OResourcePool.java:91)
	at com.orientechnologies.common.concur.resource.OReentrantResourcePool.getResource(OReentrantResourcePool.java:67)
	at com.orientechnologies.orient.core.db.ODatabasePoolAbstract.acquire(ODatabasePoolAbstract.java:158)
	at com.orientechnologies.orient.core.db.ODatabasePoolAbstract.acquire(ODatabasePoolAbstract.java:138)
	at com.orientechnologies.orient.core.db.ODatabasePoolBase.acquire(ODatabasePoolBase.java:128)
	at org.apache.gora.orientdb.store.OrientDBStore.createSchema(OrientDBStore.java:205)
	at org.apache.gora.orientdb.store.OrientDBStore_Test.createEmployeeDataStore(OrientDBStore_Test.java:129)
	at org.apache.gora.store.DataStoreTestBase.setUp(DataStoreTestBase.java:96)
	at sun.reflect.GeneratedMethodAccessor1.invoke(Unknown Source)
	at sun.reflect.DelegatingMethodAccessorImpl.invoke(DelegatingMethodAccessorImpl.java:43)
	at java.lang.reflect.Method.invoke(Method.java:601)
	at org.junit.runners.model.FrameworkMethod$1.runReflectiveCall(FrameworkMethod.java:45)
	at org.junit.internal.runners.model.ReflectiveCallable.run(ReflectiveCallable.java:15)
	at org.junit.runners.model.FrameworkMethod.invokeExplosively(FrameworkMethod.java:42)
	at org.junit.internal.runners.statements.RunBefores.evaluate(RunBefores.java:27)
	at org.junit.internal.runners.statements.RunAfters.evaluate(RunAfters.java:30)
	at org.junit.runners.ParentRunner.runLeaf(ParentRunner.java:263)
[...]
	at org.junit.runners.model.FrameworkMethod$1.runReflectiveCall(FrameworkMethod.java:45)
	at org.junit.internal.runners.model.ReflectiveCallable.run(ReflectiveCallable.java:15)
	at org.junit.runners.model.FrameworkMethod.invokeExplosively(FrameworkMethod.java:42)
	at org.junit.internal.runners.statements.RunBefores.evaluate(RunBefores.java:27)
	at org.junit.internal.runners.statements.RunAfters.evaluate(RunAfters.java:30)
	at org.junit.runners.ParentRunner.runLeaf(ParentRunner.java:263)
	at org.junit.runners.BlockJUnit4ClassRunner.runChild(BlockJUnit4ClassRunner.java:68)
	at org.junit.runners.BlockJUnit4ClassRunner.runChild(BlockJUnit4ClassRunner.java:47)
	at org.junit.runners.ParentRunner$3.run(ParentRunner.java:231)
	at org.junit.runners.ParentRunner$1.schedule(ParentRunner.java:60)
	at org.junit.runners.ParentRunner.runChildren(ParentRunner.java:229)
	at org.junit.runners.ParentRunner.access$000(ParentRunner.java:50)
	at org.junit.runners.ParentRunner$2.evaluate(ParentRunner.java:222)
	at org.junit.internal.runners.statements.RunBefores.evaluate(RunBefores.java:28)
	at org.junit.internal.runners.statements.RunAfters.evaluate(RunAfters.java:30)
	at org.junit.runners.ParentRunner.run(ParentRunner.java:300)
	at org.apache.maven.surefire.junit4.JUnit4Provider.execute(JUnit4Provider.java:236)
	at org.apache.maven.surefire.junit4.JUnit4Provider.executeTestSet(JUnit4Provider.java:134)
	at org.apache.maven.surefire.junit4.JUnit4Provider.invoke(JUnit4Provider.java:113)
	at sun.reflect.NativeMethodAccessorImpl.invoke0(Native Method)
	at sun.reflect.NativeMethodAccessorImpl.invoke(NativeMethodAccessorImpl.java:57)
	at sun.reflect.DelegatingMethodAccessorImpl.invoke(DelegatingMethodAccessorImpl.java:43)
	at java.lang.reflect.Method.invoke(Method.java:601)
	at org.apache.maven.surefire.util.ReflectionUtils.invokeMethodWithArray(ReflectionUtils.java:189)
	at org.apache.maven.surefire.booter.ProviderFactory$ProviderProxy.invoke(ProviderFactory.java:165)
	at org.apache.maven.surefire.booter.ProviderFactory.invokeProvider(ProviderFactory.java:85)
	at org.apache.maven.surefire.booter.ForkedBooter.runSuitesInProcess(ForkedBooter.java:103)
	at org.apache.maven.surefire.booter.ForkedBooter.main(ForkedBooter.java:74)
testQuery(org.apache.gora.orientdb.store.OrientDBStore_Test)  Time elapsed: 2.094 sec  <<< ERROR!
com.orientechnologies.orient.core.exception.OStorageException: Cannot create a connection to remote server address(es): [127.0.0.1:2424]
	at com.orientechnologies.orient.client.remote.OStorageRemote.openRemoteDatabase(OStorageRemote.java:1675)
	at com.orientechnologies.orient.client.remote.OStorageRemote.open(OStorageRemote.java:212)
	at com.orientechnologies.orient.client.remote.OStorageRemoteThread.open(OStorageRemoteThread.java:87)
	at com.orientechnologies.orient.core.db.document.ODatabaseDocumentTx.open(ODatabaseDocumentTx.java:244)
	at com.orientechnologies.orient.core.db.document.ODatabaseDocumentTxPooled.<init>(ODatabaseDocumentTxPooled.java:49)
	at com.orientechnologies.orient.core.db.document.ODatabaseDocumentPool.createResource(ODatabaseDocumentPool.java:53)
	at com.orientechnologies.orient.core.db.document.ODatabaseDocumentPool.createResource(ODatabaseDocumentPool.java:28)
	at com.orientechnologies.orient.core.db.ODatabasePoolBase$1.createNewResource(ODatabasePoolBase.java:81)
	at com.orientechnologies.orient.core.db.ODatabasePoolBase$1.createNewResource(ODatabasePoolBase.java:70)
	at com.orientechnologies.common.concur.resource.OResourcePool.getResource(OResourcePool.java:91)
	at com.orientechnologies.common.concur.resource.OReentrantResourcePool.getResource(OReentrantResourcePool.java:67)
	at com.orientechnologies.orient.core.db.ODatabasePoolAbstract.acquire(ODatabasePoolAbstract.java:158)
	at com.orientechnologies.orient.core.db.ODatabasePoolAbstract.acquire(ODatabasePoolAbstract.java:138)
	at com.orientechnologies.orient.core.db.ODatabasePoolBase.acquire(ODatabasePoolBase.java:128)
	at org.apache.gora.orientdb.store.OrientDBStore.createSchema(OrientDBStore.java:205)
	at org.apache.gora.orientdb.store.OrientDBStore_Test.createEmployeeDataStore(OrientDBStore_Test.java:129)
	at org.apache.gora.store.DataStoreTestBase.setUp(DataStoreTestBase.java:96)
	at sun.reflect.GeneratedMethodAccessor1.invoke(Unknown Source)
	at sun.reflect.DelegatingMethodAccessorImpl.invoke(DelegatingMethodAccessorImpl.java:43)
	at java.lang.reflect.Method.invoke(Method.java:601)
	at org.junit.runners.model.FrameworkMethod$1.runReflectiveCall(FrameworkMethod.java:45)
	at org.junit.internal.runners.model.ReflectiveCallable.run(ReflectiveCallable.java:15)
	at org.junit.runners.model.FrameworkMethod.invokeExplosively(FrameworkMethod.java:42)
	at org.junit.internal.runners.statements.RunBefores.evaluate(RunBefores.java:27)
	at org.junit.internal.runners.statements.RunAfters.evaluate(RunAfters.java:30)
	at org.junit.runners.ParentRunner.runLeaf(ParentRunner.java:263)
	at org.junit.runners.BlockJUnit4ClassRunner.runChild(BlockJUnit4ClassRunner.java:68)
	at org.junit.runners.BlockJUnit4ClassRunner.runChild(BlockJUnit4ClassRunner.java:47)
	at org.junit.runners.ParentRunner$3.run(ParentRunner.java:231)
	at org.junit.runners.ParentRunner$1.schedule(ParentRunner.java:60)
	at org.junit.runners.ParentRunner.runChildren(ParentRunner.java:229)
	at org.junit.runners.ParentRunner.access$000(ParentRunner.java:50)
	at org.junit.runners.ParentRunner$2.evaluate(ParentRunner.java:222)
	at org.junit.internal.runners.statements.RunBefores.evaluate(RunBefores.java:28)
	at org.junit.internal.runners.statements.RunAfters.evaluate(RunAfters.java:30)
	at org.junit.runners.ParentRunner.run(ParentRunner.java:300)
	at org.apache.maven.surefire.junit4.JUnit4Provider.execute(JUnit4Provider.java:236)
	at org.apache.maven.surefire.junit4.JUnit4Provider.executeTestSet(JUnit4Provider.java:134)
	at org.apache.maven.surefire.junit4.JUnit4Provider.invoke(JUnit4Provider.java:113)
	at sun.reflect.NativeMethodAccessorImpl.invoke0(Native Method)
	at sun.reflect.NativeMethodAccessorImpl.invoke(NativeMethodAccessorImpl.java:57)
	at sun.reflect.DelegatingMethodAccessorImpl.invoke(DelegatingMethodAccessorImpl.java:43)
	at java.lang.reflect.Method.invoke(Method.java:601)
	at org.apache.maven.surefire.util.ReflectionUtils.invokeMethodWithArray(ReflectionUtils.java:189)
	at org.apache.maven.surefire.booter.ProviderFactory$ProviderProxy.invoke(ProviderFactory.java:165)
	at org.apache.maven.surefire.booter.ProviderFactory.invokeProvider(ProviderFactory.java:85)
	at org.apache.maven.surefire.booter.ForkedBooter.runSuitesInProcess(ForkedBooter.java:103)
	at org.apache.maven.surefire.booter.ForkedBooter.main(ForkedBooter.java:74)
testUpdate(org.apache.gora.orientdb.store.OrientDBStore_Test)  Time elapsed: 2.047 sec  <<< ERROR!
com.orientechnologies.orient.core.exception.OStorageException: Cannot create a connection to remote server address(es): [127.0.0.1:2424]
	at com.orientechnologies.orient.client.remote.OStorageRemote.openRemoteDatabase(OStorageRemote.java:1675)
	at com.orientechnologies.orient.client.remote.OStorageRemote.open(OStorageRemote.java:212)
	at com.orientechnologies.orient.client.remote.OStorageRemoteThread.open(OStorageRemoteThread.java:87)
	at com.orientechnologies.orient.core.db.document.ODatabaseDocumentTx.open(ODatabaseDocumentTx.java:244)
	at com.orientechnologies.orient.core.db.document.ODatabaseDocumentTxPooled.<init>(ODatabaseDocumentTxPooled.java:49)
	at com.orientechnologies.orient.core.db.document.ODatabaseDocumentPool.createResource(ODatabaseDocumentPool.java:53)
	at com.orientechnologies.orient.core.db.document.ODatabaseDocumentPool.createResource(ODatabaseDocumentPool.java:28)
	at com.orientechnologies.orient.core.db.ODatabasePoolBase$1.createNewResource(ODatabasePoolBase.java:81)
	at com.orientechnologies.orient.core.db.ODatabasePoolBase$1.createNewResource(ODatabasePoolBase.java:70)
	at com.orientechnologies.common.concur.resource.OResourcePool.getResource(OResourcePool.java:91)
	at com.orientechnologies.common.concur.resource.OReentrantResourcePool.getResource(OReentrantResourcePool.java:67)
	at com.orientechnologies.orient.core.db.ODatabasePoolAbstract.acquire(ODatabasePoolAbstract.java:158)
	at com.orientechnologies.orient.core.db.ODatabasePoolAbstract.acquire(ODatabasePoolAbstract.java:138)
	at com.orientechnologies.orient.core.db.ODatabasePoolBase.acquire(ODatabasePoolBase.java:128)
	at org.apache.gora.orientdb.store.OrientDBStore.createSchema(OrientDBStore.java:205)
	at org.apache.gora.orientdb.store.OrientDBStore_Test.createEmployeeDataStore(OrientDBStore_Test.java:129)
	at org.apache.gora.store.DataStoreTestBase.setUp(DataStoreTestBase.java:96)
	at sun.reflect.GeneratedMethodAccessor1.invoke(Unknown Source)
	at sun.reflect.DelegatingMethodAccessorImpl.invoke(DelegatingMethodAccessorImpl.java:43)
	at java.lang.reflect.Method.invoke(Method.java:601)
	at org.junit.runners.model.FrameworkMethod$1.runReflectiveCall(FrameworkMethod.java:45)
	at org.junit.internal.runners.model.ReflectiveCallable.run(ReflectiveCallable.java:15)
	at org.junit.runners.model.FrameworkMethod.invokeExplosively(FrameworkMethod.java:42)
	at org.junit.internal.runners.statements.RunBefores.evaluate(RunBefores.java:27)
	at org.junit.internal.runners.statements.RunAfters.evaluate(RunAfters.java:30)
	at org.junit.runners.ParentRunner.runLeaf(ParentRunner.java:263)
	at org.junit.runners.BlockJUnit4ClassRunner.runChild(BlockJUnit4ClassRunner.java:68)
	at org.junit.runners.BlockJUnit4ClassRunner.runChild(BlockJUnit4ClassRunner.java:47)
	at org.junit.runners.ParentRunner$3.run(ParentRunner.java:231)
	at org.junit.runners.ParentRunner$1.schedule(ParentRunner.java:60)
	at org.junit.runners.ParentRunner.runChildren(ParentRunner.java:229)
	at org.junit.runners.ParentRunner.access$000(ParentRunner.java:50)
	at org.junit.runners.ParentRunner$2.evaluate(ParentRunner.java:222)
	at org.junit.internal.runners.statements.RunBefores.evaluate(RunBefores.java:28)
	at org.junit.internal.runners.statements.RunAfters.evaluate(RunAfters.java:30)
	at org.junit.runners.ParentRunner.run(ParentRunner.java:300)
	at org.apache.maven.surefire.junit4.JUnit4Provider.execute(JUnit4Provider.java:236)
	at org.apache.maven.surefire.junit4.JUnit4Provider.executeTestSet(JUnit4Provider.java:134)
	at org.apache.maven.surefire.junit4.JUnit4Provider.invoke(JUnit4Provider.java:113)
	at sun.reflect.NativeMethodAccessorImpl.invoke0(Native Method)
	at sun.reflect.NativeMethodAccessorImpl.invoke(NativeMethodAccessorImpl.java:57)
	at sun.reflect.DelegatingMethodAccessorImpl.invoke(DelegatingMethodAccessorImpl.java:43)
	at java.lang.reflect.Method.invoke(Method.java:601)
	at org.apache.maven.surefire.util.ReflectionUtils.invokeMethodWithArray(ReflectionUtils.java:189)
	at org.apache.maven.surefire.booter.ProviderFactory$ProviderProxy.invoke(ProviderFactory.java:165)
	at org.apache.maven.surefire.booter.ProviderFactory.invokeProvider(ProviderFactory.java:85)
	at org.apache.maven.surefire.booter.ForkedBooter.runSuitesInProcess(ForkedBooter.java:103)
	at org.apache.maven.surefire.booter.ForkedBooter.main(ForkedBooter.java:74)
testDelete(org.apache.gora.orientdb.store.OrientDBStore_Test)  Time elapsed: 2.085 sec  <<< ERROR!
com.orientechnologies.orient.core.exception.OStorageException: Cannot create a connection to remote server address(es): [127.0.0.1:2424]
	at com.orientechnologies.orient.client.remote.OStorageRemote.openRemoteDatabase(OStorageRemote.java:1675)
	at com.orientechnologies.orient.client.remote.OStorageRemote.open(OStorageRemote.java:212)
	at com.orientechnologies.orient.client.remote.OStorageRemoteThread.open(OStorageRemoteThread.java:87)
	at com.orientechnologies.orient.core.db.document.ODatabaseDocumentTx.open(ODatabaseDocumentTx.java:244)
	at com.orientechnologies.orient.core.db.document.ODatabaseDocumentTxPooled.<init>(ODatabaseDocumentTxPooled.java:49)
	at com.orientechnologies.orient.core.db.document.ODatabaseDocumentPool.createResource(ODatabaseDocumentPool.java:53)
	at com.orientechnologies.orient.core.db.document.ODatabaseDocumentPool.createResource(ODatabaseDocumentPool.java:28)
	at com.orientechnologies.orient.core.db.ODatabasePoolBase$1.createNewResource(ODatabasePoolBase.java:81)
	at com.orientechnologies.orient.core.db.ODatabasePoolBase$1.createNewResource(ODatabasePoolBase.java:70)
	at com.orientechnologies.common.concur.resource.OResourcePool.getResource(OResourcePool.java:91)
	at com.orientechnologies.common.concur.resource.OReentrantResourcePool.getResource(OReentrantResourcePool.java:67)
	at com.orientechnologies.orient.core.db.ODatabasePoolAbstract.acquire(ODatabasePoolAbstract.java:158)
	at com.orientechnologies.orient.core.db.ODatabasePoolAbstract.acquire(ODatabasePoolAbstract.java:138)
	at com.orientechnologies.orient.core.db.ODatabasePoolBase.acquire(ODatabasePoolBase.java:128)
	at org.apache.gora.orientdb.store.OrientDBStore.createSchema(OrientDBStore.java:205)
	at org.apache.gora.orientdb.store.OrientDBStore_Test.createEmployeeDataStore(OrientDBStore_Test.java:129)
	at org.apache.gora.store.DataStoreTestBase.setUp(DataStoreTestBase.java:96)
	at sun.reflect.GeneratedMethodAccessor1.invoke(Unknown Source)
	at sun.reflect.DelegatingMethodAccessorImpl.invoke(DelegatingMethodAccessorImpl.java:43)
	at java.lang.reflect.Method.invoke(Method.java:601)
	at org.junit.runners.model.FrameworkMethod$1.runReflectiveCall(FrameworkMethod.java:45)
	at org.junit.internal.runners.model.ReflectiveCallable.run(ReflectiveCallable.java:15)
	at org.junit.runners.model.FrameworkMethod.invokeExplosively(FrameworkMethod.java:42)
	at org.junit.internal.runners.statements.RunBefores.evaluate(RunBefores.java:27)
	at org.junit.internal.runners.statements.RunAfters.evaluate(RunAfters.java:30)
	at org.junit.runners.ParentRunner.runLeaf(ParentRunner.java:263)
	at org.junit.runners.BlockJUnit4ClassRunner.runChild(BlockJUnit4ClassRunner.java:68)
	at org.junit.runners.BlockJUnit4ClassRunner.runChild(BlockJUnit4ClassRunner.java:47)
	at org.junit.runners.ParentRunner$3.run(ParentRunner.java:231)
	at org.junit.runners.ParentRunner$1.schedule(ParentRunner.java:60)
	at org.junit.runners.ParentRunner.runChildren(ParentRunner.java:229)
	at org.junit.runners.ParentRunner.access$000(ParentRunner.java:50)
	at org.junit.runners.ParentRunner$2.evaluate(ParentRunner.java:222)
	at org.junit.internal.runners.statements.RunBefores.evaluate(RunBefores.java:28)
	at org.junit.internal.runners.statements.RunAfters.evaluate(RunAfters.java:30)
	at org.junit.runners.ParentRunner.run(ParentRunner.java:300)
	at org.apache.maven.surefire.junit4.JUnit4Provider.execute(JUnit4Provider.java:236)
	at org.apache.maven.surefire.junit4.JUnit4Provider.executeTestSet(JUnit4Provider.java:134)
	at org.apache.maven.surefire.junit4.JUnit4Provider.invoke(JUnit4Provider.java:113)
	at sun.reflect.NativeMethodAccessorImpl.invoke0(Native Method)
	at sun.reflect.NativeMethodAccessorImpl.invoke(NativeMethodAccessorImpl.java:57)
	at sun.reflect.DelegatingMethodAccessorImpl.invoke(DelegatingMethodAccessorImpl.java:43)
	at java.lang.reflect.Method.invoke(Method.java:601)
	at org.apache.maven.surefire.util.ReflectionUtils.invokeMethodWithArray(ReflectionUtils.java:189)
	at org.apache.maven.surefire.booter.ProviderFactory$ProviderProxy.invoke(ProviderFactory.java:165)
	at org.apache.maven.surefire.booter.ProviderFactory.invokeProvider(ProviderFactory.java:85)
	at org.apache.maven.surefire.booter.ForkedBooter.runSuitesInProcess(ForkedBooter.java:103)
	at org.apache.maven.surefire.booter.ForkedBooter.main(ForkedBooter.java:74)
testPut(org.apache.gora.orientdb.store.OrientDBStore_Test)  Time elapsed: 2.062 sec  <<< ERROR!
com.orientechnologies.orient.core.exception.OStorageException: Cannot create a connection to remote server address(es): [127.0.0.1:2424]
	at com.orientechnologies.orient.client.remote.OStorageRemote.openRemoteDatabase(OStorageRemote.java:1675)
	at com.orientechnologies.orient.client.remote.OStorageRemote.open(OStorageRemote.java:212)
	at com.orientechnologies.orient.client.remote.OStorageRemoteThread.open(OStorageRemoteThread.java:87)
	at com.orientechnologies.orient.core.db.document.ODatabaseDocumentTx.open(ODatabaseDocumentTx.java:244)
	at com.orientechnologies.orient.core.db.document.ODatabaseDocumentTxPooled.<init>(ODatabaseDocumentTxPooled.java:49)
	at com.orientechnologies.orient.core.db.document.ODatabaseDocumentPool.createResource(ODatabaseDocumentPool.java:53)
	at com.orientechnologies.orient.core.db.document.ODatabaseDocumentPool.createResource(ODatabaseDocumentPool.java:28)
	at com.orientechnologies.orient.core.db.ODatabasePoolBase$1.createNewResource(ODatabasePoolBase.java:81)
	at com.orientechnologies.orient.core.db.ODatabasePoolBase$1.createNewResource(ODatabasePoolBase.java:70)
	at com.orientechnologies.common.concur.resource.OResourcePool.getResource(OResourcePool.java:91)
	at com.orientechnologies.common.concur.resource.OReentrantResourcePool.getResource(OReentrantResourcePool.java:67)
	at com.orientechnologies.orient.core.db.ODatabasePoolAbstract.acquire(ODatabasePoolAbstract.java:158)
	at com.orientechnologies.orient.core.db.ODatabasePoolAbstract.acquire(ODatabasePoolAbstract.java:138)
	at com.orientechnologies.orient.core.db.ODatabasePoolBase.acquire(ODatabasePoolBase.java:128)
	at org.apache.gora.orientdb.store.OrientDBStore.createSchema(OrientDBStore.java:205)
	at org.apache.gora.orientdb.store.OrientDBStore_Test.createEmployeeDataStore(OrientDBStore_Test.java:129)
	at org.apache.gora.store.DataStoreTestBase.setUp(DataStoreTestBase.java:96)
	at sun.reflect.GeneratedMethodAccessor1.invoke(Unknown Source)
	at sun.reflect.DelegatingMethodAccessorImpl.invoke(DelegatingMethodAccessorImpl.java:43)
	at java.lang.reflect.Method.invoke(Method.java:601)
	at org.junit.runners.model.FrameworkMethod$1.runReflectiveCall(FrameworkMethod.java:45)
	at org.junit.internal.runners.model.ReflectiveCallable.run(ReflectiveCallable.java:15)
	at org.junit.runners.model.FrameworkMethod.invokeExplosively(FrameworkMethod.java:42)
	at org.junit.internal.runners.statements.RunBefores.evaluate(RunBefores.java:27)
	at org.junit.internal.runners.statements.RunAfters.evaluate(RunAfters.java:30)
	at org.junit.runners.ParentRunner.runLeaf(ParentRunner.java:263)
	at org.junit.runners.BlockJUnit4ClassRunner.runChild(BlockJUnit4ClassRunner.java:68)
	at org.junit.runners.BlockJUnit4ClassRunner.runChild(BlockJUnit4ClassRunner.java:47)
	at org.junit.runners.ParentRunner$3.run(ParentRunner.java:231)
	at org.junit.runners.ParentRunner$1.schedule(ParentRunner.java:60)
	at org.junit.runners.ParentRunner.runChildren(ParentRunner.java:229)
	at org.junit.runners.ParentRunner.access$000(ParentRunner.java:50)
	at org.junit.runners.ParentRunner$2.evaluate(ParentRunner.java:222)
	at org.junit.internal.runners.statements.RunBefores.evaluate(RunBefores.java:28)
	at org.junit.internal.runners.statements.RunAfters.evaluate(RunAfters.java:30)
	at org.junit.runners.ParentRunner.run(ParentRunner.java:300)
	at org.apache.maven.surefire.junit4.JUnit4Provider.execute(JUnit4Provider.java:236)
	at org.apache.maven.surefire.junit4.JUnit4Provider.executeTestSet(JUnit4Provider.java:134)
	at org.apache.maven.surefire.junit4.JUnit4Provider.invoke(JUnit4Provider.java:113)
	at sun.reflect.NativeMethodAccessorImpl.invoke0(Native Method)
	at sun.reflect.NativeMethodAccessorImpl.invoke(NativeMethodAccessorImpl.java:57)
	at sun.reflect.DelegatingMethodAccessorImpl.invoke(DelegatingMethodAccessorImpl.java:43)
	at java.lang.reflect.Method.invoke(Method.java:601)
	at org.apache.maven.surefire.util.ReflectionUtils.invokeMethodWithArray(ReflectionUtils.java:189)
	at org.apache.maven.surefire.booter.ProviderFactory$ProviderProxy.invoke(ProviderFactory.java:165)
	at org.apache.maven.surefire.booter.ProviderFactory.invokeProvider(ProviderFactory.java:85)
	at org.apache.maven.surefire.booter.ForkedBooter.runSuitesInProcess(ForkedBooter.java:103)
	at org.apache.maven.surefire.booter.ForkedBooter.main(ForkedBooter.java:74)
