<?xml version="1.0" encoding="UTF-8" ?>
<testsuite failures="1" time="33.779" errors="0" skipped="0" tests="34" name="org.apache.gora.orientdb.store.OrientDBStore_Test">
  <properties>
[...]
</properties>
  <testcase time="2.853" classname="org.apache.gora.orientdb.store.OrientDBStore_Test" name="addSeveralTopLevelDocumentFields"/>
  <testcase time="0.88" classname="org.apache.gora.orientdb.store.OrientDBStore_Test" name="addConflictingFields1"/>
  <testcase time="0.801" classname="org.apache.gora.orientdb.store.OrientDBStore_Test" name="testGet3UnionField"/>
  <testcase time="0.788" classname="org.apache.gora.orientdb.store.OrientDBStore_Test" name="testDeleteByQueryFields"/>
  <testcase time="0.997" classname="org.apache.gora.orientdb.store.OrientDBStore_Test" name="testNewInstance"/>
  <testcase time="0.82" classname="org.apache.gora.orientdb.store.OrientDBStore_Test" name="testAutoCreateSchema"/>
  <testcase time="0.943" classname="org.apache.gora.orientdb.store.OrientDBStore_Test" name="testGetNonExisting"/>
  <testcase time="1.071" classname="org.apache.gora.orientdb.store.OrientDBStore_Test" name="testQueryEndKey"/>
  <testcase time="1.652" classname="org.apache.gora.orientdb.store.OrientDBStore_Test" name="testQueryKeyRange"/>
  <testcase time="1.116" classname="org.apache.gora.orientdb.store.OrientDBStore_Test" name="testGetWithFields"/>
  <testcase time="0.929" classname="org.apache.gora.orientdb.store.OrientDBStore_Test" name="testQueryStartKey"/>
  <testcase time="1.217" classname="org.apache.gora.orientdb.store.OrientDBStore_Test" name="testDeleteSchema"/>
  <testcase time="0.774" classname="org.apache.gora.orientdb.store.OrientDBStore_Test" name="testGetNested"/>
  <testcase time="0.879" classname="org.apache.gora.orientdb.store.OrientDBStore_Test" name="testQueryWebPageSingleKey"/>
  <testcase time="1.551" classname="org.apache.gora.orientdb.store.OrientDBStore_Test" name="testDeleteByQuery"/>
  <testcase time="0.897" classname="org.apache.gora.orientdb.store.OrientDBStore_Test" name="testGetPartitions"/>
  <testcase time="0.782" classname="org.apache.gora.orientdb.store.OrientDBStore_Test" name="testCreateSchema"/>
  <testcase time="0.807" classname="org.apache.gora.orientdb.store.OrientDBStore_Test" name="testPutNested"/>
  <testcase time="0.897" classname="org.apache.gora.orientdb.store.OrientDBStore_Test" name="testSchemaExists"/>
  <testcase time="0.941" classname="org.apache.gora.orientdb.store.OrientDBStore_Test" name="testGetRecursive"/>
  <testcase time="0.799" classname="org.apache.gora.orientdb.store.OrientDBStore_Test" name="testGetWebPageDefaultFields"/>
  <testcase time="0.788" classname="org.apache.gora.orientdb.store.OrientDBStore_Test" name="testGetWebPage"/>
  <testcase time="0.814" classname="org.apache.gora.orientdb.store.OrientDBStore_Test" name="testGetDoubleRecursive"/>
  <testcase time="1.181" classname="org.apache.gora.orientdb.store.OrientDBStore_Test" name="testTruncateSchema"/>
  <testcase time="0.728" classname="org.apache.gora.orientdb.store.OrientDBStore_Test" name="testPutBytes"/>
  <testcase time="0.708" classname="org.apache.gora.orientdb.store.OrientDBStore_Test" name="testPut"/>
  <testcase time="0.751" classname="org.apache.gora.orientdb.store.OrientDBStore_Test" name="testPutMap"/>
  <testcase time="1.274" classname="org.apache.gora.orientdb.store.OrientDBStore_Test" name="testUpdate">
    <failure type="java.lang.AssertionError">java.lang.AssertionError
	at org.junit.Assert.fail(Assert.java:92)
	at org.junit.Assert.assertTrue(Assert.java:43)
	at org.junit.Assert.assertNull(Assert.java:551)
	at org.junit.Assert.assertNull(Assert.java:562)
	at org.apache.gora.store.DataStoreTestUtil.testUpdateWebPageRemoveField(DataStoreTestUtil.java:701)
	at org.apache.gora.store.DataStoreTestBase.testUpdate(DataStoreTestBase.java:217)
	at sun.reflect.NativeMethodAccessorImpl.invoke0(Native Method)
	at sun.reflect.NativeMethodAccessorImpl.invoke(NativeMethodAccessorImpl.java:57)
	at sun.reflect.DelegatingMethodAccessorImpl.invoke(DelegatingMethodAccessorImpl.java:43)
	at java.lang.reflect.Method.invoke(Method.java:601)
	at org.junit.runners.model.FrameworkMethod$1.runReflectiveCall(FrameworkMethod.java:45)
	at org.junit.internal.runners.model.ReflectiveCallable.run(ReflectiveCallable.java:15)
	at org.junit.runners.model.FrameworkMethod.invokeExplosively(FrameworkMethod.java:42)
	at org.junit.internal.runners.statements.InvokeMethod.evaluate(InvokeMethod.java:20)
	at org.junit.internal.runners.statements.RunBefores.evaluate(RunBefores.java:28)
	at org.junit.internal.runners.statements.RunAfters.evaluate(RunAfters.java:30)
	at org.junit.runners.ParentRunner.runLeaf(ParentRunner.java:263)
	at org.junit.runners.BlockJUnit4ClassRunner.runChild(BlockJUnit4ClassRunner.java:68)
	at org.junit.runners.BlockJUnit4ClassRunner.runChild(BlockJUnit4ClassRunner.java:47)
	at org.junit.runners.ParentRunner$3.run(ParentRunner.java:231)
	at org.junit.runners.ParentRunner$1.schedule(ParentRunner.java:60)
	at org.junit.runners.ParentRunner.runChildren(ParentRunner.java:229)
	at org.junit.runners.ParentRunner.access$000(ParentRunner.java:50)
	at org.junit.runners.ParentRunner$2.evaluate(ParentRunner.java:222)
	at org.junit.internal.runners.statements.RunBefores.evaluate(RunBefores.java:28)
	at org.junit.internal.runners.statements.RunAfters.evaluate(RunAfters.java:30)
	at org.junit.runners.ParentRunner.run(ParentRunner.java:300)
	at org.apache.maven.surefire.junit4.JUnit4Provider.execute(JUnit4Provider.java:236)
	at org.apache.maven.surefire.junit4.JUnit4Provider.executeTestSet(JUnit4Provider.java:134)
	at org.apache.maven.surefire.junit4.JUnit4Provider.invoke(JUnit4Provider.java:113)
	at sun.reflect.NativeMethodAccessorImpl.invoke0(Native Method)
	at sun.reflect.NativeMethodAccessorImpl.invoke(NativeMethodAccessorImpl.java:57)
	at sun.reflect.DelegatingMethodAccessorImpl.invoke(DelegatingMethodAccessorImpl.java:43)
	at java.lang.reflect.Method.invoke(Method.java:601)
	at org.apache.maven.surefire.util.ReflectionUtils.invokeMethodWithArray(ReflectionUtils.java:189)
	at org.apache.maven.surefire.booter.ProviderFactory$ProviderProxy.invoke(ProviderFactory.java:165)
	at org.apache.maven.surefire.booter.ProviderFactory.invokeProvider(ProviderFactory.java:85)
	at org.apache.maven.surefire.booter.ForkedBooter.runSuitesInProcess(ForkedBooter.java:103)
	at org.apache.maven.surefire.booter.ForkedBooter.main(ForkedBooter.java:74)
</failure>
    <system-err>27386 [main] INFO org.apache.gora.store.DataStoreTestBase - setting up test
27386 [main] WARN org.apache.gora.orientdb.store.OrientDBStore - Unable to load the mapping from resource &apos;C:\Users\Nicolas\gora\gora-orientdb\src\test\resources\gora-orientdb-mapping.xml&apos; as it does not appear to exist! Trying local file.
27394 [main] INFO org.apache.gora.orientdb.store.OrientDBStore - Vertex name : Employee
27397 [main] INFO org.apache.gora.orientdb.store.OrientDBStore - Initialized Orient Store for host remote and url localhost:2424/searchDB
27397 [main] WARN org.apache.gora.orientdb.store.OrientDBStore - Class Employee and internEmployee has been created
27398 [main] WARN org.apache.gora.orientdb.store.OrientDBStore - Unable to load the mapping from resource &apos;C:\Users\Nicolas\gora\gora-orientdb\src\test\resources\gora-orientdb-mapping.xml&apos; as it does not appear to exist! Trying local file.
27404 [main] INFO org.apache.gora.orientdb.store.OrientDBStore - Vertex name : WebPage
27406 [main] INFO org.apache.gora.orientdb.store.OrientDBStore - Initialized Orient Store for host remote and url localhost:2424/searchDB
27406 [main] WARN org.apache.gora.orientdb.store.OrientDBStore - Class WebPage and internWebPage has been created
27760 [main] WARN org.apache.gora.orientdb.store.OrientDBStore - Class Employee and internEmployee has been created
28088 [main] WARN org.apache.gora.orientdb.store.OrientDBStore - Class WebPage and internWebPage has been created
28088 [main] INFO org.apache.gora.store.DataStoreTestBase - test method: testUpdate
28089 [main] WARN org.apache.gora.orientdb.store.OrientDBStore - Class Employee and internEmployee has been created
28091 [main] INFO org.apache.gora.orientdb.store.OrientDBStore - The object  with key : 1234567890  is added to the db
28093 [main] INFO org.apache.gora.orientdb.store.OrientDBStore - The object  with key : 1234567891  is added to the db
28095 [main] INFO org.apache.gora.orientdb.store.OrientDBStore - The object  with key : 1234567892  is added to the db
28097 [main] INFO org.apache.gora.orientdb.store.OrientDBStore - The object  with key : 1234567893  is added to the db
28098 [main] INFO org.apache.gora.orientdb.store.OrientDBStore - The object  with key : 1234567894  is added to the db
28101 [main] INFO org.apache.gora.orientdb.store.OrientDBStore - The object  with key : 1234567890  is added to the db
28103 [main] WARN org.apache.gora.orientdb.store.OrientDBStore - Class WebPage and internWebPage has been created
28107 [main] INFO org.apache.gora.orientdb.store.OrientDBStore - The object  with key : http://a.com/a  is added to the db
28110 [main] INFO org.apache.gora.orientdb.store.OrientDBStore - The object  with key : http://b.com/b  is added to the db
28113 [main] INFO org.apache.gora.orientdb.store.OrientDBStore - The object  with key : http://c.com/c  is added to the db
28116 [main] INFO org.apache.gora.orientdb.store.OrientDBStore - The object  with key : http://d.com/d  is added to the db
28119 [main] INFO org.apache.gora.orientdb.store.OrientDBStore - The object  with key : http://e.com/e  is added to the db
28122 [main] INFO org.apache.gora.orientdb.store.OrientDBStore - The object  with key : http://f.com/f  is added to the db
28126 [main] INFO org.apache.gora.orientdb.store.OrientDBStore - The object  with key : http://g.com/g  is added to the db
28135 [main] INFO org.apache.gora.orientdb.store.OrientDBStore - The object  with key : http://a.com/a  is added to the db
28143 [main] INFO org.apache.gora.orientdb.store.OrientDBStore - The object  with key : http://b.com/b  is added to the db
28150 [main] INFO org.apache.gora.orientdb.store.OrientDBStore - The object  with key : http://c.com/c  is added to the db
28157 [main] INFO org.apache.gora.orientdb.store.OrientDBStore - The object  with key : http://d.com/d  is added to the db
28165 [main] INFO org.apache.gora.orientdb.store.OrientDBStore - The object  with key : http://e.com/e  is added to the db
28175 [main] INFO org.apache.gora.orientdb.store.OrientDBStore - The object  with key : http://f.com/f  is added to the db
28185 [main] INFO org.apache.gora.orientdb.store.OrientDBStore - The object  with key : http://g.com/g  is added to the db
28206 [main] WARN org.apache.gora.orientdb.store.OrientDBStore - Class WebPage and internWebPage has been created
28208 [main] INFO org.apache.gora.orientdb.store.OrientDBStore - Get mapKey : anchor4
28208 [main] INFO org.apache.gora.orientdb.store.OrientDBStore - Get mapKey : anchor0
28208 [main] INFO org.apache.gora.orientdb.store.OrientDBStore - Get mapKey : anchor6
28208 [main] INFO org.apache.gora.orientdb.store.OrientDBStore - Get mapKey : anchor2
28210 [main] INFO org.apache.gora.orientdb.store.OrientDBStore - The object  with key : http://a.com/a  is added to the db
28212 [main] INFO org.apache.gora.orientdb.store.OrientDBStore - Get mapKey : anchor4
28212 [main] INFO org.apache.gora.orientdb.store.OrientDBStore - Get mapKey : anchor0
28212 [main] INFO org.apache.gora.orientdb.store.OrientDBStore - Get mapKey : anchor6
28212 [main] INFO org.apache.gora.orientdb.store.OrientDBStore - Get mapKey : anchor2
28214 [main] INFO org.apache.gora.orientdb.store.OrientDBStore - The object  with key : http://b.com/b  is added to the db
28216 [main] INFO org.apache.gora.orientdb.store.OrientDBStore - Get mapKey : anchor4
28216 [main] INFO org.apache.gora.orientdb.store.OrientDBStore - Get mapKey : anchor0
28216 [main] INFO org.apache.gora.orientdb.store.OrientDBStore - Get mapKey : anchor6
28216 [main] INFO org.apache.gora.orientdb.store.OrientDBStore - Get mapKey : anchor2
28218 [main] INFO org.apache.gora.orientdb.store.OrientDBStore - The object  with key : http://c.com/c  is added to the db
28220 [main] INFO org.apache.gora.orientdb.store.OrientDBStore - Get mapKey : anchor4
28220 [main] INFO org.apache.gora.orientdb.store.OrientDBStore - Get mapKey : anchor0
28220 [main] INFO org.apache.gora.orientdb.store.OrientDBStore - Get mapKey : anchor6
28220 [main] INFO org.apache.gora.orientdb.store.OrientDBStore - Get mapKey : anchor2
28222 [main] INFO org.apache.gora.orientdb.store.OrientDBStore - The object  with key : http://d.com/d  is added to the db
28224 [main] INFO org.apache.gora.orientdb.store.OrientDBStore - Get mapKey : anchor4
28224 [main] INFO org.apache.gora.orientdb.store.OrientDBStore - Get mapKey : anchor0
28224 [main] INFO org.apache.gora.orientdb.store.OrientDBStore - Get mapKey : anchor6
28224 [main] INFO org.apache.gora.orientdb.store.OrientDBStore - Get mapKey : anchor2
28226 [main] INFO org.apache.gora.orientdb.store.OrientDBStore - The object  with key : http://e.com/e  is added to the db
28228 [main] INFO org.apache.gora.orientdb.store.OrientDBStore - Get mapKey : anchor4
28228 [main] INFO org.apache.gora.orientdb.store.OrientDBStore - Get mapKey : anchor0
28228 [main] INFO org.apache.gora.orientdb.store.OrientDBStore - Get mapKey : anchor6
28229 [main] INFO org.apache.gora.orientdb.store.OrientDBStore - Get mapKey : anchor2
28231 [main] INFO org.apache.gora.orientdb.store.OrientDBStore - The object  with key : http://f.com/f  is added to the db
28233 [main] INFO org.apache.gora.orientdb.store.OrientDBStore - Get mapKey : anchor4
28233 [main] INFO org.apache.gora.orientdb.store.OrientDBStore - Get mapKey : anchor0
28233 [main] INFO org.apache.gora.orientdb.store.OrientDBStore - Get mapKey : anchor6
28233 [main] INFO org.apache.gora.orientdb.store.OrientDBStore - Get mapKey : anchor2
28235 [main] INFO org.apache.gora.orientdb.store.OrientDBStore - The object  with key : http://g.com/g  is added to the db
28240 [main] INFO org.apache.gora.orientdb.store.OrientDBStore - Get mapKey : anchor3
28240 [main] INFO org.apache.gora.orientdb.store.OrientDBStore - Get mapKey : anchor1
28240 [main] INFO org.apache.gora.orientdb.store.OrientDBStore - Get mapKey : anchor5
28242 [main] INFO org.apache.gora.orientdb.store.OrientDBStore - The object  with key : http://a.com/a  is added to the db
28249 [main] INFO org.apache.gora.orientdb.store.OrientDBStore - Get mapKey : anchor3
28249 [main] INFO org.apache.gora.orientdb.store.OrientDBStore - Get mapKey : anchor1
28249 [main] INFO org.apache.gora.orientdb.store.OrientDBStore - Get mapKey : anchor5
28252 [main] INFO org.apache.gora.orientdb.store.OrientDBStore - The object  with key : http://b.com/b  is added to the db
28257 [main] INFO org.apache.gora.orientdb.store.OrientDBStore - Get mapKey : anchor3
28258 [main] INFO org.apache.gora.orientdb.store.OrientDBStore - Get mapKey : anchor1
28258 [main] INFO org.apache.gora.orientdb.store.OrientDBStore - Get mapKey : anchor5
28260 [main] INFO org.apache.gora.orientdb.store.OrientDBStore - The object  with key : http://c.com/c  is added to the db
28267 [main] INFO org.apache.gora.orientdb.store.OrientDBStore - Get mapKey : anchor3
28267 [main] INFO org.apache.gora.orientdb.store.OrientDBStore - Get mapKey : anchor1
28267 [main] INFO org.apache.gora.orientdb.store.OrientDBStore - Get mapKey : anchor5
28270 [main] INFO org.apache.gora.orientdb.store.OrientDBStore - The object  with key : http://d.com/d  is added to the db
28275 [main] INFO org.apache.gora.orientdb.store.OrientDBStore - Get mapKey : anchor3
28276 [main] INFO org.apache.gora.orientdb.store.OrientDBStore - Get mapKey : anchor1
28276 [main] INFO org.apache.gora.orientdb.store.OrientDBStore - Get mapKey : anchor5
28279 [main] INFO org.apache.gora.orientdb.store.OrientDBStore - The object  with key : http://e.com/e  is added to the db
28285 [main] INFO org.apache.gora.orientdb.store.OrientDBStore - Get mapKey : anchor3
28285 [main] INFO org.apache.gora.orientdb.store.OrientDBStore - Get mapKey : anchor1
28286 [main] INFO org.apache.gora.orientdb.store.OrientDBStore - Get mapKey : anchor5
28289 [main] INFO org.apache.gora.orientdb.store.OrientDBStore - The object  with key : http://f.com/f  is added to the db
28300 [main] INFO org.apache.gora.orientdb.store.OrientDBStore - Get mapKey : anchor3
28300 [main] INFO org.apache.gora.orientdb.store.OrientDBStore - Get mapKey : anchor1
28300 [main] INFO org.apache.gora.orientdb.store.OrientDBStore - Get mapKey : anchor5
28305 [main] INFO org.apache.gora.orientdb.store.OrientDBStore - The object  with key : http://g.com/g  is added to the db
28337 [main] WARN org.apache.gora.orientdb.store.OrientDBStore - Class WebPage and internWebPage has been created
28339 [main] INFO org.apache.gora.orientdb.store.OrientDBStore - Get mapKey : header0
28339 [main] INFO org.apache.gora.orientdb.store.OrientDBStore - Get mapKey : header4
28339 [main] INFO org.apache.gora.orientdb.store.OrientDBStore - Get mapKey : header2
28342 [main] INFO org.apache.gora.orientdb.store.OrientDBStore - The object  with key : http://a.com/a  is added to the db
28344 [main] INFO org.apache.gora.orientdb.store.OrientDBStore - Get mapKey : header0
28344 [main] INFO org.apache.gora.orientdb.store.OrientDBStore - Get mapKey : header4
28344 [main] INFO org.apache.gora.orientdb.store.OrientDBStore - Get mapKey : header2
28347 [main] INFO org.apache.gora.orientdb.store.OrientDBStore - The object  with key : http://b.com/b  is added to the db
28350 [main] INFO org.apache.gora.orientdb.store.OrientDBStore - Get mapKey : header0
28350 [main] INFO org.apache.gora.orientdb.store.OrientDBStore - Get mapKey : header4
28350 [main] INFO org.apache.gora.orientdb.store.OrientDBStore - Get mapKey : header2
28353 [main] INFO org.apache.gora.orientdb.store.OrientDBStore - The object  with key : http://c.com/c  is added to the db
28356 [main] INFO org.apache.gora.orientdb.store.OrientDBStore - Get mapKey : header0
28356 [main] INFO org.apache.gora.orientdb.store.OrientDBStore - Get mapKey : header4
28356 [main] INFO org.apache.gora.orientdb.store.OrientDBStore - Get mapKey : header2
28359 [main] INFO org.apache.gora.orientdb.store.OrientDBStore - The object  with key : http://d.com/d  is added to the db
28361 [main] INFO org.apache.gora.orientdb.store.OrientDBStore - Get mapKey : header0
28361 [main] INFO org.apache.gora.orientdb.store.OrientDBStore - Get mapKey : header4
28361 [main] INFO org.apache.gora.orientdb.store.OrientDBStore - Get mapKey : header2
28364 [main] INFO org.apache.gora.orientdb.store.OrientDBStore - The object  with key : http://e.com/e  is added to the db
28366 [main] INFO org.apache.gora.orientdb.store.OrientDBStore - Get mapKey : header0
28366 [main] INFO org.apache.gora.orientdb.store.OrientDBStore - Get mapKey : header4
28366 [main] INFO org.apache.gora.orientdb.store.OrientDBStore - Get mapKey : header2
28369 [main] INFO org.apache.gora.orientdb.store.OrientDBStore - The object  with key : http://f.com/f  is added to the db
28371 [main] INFO org.apache.gora.orientdb.store.OrientDBStore - Get mapKey : header0
28371 [main] INFO org.apache.gora.orientdb.store.OrientDBStore - Get mapKey : header4
28371 [main] INFO org.apache.gora.orientdb.store.OrientDBStore - Get mapKey : header2
28373 [main] INFO org.apache.gora.orientdb.store.OrientDBStore - The object  with key : http://g.com/g  is added to the db
28379 [main] INFO org.apache.gora.orientdb.store.OrientDBStore - Get mapKey : header5
28379 [main] INFO org.apache.gora.orientdb.store.OrientDBStore - Get mapKey : header3
28379 [main] INFO org.apache.gora.orientdb.store.OrientDBStore - Get mapKey : header1
28382 [main] INFO org.apache.gora.orientdb.store.OrientDBStore - The object  with key : http://a.com/a  is added to the db
28387 [main] INFO org.apache.gora.orientdb.store.OrientDBStore - Get mapKey : header5
28387 [main] INFO org.apache.gora.orientdb.store.OrientDBStore - Get mapKey : header3
28387 [main] INFO org.apache.gora.orientdb.store.OrientDBStore - Get mapKey : header1
28390 [main] INFO org.apache.gora.orientdb.store.OrientDBStore - The object  with key : http://b.com/b  is added to the db
28395 [main] INFO org.apache.gora.orientdb.store.OrientDBStore - Get mapKey : header5
28395 [main] INFO org.apache.gora.orientdb.store.OrientDBStore - Get mapKey : header3
28395 [main] INFO org.apache.gora.orientdb.store.OrientDBStore - Get mapKey : header1
28398 [main] INFO org.apache.gora.orientdb.store.OrientDBStore - The object  with key : http://c.com/c  is added to the db
28403 [main] INFO org.apache.gora.orientdb.store.OrientDBStore - Get mapKey : header5
28403 [main] INFO org.apache.gora.orientdb.store.OrientDBStore - Get mapKey : header3
28403 [main] INFO org.apache.gora.orientdb.store.OrientDBStore - Get mapKey : header1
28405 [main] INFO org.apache.gora.orientdb.store.OrientDBStore - The object  with key : http://d.com/d  is added to the db
28411 [main] INFO org.apache.gora.orientdb.store.OrientDBStore - Get mapKey : header5
28411 [main] INFO org.apache.gora.orientdb.store.OrientDBStore - Get mapKey : header3
28411 [main] INFO org.apache.gora.orientdb.store.OrientDBStore - Get mapKey : header1
28414 [main] INFO org.apache.gora.orientdb.store.OrientDBStore - The object  with key : http://e.com/e  is added to the db
28418 [main] INFO org.apache.gora.orientdb.store.OrientDBStore - Get mapKey : header5
28418 [main] INFO org.apache.gora.orientdb.store.OrientDBStore - Get mapKey : header3
28418 [main] INFO org.apache.gora.orientdb.store.OrientDBStore - Get mapKey : header1
28420 [main] INFO org.apache.gora.orientdb.store.OrientDBStore - The object  with key : http://f.com/f  is added to the db
28425 [main] INFO org.apache.gora.orientdb.store.OrientDBStore - Get mapKey : header5
28426 [main] INFO org.apache.gora.orientdb.store.OrientDBStore - Get mapKey : header3
28426 [main] INFO org.apache.gora.orientdb.store.OrientDBStore - Get mapKey : header1
28428 [main] INFO org.apache.gora.orientdb.store.OrientDBStore - The object  with key : http://g.com/g  is added to the db
28449 [main] WARN org.apache.gora.orientdb.store.OrientDBStore - Class WebPage and internWebPage has been created
28450 [main] INFO org.apache.gora.orientdb.store.OrientDBStore - Get mapKey : anchor5
28450 [main] INFO org.apache.gora.orientdb.store.OrientDBStore - Get mapKey : anchor0
28450 [main] INFO org.apache.gora.orientdb.store.OrientDBStore - Get mapKey : anchor6
28450 [main] INFO org.apache.gora.orientdb.store.OrientDBStore - Get mapKey : anchor4
28451 [main] INFO org.apache.gora.orientdb.store.OrientDBStore - Get mapKey : anchor3
28451 [main] INFO org.apache.gora.orientdb.store.OrientDBStore - Get mapKey : anchor2
28451 [main] INFO org.apache.gora.orientdb.store.OrientDBStore - Get mapKey : anchor1
28453 [main] INFO org.apache.gora.orientdb.store.OrientDBStore - The object  with key : http://a.com/a  is added to the db
28455 [main] INFO org.apache.gora.orientdb.store.OrientDBStore - Get mapKey : anchor5
28455 [main] INFO org.apache.gora.orientdb.store.OrientDBStore - Get mapKey : anchor0
28455 [main] INFO org.apache.gora.orientdb.store.OrientDBStore - Get mapKey : anchor6
28455 [main] INFO org.apache.gora.orientdb.store.OrientDBStore - Get mapKey : anchor4
28455 [main] INFO org.apache.gora.orientdb.store.OrientDBStore - Get mapKey : anchor3
28455 [main] INFO org.apache.gora.orientdb.store.OrientDBStore - Get mapKey : anchor2
28455 [main] INFO org.apache.gora.orientdb.store.OrientDBStore - Get mapKey : anchor1
28458 [main] INFO org.apache.gora.orientdb.store.OrientDBStore - The object  with key : http://b.com/b  is added to the db
28459 [main] INFO org.apache.gora.orientdb.store.OrientDBStore - Get mapKey : anchor5
28460 [main] INFO org.apache.gora.orientdb.store.OrientDBStore - Get mapKey : anchor0
28460 [main] INFO org.apache.gora.orientdb.store.OrientDBStore - Get mapKey : anchor6
28460 [main] INFO org.apache.gora.orientdb.store.OrientDBStore - Get mapKey : anchor4
28460 [main] INFO org.apache.gora.orientdb.store.OrientDBStore - Get mapKey : anchor3
28460 [main] INFO org.apache.gora.orientdb.store.OrientDBStore - Get mapKey : anchor2
28460 [main] INFO org.apache.gora.orientdb.store.OrientDBStore - Get mapKey : anchor1
28462 [main] INFO org.apache.gora.orientdb.store.OrientDBStore - The object  with key : http://c.com/c  is added to the db
28464 [main] INFO org.apache.gora.orientdb.store.OrientDBStore - Get mapKey : anchor5
28464 [main] INFO org.apache.gora.orientdb.store.OrientDBStore - Get mapKey : anchor0
28464 [main] INFO org.apache.gora.orientdb.store.OrientDBStore - Get mapKey : anchor6
28464 [main] INFO org.apache.gora.orientdb.store.OrientDBStore - Get mapKey : anchor4
28464 [main] INFO org.apache.gora.orientdb.store.OrientDBStore - Get mapKey : anchor3
28464 [main] INFO org.apache.gora.orientdb.store.OrientDBStore - Get mapKey : anchor2
28464 [main] INFO org.apache.gora.orientdb.store.OrientDBStore - Get mapKey : anchor1
28467 [main] INFO org.apache.gora.orientdb.store.OrientDBStore - The object  with key : http://d.com/d  is added to the db
28468 [main] INFO org.apache.gora.orientdb.store.OrientDBStore - Get mapKey : anchor5
28468 [main] INFO org.apache.gora.orientdb.store.OrientDBStore - Get mapKey : anchor0
28468 [main] INFO org.apache.gora.orientdb.store.OrientDBStore - Get mapKey : anchor6
28468 [main] INFO org.apache.gora.orientdb.store.OrientDBStore - Get mapKey : anchor4
28469 [main] INFO org.apache.gora.orientdb.store.OrientDBStore - Get mapKey : anchor3
28469 [main] INFO org.apache.gora.orientdb.store.OrientDBStore - Get mapKey : anchor2
28469 [main] INFO org.apache.gora.orientdb.store.OrientDBStore - Get mapKey : anchor1
28471 [main] INFO org.apache.gora.orientdb.store.OrientDBStore - The object  with key : http://e.com/e  is added to the db
28473 [main] INFO org.apache.gora.orientdb.store.OrientDBStore - Get mapKey : anchor5
28473 [main] INFO org.apache.gora.orientdb.store.OrientDBStore - Get mapKey : anchor0
28473 [main] INFO org.apache.gora.orientdb.store.OrientDBStore - Get mapKey : anchor6
28473 [main] INFO org.apache.gora.orientdb.store.OrientDBStore - Get mapKey : anchor4
28473 [main] INFO org.apache.gora.orientdb.store.OrientDBStore - Get mapKey : anchor3
28473 [main] INFO org.apache.gora.orientdb.store.OrientDBStore - Get mapKey : anchor2
28473 [main] INFO org.apache.gora.orientdb.store.OrientDBStore - Get mapKey : anchor1
28475 [main] INFO org.apache.gora.orientdb.store.OrientDBStore - The object  with key : http://f.com/f  is added to the db
28477 [main] INFO org.apache.gora.orientdb.store.OrientDBStore - Get mapKey : anchor5
28477 [main] INFO org.apache.gora.orientdb.store.OrientDBStore - Get mapKey : anchor0
28477 [main] INFO org.apache.gora.orientdb.store.OrientDBStore - Get mapKey : anchor6
28477 [main] INFO org.apache.gora.orientdb.store.OrientDBStore - Get mapKey : anchor4
28477 [main] INFO org.apache.gora.orientdb.store.OrientDBStore - Get mapKey : anchor3
28477 [main] INFO org.apache.gora.orientdb.store.OrientDBStore - Get mapKey : anchor2
28477 [main] INFO org.apache.gora.orientdb.store.OrientDBStore - Get mapKey : anchor1
28480 [main] INFO org.apache.gora.orientdb.store.OrientDBStore - The object  with key : http://g.com/g  is added to the db
28484 [main] INFO org.apache.gora.orientdb.store.OrientDBStore - Get mapKey : anchor0
28484 [main] INFO org.apache.gora.orientdb.store.OrientDBStore - Get mapKey : anchor4
28484 [main] INFO org.apache.gora.orientdb.store.OrientDBStore - Get mapKey : anchor2
28484 [main] INFO org.apache.gora.orientdb.store.OrientDBStore - Get mapKey : anchor6
28484 [main] INFO org.apache.gora.orientdb.store.OrientDBStore - Get mapKey : header5
28484 [main] INFO org.apache.gora.orientdb.store.OrientDBStore - Get mapKey : header3
28484 [main] INFO org.apache.gora.orientdb.store.OrientDBStore - Get mapKey : header1
28487 [main] INFO org.apache.gora.orientdb.store.OrientDBStore - The object  with key : http://a.com/a  is added to the db
28491 [main] INFO org.apache.gora.orientdb.store.OrientDBStore - Get mapKey : anchor0
28491 [main] INFO org.apache.gora.orientdb.store.OrientDBStore - Get mapKey : anchor4
28491 [main] INFO org.apache.gora.orientdb.store.OrientDBStore - Get mapKey : anchor2
28491 [main] INFO org.apache.gora.orientdb.store.OrientDBStore - Get mapKey : anchor6
28491 [main] INFO org.apache.gora.orientdb.store.OrientDBStore - Get mapKey : header5
28491 [main] INFO org.apache.gora.orientdb.store.OrientDBStore - Get mapKey : header3
28491 [main] INFO org.apache.gora.orientdb.store.OrientDBStore - Get mapKey : header1
28494 [main] INFO org.apache.gora.orientdb.store.OrientDBStore - The object  with key : http://b.com/b  is added to the db
28500 [main] INFO org.apache.gora.orientdb.store.OrientDBStore - Get mapKey : anchor0
28501 [main] INFO org.apache.gora.orientdb.store.OrientDBStore - Get mapKey : anchor4
28501 [main] INFO org.apache.gora.orientdb.store.OrientDBStore - Get mapKey : anchor2
28501 [main] INFO org.apache.gora.orientdb.store.OrientDBStore - Get mapKey : anchor6
28501 [main] INFO org.apache.gora.orientdb.store.OrientDBStore - Get mapKey : header5
28501 [main] INFO org.apache.gora.orientdb.store.OrientDBStore - Get mapKey : header3
28501 [main] INFO org.apache.gora.orientdb.store.OrientDBStore - Get mapKey : header1
28505 [main] INFO org.apache.gora.orientdb.store.OrientDBStore - The object  with key : http://c.com/c  is added to the db
28511 [main] INFO org.apache.gora.orientdb.store.OrientDBStore - Get mapKey : anchor0
28511 [main] INFO org.apache.gora.orientdb.store.OrientDBStore - Get mapKey : anchor4
28511 [main] INFO org.apache.gora.orientdb.store.OrientDBStore - Get mapKey : anchor2
28511 [main] INFO org.apache.gora.orientdb.store.OrientDBStore - Get mapKey : anchor6
28511 [main] INFO org.apache.gora.orientdb.store.OrientDBStore - Get mapKey : header5
28511 [main] INFO org.apache.gora.orientdb.store.OrientDBStore - Get mapKey : header3
28511 [main] INFO org.apache.gora.orientdb.store.OrientDBStore - Get mapKey : header1
28515 [main] INFO org.apache.gora.orientdb.store.OrientDBStore - The object  with key : http://d.com/d  is added to the db
28524 [main] INFO org.apache.gora.orientdb.store.OrientDBStore - Get mapKey : anchor0
28524 [main] INFO org.apache.gora.orientdb.store.OrientDBStore - Get mapKey : anchor4
28524 [main] INFO org.apache.gora.orientdb.store.OrientDBStore - Get mapKey : anchor2
28524 [main] INFO org.apache.gora.orientdb.store.OrientDBStore - Get mapKey : anchor6
28524 [main] INFO org.apache.gora.orientdb.store.OrientDBStore - Get mapKey : header5
28524 [main] INFO org.apache.gora.orientdb.store.OrientDBStore - Get mapKey : header3
28524 [main] INFO org.apache.gora.orientdb.store.OrientDBStore - Get mapKey : header1
28530 [main] INFO org.apache.gora.orientdb.store.OrientDBStore - The object  with key : http://e.com/e  is added to the db
28539 [main] INFO org.apache.gora.orientdb.store.OrientDBStore - Get mapKey : anchor0
28539 [main] INFO org.apache.gora.orientdb.store.OrientDBStore - Get mapKey : anchor4
28539 [main] INFO org.apache.gora.orientdb.store.OrientDBStore - Get mapKey : anchor2
28539 [main] INFO org.apache.gora.orientdb.store.OrientDBStore - Get mapKey : anchor6
28539 [main] INFO org.apache.gora.orientdb.store.OrientDBStore - Get mapKey : header5
28539 [main] INFO org.apache.gora.orientdb.store.OrientDBStore - Get mapKey : header3
28539 [main] INFO org.apache.gora.orientdb.store.OrientDBStore - Get mapKey : header1
28542 [main] INFO org.apache.gora.orientdb.store.OrientDBStore - The object  with key : http://f.com/f  is added to the db
28548 [main] INFO org.apache.gora.orientdb.store.OrientDBStore - Get mapKey : anchor0
28548 [main] INFO org.apache.gora.orientdb.store.OrientDBStore - Get mapKey : anchor4
28548 [main] INFO org.apache.gora.orientdb.store.OrientDBStore - Get mapKey : anchor2
28548 [main] INFO org.apache.gora.orientdb.store.OrientDBStore - Get mapKey : anchor6
28548 [main] INFO org.apache.gora.orientdb.store.OrientDBStore - Get mapKey : header5
28548 [main] INFO org.apache.gora.orientdb.store.OrientDBStore - Get mapKey : header3
28548 [main] INFO org.apache.gora.orientdb.store.OrientDBStore - Get mapKey : header1
28552 [main] INFO org.apache.gora.orientdb.store.OrientDBStore - The object  with key : http://g.com/g  is added to the db
28573 [main] WARN org.apache.gora.orientdb.store.OrientDBStore - Class WebPage and internWebPage has been created
28574 [main] INFO org.apache.gora.orientdb.store.OrientDBStore - Get mapKey : header5
28574 [main] INFO org.apache.gora.orientdb.store.OrientDBStore - Get mapKey : header0
28575 [main] INFO org.apache.gora.orientdb.store.OrientDBStore - Get mapKey : header4
28575 [main] INFO org.apache.gora.orientdb.store.OrientDBStore - Get mapKey : header3
28575 [main] INFO org.apache.gora.orientdb.store.OrientDBStore - Get mapKey : header2
28575 [main] INFO org.apache.gora.orientdb.store.OrientDBStore - Get mapKey : header1
28577 [main] INFO org.apache.gora.orientdb.store.OrientDBStore - The object  with key : http://a.com/a  is added to the db
28579 [main] INFO org.apache.gora.orientdb.store.OrientDBStore - Get mapKey : header5
28579 [main] INFO org.apache.gora.orientdb.store.OrientDBStore - Get mapKey : header0
28579 [main] INFO org.apache.gora.orientdb.store.OrientDBStore - Get mapKey : header4
28579 [main] INFO org.apache.gora.orientdb.store.OrientDBStore - Get mapKey : header3
28579 [main] INFO org.apache.gora.orientdb.store.OrientDBStore - Get mapKey : header2
28579 [main] INFO org.apache.gora.orientdb.store.OrientDBStore - Get mapKey : header1
28581 [main] INFO org.apache.gora.orientdb.store.OrientDBStore - The object  with key : http://b.com/b  is added to the db
28583 [main] INFO org.apache.gora.orientdb.store.OrientDBStore - Get mapKey : header5
28583 [main] INFO org.apache.gora.orientdb.store.OrientDBStore - Get mapKey : header0
28583 [main] INFO org.apache.gora.orientdb.store.OrientDBStore - Get mapKey : header4
28583 [main] INFO org.apache.gora.orientdb.store.OrientDBStore - Get mapKey : header3
28583 [main] INFO org.apache.gora.orientdb.store.OrientDBStore - Get mapKey : header2
28583 [main] INFO org.apache.gora.orientdb.store.OrientDBStore - Get mapKey : header1
28586 [main] INFO org.apache.gora.orientdb.store.OrientDBStore - The object  with key : http://c.com/c  is added to the db
28588 [main] INFO org.apache.gora.orientdb.store.OrientDBStore - Get mapKey : header5
28588 [main] INFO org.apache.gora.orientdb.store.OrientDBStore - Get mapKey : header0
28588 [main] INFO org.apache.gora.orientdb.store.OrientDBStore - Get mapKey : header4
28588 [main] INFO org.apache.gora.orientdb.store.OrientDBStore - Get mapKey : header3
28588 [main] INFO org.apache.gora.orientdb.store.OrientDBStore - Get mapKey : header2
28588 [main] INFO org.apache.gora.orientdb.store.OrientDBStore - Get mapKey : header1
28591 [main] INFO org.apache.gora.orientdb.store.OrientDBStore - The object  with key : http://d.com/d  is added to the db
28593 [main] INFO org.apache.gora.orientdb.store.OrientDBStore - Get mapKey : header5
28593 [main] INFO org.apache.gora.orientdb.store.OrientDBStore - Get mapKey : header0
28593 [main] INFO org.apache.gora.orientdb.store.OrientDBStore - Get mapKey : header4
28593 [main] INFO org.apache.gora.orientdb.store.OrientDBStore - Get mapKey : header3
28593 [main] INFO org.apache.gora.orientdb.store.OrientDBStore - Get mapKey : header2
28593 [main] INFO org.apache.gora.orientdb.store.OrientDBStore - Get mapKey : header1
28595 [main] INFO org.apache.gora.orientdb.store.OrientDBStore - The object  with key : http://e.com/e  is added to the db
28597 [main] INFO org.apache.gora.orientdb.store.OrientDBStore - Get mapKey : header5
28597 [main] INFO org.apache.gora.orientdb.store.OrientDBStore - Get mapKey : header0
28597 [main] INFO org.apache.gora.orientdb.store.OrientDBStore - Get mapKey : header4
28597 [main] INFO org.apache.gora.orientdb.store.OrientDBStore - Get mapKey : header3
28597 [main] INFO org.apache.gora.orientdb.store.OrientDBStore - Get mapKey : header2
28597 [main] INFO org.apache.gora.orientdb.store.OrientDBStore - Get mapKey : header1
28600 [main] INFO org.apache.gora.orientdb.store.OrientDBStore - The object  with key : http://f.com/f  is added to the db
28601 [main] INFO org.apache.gora.orientdb.store.OrientDBStore - Get mapKey : header5
28601 [main] INFO org.apache.gora.orientdb.store.OrientDBStore - Get mapKey : header0
28601 [main] INFO org.apache.gora.orientdb.store.OrientDBStore - Get mapKey : header4
28602 [main] INFO org.apache.gora.orientdb.store.OrientDBStore - Get mapKey : header3
28602 [main] INFO org.apache.gora.orientdb.store.OrientDBStore - Get mapKey : header2
28602 [main] INFO org.apache.gora.orientdb.store.OrientDBStore - Get mapKey : header1
28604 [main] INFO org.apache.gora.orientdb.store.OrientDBStore - The object  with key : http://g.com/g  is added to the db
28610 [main] INFO org.apache.gora.orientdb.store.OrientDBStore - The object  with key : http://a.com/a  is added to the db
28616 [main] INFO org.apache.gora.orientdb.store.OrientDBStore - The object  with key : http://b.com/b  is added to the db
28622 [main] INFO org.apache.gora.orientdb.store.OrientDBStore - The object  with key : http://c.com/c  is added to the db
28628 [main] INFO org.apache.gora.orientdb.store.OrientDBStore - The object  with key : http://d.com/d  is added to the db
28634 [main] INFO org.apache.gora.orientdb.store.OrientDBStore - The object  with key : http://e.com/e  is added to the db
28639 [main] INFO org.apache.gora.orientdb.store.OrientDBStore - The object  with key : http://f.com/f  is added to the db
28646 [main] INFO org.apache.gora.orientdb.store.OrientDBStore - The object  with key : http://g.com/g  is added to the db
28649 [main] INFO org.apache.gora.store.DataStoreTestBase - tearing down test
</system-err>
  </testcase>
  <testcase time="0.838" classname="org.apache.gora.orientdb.store.OrientDBStore_Test" name="testGet"/>
  <testcase time="0.837" classname="org.apache.gora.orientdb.store.OrientDBStore_Test" name="testQuery"/>
  <testcase time="1.049" classname="org.apache.gora.orientdb.store.OrientDBStore_Test" name="testDelete"/>
  <testcase time="0.829" classname="org.apache.gora.orientdb.store.OrientDBStore_Test" name="testPutArray"/>
  <testcase time="0.794" classname="org.apache.gora.orientdb.store.OrientDBStore_Test" name="testQueryWebPageSingleKeyDefaultFields"/>
  <testcase time="0.794" classname="org.apache.gora.orientdb.store.OrientDBStore_Test" name="testQueryWebPageQueryEmptyResults"/>
</testsuite>