<?xml version="1.0" encoding="UTF-8" ?>
<testsuite failures="1" time="330.622" errors="0" skipped="2" tests="34" name="org.apache.gora.orientdb.store.OrientDBStore_Test">
  <properties>
[...]
</properties>
  <testcase time="0.172" classname="org.apache.gora.orientdb.store.OrientDBStore_Test" name="testGraphInsert">
    <skipped/>
  </testcase>
  <testcase time="0.174" classname="org.apache.gora.orientdb.store.OrientDBStore_Test" name="testComplexGraphInsert">
    <skipped/>
  </testcase>
  <testcase time="9.961" classname="org.apache.gora.orientdb.store.OrientDBStore_Test" name="testQueryWebPageQueryEmptyResults"/>
  <testcase time="8.103" classname="org.apache.gora.orientdb.store.OrientDBStore_Test" name="testGet"/>
  <testcase time="7.774" classname="org.apache.gora.orientdb.store.OrientDBStore_Test" name="testUpdate"/>
  <testcase time="9.688" classname="org.apache.gora.orientdb.store.OrientDBStore_Test" name="testQueryWebPageSingleKeyDefaultFields"/>
  <testcase time="8.77" classname="org.apache.gora.orientdb.store.OrientDBStore_Test" name="testGet3UnionField"/>
  <testcase time="7.806" classname="org.apache.gora.orientdb.store.OrientDBStore_Test" name="testDeleteByQueryFields"/>
  <testcase time="12.59" classname="org.apache.gora.orientdb.store.OrientDBStore_Test" name="testDeleteByQuery">
    <failure message="expected:&lt;0&gt; but was:&lt;10&gt;" type="java.lang.AssertionError">java.lang.AssertionError: expected:&lt;0&gt; but was:&lt;10&gt;
	at org.junit.Assert.fail(Assert.java:93)
	at org.junit.Assert.failNotEquals(Assert.java:647)
	at org.junit.Assert.assertEquals(Assert.java:128)
	at org.junit.Assert.assertEquals(Assert.java:472)
	at org.junit.Assert.assertEquals(Assert.java:456)
	at org.apache.gora.store.DataStoreTestUtil.assertNumResults(DataStoreTestUtil.java:880)
	at org.apache.gora.store.DataStoreTestUtil.assertEmptyResults(DataStoreTestUtil.java:869)
	at org.apache.gora.store.DataStoreTestUtil.testDeleteByQuery(DataStoreTestUtil.java:983)
	at org.apache.gora.store.DataStoreTestBase.testDeleteByQuery(DataStoreTestBase.java:354)
	at sun.reflect.NativeMethodAccessorImpl.invoke0(Native Method)
	at sun.reflect.NativeMethodAccessorImpl.invoke(NativeMethodAccessorImpl.java:57)
	at sun.reflect.DelegatingMethodAccessorImpl.invoke(DelegatingMethodAccessorImpl.java:43)
	at java.lang.reflect.Method.invoke(Method.java:601)
	at org.junit.runners.model.FrameworkMethod$1.runReflectiveCall(FrameworkMethod.java:45)
	at org.junit.internal.runners.model.ReflectiveCallable.run(ReflectiveCallable.java:15)
	at org.junit.runners.model.FrameworkMethod.invokeExplosively(FrameworkMethod.java:42)
	at org.junit.internal.runners.statements.InvokeMethod.evaluate(InvokeMethod.java:20)
	at org.junit.internal.runners.statements.RunBefores.evaluate(RunBefores.java:28)
	at org.junit.internal.runners.statements.RunAfters.evaluate(RunAfters.java:30)
	at org.junit.runners.ParentRunner.runLeaf(ParentRunner.java:263)
	at org.junit.runners.BlockJUnit4ClassRunner.runChild(BlockJUnit4ClassRunner.java:68)
	at org.junit.runners.BlockJUnit4ClassRunner.runChild(BlockJUnit4ClassRunner.java:47)
	at org.junit.runners.ParentRunner$3.run(ParentRunner.java:231)
	at org.junit.runners.ParentRunner$1.schedule(ParentRunner.java:60)
	at org.junit.runners.ParentRunner.runChildren(ParentRunner.java:229)
	at org.junit.runners.ParentRunner.access$000(ParentRunner.java:50)
	at org.junit.runners.ParentRunner$2.evaluate(ParentRunner.java:222)
	at org.junit.internal.runners.statements.RunBefores.evaluate(RunBefores.java:28)
	at org.junit.internal.runners.statements.RunAfters.evaluate(RunAfters.java:30)
	at org.junit.runners.ParentRunner.run(ParentRunner.java:300)
	at org.apache.maven.surefire.junit4.JUnit4Provider.execute(JUnit4Provider.java:236)
	at org.apache.maven.surefire.junit4.JUnit4Provider.executeTestSet(JUnit4Provider.java:134)
	at org.apache.maven.surefire.junit4.JUnit4Provider.invoke(JUnit4Provider.java:113)
	at sun.reflect.NativeMethodAccessorImpl.invoke0(Native Method)
	at sun.reflect.NativeMethodAccessorImpl.invoke(NativeMethodAccessorImpl.java:57)
	at sun.reflect.DelegatingMethodAccessorImpl.invoke(DelegatingMethodAccessorImpl.java:43)
	at java.lang.reflect.Method.invoke(Method.java:601)
	at org.apache.maven.surefire.util.ReflectionUtils.invokeMethodWithArray(ReflectionUtils.java:189)
	at org.apache.maven.surefire.booter.ProviderFactory$ProviderProxy.invoke(ProviderFactory.java:165)
	at org.apache.maven.surefire.booter.ProviderFactory.invokeProvider(ProviderFactory.java:85)
	at org.apache.maven.surefire.booter.ForkedBooter.runSuitesInProcess(ForkedBooter.java:103)
	at org.apache.maven.surefire.booter.ForkedBooter.main(ForkedBooter.java:74)
</failure>
    <system-err>52108 [main] INFO org.apache.gora.store.DataStoreTestBase - setting up test
52113 [main] WARN org.apache.gora.orientdb.store.OrientDBStore - Unable to load the mapping from resource &apos;C:\Users\Nicolas\gora\gora-orientdb\src\test\resources\gora-orientdb-mapping.xml&apos; as it does not appear to exist! Trying local file.
52180 [main] INFO org.apache.gora.orientdb.store.OrientDBStore - Vertex name : Employee
52201 [main] INFO org.apache.gora.orientdb.store.OrientDBStore - Initialized Orient Store for host remote and url [localhost:2424/testDB, localhost:2425/testDB]
52202 [main] WARN org.apache.gora.orientdb.store.OrientDBStore - Class Employee and internEmployee has been created
52204 [main] WARN org.apache.gora.orientdb.store.OrientDBStore - Unable to load the mapping from resource &apos;C:\Users\Nicolas\gora\gora-orientdb\src\test\resources\gora-orientdb-mapping.xml&apos; as it does not appear to exist! Trying local file.
52266 [main] INFO org.apache.gora.orientdb.store.OrientDBStore - Vertex name : WebPage
52286 [main] INFO org.apache.gora.orientdb.store.OrientDBStore - Initialized Orient Store for host remote and url [localhost:2424/testDB, localhost:2425/testDB]
52287 [main] WARN org.apache.gora.orientdb.store.OrientDBStore - Class WebPage and internWebPage has been created
53934 [main] INFO org.apache.gora.orientdb.store.OrientDBStore - Selection strategyround-robin
54145 [main] WARN org.apache.gora.orientdb.store.OrientDBStore - Class Employee and internEmployee has been created
60031 [main] INFO org.apache.gora.orientdb.store.OrientDBStore - Selection strategyround-robin
60202 [main] WARN org.apache.gora.orientdb.store.OrientDBStore - Class WebPage and internWebPage has been created
60202 [main] INFO org.apache.gora.store.DataStoreTestBase - test method: testDeleteByQuery
60202 [main] INFO org.apache.gora.examples.WebPageDataCreator - creating web page data
60707 [main] INFO org.apache.gora.examples.WebPageDataCreator - finished creating web page data
60754 [main] INFO org.apache.gora.orientdb.query.OrientDBResult - The query is select id, url, content, parsedContent, outlinks, headers, mt from (select expand(rid) from index:WebPage.id) and the size is: 10
60909 [main] INFO org.apache.gora.orientdb.query.OrientDBResult - The query is select * from (select expand(rid) from index:WebPage.id) and the size is: 10
64204 [main] ERROR org.apache.gora.orientdb.store.OrientDBStore - Error on freezing databaseError on committing distributed transaction
com.orientechnologies.orient.core.exception.OTransactionException: Error on committing distributed transaction
	at org.apache.gora.orientdb.store.OrientDBStore.flush(OrientDBStore.java:410)
	at org.apache.gora.store.DataStoreTestUtil.testDeleteByQuery(DataStoreTestUtil.java:982)
	at org.apache.gora.store.DataStoreTestBase.testDeleteByQuery(DataStoreTestBase.java:354)
	at sun.reflect.NativeMethodAccessorImpl.invoke0(Native Method)
	at sun.reflect.NativeMethodAccessorImpl.invoke(NativeMethodAccessorImpl.java:57)
	at sun.reflect.DelegatingMethodAccessorImpl.invoke(DelegatingMethodAccessorImpl.java:43)
	at java.lang.reflect.Method.invoke(Method.java:601)
	at org.junit.runners.model.FrameworkMethod$1.runReflectiveCall(FrameworkMethod.java:45)
	at org.junit.internal.runners.model.ReflectiveCallable.run(ReflectiveCallable.java:15)
	at org.junit.runners.model.FrameworkMethod.invokeExplosively(FrameworkMethod.java:42)
	at org.junit.internal.runners.statements.InvokeMethod.evaluate(InvokeMethod.java:20)
	at org.junit.internal.runners.statements.RunBefores.evaluate(RunBefores.java:28)
	at org.junit.internal.runners.statements.RunAfters.evaluate(RunAfters.java:30)
	at org.junit.runners.ParentRunner.runLeaf(ParentRunner.java:263)
	at org.junit.runners.BlockJUnit4ClassRunner.runChild(BlockJUnit4ClassRunner.java:68)
	at org.junit.runners.BlockJUnit4ClassRunner.runChild(BlockJUnit4ClassRunner.java:47)
	at org.junit.runners.ParentRunner$3.run(ParentRunner.java:231)
	at org.junit.runners.ParentRunner$1.schedule(ParentRunner.java:60)
	at org.junit.runners.ParentRunner.runChildren(ParentRunner.java:229)
	at org.junit.runners.ParentRunner.access$000(ParentRunner.java:50)
	at org.junit.runners.ParentRunner$2.evaluate(ParentRunner.java:222)
	at org.junit.internal.runners.statements.RunBefores.evaluate(RunBefores.java:28)
	at org.junit.internal.runners.statements.RunAfters.evaluate(RunAfters.java:30)
	at org.junit.runners.ParentRunner.run(ParentRunner.java:300)
	at org.apache.maven.surefire.junit4.JUnit4Provider.execute(JUnit4Provider.java:236)
	at org.apache.maven.surefire.junit4.JUnit4Provider.executeTestSet(JUnit4Provider.java:134)
	at org.apache.maven.surefire.junit4.JUnit4Provider.invoke(JUnit4Provider.java:113)
	at sun.reflect.NativeMethodAccessorImpl.invoke0(Native Method)
	at sun.reflect.NativeMethodAccessorImpl.invoke(NativeMethodAccessorImpl.java:57)
	at sun.reflect.DelegatingMethodAccessorImpl.invoke(DelegatingMethodAccessorImpl.java:43)
	at java.lang.reflect.Method.invoke(Method.java:601)
	at org.apache.maven.surefire.util.ReflectionUtils.invokeMethodWithArray(ReflectionUtils.java:189)
	at org.apache.maven.surefire.booter.ProviderFactory$ProviderProxy.invoke(ProviderFactory.java:165)
	at org.apache.maven.surefire.booter.ProviderFactory.invokeProvider(ProviderFactory.java:85)
	at org.apache.maven.surefire.booter.ForkedBooter.runSuitesInProcess(ForkedBooter.java:103)
	at org.apache.maven.surefire.booter.ForkedBooter.main(ForkedBooter.java:74)
Caused by: com.orientechnologies.orient.core.exception.ODatabaseException: Error on retrieving record #24:137 (cluster: webpage_0)
	at com.orientechnologies.orient.core.db.document.ODatabaseDocumentTx.executeReadRecord(ODatabaseDocumentTx.java:1606)
	at com.orientechnologies.orient.core.tx.OTransactionOptimistic.loadRecord(OTransactionOptimistic.java:226)
	at com.orientechnologies.orient.core.db.document.ODatabaseDocumentTx.load(ODatabaseDocumentTx.java:1425)
	at com.orientechnologies.orient.server.distributed.task.ODeleteRecordTask.execute(ODeleteRecordTask.java:67)
	at com.orientechnologies.orient.server.distributed.task.OTxTask.execute(OTxTask.java:109)
	at com.orientechnologies.orient.server.hazelcast.OHazelcastPlugin.executeOnLocalNode(OHazelcastPlugin.java:757)
	at com.orientechnologies.orient.server.hazelcast.ODistributedWorker.onMessage(ODistributedWorker.java:300)
	at com.orientechnologies.orient.server.hazelcast.ODistributedWorker.run(ODistributedWorker.java:121)
Caused by: com.orientechnologies.orient.server.distributed.ODistributedException: Error on executing distributed request (id=27543 from=node2 task=record_read userName=) against database &apos;testDB.[webpage_0]&apos; to nodes [node1]
	at com.orientechnologies.orient.server.hazelcast.OHazelcastDistributedDatabase.send2Nodes(OHazelcastDistributedDatabase.java:194)
	at com.orientechnologies.orient.server.hazelcast.OHazelcastPlugin.sendRequest(OHazelcastPlugin.java:350)
	at com.orientechnologies.orient.server.distributed.ODistributedStorage.readRecord(ODistributedStorage.java:551)
	at com.orientechnologies.orient.core.db.document.ODatabaseDocumentTx.executeReadRecord(ODatabaseDocumentTx.java:1573)
	... 7 more
Caused by: com.orientechnologies.orient.server.distributed.ODistributedException: Quorum 1 not reached for request (id=27543 from=node2 task=record_read userName=). Timeout=3014ms No server in conflict. Received: {node1=waiting-for-response}
	at com.orientechnologies.orient.server.distributed.ODistributedResponseManager.manageConflicts(ODistributedResponseManager.java:576)
	at com.orientechnologies.orient.server.distributed.ODistributedResponseManager.getFinalResponse(ODistributedResponseManager.java:340)
	at com.orientechnologies.orient.server.hazelcast.OHazelcastDistributedDatabase.waitForResponse(OHazelcastDistributedDatabase.java:364)
	at com.orientechnologies.orient.server.hazelcast.OHazelcastDistributedDatabase.send2Nodes(OHazelcastDistributedDatabase.java:191)
	... 10 more
64267 [main] INFO org.apache.gora.orientdb.query.OrientDBResult - The query is select id, url, content, parsedContent, outlinks, headers, mt from (select expand(rid) from index:WebPage.id) and the size is: 10
64392 [main] INFO org.apache.gora.store.DataStoreTestBase - tearing down test
</system-err>
  </testcase>
  <testcase time="10.688" classname="org.apache.gora.orientdb.store.OrientDBStore_Test" name="testGetPartitions"/>
  <testcase time="9.513" classname="org.apache.gora.orientdb.store.OrientDBStore_Test" name="testNewInstance"/>
  <testcase time="8.305" classname="org.apache.gora.orientdb.store.OrientDBStore_Test" name="testAutoCreateSchema"/>
  <testcase time="15.594" classname="org.apache.gora.orientdb.store.OrientDBStore_Test" name="testTruncateSchema"/>
  <testcase time="16.581" classname="org.apache.gora.orientdb.store.OrientDBStore_Test" name="testDeleteSchema"/>
  <testcase time="8.377" classname="org.apache.gora.orientdb.store.OrientDBStore_Test" name="testPutNested"/>
  <testcase time="8.574" classname="org.apache.gora.orientdb.store.OrientDBStore_Test" name="testGetRecursive"/>
  <testcase time="8.652" classname="org.apache.gora.orientdb.store.OrientDBStore_Test" name="testGetDoubleRecursive"/>
  <testcase time="9.182" classname="org.apache.gora.orientdb.store.OrientDBStore_Test" name="testGetNested"/>
  <testcase time="11.956" classname="org.apache.gora.orientdb.store.OrientDBStore_Test" name="testGetWithFields"/>
  <testcase time="11.752" classname="org.apache.gora.orientdb.store.OrientDBStore_Test" name="testSchemaExists"/>
  <testcase time="13.443" classname="org.apache.gora.orientdb.store.OrientDBStore_Test" name="testGetWebPage"/>
  <testcase time="10.549" classname="org.apache.gora.orientdb.store.OrientDBStore_Test" name="testGetWebPageDefaultFields"/>
  <testcase time="9.692" classname="org.apache.gora.orientdb.store.OrientDBStore_Test" name="testCreateSchema"/>
  <testcase time="8.587" classname="org.apache.gora.orientdb.store.OrientDBStore_Test" name="testGetNonExisting"/>
  <testcase time="9.775" classname="org.apache.gora.orientdb.store.OrientDBStore_Test" name="testQueryStartKey"/>
  <testcase time="10.525" classname="org.apache.gora.orientdb.store.OrientDBStore_Test" name="testQueryEndKey"/>
  <testcase time="13.478" classname="org.apache.gora.orientdb.store.OrientDBStore_Test" name="testQueryKeyRange"/>
  <testcase time="10.445" classname="org.apache.gora.orientdb.store.OrientDBStore_Test" name="testQueryWebPageSingleKey"/>
  <testcase time="9.626" classname="org.apache.gora.orientdb.store.OrientDBStore_Test" name="testPutArray"/>
  <testcase time="9.67" classname="org.apache.gora.orientdb.store.OrientDBStore_Test" name="testPutBytes"/>
  <testcase time="9.309" classname="org.apache.gora.orientdb.store.OrientDBStore_Test" name="testPutMap"/>
  <testcase time="9.59" classname="org.apache.gora.orientdb.store.OrientDBStore_Test" name="testQuery"/>
  <testcase time="11.77" classname="org.apache.gora.orientdb.store.OrientDBStore_Test" name="testDelete"/>
  <testcase time="9.951" classname="org.apache.gora.orientdb.store.OrientDBStore_Test" name="testPut"/>
</testsuite>