<?xml version="1.0" encoding="UTF-8" ?>
<testsuite failures="1" time="60.471" errors="0" skipped="0" tests="34" name="org.apache.gora.orientdb.store.OrientDBStore_Test">
  <properties>
[...]
</properties>
  <testcase time="5.274" classname="org.apache.gora.orientdb.store.OrientDBStore_Test" name="addSeveralTopLevelDocumentFields"/>
  <testcase time="1.635" classname="org.apache.gora.orientdb.store.OrientDBStore_Test" name="addConflictingFields1"/>
  <testcase time="1.322" classname="org.apache.gora.orientdb.store.OrientDBStore_Test" name="testGet3UnionField"/>
  <testcase time="1.226" classname="org.apache.gora.orientdb.store.OrientDBStore_Test" name="testDeleteByQueryFields"/>
  <testcase time="1.665" classname="org.apache.gora.orientdb.store.OrientDBStore_Test" name="testGetRecursive"/>
  <testcase time="1.687" classname="org.apache.gora.orientdb.store.OrientDBStore_Test" name="testGetNested"/>
  <testcase time="1.448" classname="org.apache.gora.orientdb.store.OrientDBStore_Test" name="testGetNonExisting"/>
  <testcase time="2.024" classname="org.apache.gora.orientdb.store.OrientDBStore_Test" name="testTruncateSchema"/>
  <testcase time="1.182" classname="org.apache.gora.orientdb.store.OrientDBStore_Test" name="testNewInstance"/>
  <testcase time="2.279" classname="org.apache.gora.orientdb.store.OrientDBStore_Test" name="testQueryStartKey"/>
  <testcase time="1.375" classname="org.apache.gora.orientdb.store.OrientDBStore_Test" name="testGetDoubleRecursive"/>
  <testcase time="2.059" classname="org.apache.gora.orientdb.store.OrientDBStore_Test" name="testQueryEndKey"/>
  <testcase time="1.293" classname="org.apache.gora.orientdb.store.OrientDBStore_Test" name="testAutoCreateSchema"/>
  <testcase time="1.351" classname="org.apache.gora.orientdb.store.OrientDBStore_Test" name="testSchemaExists"/>
  <testcase time="1.34" classname="org.apache.gora.orientdb.store.OrientDBStore_Test" name="testPutNested"/>
  <testcase time="2.256" classname="org.apache.gora.orientdb.store.OrientDBStore_Test" name="testGetWithFields"/>
  <testcase time="1.385" classname="org.apache.gora.orientdb.store.OrientDBStore_Test" name="testGetWebPage"/>
  <testcase time="4.793" classname="org.apache.gora.orientdb.store.OrientDBStore_Test" name="testQueryKeyRange"/>
  <testcase time="2.906" classname="org.apache.gora.orientdb.store.OrientDBStore_Test" name="testDeleteByQuery"/>
  <testcase time="1.058" classname="org.apache.gora.orientdb.store.OrientDBStore_Test" name="testCreateSchema"/>
  <testcase time="1.445" classname="org.apache.gora.orientdb.store.OrientDBStore_Test" name="testGetPartitions"/>
  <testcase time="1.752" classname="org.apache.gora.orientdb.store.OrientDBStore_Test" name="testDeleteSchema"/>
  <testcase time="1.278" classname="org.apache.gora.orientdb.store.OrientDBStore_Test" name="testGetWebPageDefaultFields"/>
  <testcase time="1.345" classname="org.apache.gora.orientdb.store.OrientDBStore_Test" name="testQueryWebPageSingleKey"/>
  <testcase time="1.384" classname="org.apache.gora.orientdb.store.OrientDBStore_Test" name="testQueryWebPageSingleKeyDefaultFields"/>
  <testcase time="1.157" classname="org.apache.gora.orientdb.store.OrientDBStore_Test" name="testQueryWebPageQueryEmptyResults"/>
  <testcase time="1.097" classname="org.apache.gora.orientdb.store.OrientDBStore_Test" name="testPutMap"/>
  <testcase time="1.88" classname="org.apache.gora.orientdb.store.OrientDBStore_Test" name="testDelete"/>
  <testcase time="1.2" classname="org.apache.gora.orientdb.store.OrientDBStore_Test" name="testPutArray"/>
  <testcase time="1.072" classname="org.apache.gora.orientdb.store.OrientDBStore_Test" name="testPut"/>
  <testcase time="1.315" classname="org.apache.gora.orientdb.store.OrientDBStore_Test" name="testQuery"/>
  <testcase time="1.13" classname="org.apache.gora.orientdb.store.OrientDBStore_Test" name="testPutBytes"/>
  <testcase time="3.695" classname="org.apache.gora.orientdb.store.OrientDBStore_Test" name="testUpdate">
    <failure type="java.lang.AssertionError">java.lang.AssertionError
	at org.junit.Assert.fail(Assert.java:92)
	at org.junit.Assert.assertTrue(Assert.java:43)
	at org.junit.Assert.assertNull(Assert.java:551)
	at org.junit.Assert.assertNull(Assert.java:562)
	at org.apache.gora.store.DataStoreTestUtil.testUpdateWebPageRemoveField(DataStoreTestUtil.java:701)
	at org.apache.gora.store.DataStoreTestBase.testUpdate(DataStoreTestBase.java:217)
	at sun.reflect.NativeMethodAccessorImpl.invoke0(Native Method)
	at sun.reflect.NativeMethodAccessorImpl.invoke(NativeMethodAccessorImpl.java:57)
	at sun.reflect.DelegatingMethodAccessorImpl.invoke(DelegatingMethodAccessorImpl.java:43)
	at java.lang.reflect.Method.invoke(Method.java:601)
	at org.junit.runners.model.FrameworkMethod$1.runReflectiveCall(FrameworkMethod.java:45)
	at org.junit.internal.runners.model.ReflectiveCallable.run(ReflectiveCallable.java:15)
	at org.junit.runners.model.FrameworkMethod.invokeExplosively(FrameworkMethod.java:42)
	at org.junit.internal.runners.statements.InvokeMethod.evaluate(InvokeMethod.java:20)
	at org.junit.internal.runners.statements.RunBefores.evaluate(RunBefores.java:28)
	at org.junit.internal.runners.statements.RunAfters.evaluate(RunAfters.java:30)
	at org.junit.runners.ParentRunner.runLeaf(ParentRunner.java:263)
	at org.junit.runners.BlockJUnit4ClassRunner.runChild(BlockJUnit4ClassRunner.java:68)
	at org.junit.runners.BlockJUnit4ClassRunner.runChild(BlockJUnit4ClassRunner.java:47)
	at org.junit.runners.ParentRunner$3.run(ParentRunner.java:231)
	at org.junit.runners.ParentRunner$1.schedule(ParentRunner.java:60)
	at org.junit.runners.ParentRunner.runChildren(ParentRunner.java:229)
	at org.junit.runners.ParentRunner.access$000(ParentRunner.java:50)
	at org.junit.runners.ParentRunner$2.evaluate(ParentRunner.java:222)
	at org.junit.internal.runners.statements.RunBefores.evaluate(RunBefores.java:28)
	at org.junit.internal.runners.statements.RunAfters.evaluate(RunAfters.java:30)
	at org.junit.runners.ParentRunner.run(ParentRunner.java:300)
	at org.apache.maven.surefire.junit4.JUnit4Provider.execute(JUnit4Provider.java:236)
	at org.apache.maven.surefire.junit4.JUnit4Provider.executeTestSet(JUnit4Provider.java:134)
	at org.apache.maven.surefire.junit4.JUnit4Provider.invoke(JUnit4Provider.java:113)
	at sun.reflect.NativeMethodAccessorImpl.invoke0(Native Method)
	at sun.reflect.NativeMethodAccessorImpl.invoke(NativeMethodAccessorImpl.java:57)
	at sun.reflect.DelegatingMethodAccessorImpl.invoke(DelegatingMethodAccessorImpl.java:43)
	at java.lang.reflect.Method.invoke(Method.java:601)
	at org.apache.maven.surefire.util.ReflectionUtils.invokeMethodWithArray(ReflectionUtils.java:189)
	at org.apache.maven.surefire.booter.ProviderFactory$ProviderProxy.invoke(ProviderFactory.java:165)
	at org.apache.maven.surefire.booter.ProviderFactory.invokeProvider(ProviderFactory.java:85)
	at org.apache.maven.surefire.booter.ForkedBooter.runSuitesInProcess(ForkedBooter.java:103)
	at org.apache.maven.surefire.booter.ForkedBooter.main(ForkedBooter.java:74)
</failure>
    <system-err>55676 [main] INFO org.apache.gora.store.DataStoreTestBase - setting up test
55677 [main] WARN org.apache.gora.orientdb.store.OrientDBStore - Unable to load the mapping from resource &apos;C:\Users\Nicolas\gora\gora-orientdb\src\test\resources\gora-orientdb-mapping.xml&apos; as it does not appear to exist! Trying local file.
55694 [main] INFO org.apache.gora.orientdb.store.OrientDBStore - Vertex name : Employee
55699 [main] INFO org.apache.gora.orientdb.store.OrientDBStore - Initialized Orient Store for host remote and url localhost:2424/searchDB
55703 [main] WARN org.apache.gora.orientdb.store.OrientDBStore - Class Employee has been created
55704 [main] WARN org.apache.gora.orientdb.store.OrientDBStore - Unable to load the mapping from resource &apos;C:\Users\Nicolas\gora\gora-orientdb\src\test\resources\gora-orientdb-mapping.xml&apos; as it does not appear to exist! Trying local file.
55720 [main] INFO org.apache.gora.orientdb.store.OrientDBStore - Vertex name : WebPage
55725 [main] INFO org.apache.gora.orientdb.store.OrientDBStore - Initialized Orient Store for host remote and url localhost:2424/searchDB
55730 [main] WARN org.apache.gora.orientdb.store.OrientDBStore - Class WebPage has been created
56248 [main] WARN org.apache.gora.orientdb.store.OrientDBStore - Class Employee has been created
56767 [main] WARN org.apache.gora.orientdb.store.OrientDBStore - Class WebPage has been created
56768 [main] INFO org.apache.gora.store.DataStoreTestBase - test method: testUpdate
56772 [main] WARN org.apache.gora.orientdb.store.OrientDBStore - Class Employee has been created
56778 [main] INFO org.apache.gora.orientdb.store.OrientDBStore - The object  with key : 1234567890  is added to the db
56783 [main] INFO org.apache.gora.orientdb.store.OrientDBStore - The object  with key : 1234567891  is added to the db
56789 [main] INFO org.apache.gora.orientdb.store.OrientDBStore - The object  with key : 1234567892  is added to the db
56795 [main] INFO org.apache.gora.orientdb.store.OrientDBStore - The object  with key : 1234567893  is added to the db
56800 [main] INFO org.apache.gora.orientdb.store.OrientDBStore - The object  with key : 1234567894  is added to the db
56804 [main] WARN org.apache.gora.orientdb.store.OrientDBStore - No corresponding VertexField for :__g__dirty
56805 [main] INFO org.apache.gora.orientdb.store.OrientDBStore - Updating record
56807 [main] INFO org.apache.gora.orientdb.store.OrientDBStore - The object  with key : 1234567890  is added to the db
56814 [main] INFO org.apache.gora.orientdb.store.OrientDBStore - Name of all fields:  name;     FieldTypeunion;     UNION
56814 [main] INFO org.apache.gora.orientdb.store.OrientDBStore - Load from DBObject (UNION), schemaType:STRING, docField:nm
56814 [main] INFO org.apache.gora.orientdb.store.OrientDBStore - Name of all fields:  dateOfBirth;     FieldTypelong;     LONG
56814 [main] INFO org.apache.gora.orientdb.store.OrientDBStore - Name of all fields:  ssn;     FieldTypestring;     STRING
56815 [main] INFO org.apache.gora.orientdb.store.OrientDBStore - Name of all fields:  salary;     FieldTypeint;     INT
56819 [main] WARN org.apache.gora.orientdb.store.OrientDBStore - Class WebPage has been created
56822 [main] INFO org.apache.gora.orientdb.store.OrientDBStore - Member name :  __g__dirty
56823 [main] INFO org.apache.gora.orientdb.store.OrientDBStore - Member name :  version
56823 [main] INFO org.apache.gora.orientdb.store.OrientDBStore - Member name :  data
56828 [main] INFO org.apache.gora.orientdb.store.OrientDBStore - The object  with key : http://a.com/a  is added to the db
56831 [main] INFO org.apache.gora.orientdb.store.OrientDBStore - Member name :  __g__dirty
56831 [main] INFO org.apache.gora.orientdb.store.OrientDBStore - Member name :  version
56831 [main] INFO org.apache.gora.orientdb.store.OrientDBStore - Member name :  data
56836 [main] INFO org.apache.gora.orientdb.store.OrientDBStore - The object  with key : http://b.com/b  is added to the db
56839 [main] INFO org.apache.gora.orientdb.store.OrientDBStore - Member name :  __g__dirty
56839 [main] INFO org.apache.gora.orientdb.store.OrientDBStore - Member name :  version
56839 [main] INFO org.apache.gora.orientdb.store.OrientDBStore - Member name :  data
56843 [main] INFO org.apache.gora.orientdb.store.OrientDBStore - The object  with key : http://c.com/c  is added to the db
56846 [main] INFO org.apache.gora.orientdb.store.OrientDBStore - Member name :  __g__dirty
56847 [main] INFO org.apache.gora.orientdb.store.OrientDBStore - Member name :  version
56847 [main] INFO org.apache.gora.orientdb.store.OrientDBStore - Member name :  data
56851 [main] INFO org.apache.gora.orientdb.store.OrientDBStore - The object  with key : http://d.com/d  is added to the db
56854 [main] INFO org.apache.gora.orientdb.store.OrientDBStore - Member name :  __g__dirty
56854 [main] INFO org.apache.gora.orientdb.store.OrientDBStore - Member name :  version
56855 [main] INFO org.apache.gora.orientdb.store.OrientDBStore - Member name :  data
56859 [main] INFO org.apache.gora.orientdb.store.OrientDBStore - The object  with key : http://e.com/e  is added to the db
56862 [main] INFO org.apache.gora.orientdb.store.OrientDBStore - Member name :  __g__dirty
56863 [main] INFO org.apache.gora.orientdb.store.OrientDBStore - Member name :  version
56863 [main] INFO org.apache.gora.orientdb.store.OrientDBStore - Member name :  data
56872 [main] INFO org.apache.gora.orientdb.store.OrientDBStore - The object  with key : http://f.com/f  is added to the db
56876 [main] INFO org.apache.gora.orientdb.store.OrientDBStore - Member name :  __g__dirty
56876 [main] INFO org.apache.gora.orientdb.store.OrientDBStore - Member name :  version
56877 [main] INFO org.apache.gora.orientdb.store.OrientDBStore - Member name :  data
56888 [main] INFO org.apache.gora.orientdb.store.OrientDBStore - The object  with key : http://g.com/g  is added to the db
56895 [main] INFO org.apache.gora.orientdb.store.OrientDBStore - Name of all fields:  url;     FieldTypeunion;     UNION
56895 [main] INFO org.apache.gora.orientdb.store.OrientDBStore - Load from DBObject (UNION), schemaType:STRING, docField:url
56896 [main] INFO org.apache.gora.orientdb.store.OrientDBStore - Name of all fields:  parsedContent;     FieldTypearray;     ARRAY
56896 [main] INFO org.apache.gora.orientdb.store.OrientDBStore - Name of all fields:  outlinks;     FieldTypemap;     MAP
56898 [main] INFO org.apache.gora.orientdb.store.OrientDBStore - Name of all fields:  metadata;     FieldTyperecord;     RECORD
56898 [main] INFO org.apache.gora.orientdb.store.OrientDBStore - Field :  INT   name of field : version   docField : version   1
56899 [main] INFO org.apache.gora.orientdb.store.OrientDBStore - Field :  MAP   name of field : data   docField : data   2
56906 [main] WARN org.apache.gora.orientdb.store.OrientDBStore - No corresponding VertexField for :__g__dirty
56907 [main] WARN org.apache.gora.orientdb.store.OrientDBStore - Insert Bytescontent
56909 [main] INFO org.apache.gora.orientdb.store.OrientDBStore - Member name :  __g__dirty
56909 [main] INFO org.apache.gora.orientdb.store.OrientDBStore - Member name :  version
56910 [main] INFO org.apache.gora.orientdb.store.OrientDBStore - Member name :  data
56910 [main] INFO org.apache.gora.orientdb.store.OrientDBStore - Updating record
56915 [main] INFO org.apache.gora.orientdb.store.OrientDBStore - The object  with key : http://a.com/a  is added to the db
56921 [main] INFO org.apache.gora.orientdb.store.OrientDBStore - Name of all fields:  url;     FieldTypeunion;     UNION
56921 [main] INFO org.apache.gora.orientdb.store.OrientDBStore - Load from DBObject (UNION), schemaType:STRING, docField:url
56922 [main] INFO org.apache.gora.orientdb.store.OrientDBStore - Name of all fields:  parsedContent;     FieldTypearray;     ARRAY
56922 [main] INFO org.apache.gora.orientdb.store.OrientDBStore - Name of all fields:  outlinks;     FieldTypemap;     MAP
56923 [main] INFO org.apache.gora.orientdb.store.OrientDBStore - Name of all fields:  metadata;     FieldTyperecord;     RECORD
56923 [main] INFO org.apache.gora.orientdb.store.OrientDBStore - Field :  INT   name of field : version   docField : version   1
56924 [main] INFO org.apache.gora.orientdb.store.OrientDBStore - Field :  MAP   name of field : data   docField : data   2
56927 [main] WARN org.apache.gora.orientdb.store.OrientDBStore - No corresponding VertexField for :__g__dirty
56928 [main] WARN org.apache.gora.orientdb.store.OrientDBStore - Insert Bytescontent
56930 [main] INFO org.apache.gora.orientdb.store.OrientDBStore - Member name :  __g__dirty
56930 [main] INFO org.apache.gora.orientdb.store.OrientDBStore - Member name :  version
56930 [main] INFO org.apache.gora.orientdb.store.OrientDBStore - Member name :  data
56930 [main] INFO org.apache.gora.orientdb.store.OrientDBStore - Updating record
56936 [main] INFO org.apache.gora.orientdb.store.OrientDBStore - The object  with key : http://b.com/b  is added to the db
56943 [main] INFO org.apache.gora.orientdb.store.OrientDBStore - Name of all fields:  url;     FieldTypeunion;     UNION
56944 [main] INFO org.apache.gora.orientdb.store.OrientDBStore - Load from DBObject (UNION), schemaType:STRING, docField:url
56944 [main] INFO org.apache.gora.orientdb.store.OrientDBStore - Name of all fields:  parsedContent;     FieldTypearray;     ARRAY
56944 [main] INFO org.apache.gora.orientdb.store.OrientDBStore - Name of all fields:  outlinks;     FieldTypemap;     MAP
56945 [main] INFO org.apache.gora.orientdb.store.OrientDBStore - Name of all fields:  metadata;     FieldTyperecord;     RECORD
56946 [main] INFO org.apache.gora.orientdb.store.OrientDBStore - Field :  INT   name of field : version   docField : version   1
56946 [main] INFO org.apache.gora.orientdb.store.OrientDBStore - Field :  MAP   name of field : data   docField : data   2
56950 [main] WARN org.apache.gora.orientdb.store.OrientDBStore - No corresponding VertexField for :__g__dirty
56951 [main] WARN org.apache.gora.orientdb.store.OrientDBStore - Insert Bytescontent
56952 [main] INFO org.apache.gora.orientdb.store.OrientDBStore - Member name :  __g__dirty
56953 [main] INFO org.apache.gora.orientdb.store.OrientDBStore - Member name :  version
56953 [main] INFO org.apache.gora.orientdb.store.OrientDBStore - Member name :  data
56954 [main] INFO org.apache.gora.orientdb.store.OrientDBStore - Updating record
56958 [main] INFO org.apache.gora.orientdb.store.OrientDBStore - The object  with key : http://c.com/c  is added to the db
56965 [main] INFO org.apache.gora.orientdb.store.OrientDBStore - Name of all fields:  url;     FieldTypeunion;     UNION
56965 [main] INFO org.apache.gora.orientdb.store.OrientDBStore - Load from DBObject (UNION), schemaType:STRING, docField:url
56965 [main] INFO org.apache.gora.orientdb.store.OrientDBStore - Name of all fields:  parsedContent;     FieldTypearray;     ARRAY
56965 [main] INFO org.apache.gora.orientdb.store.OrientDBStore - Name of all fields:  outlinks;     FieldTypemap;     MAP
56967 [main] INFO org.apache.gora.orientdb.store.OrientDBStore - Name of all fields:  metadata;     FieldTyperecord;     RECORD
56967 [main] INFO org.apache.gora.orientdb.store.OrientDBStore - Field :  INT   name of field : version   docField : version   1
56967 [main] INFO org.apache.gora.orientdb.store.OrientDBStore - Field :  MAP   name of field : data   docField : data   2
56971 [main] WARN org.apache.gora.orientdb.store.OrientDBStore - No corresponding VertexField for :__g__dirty
56972 [main] WARN org.apache.gora.orientdb.store.OrientDBStore - Insert Bytescontent
56974 [main] INFO org.apache.gora.orientdb.store.OrientDBStore - Member name :  __g__dirty
56974 [main] INFO org.apache.gora.orientdb.store.OrientDBStore - Member name :  version
56974 [main] INFO org.apache.gora.orientdb.store.OrientDBStore - Member name :  data
56975 [main] INFO org.apache.gora.orientdb.store.OrientDBStore - Updating record
56980 [main] INFO org.apache.gora.orientdb.store.OrientDBStore - The object  with key : http://d.com/d  is added to the db
56989 [main] INFO org.apache.gora.orientdb.store.OrientDBStore - Name of all fields:  url;     FieldTypeunion;     UNION
56989 [main] INFO org.apache.gora.orientdb.store.OrientDBStore - Load from DBObject (UNION), schemaType:STRING, docField:url
56990 [main] INFO org.apache.gora.orientdb.store.OrientDBStore - Name of all fields:  parsedContent;     FieldTypearray;     ARRAY
56990 [main] INFO org.apache.gora.orientdb.store.OrientDBStore - Name of all fields:  outlinks;     FieldTypemap;     MAP
56992 [main] INFO org.apache.gora.orientdb.store.OrientDBStore - Name of all fields:  metadata;     FieldTyperecord;     RECORD
56992 [main] INFO org.apache.gora.orientdb.store.OrientDBStore - Field :  INT   name of field : version   docField : version   1
56992 [main] INFO org.apache.gora.orientdb.store.OrientDBStore - Field :  MAP   name of field : data   docField : data   2
56997 [main] WARN org.apache.gora.orientdb.store.OrientDBStore - No corresponding VertexField for :__g__dirty
56998 [main] WARN org.apache.gora.orientdb.store.OrientDBStore - Insert Bytescontent
57001 [main] INFO org.apache.gora.orientdb.store.OrientDBStore - Member name :  __g__dirty
57001 [main] INFO org.apache.gora.orientdb.store.OrientDBStore - Member name :  version
57002 [main] INFO org.apache.gora.orientdb.store.OrientDBStore - Member name :  data
57002 [main] INFO org.apache.gora.orientdb.store.OrientDBStore - Updating record
57007 [main] INFO org.apache.gora.orientdb.store.OrientDBStore - The object  with key : http://e.com/e  is added to the db
57016 [main] INFO org.apache.gora.orientdb.store.OrientDBStore - Name of all fields:  url;     FieldTypeunion;     UNION
57016 [main] INFO org.apache.gora.orientdb.store.OrientDBStore - Load from DBObject (UNION), schemaType:STRING, docField:url
57016 [main] INFO org.apache.gora.orientdb.store.OrientDBStore - Name of all fields:  parsedContent;     FieldTypearray;     ARRAY
57017 [main] INFO org.apache.gora.orientdb.store.OrientDBStore - Name of all fields:  outlinks;     FieldTypemap;     MAP
57019 [main] INFO org.apache.gora.orientdb.store.OrientDBStore - Name of all fields:  metadata;     FieldTyperecord;     RECORD
57019 [main] INFO org.apache.gora.orientdb.store.OrientDBStore - Field :  INT   name of field : version   docField : version   1
57020 [main] INFO org.apache.gora.orientdb.store.OrientDBStore - Field :  MAP   name of field : data   docField : data   2
57024 [main] WARN org.apache.gora.orientdb.store.OrientDBStore - No corresponding VertexField for :__g__dirty
57025 [main] WARN org.apache.gora.orientdb.store.OrientDBStore - Insert Bytescontent
57027 [main] INFO org.apache.gora.orientdb.store.OrientDBStore - Member name :  __g__dirty
57027 [main] INFO org.apache.gora.orientdb.store.OrientDBStore - Member name :  version
57029 [main] INFO org.apache.gora.orientdb.store.OrientDBStore - Member name :  data
57030 [main] INFO org.apache.gora.orientdb.store.OrientDBStore - Updating record
57036 [main] INFO org.apache.gora.orientdb.store.OrientDBStore - The object  with key : http://f.com/f  is added to the db
57044 [main] INFO org.apache.gora.orientdb.store.OrientDBStore - Name of all fields:  url;     FieldTypeunion;     UNION
57045 [main] INFO org.apache.gora.orientdb.store.OrientDBStore - Load from DBObject (UNION), schemaType:STRING, docField:url
57047 [main] INFO org.apache.gora.orientdb.store.OrientDBStore - Name of all fields:  parsedContent;     FieldTypearray;     ARRAY
57048 [main] INFO org.apache.gora.orientdb.store.OrientDBStore - Name of all fields:  outlinks;     FieldTypemap;     MAP
57050 [main] INFO org.apache.gora.orientdb.store.OrientDBStore - Name of all fields:  metadata;     FieldTyperecord;     RECORD
57050 [main] INFO org.apache.gora.orientdb.store.OrientDBStore - Field :  INT   name of field : version   docField : version   1
57050 [main] INFO org.apache.gora.orientdb.store.OrientDBStore - Field :  MAP   name of field : data   docField : data   2
57055 [main] WARN org.apache.gora.orientdb.store.OrientDBStore - No corresponding VertexField for :__g__dirty
57056 [main] WARN org.apache.gora.orientdb.store.OrientDBStore - Insert Bytescontent
57058 [main] INFO org.apache.gora.orientdb.store.OrientDBStore - Member name :  __g__dirty
57058 [main] INFO org.apache.gora.orientdb.store.OrientDBStore - Member name :  version
57059 [main] INFO org.apache.gora.orientdb.store.OrientDBStore - Member name :  data
57059 [main] INFO org.apache.gora.orientdb.store.OrientDBStore - Updating record
57066 [main] INFO org.apache.gora.orientdb.store.OrientDBStore - The object  with key : http://g.com/g  is added to the db
57074 [main] INFO org.apache.gora.orientdb.store.OrientDBStore - Name of all fields:  url;     FieldTypeunion;     UNION
57074 [main] INFO org.apache.gora.orientdb.store.OrientDBStore - Load from DBObject (UNION), schemaType:STRING, docField:url
57075 [main] INFO org.apache.gora.orientdb.store.OrientDBStore - Name of all fields:  content;     FieldTypeunion;     UNION
57075 [main] INFO org.apache.gora.orientdb.store.OrientDBStore - Load from DBObject (UNION), schemaType:BYTES, docField:content
57075 [main] INFO org.apache.gora.orientdb.store.OrientDBStore - Name of all fields:  parsedContent;     FieldTypearray;     ARRAY
57076 [main] INFO org.apache.gora.orientdb.store.OrientDBStore - Name of all fields:  outlinks;     FieldTypemap;     MAP
57077 [main] INFO org.apache.gora.orientdb.store.OrientDBStore - Name of all fields:  metadata;     FieldTyperecord;     RECORD
57078 [main] INFO org.apache.gora.orientdb.store.OrientDBStore - Field :  INT   name of field : version   docField : version   1
57079 [main] INFO org.apache.gora.orientdb.store.OrientDBStore - Field :  MAP   name of field : data   docField : data   2
57087 [main] INFO org.apache.gora.orientdb.store.OrientDBStore - Name of all fields:  url;     FieldTypeunion;     UNION
57088 [main] INFO org.apache.gora.orientdb.store.OrientDBStore - Load from DBObject (UNION), schemaType:STRING, docField:url
57088 [main] INFO org.apache.gora.orientdb.store.OrientDBStore - Name of all fields:  content;     FieldTypeunion;     UNION
57088 [main] INFO org.apache.gora.orientdb.store.OrientDBStore - Load from DBObject (UNION), schemaType:BYTES, docField:content
57089 [main] INFO org.apache.gora.orientdb.store.OrientDBStore - Name of all fields:  parsedContent;     FieldTypearray;     ARRAY
57089 [main] INFO org.apache.gora.orientdb.store.OrientDBStore - Name of all fields:  outlinks;     FieldTypemap;     MAP
57091 [main] INFO org.apache.gora.orientdb.store.OrientDBStore - Name of all fields:  metadata;     FieldTyperecord;     RECORD
57091 [main] INFO org.apache.gora.orientdb.store.OrientDBStore - Field :  INT   name of field : version   docField : version   1
57091 [main] INFO org.apache.gora.orientdb.store.OrientDBStore - Field :  MAP   name of field : data   docField : data   2
57101 [main] INFO org.apache.gora.orientdb.store.OrientDBStore - Name of all fields:  url;     FieldTypeunion;     UNION
57101 [main] INFO org.apache.gora.orientdb.store.OrientDBStore - Load from DBObject (UNION), schemaType:STRING, docField:url
57102 [main] INFO org.apache.gora.orientdb.store.OrientDBStore - Name of all fields:  content;     FieldTypeunion;     UNION
57102 [main] INFO org.apache.gora.orientdb.store.OrientDBStore - Load from DBObject (UNION), schemaType:BYTES, docField:content
57103 [main] INFO org.apache.gora.orientdb.store.OrientDBStore - Name of all fields:  parsedContent;     FieldTypearray;     ARRAY
57103 [main] INFO org.apache.gora.orientdb.store.OrientDBStore - Name of all fields:  outlinks;     FieldTypemap;     MAP
57104 [main] INFO org.apache.gora.orientdb.store.OrientDBStore - Name of all fields:  metadata;     FieldTyperecord;     RECORD
57105 [main] INFO org.apache.gora.orientdb.store.OrientDBStore - Field :  INT   name of field : version   docField : version   1
57105 [main] INFO org.apache.gora.orientdb.store.OrientDBStore - Field :  MAP   name of field : data   docField : data   2
57114 [main] INFO org.apache.gora.orientdb.store.OrientDBStore - Name of all fields:  url;     FieldTypeunion;     UNION
57114 [main] INFO org.apache.gora.orientdb.store.OrientDBStore - Load from DBObject (UNION), schemaType:STRING, docField:url
57115 [main] INFO org.apache.gora.orientdb.store.OrientDBStore - Name of all fields:  content;     FieldTypeunion;     UNION
57115 [main] INFO org.apache.gora.orientdb.store.OrientDBStore - Load from DBObject (UNION), schemaType:BYTES, docField:content
57115 [main] INFO org.apache.gora.orientdb.store.OrientDBStore - Name of all fields:  parsedContent;     FieldTypearray;     ARRAY
57116 [main] INFO org.apache.gora.orientdb.store.OrientDBStore - Name of all fields:  outlinks;     FieldTypemap;     MAP
57117 [main] INFO org.apache.gora.orientdb.store.OrientDBStore - Name of all fields:  metadata;     FieldTyperecord;     RECORD
57117 [main] INFO org.apache.gora.orientdb.store.OrientDBStore - Field :  INT   name of field : version   docField : version   1
57118 [main] INFO org.apache.gora.orientdb.store.OrientDBStore - Field :  MAP   name of field : data   docField : data   2
57126 [main] INFO org.apache.gora.orientdb.store.OrientDBStore - Name of all fields:  url;     FieldTypeunion;     UNION
57126 [main] INFO org.apache.gora.orientdb.store.OrientDBStore - Load from DBObject (UNION), schemaType:STRING, docField:url
57127 [main] INFO org.apache.gora.orientdb.store.OrientDBStore - Name of all fields:  content;     FieldTypeunion;     UNION
57127 [main] INFO org.apache.gora.orientdb.store.OrientDBStore - Load from DBObject (UNION), schemaType:BYTES, docField:content
57128 [main] INFO org.apache.gora.orientdb.store.OrientDBStore - Name of all fields:  parsedContent;     FieldTypearray;     ARRAY
57129 [main] INFO org.apache.gora.orientdb.store.OrientDBStore - Name of all fields:  outlinks;     FieldTypemap;     MAP
57131 [main] INFO org.apache.gora.orientdb.store.OrientDBStore - Name of all fields:  metadata;     FieldTyperecord;     RECORD
57131 [main] INFO org.apache.gora.orientdb.store.OrientDBStore - Field :  INT   name of field : version   docField : version   1
57131 [main] INFO org.apache.gora.orientdb.store.OrientDBStore - Field :  MAP   name of field : data   docField : data   2
57140 [main] INFO org.apache.gora.orientdb.store.OrientDBStore - Name of all fields:  url;     FieldTypeunion;     UNION
57140 [main] INFO org.apache.gora.orientdb.store.OrientDBStore - Load from DBObject (UNION), schemaType:STRING, docField:url
57140 [main] INFO org.apache.gora.orientdb.store.OrientDBStore - Name of all fields:  content;     FieldTypeunion;     UNION
57141 [main] INFO org.apache.gora.orientdb.store.OrientDBStore - Load from DBObject (UNION), schemaType:BYTES, docField:content
57142 [main] INFO org.apache.gora.orientdb.store.OrientDBStore - Name of all fields:  parsedContent;     FieldTypearray;     ARRAY
57142 [main] INFO org.apache.gora.orientdb.store.OrientDBStore - Name of all fields:  outlinks;     FieldTypemap;     MAP
57144 [main] INFO org.apache.gora.orientdb.store.OrientDBStore - Name of all fields:  metadata;     FieldTyperecord;     RECORD
57144 [main] INFO org.apache.gora.orientdb.store.OrientDBStore - Field :  INT   name of field : version   docField : version   1
57145 [main] INFO org.apache.gora.orientdb.store.OrientDBStore - Field :  MAP   name of field : data   docField : data   2
57156 [main] INFO org.apache.gora.orientdb.store.OrientDBStore - Name of all fields:  url;     FieldTypeunion;     UNION
57156 [main] INFO org.apache.gora.orientdb.store.OrientDBStore - Load from DBObject (UNION), schemaType:STRING, docField:url
57156 [main] INFO org.apache.gora.orientdb.store.OrientDBStore - Name of all fields:  content;     FieldTypeunion;     UNION
57156 [main] INFO org.apache.gora.orientdb.store.OrientDBStore - Load from DBObject (UNION), schemaType:BYTES, docField:content
57157 [main] INFO org.apache.gora.orientdb.store.OrientDBStore - Name of all fields:  parsedContent;     FieldTypearray;     ARRAY
57157 [main] INFO org.apache.gora.orientdb.store.OrientDBStore - Name of all fields:  outlinks;     FieldTypemap;     MAP
57159 [main] INFO org.apache.gora.orientdb.store.OrientDBStore - Name of all fields:  metadata;     FieldTyperecord;     RECORD
57159 [main] INFO org.apache.gora.orientdb.store.OrientDBStore - Field :  INT   name of field : version   docField : version   1
57159 [main] INFO org.apache.gora.orientdb.store.OrientDBStore - Field :  MAP   name of field : data   docField : data   2
57167 [main] WARN org.apache.gora.orientdb.store.OrientDBStore - Class WebPage has been created
57171 [main] WARN org.apache.gora.orientdb.store.OrientDBStore - No corresponding VertexField for :__g__dirty
57172 [main] INFO org.apache.gora.orientdb.store.OrientDBStore - Get mapKey : anchor4
57173 [main] INFO org.apache.gora.orientdb.store.OrientDBStore - Get mapKey : anchor0
57173 [main] INFO org.apache.gora.orientdb.store.OrientDBStore - Get mapKey : anchor6
57173 [main] INFO org.apache.gora.orientdb.store.OrientDBStore - Get mapKey : anchor2
57175 [main] INFO org.apache.gora.orientdb.store.OrientDBStore - Member name :  __g__dirty
57175 [main] INFO org.apache.gora.orientdb.store.OrientDBStore - Member name :  version
57175 [main] INFO org.apache.gora.orientdb.store.OrientDBStore - Member name :  data
57176 [main] INFO org.apache.gora.orientdb.store.OrientDBStore - Updating record
57182 [main] INFO org.apache.gora.orientdb.store.OrientDBStore - The object  with key : http://a.com/a  is added to the db
57187 [main] WARN org.apache.gora.orientdb.store.OrientDBStore - No corresponding VertexField for :__g__dirty
57188 [main] INFO org.apache.gora.orientdb.store.OrientDBStore - Get mapKey : anchor4
57188 [main] INFO org.apache.gora.orientdb.store.OrientDBStore - Get mapKey : anchor0
57188 [main] INFO org.apache.gora.orientdb.store.OrientDBStore - Get mapKey : anchor6
57188 [main] INFO org.apache.gora.orientdb.store.OrientDBStore - Get mapKey : anchor2
57190 [main] INFO org.apache.gora.orientdb.store.OrientDBStore - Member name :  __g__dirty
57190 [main] INFO org.apache.gora.orientdb.store.OrientDBStore - Member name :  version
57191 [main] INFO org.apache.gora.orientdb.store.OrientDBStore - Member name :  data
57192 [main] INFO org.apache.gora.orientdb.store.OrientDBStore - Updating record
57199 [main] INFO org.apache.gora.orientdb.store.OrientDBStore - The object  with key : http://b.com/b  is added to the db
57203 [main] WARN org.apache.gora.orientdb.store.OrientDBStore - No corresponding VertexField for :__g__dirty
57204 [main] INFO org.apache.gora.orientdb.store.OrientDBStore - Get mapKey : anchor4
57205 [main] INFO org.apache.gora.orientdb.store.OrientDBStore - Get mapKey : anchor0
57205 [main] INFO org.apache.gora.orientdb.store.OrientDBStore - Get mapKey : anchor6
57205 [main] INFO org.apache.gora.orientdb.store.OrientDBStore - Get mapKey : anchor2
57207 [main] INFO org.apache.gora.orientdb.store.OrientDBStore - Member name :  __g__dirty
57207 [main] INFO org.apache.gora.orientdb.store.OrientDBStore - Member name :  version
57207 [main] INFO org.apache.gora.orientdb.store.OrientDBStore - Member name :  data
57208 [main] INFO org.apache.gora.orientdb.store.OrientDBStore - Updating record
57215 [main] INFO org.apache.gora.orientdb.store.OrientDBStore - The object  with key : http://c.com/c  is added to the db
57219 [main] WARN org.apache.gora.orientdb.store.OrientDBStore - No corresponding VertexField for :__g__dirty
57221 [main] INFO org.apache.gora.orientdb.store.OrientDBStore - Get mapKey : anchor4
57221 [main] INFO org.apache.gora.orientdb.store.OrientDBStore - Get mapKey : anchor0
57221 [main] INFO org.apache.gora.orientdb.store.OrientDBStore - Get mapKey : anchor6
57221 [main] INFO org.apache.gora.orientdb.store.OrientDBStore - Get mapKey : anchor2
57223 [main] INFO org.apache.gora.orientdb.store.OrientDBStore - Member name :  __g__dirty
57223 [main] INFO org.apache.gora.orientdb.store.OrientDBStore - Member name :  version
57224 [main] INFO org.apache.gora.orientdb.store.OrientDBStore - Member name :  data
57224 [main] INFO org.apache.gora.orientdb.store.OrientDBStore - Updating record
57233 [main] INFO org.apache.gora.orientdb.store.OrientDBStore - The object  with key : http://d.com/d  is added to the db
57239 [main] WARN org.apache.gora.orientdb.store.OrientDBStore - No corresponding VertexField for :__g__dirty
57240 [main] INFO org.apache.gora.orientdb.store.OrientDBStore - Get mapKey : anchor4
57240 [main] INFO org.apache.gora.orientdb.store.OrientDBStore - Get mapKey : anchor0
57241 [main] INFO org.apache.gora.orientdb.store.OrientDBStore - Get mapKey : anchor6
57241 [main] INFO org.apache.gora.orientdb.store.OrientDBStore - Get mapKey : anchor2
57242 [main] INFO org.apache.gora.orientdb.store.OrientDBStore - Member name :  __g__dirty
57242 [main] INFO org.apache.gora.orientdb.store.OrientDBStore - Member name :  version
57243 [main] INFO org.apache.gora.orientdb.store.OrientDBStore - Member name :  data
57243 [main] INFO org.apache.gora.orientdb.store.OrientDBStore - Updating record
57251 [main] INFO org.apache.gora.orientdb.store.OrientDBStore - The object  with key : http://e.com/e  is added to the db
57256 [main] WARN org.apache.gora.orientdb.store.OrientDBStore - No corresponding VertexField for :__g__dirty
57257 [main] INFO org.apache.gora.orientdb.store.OrientDBStore - Get mapKey : anchor4
57258 [main] INFO org.apache.gora.orientdb.store.OrientDBStore - Get mapKey : anchor0
57258 [main] INFO org.apache.gora.orientdb.store.OrientDBStore - Get mapKey : anchor6
57258 [main] INFO org.apache.gora.orientdb.store.OrientDBStore - Get mapKey : anchor2
57260 [main] INFO org.apache.gora.orientdb.store.OrientDBStore - Member name :  __g__dirty
57261 [main] INFO org.apache.gora.orientdb.store.OrientDBStore - Member name :  version
57263 [main] INFO org.apache.gora.orientdb.store.OrientDBStore - Member name :  data
57264 [main] INFO org.apache.gora.orientdb.store.OrientDBStore - Updating record
57271 [main] INFO org.apache.gora.orientdb.store.OrientDBStore - The object  with key : http://f.com/f  is added to the db
57275 [main] WARN org.apache.gora.orientdb.store.OrientDBStore - No corresponding VertexField for :__g__dirty
57276 [main] INFO org.apache.gora.orientdb.store.OrientDBStore - Get mapKey : anchor4
57277 [main] INFO org.apache.gora.orientdb.store.OrientDBStore - Get mapKey : anchor0
57277 [main] INFO org.apache.gora.orientdb.store.OrientDBStore - Get mapKey : anchor6
57277 [main] INFO org.apache.gora.orientdb.store.OrientDBStore - Get mapKey : anchor2
57281 [main] INFO org.apache.gora.orientdb.store.OrientDBStore - Member name :  __g__dirty
57281 [main] INFO org.apache.gora.orientdb.store.OrientDBStore - Member name :  version
57282 [main] INFO org.apache.gora.orientdb.store.OrientDBStore - Member name :  data
57283 [main] INFO org.apache.gora.orientdb.store.OrientDBStore - Updating record
57289 [main] INFO org.apache.gora.orientdb.store.OrientDBStore - The object  with key : http://g.com/g  is added to the db
57299 [main] INFO org.apache.gora.orientdb.store.OrientDBStore - Name of all fields:  url;     FieldTypeunion;     UNION
57300 [main] INFO org.apache.gora.orientdb.store.OrientDBStore - Load from DBObject (UNION), schemaType:STRING, docField:url
57300 [main] INFO org.apache.gora.orientdb.store.OrientDBStore - Name of all fields:  content;     FieldTypeunion;     UNION
57301 [main] INFO org.apache.gora.orientdb.store.OrientDBStore - Load from DBObject (UNION), schemaType:BYTES, docField:content
57301 [main] INFO org.apache.gora.orientdb.store.OrientDBStore - Name of all fields:  parsedContent;     FieldTypearray;     ARRAY
57302 [main] INFO org.apache.gora.orientdb.store.OrientDBStore - Name of all fields:  outlinks;     FieldTypemap;     MAP
57304 [main] INFO org.apache.gora.orientdb.store.OrientDBStore - Name of all fields:  metadata;     FieldTyperecord;     RECORD
57304 [main] INFO org.apache.gora.orientdb.store.OrientDBStore - Field :  INT   name of field : version   docField : version   1
57305 [main] INFO org.apache.gora.orientdb.store.OrientDBStore - Field :  MAP   name of field : data   docField : data   2
57310 [main] WARN org.apache.gora.orientdb.store.OrientDBStore - No corresponding VertexField for :__g__dirty
57312 [main] WARN org.apache.gora.orientdb.store.OrientDBStore - Insert Bytescontent
57314 [main] INFO org.apache.gora.orientdb.store.OrientDBStore - Get mapKey : anchor3
57314 [main] INFO org.apache.gora.orientdb.store.OrientDBStore - Get mapKey : anchor1
57315 [main] INFO org.apache.gora.orientdb.store.OrientDBStore - Get mapKey : anchor5
57317 [main] INFO org.apache.gora.orientdb.store.OrientDBStore - Member name :  __g__dirty
57317 [main] INFO org.apache.gora.orientdb.store.OrientDBStore - Member name :  version
57318 [main] INFO org.apache.gora.orientdb.store.OrientDBStore - Member name :  data
57318 [main] INFO org.apache.gora.orientdb.store.OrientDBStore - Updating record
57326 [main] INFO org.apache.gora.orientdb.store.OrientDBStore - The object  with key : http://a.com/a  is added to the db
57338 [main] INFO org.apache.gora.orientdb.store.OrientDBStore - Name of all fields:  url;     FieldTypeunion;     UNION
57338 [main] INFO org.apache.gora.orientdb.store.OrientDBStore - Load from DBObject (UNION), schemaType:STRING, docField:url
57339 [main] INFO org.apache.gora.orientdb.store.OrientDBStore - Name of all fields:  content;     FieldTypeunion;     UNION
57339 [main] INFO org.apache.gora.orientdb.store.OrientDBStore - Load from DBObject (UNION), schemaType:BYTES, docField:content
57340 [main] INFO org.apache.gora.orientdb.store.OrientDBStore - Name of all fields:  parsedContent;     FieldTypearray;     ARRAY
57341 [main] INFO org.apache.gora.orientdb.store.OrientDBStore - Name of all fields:  outlinks;     FieldTypemap;     MAP
57343 [main] INFO org.apache.gora.orientdb.store.OrientDBStore - Name of all fields:  metadata;     FieldTyperecord;     RECORD
57343 [main] INFO org.apache.gora.orientdb.store.OrientDBStore - Field :  INT   name of field : version   docField : version   1
57343 [main] INFO org.apache.gora.orientdb.store.OrientDBStore - Field :  MAP   name of field : data   docField : data   2
57351 [main] WARN org.apache.gora.orientdb.store.OrientDBStore - No corresponding VertexField for :__g__dirty
57352 [main] WARN org.apache.gora.orientdb.store.OrientDBStore - Insert Bytescontent
57353 [main] INFO org.apache.gora.orientdb.store.OrientDBStore - Get mapKey : anchor3
57353 [main] INFO org.apache.gora.orientdb.store.OrientDBStore - Get mapKey : anchor1
57354 [main] INFO org.apache.gora.orientdb.store.OrientDBStore - Get mapKey : anchor5
57356 [main] INFO org.apache.gora.orientdb.store.OrientDBStore - Member name :  __g__dirty
57356 [main] INFO org.apache.gora.orientdb.store.OrientDBStore - Member name :  version
57356 [main] INFO org.apache.gora.orientdb.store.OrientDBStore - Member name :  data
57357 [main] INFO org.apache.gora.orientdb.store.OrientDBStore - Updating record
57365 [main] INFO org.apache.gora.orientdb.store.OrientDBStore - The object  with key : http://b.com/b  is added to the db
57375 [main] INFO org.apache.gora.orientdb.store.OrientDBStore - Name of all fields:  url;     FieldTypeunion;     UNION
57375 [main] INFO org.apache.gora.orientdb.store.OrientDBStore - Load from DBObject (UNION), schemaType:STRING, docField:url
57376 [main] INFO org.apache.gora.orientdb.store.OrientDBStore - Name of all fields:  content;     FieldTypeunion;     UNION
57376 [main] INFO org.apache.gora.orientdb.store.OrientDBStore - Load from DBObject (UNION), schemaType:BYTES, docField:content
57376 [main] INFO org.apache.gora.orientdb.store.OrientDBStore - Name of all fields:  parsedContent;     FieldTypearray;     ARRAY
57411 [main] INFO org.apache.gora.orientdb.store.OrientDBStore - Name of all fields:  outlinks;     FieldTypemap;     MAP
57415 [main] INFO org.apache.gora.orientdb.store.OrientDBStore - Name of all fields:  metadata;     FieldTyperecord;     RECORD
57415 [main] INFO org.apache.gora.orientdb.store.OrientDBStore - Field :  INT   name of field : version   docField : version   1
57416 [main] INFO org.apache.gora.orientdb.store.OrientDBStore - Field :  MAP   name of field : data   docField : data   2
57439 [main] WARN org.apache.gora.orientdb.store.OrientDBStore - No corresponding VertexField for :__g__dirty
57448 [main] WARN org.apache.gora.orientdb.store.OrientDBStore - Insert Bytescontent
57456 [main] INFO org.apache.gora.orientdb.store.OrientDBStore - Get mapKey : anchor3
57456 [main] INFO org.apache.gora.orientdb.store.OrientDBStore - Get mapKey : anchor1
57456 [main] INFO org.apache.gora.orientdb.store.OrientDBStore - Get mapKey : anchor5
57470 [main] INFO org.apache.gora.orientdb.store.OrientDBStore - Member name :  __g__dirty
57471 [main] INFO org.apache.gora.orientdb.store.OrientDBStore - Member name :  version
57475 [main] INFO org.apache.gora.orientdb.store.OrientDBStore - Member name :  data
57476 [main] INFO org.apache.gora.orientdb.store.OrientDBStore - Updating record
57492 [main] INFO org.apache.gora.orientdb.store.OrientDBStore - The object  with key : http://c.com/c  is added to the db
57502 [main] INFO org.apache.gora.orientdb.store.OrientDBStore - Name of all fields:  url;     FieldTypeunion;     UNION
57503 [main] INFO org.apache.gora.orientdb.store.OrientDBStore - Load from DBObject (UNION), schemaType:STRING, docField:url
57503 [main] INFO org.apache.gora.orientdb.store.OrientDBStore - Name of all fields:  content;     FieldTypeunion;     UNION
57504 [main] INFO org.apache.gora.orientdb.store.OrientDBStore - Load from DBObject (UNION), schemaType:BYTES, docField:content
57504 [main] INFO org.apache.gora.orientdb.store.OrientDBStore - Name of all fields:  parsedContent;     FieldTypearray;     ARRAY
57505 [main] INFO org.apache.gora.orientdb.store.OrientDBStore - Name of all fields:  outlinks;     FieldTypemap;     MAP
57507 [main] INFO org.apache.gora.orientdb.store.OrientDBStore - Name of all fields:  metadata;     FieldTyperecord;     RECORD
57508 [main] INFO org.apache.gora.orientdb.store.OrientDBStore - Field :  INT   name of field : version   docField : version   1
57508 [main] INFO org.apache.gora.orientdb.store.OrientDBStore - Field :  MAP   name of field : data   docField : data   2
57514 [main] WARN org.apache.gora.orientdb.store.OrientDBStore - No corresponding VertexField for :__g__dirty
57515 [main] WARN org.apache.gora.orientdb.store.OrientDBStore - Insert Bytescontent
57516 [main] INFO org.apache.gora.orientdb.store.OrientDBStore - Get mapKey : anchor3
57517 [main] INFO org.apache.gora.orientdb.store.OrientDBStore - Get mapKey : anchor1
57517 [main] INFO org.apache.gora.orientdb.store.OrientDBStore - Get mapKey : anchor5
57519 [main] INFO org.apache.gora.orientdb.store.OrientDBStore - Member name :  __g__dirty
57519 [main] INFO org.apache.gora.orientdb.store.OrientDBStore - Member name :  version
57520 [main] INFO org.apache.gora.orientdb.store.OrientDBStore - Member name :  data
57521 [main] INFO org.apache.gora.orientdb.store.OrientDBStore - Updating record
57527 [main] INFO org.apache.gora.orientdb.store.OrientDBStore - The object  with key : http://d.com/d  is added to the db
57538 [main] INFO org.apache.gora.orientdb.store.OrientDBStore - Name of all fields:  url;     FieldTypeunion;     UNION
57538 [main] INFO org.apache.gora.orientdb.store.OrientDBStore - Load from DBObject (UNION), schemaType:STRING, docField:url
57538 [main] INFO org.apache.gora.orientdb.store.OrientDBStore - Name of all fields:  content;     FieldTypeunion;     UNION
57539 [main] INFO org.apache.gora.orientdb.store.OrientDBStore - Load from DBObject (UNION), schemaType:BYTES, docField:content
57539 [main] INFO org.apache.gora.orientdb.store.OrientDBStore - Name of all fields:  parsedContent;     FieldTypearray;     ARRAY
57540 [main] INFO org.apache.gora.orientdb.store.OrientDBStore - Name of all fields:  outlinks;     FieldTypemap;     MAP
57542 [main] INFO org.apache.gora.orientdb.store.OrientDBStore - Name of all fields:  metadata;     FieldTyperecord;     RECORD
57542 [main] INFO org.apache.gora.orientdb.store.OrientDBStore - Field :  INT   name of field : version   docField : version   1
57543 [main] INFO org.apache.gora.orientdb.store.OrientDBStore - Field :  MAP   name of field : data   docField : data   2
57549 [main] WARN org.apache.gora.orientdb.store.OrientDBStore - No corresponding VertexField for :__g__dirty
57550 [main] WARN org.apache.gora.orientdb.store.OrientDBStore - Insert Bytescontent
57551 [main] INFO org.apache.gora.orientdb.store.OrientDBStore - Get mapKey : anchor3
57551 [main] INFO org.apache.gora.orientdb.store.OrientDBStore - Get mapKey : anchor1
57551 [main] INFO org.apache.gora.orientdb.store.OrientDBStore - Get mapKey : anchor5
57553 [main] INFO org.apache.gora.orientdb.store.OrientDBStore - Member name :  __g__dirty
57553 [main] INFO org.apache.gora.orientdb.store.OrientDBStore - Member name :  version
57554 [main] INFO org.apache.gora.orientdb.store.OrientDBStore - Member name :  data
57555 [main] INFO org.apache.gora.orientdb.store.OrientDBStore - Updating record
57561 [main] INFO org.apache.gora.orientdb.store.OrientDBStore - The object  with key : http://e.com/e  is added to the db
57571 [main] INFO org.apache.gora.orientdb.store.OrientDBStore - Name of all fields:  url;     FieldTypeunion;     UNION
57571 [main] INFO org.apache.gora.orientdb.store.OrientDBStore - Load from DBObject (UNION), schemaType:STRING, docField:url
57571 [main] INFO org.apache.gora.orientdb.store.OrientDBStore - Name of all fields:  content;     FieldTypeunion;     UNION
57572 [main] INFO org.apache.gora.orientdb.store.OrientDBStore - Load from DBObject (UNION), schemaType:BYTES, docField:content
57572 [main] INFO org.apache.gora.orientdb.store.OrientDBStore - Name of all fields:  parsedContent;     FieldTypearray;     ARRAY
57573 [main] INFO org.apache.gora.orientdb.store.OrientDBStore - Name of all fields:  outlinks;     FieldTypemap;     MAP
57575 [main] INFO org.apache.gora.orientdb.store.OrientDBStore - Name of all fields:  metadata;     FieldTyperecord;     RECORD
57575 [main] INFO org.apache.gora.orientdb.store.OrientDBStore - Field :  INT   name of field : version   docField : version   1
57576 [main] INFO org.apache.gora.orientdb.store.OrientDBStore - Field :  MAP   name of field : data   docField : data   2
57582 [main] WARN org.apache.gora.orientdb.store.OrientDBStore - No corresponding VertexField for :__g__dirty
57583 [main] WARN org.apache.gora.orientdb.store.OrientDBStore - Insert Bytescontent
57584 [main] INFO org.apache.gora.orientdb.store.OrientDBStore - Get mapKey : anchor3
57584 [main] INFO org.apache.gora.orientdb.store.OrientDBStore - Get mapKey : anchor1
57584 [main] INFO org.apache.gora.orientdb.store.OrientDBStore - Get mapKey : anchor5
57587 [main] INFO org.apache.gora.orientdb.store.OrientDBStore - Member name :  __g__dirty
57587 [main] INFO org.apache.gora.orientdb.store.OrientDBStore - Member name :  version
57587 [main] INFO org.apache.gora.orientdb.store.OrientDBStore - Member name :  data
57588 [main] INFO org.apache.gora.orientdb.store.OrientDBStore - Updating record
57596 [main] INFO org.apache.gora.orientdb.store.OrientDBStore - The object  with key : http://f.com/f  is added to the db
57605 [main] INFO org.apache.gora.orientdb.store.OrientDBStore - Name of all fields:  url;     FieldTypeunion;     UNION
57605 [main] INFO org.apache.gora.orientdb.store.OrientDBStore - Load from DBObject (UNION), schemaType:STRING, docField:url
57606 [main] INFO org.apache.gora.orientdb.store.OrientDBStore - Name of all fields:  content;     FieldTypeunion;     UNION
57606 [main] INFO org.apache.gora.orientdb.store.OrientDBStore - Load from DBObject (UNION), schemaType:BYTES, docField:content
57606 [main] INFO org.apache.gora.orientdb.store.OrientDBStore - Name of all fields:  parsedContent;     FieldTypearray;     ARRAY
57607 [main] INFO org.apache.gora.orientdb.store.OrientDBStore - Name of all fields:  outlinks;     FieldTypemap;     MAP
57609 [main] INFO org.apache.gora.orientdb.store.OrientDBStore - Name of all fields:  metadata;     FieldTyperecord;     RECORD
57609 [main] INFO org.apache.gora.orientdb.store.OrientDBStore - Field :  INT   name of field : version   docField : version   1
57610 [main] INFO org.apache.gora.orientdb.store.OrientDBStore - Field :  MAP   name of field : data   docField : data   2
57616 [main] WARN org.apache.gora.orientdb.store.OrientDBStore - No corresponding VertexField for :__g__dirty
57617 [main] WARN org.apache.gora.orientdb.store.OrientDBStore - Insert Bytescontent
57618 [main] INFO org.apache.gora.orientdb.store.OrientDBStore - Get mapKey : anchor3
57619 [main] INFO org.apache.gora.orientdb.store.OrientDBStore - Get mapKey : anchor1
57619 [main] INFO org.apache.gora.orientdb.store.OrientDBStore - Get mapKey : anchor5
57621 [main] INFO org.apache.gora.orientdb.store.OrientDBStore - Member name :  __g__dirty
57621 [main] INFO org.apache.gora.orientdb.store.OrientDBStore - Member name :  version
57622 [main] INFO org.apache.gora.orientdb.store.OrientDBStore - Member name :  data
57623 [main] INFO org.apache.gora.orientdb.store.OrientDBStore - Updating record
57631 [main] INFO org.apache.gora.orientdb.store.OrientDBStore - The object  with key : http://g.com/g  is added to the db
57640 [main] INFO org.apache.gora.orientdb.store.OrientDBStore - Name of all fields:  url;     FieldTypeunion;     UNION
57640 [main] INFO org.apache.gora.orientdb.store.OrientDBStore - Load from DBObject (UNION), schemaType:STRING, docField:url
57640 [main] INFO org.apache.gora.orientdb.store.OrientDBStore - Name of all fields:  content;     FieldTypeunion;     UNION
57641 [main] INFO org.apache.gora.orientdb.store.OrientDBStore - Load from DBObject (UNION), schemaType:BYTES, docField:content
57641 [main] INFO org.apache.gora.orientdb.store.OrientDBStore - Name of all fields:  parsedContent;     FieldTypearray;     ARRAY
57642 [main] INFO org.apache.gora.orientdb.store.OrientDBStore - Name of all fields:  outlinks;     FieldTypemap;     MAP
57644 [main] INFO org.apache.gora.orientdb.store.OrientDBStore - Name of all fields:  metadata;     FieldTyperecord;     RECORD
57646 [main] INFO org.apache.gora.orientdb.store.OrientDBStore - Field :  INT   name of field : version   docField : version   1
57646 [main] INFO org.apache.gora.orientdb.store.OrientDBStore - Field :  MAP   name of field : data   docField : data   2
57658 [main] INFO org.apache.gora.orientdb.store.OrientDBStore - Name of all fields:  url;     FieldTypeunion;     UNION
57658 [main] INFO org.apache.gora.orientdb.store.OrientDBStore - Load from DBObject (UNION), schemaType:STRING, docField:url
57659 [main] INFO org.apache.gora.orientdb.store.OrientDBStore - Name of all fields:  content;     FieldTypeunion;     UNION
57659 [main] INFO org.apache.gora.orientdb.store.OrientDBStore - Load from DBObject (UNION), schemaType:BYTES, docField:content
57660 [main] INFO org.apache.gora.orientdb.store.OrientDBStore - Name of all fields:  parsedContent;     FieldTypearray;     ARRAY
57660 [main] INFO org.apache.gora.orientdb.store.OrientDBStore - Name of all fields:  outlinks;     FieldTypemap;     MAP
57664 [main] INFO org.apache.gora.orientdb.store.OrientDBStore - Name of all fields:  metadata;     FieldTyperecord;     RECORD
57665 [main] INFO org.apache.gora.orientdb.store.OrientDBStore - Field :  INT   name of field : version   docField : version   1
57665 [main] INFO org.apache.gora.orientdb.store.OrientDBStore - Field :  MAP   name of field : data   docField : data   2
57675 [main] INFO org.apache.gora.orientdb.store.OrientDBStore - Name of all fields:  url;     FieldTypeunion;     UNION
57676 [main] INFO org.apache.gora.orientdb.store.OrientDBStore - Load from DBObject (UNION), schemaType:STRING, docField:url
57676 [main] INFO org.apache.gora.orientdb.store.OrientDBStore - Name of all fields:  content;     FieldTypeunion;     UNION
57676 [main] INFO org.apache.gora.orientdb.store.OrientDBStore - Load from DBObject (UNION), schemaType:BYTES, docField:content
57677 [main] INFO org.apache.gora.orientdb.store.OrientDBStore - Name of all fields:  parsedContent;     FieldTypearray;     ARRAY
57678 [main] INFO org.apache.gora.orientdb.store.OrientDBStore - Name of all fields:  outlinks;     FieldTypemap;     MAP
57681 [main] INFO org.apache.gora.orientdb.store.OrientDBStore - Name of all fields:  metadata;     FieldTyperecord;     RECORD
57682 [main] INFO org.apache.gora.orientdb.store.OrientDBStore - Field :  INT   name of field : version   docField : version   1
57682 [main] INFO org.apache.gora.orientdb.store.OrientDBStore - Field :  MAP   name of field : data   docField : data   2
57693 [main] INFO org.apache.gora.orientdb.store.OrientDBStore - Name of all fields:  url;     FieldTypeunion;     UNION
57697 [main] INFO org.apache.gora.orientdb.store.OrientDBStore - Load from DBObject (UNION), schemaType:STRING, docField:url
57699 [main] INFO org.apache.gora.orientdb.store.OrientDBStore - Name of all fields:  content;     FieldTypeunion;     UNION
57700 [main] INFO org.apache.gora.orientdb.store.OrientDBStore - Load from DBObject (UNION), schemaType:BYTES, docField:content
57701 [main] INFO org.apache.gora.orientdb.store.OrientDBStore - Name of all fields:  parsedContent;     FieldTypearray;     ARRAY
57702 [main] INFO org.apache.gora.orientdb.store.OrientDBStore - Name of all fields:  outlinks;     FieldTypemap;     MAP
57706 [main] INFO org.apache.gora.orientdb.store.OrientDBStore - Name of all fields:  metadata;     FieldTyperecord;     RECORD
57707 [main] INFO org.apache.gora.orientdb.store.OrientDBStore - Field :  INT   name of field : version   docField : version   1
57707 [main] INFO org.apache.gora.orientdb.store.OrientDBStore - Field :  MAP   name of field : data   docField : data   2
57722 [main] INFO org.apache.gora.orientdb.store.OrientDBStore - Name of all fields:  url;     FieldTypeunion;     UNION
57723 [main] INFO org.apache.gora.orientdb.store.OrientDBStore - Load from DBObject (UNION), schemaType:STRING, docField:url
57725 [main] INFO org.apache.gora.orientdb.store.OrientDBStore - Name of all fields:  content;     FieldTypeunion;     UNION
57726 [main] INFO org.apache.gora.orientdb.store.OrientDBStore - Load from DBObject (UNION), schemaType:BYTES, docField:content
57727 [main] INFO org.apache.gora.orientdb.store.OrientDBStore - Name of all fields:  parsedContent;     FieldTypearray;     ARRAY
57730 [main] INFO org.apache.gora.orientdb.store.OrientDBStore - Name of all fields:  outlinks;     FieldTypemap;     MAP
57734 [main] INFO org.apache.gora.orientdb.store.OrientDBStore - Name of all fields:  metadata;     FieldTyperecord;     RECORD
57735 [main] INFO org.apache.gora.orientdb.store.OrientDBStore - Field :  INT   name of field : version   docField : version   1
57737 [main] INFO org.apache.gora.orientdb.store.OrientDBStore - Field :  MAP   name of field : data   docField : data   2
57751 [main] INFO org.apache.gora.orientdb.store.OrientDBStore - Name of all fields:  url;     FieldTypeunion;     UNION
57752 [main] INFO org.apache.gora.orientdb.store.OrientDBStore - Load from DBObject (UNION), schemaType:STRING, docField:url
57753 [main] INFO org.apache.gora.orientdb.store.OrientDBStore - Name of all fields:  content;     FieldTypeunion;     UNION
57754 [main] INFO org.apache.gora.orientdb.store.OrientDBStore - Load from DBObject (UNION), schemaType:BYTES, docField:content
57756 [main] INFO org.apache.gora.orientdb.store.OrientDBStore - Name of all fields:  parsedContent;     FieldTypearray;     ARRAY
57757 [main] INFO org.apache.gora.orientdb.store.OrientDBStore - Name of all fields:  outlinks;     FieldTypemap;     MAP
57760 [main] INFO org.apache.gora.orientdb.store.OrientDBStore - Name of all fields:  metadata;     FieldTyperecord;     RECORD
57763 [main] INFO org.apache.gora.orientdb.store.OrientDBStore - Field :  INT   name of field : version   docField : version   1
57764 [main] INFO org.apache.gora.orientdb.store.OrientDBStore - Field :  MAP   name of field : data   docField : data   2
57776 [main] INFO org.apache.gora.orientdb.store.OrientDBStore - Name of all fields:  url;     FieldTypeunion;     UNION
57777 [main] INFO org.apache.gora.orientdb.store.OrientDBStore - Load from DBObject (UNION), schemaType:STRING, docField:url
57781 [main] INFO org.apache.gora.orientdb.store.OrientDBStore - Name of all fields:  content;     FieldTypeunion;     UNION
57782 [main] INFO org.apache.gora.orientdb.store.OrientDBStore - Load from DBObject (UNION), schemaType:BYTES, docField:content
57783 [main] INFO org.apache.gora.orientdb.store.OrientDBStore - Name of all fields:  parsedContent;     FieldTypearray;     ARRAY
57784 [main] INFO org.apache.gora.orientdb.store.OrientDBStore - Name of all fields:  outlinks;     FieldTypemap;     MAP
57791 [main] INFO org.apache.gora.orientdb.store.OrientDBStore - Name of all fields:  metadata;     FieldTyperecord;     RECORD
57792 [main] INFO org.apache.gora.orientdb.store.OrientDBStore - Field :  INT   name of field : version   docField : version   1
57793 [main] INFO org.apache.gora.orientdb.store.OrientDBStore - Field :  MAP   name of field : data   docField : data   2
57804 [main] WARN org.apache.gora.orientdb.store.OrientDBStore - Class WebPage has been created
57810 [main] WARN org.apache.gora.orientdb.store.OrientDBStore - No corresponding VertexField for :__g__dirty
57816 [main] INFO org.apache.gora.orientdb.store.OrientDBStore - Get mapKey : header0
57817 [main] INFO org.apache.gora.orientdb.store.OrientDBStore - Get mapKey : header4
57818 [main] INFO org.apache.gora.orientdb.store.OrientDBStore - Get mapKey : header2
57821 [main] INFO org.apache.gora.orientdb.store.OrientDBStore - Member name :  __g__dirty
57821 [main] INFO org.apache.gora.orientdb.store.OrientDBStore - Member name :  version
57822 [main] INFO org.apache.gora.orientdb.store.OrientDBStore - Member name :  data
57823 [main] INFO org.apache.gora.orientdb.store.OrientDBStore - Updating record
57832 [main] INFO org.apache.gora.orientdb.store.OrientDBStore - The object  with key : http://a.com/a  is added to the db
57837 [main] WARN org.apache.gora.orientdb.store.OrientDBStore - No corresponding VertexField for :__g__dirty
57839 [main] INFO org.apache.gora.orientdb.store.OrientDBStore - Get mapKey : header0
57839 [main] INFO org.apache.gora.orientdb.store.OrientDBStore - Get mapKey : header4
57840 [main] INFO org.apache.gora.orientdb.store.OrientDBStore - Get mapKey : header2
57842 [main] INFO org.apache.gora.orientdb.store.OrientDBStore - Member name :  __g__dirty
57842 [main] INFO org.apache.gora.orientdb.store.OrientDBStore - Member name :  version
57842 [main] INFO org.apache.gora.orientdb.store.OrientDBStore - Member name :  data
57843 [main] INFO org.apache.gora.orientdb.store.OrientDBStore - Updating record
57853 [main] INFO org.apache.gora.orientdb.store.OrientDBStore - The object  with key : http://b.com/b  is added to the db
57858 [main] WARN org.apache.gora.orientdb.store.OrientDBStore - No corresponding VertexField for :__g__dirty
57860 [main] INFO org.apache.gora.orientdb.store.OrientDBStore - Get mapKey : header0
57861 [main] INFO org.apache.gora.orientdb.store.OrientDBStore - Get mapKey : header4
57863 [main] INFO org.apache.gora.orientdb.store.OrientDBStore - Get mapKey : header2
57866 [main] INFO org.apache.gora.orientdb.store.OrientDBStore - Member name :  __g__dirty
57866 [main] INFO org.apache.gora.orientdb.store.OrientDBStore - Member name :  version
57867 [main] INFO org.apache.gora.orientdb.store.OrientDBStore - Member name :  data
57879 [main] INFO org.apache.gora.orientdb.store.OrientDBStore - Updating record
57901 [main] INFO org.apache.gora.orientdb.store.OrientDBStore - The object  with key : http://c.com/c  is added to the db
57907 [main] WARN org.apache.gora.orientdb.store.OrientDBStore - No corresponding VertexField for :__g__dirty
57910 [main] INFO org.apache.gora.orientdb.store.OrientDBStore - Get mapKey : header0
57910 [main] INFO org.apache.gora.orientdb.store.OrientDBStore - Get mapKey : header4
57910 [main] INFO org.apache.gora.orientdb.store.OrientDBStore - Get mapKey : header2
57914 [main] INFO org.apache.gora.orientdb.store.OrientDBStore - Member name :  __g__dirty
57914 [main] INFO org.apache.gora.orientdb.store.OrientDBStore - Member name :  version
57915 [main] INFO org.apache.gora.orientdb.store.OrientDBStore - Member name :  data
57915 [main] INFO org.apache.gora.orientdb.store.OrientDBStore - Updating record
57921 [main] INFO org.apache.gora.orientdb.store.OrientDBStore - The object  with key : http://d.com/d  is added to the db
57925 [main] WARN org.apache.gora.orientdb.store.OrientDBStore - No corresponding VertexField for :__g__dirty
57927 [main] INFO org.apache.gora.orientdb.store.OrientDBStore - Get mapKey : header0
57927 [main] INFO org.apache.gora.orientdb.store.OrientDBStore - Get mapKey : header4
57927 [main] INFO org.apache.gora.orientdb.store.OrientDBStore - Get mapKey : header2
57930 [main] INFO org.apache.gora.orientdb.store.OrientDBStore - Member name :  __g__dirty
57930 [main] INFO org.apache.gora.orientdb.store.OrientDBStore - Member name :  version
57931 [main] INFO org.apache.gora.orientdb.store.OrientDBStore - Member name :  data
57931 [main] INFO org.apache.gora.orientdb.store.OrientDBStore - Updating record
57937 [main] INFO org.apache.gora.orientdb.store.OrientDBStore - The object  with key : http://e.com/e  is added to the db
57941 [main] WARN org.apache.gora.orientdb.store.OrientDBStore - No corresponding VertexField for :__g__dirty
57943 [main] INFO org.apache.gora.orientdb.store.OrientDBStore - Get mapKey : header0
57943 [main] INFO org.apache.gora.orientdb.store.OrientDBStore - Get mapKey : header4
57943 [main] INFO org.apache.gora.orientdb.store.OrientDBStore - Get mapKey : header2
57945 [main] INFO org.apache.gora.orientdb.store.OrientDBStore - Member name :  __g__dirty
57945 [main] INFO org.apache.gora.orientdb.store.OrientDBStore - Member name :  version
57946 [main] INFO org.apache.gora.orientdb.store.OrientDBStore - Member name :  data
57947 [main] INFO org.apache.gora.orientdb.store.OrientDBStore - Updating record
57952 [main] INFO org.apache.gora.orientdb.store.OrientDBStore - The object  with key : http://f.com/f  is added to the db
57956 [main] WARN org.apache.gora.orientdb.store.OrientDBStore - No corresponding VertexField for :__g__dirty
57958 [main] INFO org.apache.gora.orientdb.store.OrientDBStore - Get mapKey : header0
57958 [main] INFO org.apache.gora.orientdb.store.OrientDBStore - Get mapKey : header4
57958 [main] INFO org.apache.gora.orientdb.store.OrientDBStore - Get mapKey : header2
57960 [main] INFO org.apache.gora.orientdb.store.OrientDBStore - Member name :  __g__dirty
57960 [main] INFO org.apache.gora.orientdb.store.OrientDBStore - Member name :  version
57960 [main] INFO org.apache.gora.orientdb.store.OrientDBStore - Member name :  data
57961 [main] INFO org.apache.gora.orientdb.store.OrientDBStore - Updating record
57967 [main] INFO org.apache.gora.orientdb.store.OrientDBStore - The object  with key : http://g.com/g  is added to the db
57974 [main] INFO org.apache.gora.orientdb.store.OrientDBStore - Name of all fields:  url;     FieldTypeunion;     UNION
57974 [main] INFO org.apache.gora.orientdb.store.OrientDBStore - Load from DBObject (UNION), schemaType:STRING, docField:url
57975 [main] INFO org.apache.gora.orientdb.store.OrientDBStore - Name of all fields:  content;     FieldTypeunion;     UNION
57975 [main] INFO org.apache.gora.orientdb.store.OrientDBStore - Load from DBObject (UNION), schemaType:BYTES, docField:content
57976 [main] INFO org.apache.gora.orientdb.store.OrientDBStore - Name of all fields:  parsedContent;     FieldTypearray;     ARRAY
57976 [main] INFO org.apache.gora.orientdb.store.OrientDBStore - Name of all fields:  outlinks;     FieldTypemap;     MAP
57977 [main] INFO org.apache.gora.orientdb.store.OrientDBStore - Name of all fields:  headers;     FieldTypeunion;     UNION
57977 [main] INFO org.apache.gora.orientdb.store.OrientDBStore - Load from DBObject (UNION), schemaType:MAP, docField:headers
57982 [main] INFO org.apache.gora.orientdb.store.OrientDBStore - Name of all fields:  metadata;     FieldTyperecord;     RECORD
57982 [main] INFO org.apache.gora.orientdb.store.OrientDBStore - Field :  INT   name of field : version   docField : version   1
57983 [main] INFO org.apache.gora.orientdb.store.OrientDBStore - Field :  MAP   name of field : data   docField : data   2
57987 [main] WARN org.apache.gora.orientdb.store.OrientDBStore - No corresponding VertexField for :__g__dirty
57988 [main] WARN org.apache.gora.orientdb.store.OrientDBStore - Insert Bytescontent
57990 [main] INFO org.apache.gora.orientdb.store.OrientDBStore - Get mapKey : header5
57990 [main] INFO org.apache.gora.orientdb.store.OrientDBStore - Get mapKey : header3
57990 [main] INFO org.apache.gora.orientdb.store.OrientDBStore - Get mapKey : header1
57992 [main] INFO org.apache.gora.orientdb.store.OrientDBStore - Member name :  __g__dirty
57992 [main] INFO org.apache.gora.orientdb.store.OrientDBStore - Member name :  version
57993 [main] INFO org.apache.gora.orientdb.store.OrientDBStore - Member name :  data
57993 [main] INFO org.apache.gora.orientdb.store.OrientDBStore - Updating record
58001 [main] INFO org.apache.gora.orientdb.store.OrientDBStore - The object  with key : http://a.com/a  is added to the db
58010 [main] INFO org.apache.gora.orientdb.store.OrientDBStore - Name of all fields:  url;     FieldTypeunion;     UNION
58010 [main] INFO org.apache.gora.orientdb.store.OrientDBStore - Load from DBObject (UNION), schemaType:STRING, docField:url
58010 [main] INFO org.apache.gora.orientdb.store.OrientDBStore - Name of all fields:  content;     FieldTypeunion;     UNION
58010 [main] INFO org.apache.gora.orientdb.store.OrientDBStore - Load from DBObject (UNION), schemaType:BYTES, docField:content
58011 [main] INFO org.apache.gora.orientdb.store.OrientDBStore - Name of all fields:  parsedContent;     FieldTypearray;     ARRAY
58012 [main] INFO org.apache.gora.orientdb.store.OrientDBStore - Name of all fields:  outlinks;     FieldTypemap;     MAP
58013 [main] INFO org.apache.gora.orientdb.store.OrientDBStore - Name of all fields:  headers;     FieldTypeunion;     UNION
58014 [main] INFO org.apache.gora.orientdb.store.OrientDBStore - Load from DBObject (UNION), schemaType:MAP, docField:headers
58016 [main] INFO org.apache.gora.orientdb.store.OrientDBStore - Name of all fields:  metadata;     FieldTyperecord;     RECORD
58017 [main] INFO org.apache.gora.orientdb.store.OrientDBStore - Field :  INT   name of field : version   docField : version   1
58017 [main] INFO org.apache.gora.orientdb.store.OrientDBStore - Field :  MAP   name of field : data   docField : data   2
58021 [main] WARN org.apache.gora.orientdb.store.OrientDBStore - No corresponding VertexField for :__g__dirty
58023 [main] WARN org.apache.gora.orientdb.store.OrientDBStore - Insert Bytescontent
58024 [main] INFO org.apache.gora.orientdb.store.OrientDBStore - Get mapKey : header5
58024 [main] INFO org.apache.gora.orientdb.store.OrientDBStore - Get mapKey : header3
58024 [main] INFO org.apache.gora.orientdb.store.OrientDBStore - Get mapKey : header1
58026 [main] INFO org.apache.gora.orientdb.store.OrientDBStore - Member name :  __g__dirty
58026 [main] INFO org.apache.gora.orientdb.store.OrientDBStore - Member name :  version
58027 [main] INFO org.apache.gora.orientdb.store.OrientDBStore - Member name :  data
58028 [main] INFO org.apache.gora.orientdb.store.OrientDBStore - Updating record
58035 [main] INFO org.apache.gora.orientdb.store.OrientDBStore - The object  with key : http://b.com/b  is added to the db
58043 [main] INFO org.apache.gora.orientdb.store.OrientDBStore - Name of all fields:  url;     FieldTypeunion;     UNION
58044 [main] INFO org.apache.gora.orientdb.store.OrientDBStore - Load from DBObject (UNION), schemaType:STRING, docField:url
58045 [main] INFO org.apache.gora.orientdb.store.OrientDBStore - Name of all fields:  content;     FieldTypeunion;     UNION
58045 [main] INFO org.apache.gora.orientdb.store.OrientDBStore - Load from DBObject (UNION), schemaType:BYTES, docField:content
58046 [main] INFO org.apache.gora.orientdb.store.OrientDBStore - Name of all fields:  parsedContent;     FieldTypearray;     ARRAY
58047 [main] INFO org.apache.gora.orientdb.store.OrientDBStore - Name of all fields:  outlinks;     FieldTypemap;     MAP
58047 [main] INFO org.apache.gora.orientdb.store.OrientDBStore - Name of all fields:  headers;     FieldTypeunion;     UNION
58047 [main] INFO org.apache.gora.orientdb.store.OrientDBStore - Load from DBObject (UNION), schemaType:MAP, docField:headers
58049 [main] INFO org.apache.gora.orientdb.store.OrientDBStore - Name of all fields:  metadata;     FieldTyperecord;     RECORD
58049 [main] INFO org.apache.gora.orientdb.store.OrientDBStore - Field :  INT   name of field : version   docField : version   1
58050 [main] INFO org.apache.gora.orientdb.store.OrientDBStore - Field :  MAP   name of field : data   docField : data   2
58053 [main] WARN org.apache.gora.orientdb.store.OrientDBStore - No corresponding VertexField for :__g__dirty
58054 [main] WARN org.apache.gora.orientdb.store.OrientDBStore - Insert Bytescontent
58056 [main] INFO org.apache.gora.orientdb.store.OrientDBStore - Get mapKey : header5
58056 [main] INFO org.apache.gora.orientdb.store.OrientDBStore - Get mapKey : header3
58056 [main] INFO org.apache.gora.orientdb.store.OrientDBStore - Get mapKey : header1
58058 [main] INFO org.apache.gora.orientdb.store.OrientDBStore - Member name :  __g__dirty
58058 [main] INFO org.apache.gora.orientdb.store.OrientDBStore - Member name :  version
58058 [main] INFO org.apache.gora.orientdb.store.OrientDBStore - Member name :  data
58059 [main] INFO org.apache.gora.orientdb.store.OrientDBStore - Updating record
58066 [main] INFO org.apache.gora.orientdb.store.OrientDBStore - The object  with key : http://c.com/c  is added to the db
58075 [main] INFO org.apache.gora.orientdb.store.OrientDBStore - Name of all fields:  url;     FieldTypeunion;     UNION
58076 [main] INFO org.apache.gora.orientdb.store.OrientDBStore - Load from DBObject (UNION), schemaType:STRING, docField:url
58076 [main] INFO org.apache.gora.orientdb.store.OrientDBStore - Name of all fields:  content;     FieldTypeunion;     UNION
58077 [main] INFO org.apache.gora.orientdb.store.OrientDBStore - Load from DBObject (UNION), schemaType:BYTES, docField:content
58077 [main] INFO org.apache.gora.orientdb.store.OrientDBStore - Name of all fields:  parsedContent;     FieldTypearray;     ARRAY
58080 [main] INFO org.apache.gora.orientdb.store.OrientDBStore - Name of all fields:  outlinks;     FieldTypemap;     MAP
58080 [main] INFO org.apache.gora.orientdb.store.OrientDBStore - Name of all fields:  headers;     FieldTypeunion;     UNION
58081 [main] INFO org.apache.gora.orientdb.store.OrientDBStore - Load from DBObject (UNION), schemaType:MAP, docField:headers
58083 [main] INFO org.apache.gora.orientdb.store.OrientDBStore - Name of all fields:  metadata;     FieldTyperecord;     RECORD
58083 [main] INFO org.apache.gora.orientdb.store.OrientDBStore - Field :  INT   name of field : version   docField : version   1
58084 [main] INFO org.apache.gora.orientdb.store.OrientDBStore - Field :  MAP   name of field : data   docField : data   2
58088 [main] WARN org.apache.gora.orientdb.store.OrientDBStore - No corresponding VertexField for :__g__dirty
58089 [main] WARN org.apache.gora.orientdb.store.OrientDBStore - Insert Bytescontent
58091 [main] INFO org.apache.gora.orientdb.store.OrientDBStore - Get mapKey : header5
58091 [main] INFO org.apache.gora.orientdb.store.OrientDBStore - Get mapKey : header3
58091 [main] INFO org.apache.gora.orientdb.store.OrientDBStore - Get mapKey : header1
58093 [main] INFO org.apache.gora.orientdb.store.OrientDBStore - Member name :  __g__dirty
58093 [main] INFO org.apache.gora.orientdb.store.OrientDBStore - Member name :  version
58093 [main] INFO org.apache.gora.orientdb.store.OrientDBStore - Member name :  data
58094 [main] INFO org.apache.gora.orientdb.store.OrientDBStore - Updating record
58104 [main] INFO org.apache.gora.orientdb.store.OrientDBStore - The object  with key : http://d.com/d  is added to the db
58111 [main] INFO org.apache.gora.orientdb.store.OrientDBStore - Name of all fields:  url;     FieldTypeunion;     UNION
58112 [main] INFO org.apache.gora.orientdb.store.OrientDBStore - Load from DBObject (UNION), schemaType:STRING, docField:url
58113 [main] INFO org.apache.gora.orientdb.store.OrientDBStore - Name of all fields:  content;     FieldTypeunion;     UNION
58114 [main] INFO org.apache.gora.orientdb.store.OrientDBStore - Load from DBObject (UNION), schemaType:BYTES, docField:content
58114 [main] INFO org.apache.gora.orientdb.store.OrientDBStore - Name of all fields:  parsedContent;     FieldTypearray;     ARRAY
58114 [main] INFO org.apache.gora.orientdb.store.OrientDBStore - Name of all fields:  outlinks;     FieldTypemap;     MAP
58115 [main] INFO org.apache.gora.orientdb.store.OrientDBStore - Name of all fields:  headers;     FieldTypeunion;     UNION
58115 [main] INFO org.apache.gora.orientdb.store.OrientDBStore - Load from DBObject (UNION), schemaType:MAP, docField:headers
58117 [main] INFO org.apache.gora.orientdb.store.OrientDBStore - Name of all fields:  metadata;     FieldTyperecord;     RECORD
58117 [main] INFO org.apache.gora.orientdb.store.OrientDBStore - Field :  INT   name of field : version   docField : version   1
58117 [main] INFO org.apache.gora.orientdb.store.OrientDBStore - Field :  MAP   name of field : data   docField : data   2
58121 [main] WARN org.apache.gora.orientdb.store.OrientDBStore - No corresponding VertexField for :__g__dirty
58122 [main] WARN org.apache.gora.orientdb.store.OrientDBStore - Insert Bytescontent
58123 [main] INFO org.apache.gora.orientdb.store.OrientDBStore - Get mapKey : header5
58123 [main] INFO org.apache.gora.orientdb.store.OrientDBStore - Get mapKey : header3
58124 [main] INFO org.apache.gora.orientdb.store.OrientDBStore - Get mapKey : header1
58125 [main] INFO org.apache.gora.orientdb.store.OrientDBStore - Member name :  __g__dirty
58126 [main] INFO org.apache.gora.orientdb.store.OrientDBStore - Member name :  version
58126 [main] INFO org.apache.gora.orientdb.store.OrientDBStore - Member name :  data
58127 [main] INFO org.apache.gora.orientdb.store.OrientDBStore - Updating record
58132 [main] INFO org.apache.gora.orientdb.store.OrientDBStore - The object  with key : http://e.com/e  is added to the db
58141 [main] INFO org.apache.gora.orientdb.store.OrientDBStore - Name of all fields:  url;     FieldTypeunion;     UNION
58141 [main] INFO org.apache.gora.orientdb.store.OrientDBStore - Load from DBObject (UNION), schemaType:STRING, docField:url
58141 [main] INFO org.apache.gora.orientdb.store.OrientDBStore - Name of all fields:  content;     FieldTypeunion;     UNION
58141 [main] INFO org.apache.gora.orientdb.store.OrientDBStore - Load from DBObject (UNION), schemaType:BYTES, docField:content
58141 [main] INFO org.apache.gora.orientdb.store.OrientDBStore - Name of all fields:  parsedContent;     FieldTypearray;     ARRAY
58141 [main] INFO org.apache.gora.orientdb.store.OrientDBStore - Name of all fields:  outlinks;     FieldTypemap;     MAP
58142 [main] INFO org.apache.gora.orientdb.store.OrientDBStore - Name of all fields:  headers;     FieldTypeunion;     UNION
58143 [main] INFO org.apache.gora.orientdb.store.OrientDBStore - Load from DBObject (UNION), schemaType:MAP, docField:headers
58148 [main] INFO org.apache.gora.orientdb.store.OrientDBStore - Name of all fields:  metadata;     FieldTyperecord;     RECORD
58148 [main] INFO org.apache.gora.orientdb.store.OrientDBStore - Field :  INT   name of field : version   docField : version   1
58149 [main] INFO org.apache.gora.orientdb.store.OrientDBStore - Field :  MAP   name of field : data   docField : data   2
58153 [main] WARN org.apache.gora.orientdb.store.OrientDBStore - No corresponding VertexField for :__g__dirty
58154 [main] WARN org.apache.gora.orientdb.store.OrientDBStore - Insert Bytescontent
58156 [main] INFO org.apache.gora.orientdb.store.OrientDBStore - Get mapKey : header5
58156 [main] INFO org.apache.gora.orientdb.store.OrientDBStore - Get mapKey : header3
58156 [main] INFO org.apache.gora.orientdb.store.OrientDBStore - Get mapKey : header1
58158 [main] INFO org.apache.gora.orientdb.store.OrientDBStore - Member name :  __g__dirty
[...]
58951 [main] INFO org.apache.gora.orientdb.store.OrientDBStore - Get mapKey : header3
58952 [main] INFO org.apache.gora.orientdb.store.OrientDBStore - Get mapKey : header2
58952 [main] INFO org.apache.gora.orientdb.store.OrientDBStore - Get mapKey : header1
58954 [main] INFO org.apache.gora.orientdb.store.OrientDBStore - Member name :  __g__dirty
58955 [main] INFO org.apache.gora.orientdb.store.OrientDBStore - Member name :  version
58955 [main] INFO org.apache.gora.orientdb.store.OrientDBStore - Member name :  data
58956 [main] INFO org.apache.gora.orientdb.store.OrientDBStore - Updating record
58964 [main] INFO org.apache.gora.orientdb.store.OrientDBStore - The object  with key : http://d.com/d  is added to the db
58969 [main] WARN org.apache.gora.orientdb.store.OrientDBStore - No corresponding VertexField for :__g__dirty
58972 [main] INFO org.apache.gora.orientdb.store.OrientDBStore - Get mapKey : header5
58972 [main] INFO org.apache.gora.orientdb.store.OrientDBStore - Get mapKey : header0
58973 [main] INFO org.apache.gora.orientdb.store.OrientDBStore - Get mapKey : header4
58973 [main] INFO org.apache.gora.orientdb.store.OrientDBStore - Get mapKey : header3
58973 [main] INFO org.apache.gora.orientdb.store.OrientDBStore - Get mapKey : header2
58974 [main] INFO org.apache.gora.orientdb.store.OrientDBStore - Get mapKey : header1
58976 [main] INFO org.apache.gora.orientdb.store.OrientDBStore - Member name :  __g__dirty
58977 [main] INFO org.apache.gora.orientdb.store.OrientDBStore - Member name :  version
58978 [main] INFO org.apache.gora.orientdb.store.OrientDBStore - Member name :  data
58979 [main] INFO org.apache.gora.orientdb.store.OrientDBStore - Updating record
58987 [main] INFO org.apache.gora.orientdb.store.OrientDBStore - The object  with key : http://e.com/e  is added to the db
58991 [main] WARN org.apache.gora.orientdb.store.OrientDBStore - No corresponding VertexField for :__g__dirty
58993 [main] INFO org.apache.gora.orientdb.store.OrientDBStore - Get mapKey : header5
58993 [main] INFO org.apache.gora.orientdb.store.OrientDBStore - Get mapKey : header0
58993 [main] INFO org.apache.gora.orientdb.store.OrientDBStore - Get mapKey : header4
58993 [main] INFO org.apache.gora.orientdb.store.OrientDBStore - Get mapKey : header3
58994 [main] INFO org.apache.gora.orientdb.store.OrientDBStore - Get mapKey : header2
58994 [main] INFO org.apache.gora.orientdb.store.OrientDBStore - Get mapKey : header1
58997 [main] INFO org.apache.gora.orientdb.store.OrientDBStore - Member name :  __g__dirty
58997 [main] INFO org.apache.gora.orientdb.store.OrientDBStore - Member name :  version
58998 [main] INFO org.apache.gora.orientdb.store.OrientDBStore - Member name :  data
58998 [main] INFO org.apache.gora.orientdb.store.OrientDBStore - Updating record
59005 [main] INFO org.apache.gora.orientdb.store.OrientDBStore - The object  with key : http://f.com/f  is added to the db
59010 [main] WARN org.apache.gora.orientdb.store.OrientDBStore - No corresponding VertexField for :__g__dirty
59012 [main] INFO org.apache.gora.orientdb.store.OrientDBStore - Get mapKey : header5
59012 [main] INFO org.apache.gora.orientdb.store.OrientDBStore - Get mapKey : header0
59012 [main] INFO org.apache.gora.orientdb.store.OrientDBStore - Get mapKey : header4
59012 [main] INFO org.apache.gora.orientdb.store.OrientDBStore - Get mapKey : header3
59013 [main] INFO org.apache.gora.orientdb.store.OrientDBStore - Get mapKey : header2
59013 [main] INFO org.apache.gora.orientdb.store.OrientDBStore - Get mapKey : header1
59015 [main] INFO org.apache.gora.orientdb.store.OrientDBStore - Member name :  __g__dirty
59015 [main] INFO org.apache.gora.orientdb.store.OrientDBStore - Member name :  version
59015 [main] INFO org.apache.gora.orientdb.store.OrientDBStore - Member name :  data
59017 [main] INFO org.apache.gora.orientdb.store.OrientDBStore - Updating record
59024 [main] INFO org.apache.gora.orientdb.store.OrientDBStore - The object  with key : http://g.com/g  is added to the db
59039 [main] INFO org.apache.gora.orientdb.store.OrientDBStore - Name of all fields:  url;     FieldTypeunion;     UNION
59040 [main] INFO org.apache.gora.orientdb.store.OrientDBStore - Load from DBObject (UNION), schemaType:STRING, docField:url
59040 [main] INFO org.apache.gora.orientdb.store.OrientDBStore - Name of all fields:  content;     FieldTypeunion;     UNION
59040 [main] INFO org.apache.gora.orientdb.store.OrientDBStore - Load from DBObject (UNION), schemaType:BYTES, docField:content
59041 [main] INFO org.apache.gora.orientdb.store.OrientDBStore - Name of all fields:  parsedContent;     FieldTypearray;     ARRAY
59041 [main] INFO org.apache.gora.orientdb.store.OrientDBStore - Name of all fields:  outlinks;     FieldTypemap;     MAP
59042 [main] INFO org.apache.gora.orientdb.store.OrientDBStore - Name of all fields:  headers;     FieldTypeunion;     UNION
59042 [main] INFO org.apache.gora.orientdb.store.OrientDBStore - Load from DBObject (UNION), schemaType:MAP, docField:headers
59044 [main] INFO org.apache.gora.orientdb.store.OrientDBStore - Name of all fields:  metadata;     FieldTyperecord;     RECORD
59045 [main] INFO org.apache.gora.orientdb.store.OrientDBStore - Field :  INT   name of field : version   docField : version   1
59045 [main] INFO org.apache.gora.orientdb.store.OrientDBStore - Field :  MAP   name of field : data   docField : data   2
59049 [main] WARN org.apache.gora.orientdb.store.OrientDBStore - No corresponding VertexField for :__g__dirty
59050 [main] WARN org.apache.gora.orientdb.store.OrientDBStore - Insert Bytescontent
59053 [main] INFO org.apache.gora.orientdb.store.OrientDBStore - Member name :  __g__dirty
59053 [main] INFO org.apache.gora.orientdb.store.OrientDBStore - Member name :  version
59053 [main] INFO org.apache.gora.orientdb.store.OrientDBStore - Member name :  data
59054 [main] INFO org.apache.gora.orientdb.store.OrientDBStore - Updating record
59059 [main] INFO org.apache.gora.orientdb.store.OrientDBStore - The object  with key : http://a.com/a  is added to the db
59065 [main] INFO org.apache.gora.orientdb.store.OrientDBStore - Name of all fields:  url;     FieldTypeunion;     UNION
59065 [main] INFO org.apache.gora.orientdb.store.OrientDBStore - Load from DBObject (UNION), schemaType:STRING, docField:url
59066 [main] INFO org.apache.gora.orientdb.store.OrientDBStore - Name of all fields:  content;     FieldTypeunion;     UNION
59066 [main] INFO org.apache.gora.orientdb.store.OrientDBStore - Load from DBObject (UNION), schemaType:BYTES, docField:content
59066 [main] INFO org.apache.gora.orientdb.store.OrientDBStore - Name of all fields:  parsedContent;     FieldTypearray;     ARRAY
59067 [main] INFO org.apache.gora.orientdb.store.OrientDBStore - Name of all fields:  outlinks;     FieldTypemap;     MAP
59067 [main] INFO org.apache.gora.orientdb.store.OrientDBStore - Name of all fields:  headers;     FieldTypeunion;     UNION
59067 [main] INFO org.apache.gora.orientdb.store.OrientDBStore - Load from DBObject (UNION), schemaType:MAP, docField:headers
59069 [main] INFO org.apache.gora.orientdb.store.OrientDBStore - Name of all fields:  metadata;     FieldTyperecord;     RECORD
59069 [main] INFO org.apache.gora.orientdb.store.OrientDBStore - Field :  INT   name of field : version   docField : version   1
59070 [main] INFO org.apache.gora.orientdb.store.OrientDBStore - Field :  MAP   name of field : data   docField : data   2
59073 [main] WARN org.apache.gora.orientdb.store.OrientDBStore - No corresponding VertexField for :__g__dirty
59074 [main] WARN org.apache.gora.orientdb.store.OrientDBStore - Insert Bytescontent
59076 [main] INFO org.apache.gora.orientdb.store.OrientDBStore - Member name :  __g__dirty
59076 [main] INFO org.apache.gora.orientdb.store.OrientDBStore - Member name :  version
59077 [main] INFO org.apache.gora.orientdb.store.OrientDBStore - Member name :  data
59078 [main] INFO org.apache.gora.orientdb.store.OrientDBStore - Updating record
59084 [main] INFO org.apache.gora.orientdb.store.OrientDBStore - The object  with key : http://b.com/b  is added to the db
59092 [main] INFO org.apache.gora.orientdb.store.OrientDBStore - Name of all fields:  url;     FieldTypeunion;     UNION
59092 [main] INFO org.apache.gora.orientdb.store.OrientDBStore - Load from DBObject (UNION), schemaType:STRING, docField:url
59093 [main] INFO org.apache.gora.orientdb.store.OrientDBStore - Name of all fields:  content;     FieldTypeunion;     UNION
59093 [main] INFO org.apache.gora.orientdb.store.OrientDBStore - Load from DBObject (UNION), schemaType:BYTES, docField:content
59094 [main] INFO org.apache.gora.orientdb.store.OrientDBStore - Name of all fields:  parsedContent;     FieldTypearray;     ARRAY
59094 [main] INFO org.apache.gora.orientdb.store.OrientDBStore - Name of all fields:  outlinks;     FieldTypemap;     MAP
59095 [main] INFO org.apache.gora.orientdb.store.OrientDBStore - Name of all fields:  headers;     FieldTypeunion;     UNION
59095 [main] INFO org.apache.gora.orientdb.store.OrientDBStore - Load from DBObject (UNION), schemaType:MAP, docField:headers
59097 [main] INFO org.apache.gora.orientdb.store.OrientDBStore - Name of all fields:  metadata;     FieldTyperecord;     RECORD
59098 [main] INFO org.apache.gora.orientdb.store.OrientDBStore - Field :  INT   name of field : version   docField : version   1
59098 [main] INFO org.apache.gora.orientdb.store.OrientDBStore - Field :  MAP   name of field : data   docField : data   2
59103 [main] WARN org.apache.gora.orientdb.store.OrientDBStore - No corresponding VertexField for :__g__dirty
59104 [main] WARN org.apache.gora.orientdb.store.OrientDBStore - Insert Bytescontent
59106 [main] INFO org.apache.gora.orientdb.store.OrientDBStore - Member name :  __g__dirty
59107 [main] INFO org.apache.gora.orientdb.store.OrientDBStore - Member name :  version
59107 [main] INFO org.apache.gora.orientdb.store.OrientDBStore - Member name :  data
59108 [main] INFO org.apache.gora.orientdb.store.OrientDBStore - Updating record
59114 [main] INFO org.apache.gora.orientdb.store.OrientDBStore - The object  with key : http://c.com/c  is added to the db
59122 [main] INFO org.apache.gora.orientdb.store.OrientDBStore - Name of all fields:  url;     FieldTypeunion;     UNION
59122 [main] INFO org.apache.gora.orientdb.store.OrientDBStore - Load from DBObject (UNION), schemaType:STRING, docField:url
59123 [main] INFO org.apache.gora.orientdb.store.OrientDBStore - Name of all fields:  content;     FieldTypeunion;     UNION
59123 [main] INFO org.apache.gora.orientdb.store.OrientDBStore - Load from DBObject (UNION), schemaType:BYTES, docField:content
59124 [main] INFO org.apache.gora.orientdb.store.OrientDBStore - Name of all fields:  parsedContent;     FieldTypearray;     ARRAY
59124 [main] INFO org.apache.gora.orientdb.store.OrientDBStore - Name of all fields:  outlinks;     FieldTypemap;     MAP
59125 [main] INFO org.apache.gora.orientdb.store.OrientDBStore - Name of all fields:  headers;     FieldTypeunion;     UNION
59125 [main] INFO org.apache.gora.orientdb.store.OrientDBStore - Load from DBObject (UNION), schemaType:MAP, docField:headers
59127 [main] INFO org.apache.gora.orientdb.store.OrientDBStore - Name of all fields:  metadata;     FieldTyperecord;     RECORD
59127 [main] INFO org.apache.gora.orientdb.store.OrientDBStore - Field :  INT   name of field : version   docField : version   1
59128 [main] INFO org.apache.gora.orientdb.store.OrientDBStore - Field :  MAP   name of field : data   docField : data   2
59132 [main] WARN org.apache.gora.orientdb.store.OrientDBStore - No corresponding VertexField for :__g__dirty
59133 [main] WARN org.apache.gora.orientdb.store.OrientDBStore - Insert Bytescontent
59135 [main] INFO org.apache.gora.orientdb.store.OrientDBStore - Member name :  __g__dirty
59135 [main] INFO org.apache.gora.orientdb.store.OrientDBStore - Member name :  version
59135 [main] INFO org.apache.gora.orientdb.store.OrientDBStore - Member name :  data
59136 [main] INFO org.apache.gora.orientdb.store.OrientDBStore - Updating record
59141 [main] INFO org.apache.gora.orientdb.store.OrientDBStore - The object  with key : http://d.com/d  is added to the db
59148 [main] INFO org.apache.gora.orientdb.store.OrientDBStore - Name of all fields:  url;     FieldTypeunion;     UNION
59148 [main] INFO org.apache.gora.orientdb.store.OrientDBStore - Load from DBObject (UNION), schemaType:STRING, docField:url
59149 [main] INFO org.apache.gora.orientdb.store.OrientDBStore - Name of all fields:  content;     FieldTypeunion;     UNION
59149 [main] INFO org.apache.gora.orientdb.store.OrientDBStore - Load from DBObject (UNION), schemaType:BYTES, docField:content
59149 [main] INFO org.apache.gora.orientdb.store.OrientDBStore - Name of all fields:  parsedContent;     FieldTypearray;     ARRAY
59150 [main] INFO org.apache.gora.orientdb.store.OrientDBStore - Name of all fields:  outlinks;     FieldTypemap;     MAP
59151 [main] INFO org.apache.gora.orientdb.store.OrientDBStore - Name of all fields:  headers;     FieldTypeunion;     UNION
59151 [main] INFO org.apache.gora.orientdb.store.OrientDBStore - Load from DBObject (UNION), schemaType:MAP, docField:headers
59153 [main] INFO org.apache.gora.orientdb.store.OrientDBStore - Name of all fields:  metadata;     FieldTyperecord;     RECORD
59153 [main] INFO org.apache.gora.orientdb.store.OrientDBStore - Field :  INT   name of field : version   docField : version   1
59154 [main] INFO org.apache.gora.orientdb.store.OrientDBStore - Field :  MAP   name of field : data   docField : data   2
59158 [main] WARN org.apache.gora.orientdb.store.OrientDBStore - No corresponding VertexField for :__g__dirty
59159 [main] WARN org.apache.gora.orientdb.store.OrientDBStore - Insert Bytescontent
59161 [main] INFO org.apache.gora.orientdb.store.OrientDBStore - Member name :  __g__dirty
59161 [main] INFO org.apache.gora.orientdb.store.OrientDBStore - Member name :  version
59161 [main] INFO org.apache.gora.orientdb.store.OrientDBStore - Member name :  data
59162 [main] INFO org.apache.gora.orientdb.store.OrientDBStore - Updating record
59167 [main] INFO org.apache.gora.orientdb.store.OrientDBStore - The object  with key : http://e.com/e  is added to the db
59173 [main] INFO org.apache.gora.orientdb.store.OrientDBStore - Name of all fields:  url;     FieldTypeunion;     UNION
59174 [main] INFO org.apache.gora.orientdb.store.OrientDBStore - Load from DBObject (UNION), schemaType:STRING, docField:url
59174 [main] INFO org.apache.gora.orientdb.store.OrientDBStore - Name of all fields:  content;     FieldTypeunion;     UNION
59174 [main] INFO org.apache.gora.orientdb.store.OrientDBStore - Load from DBObject (UNION), schemaType:BYTES, docField:content
59175 [main] INFO org.apache.gora.orientdb.store.OrientDBStore - Name of all fields:  parsedContent;     FieldTypearray;     ARRAY
59175 [main] INFO org.apache.gora.orientdb.store.OrientDBStore - Name of all fields:  outlinks;     FieldTypemap;     MAP
59176 [main] INFO org.apache.gora.orientdb.store.OrientDBStore - Name of all fields:  headers;     FieldTypeunion;     UNION
59176 [main] INFO org.apache.gora.orientdb.store.OrientDBStore - Load from DBObject (UNION), schemaType:MAP, docField:headers
59206 [main] INFO org.apache.gora.orientdb.store.OrientDBStore - Name of all fields:  metadata;     FieldTyperecord;     RECORD
59208 [main] INFO org.apache.gora.orientdb.store.OrientDBStore - Field :  INT   name of field : version   docField : version   1
59209 [main] INFO org.apache.gora.orientdb.store.OrientDBStore - Field :  MAP   name of field : data   docField : data   2
59216 [main] WARN org.apache.gora.orientdb.store.OrientDBStore - No corresponding VertexField for :__g__dirty
59219 [main] WARN org.apache.gora.orientdb.store.OrientDBStore - Insert Bytescontent
59222 [main] INFO org.apache.gora.orientdb.store.OrientDBStore - Member name :  __g__dirty
59223 [main] INFO org.apache.gora.orientdb.store.OrientDBStore - Member name :  version
59225 [main] INFO org.apache.gora.orientdb.store.OrientDBStore - Member name :  data
59226 [main] INFO org.apache.gora.orientdb.store.OrientDBStore - Updating record
59235 [main] INFO org.apache.gora.orientdb.store.OrientDBStore - The object  with key : http://f.com/f  is added to the db
59259 [main] INFO org.apache.gora.orientdb.store.OrientDBStore - Name of all fields:  url;     FieldTypeunion;     UNION
59260 [main] INFO org.apache.gora.orientdb.store.OrientDBStore - Load from DBObject (UNION), schemaType:STRING, docField:url
59261 [main] INFO org.apache.gora.orientdb.store.OrientDBStore - Name of all fields:  content;     FieldTypeunion;     UNION
59265 [main] INFO org.apache.gora.orientdb.store.OrientDBStore - Load from DBObject (UNION), schemaType:BYTES, docField:content
59266 [main] INFO org.apache.gora.orientdb.store.OrientDBStore - Name of all fields:  parsedContent;     FieldTypearray;     ARRAY
59267 [main] INFO org.apache.gora.orientdb.store.OrientDBStore - Name of all fields:  outlinks;     FieldTypemap;     MAP
59270 [main] INFO org.apache.gora.orientdb.store.OrientDBStore - Name of all fields:  headers;     FieldTypeunion;     UNION
59271 [main] INFO org.apache.gora.orientdb.store.OrientDBStore - Load from DBObject (UNION), schemaType:MAP, docField:headers
59275 [main] INFO org.apache.gora.orientdb.store.OrientDBStore - Name of all fields:  metadata;     FieldTyperecord;     RECORD
59275 [main] INFO org.apache.gora.orientdb.store.OrientDBStore - Field :  INT   name of field : version   docField : version   1
59276 [main] INFO org.apache.gora.orientdb.store.OrientDBStore - Field :  MAP   name of field : data   docField : data   2
59285 [main] WARN org.apache.gora.orientdb.store.OrientDBStore - No corresponding VertexField for :__g__dirty
59287 [main] WARN org.apache.gora.orientdb.store.OrientDBStore - Insert Bytescontent
59290 [main] INFO org.apache.gora.orientdb.store.OrientDBStore - Member name :  __g__dirty
59291 [main] INFO org.apache.gora.orientdb.store.OrientDBStore - Member name :  version
59291 [main] INFO org.apache.gora.orientdb.store.OrientDBStore - Member name :  data
59292 [main] INFO org.apache.gora.orientdb.store.OrientDBStore - Updating record
59299 [main] INFO org.apache.gora.orientdb.store.OrientDBStore - The object  with key : http://g.com/g  is added to the db
59307 [main] INFO org.apache.gora.orientdb.store.OrientDBStore - Name of all fields:  url;     FieldTypeunion;     UNION
59307 [main] INFO org.apache.gora.orientdb.store.OrientDBStore - Load from DBObject (UNION), schemaType:STRING, docField:url
59307 [main] INFO org.apache.gora.orientdb.store.OrientDBStore - Name of all fields:  content;     FieldTypeunion;     UNION
59308 [main] INFO org.apache.gora.orientdb.store.OrientDBStore - Load from DBObject (UNION), schemaType:BYTES, docField:content
59308 [main] INFO org.apache.gora.orientdb.store.OrientDBStore - Name of all fields:  parsedContent;     FieldTypearray;     ARRAY
59309 [main] INFO org.apache.gora.orientdb.store.OrientDBStore - Name of all fields:  outlinks;     FieldTypemap;     MAP
59309 [main] INFO org.apache.gora.orientdb.store.OrientDBStore - Name of all fields:  headers;     FieldTypeunion;     UNION
59310 [main] INFO org.apache.gora.orientdb.store.OrientDBStore - Load from DBObject (UNION), schemaType:MAP, docField:headers
59312 [main] INFO org.apache.gora.orientdb.store.OrientDBStore - Name of all fields:  metadata;     FieldTyperecord;     RECORD
59313 [main] INFO org.apache.gora.orientdb.store.OrientDBStore - Field :  INT   name of field : version   docField : version   1
59313 [main] INFO org.apache.gora.orientdb.store.OrientDBStore - Field :  MAP   name of field : data   docField : data   2
59315 [main] INFO org.apache.gora.store.DataStoreTestBase - tearing down test
</system-err>
  </testcase>
  <testcase time="1.163" classname="org.apache.gora.orientdb.store.OrientDBStore_Test" name="testGet"/>
</testsuite>