<?xml version="1.0" encoding="UTF-8" ?>
<testsuite failures="0" time="30.389" errors="25" skipped="0" tests="34" name="org.apache.gora.orientdb.store.OrientDBStore_Test">
  <properties>
[...]
</properties>
  <testcase time="5.71" classname="org.apache.gora.orientdb.store.OrientDBStore_Test" name="addSeveralTopLevelDocumentFields">
    <error message="Class internalRecord already exists in current database" type="com.orientechnologies.orient.core.exception.OSchemaException">com.orientechnologies.orient.core.exception.OSchemaException: Class internalRecord already exists in current database
	at com.orientechnologies.orient.core.metadata.schema.OSchemaShared$3.call(OSchemaShared.java:182)
	at com.orientechnologies.orient.core.metadata.schema.OSchemaShared$3.call(OSchemaShared.java:178)
	at com.orientechnologies.orient.core.storage.OStorageAbstract.callInLock(OStorageAbstract.java:185)
	at com.orientechnologies.orient.client.remote.OStorageRemoteThread.callInLock(OStorageRemoteThread.java:696)
	at com.orientechnologies.orient.core.metadata.schema.OSchemaShared.createClass(OSchemaShared.java:178)
	at com.orientechnologies.orient.core.metadata.schema.OSchemaShared.createClass(OSchemaShared.java:126)
	at com.orientechnologies.orient.core.metadata.schema.OSchemaShared.createClass(OSchemaShared.java:118)
	at com.orientechnologies.orient.core.metadata.schema.OSchemaShared.createClass(OSchemaShared.java:106)
	at com.orientechnologies.orient.core.metadata.schema.OSchemaProxy.createClass(OSchemaProxy.java:77)
	at org.apache.gora.orientdb.store.OrientDBStore.createSchema(OrientDBStore.java:189)
	at org.apache.gora.orientdb.store.OrientDBStore_Test.createWebPageDataStore(OrientDBStore_Test.java:138)
	at org.apache.gora.store.DataStoreTestBase.setUp(DataStoreTestBase.java:97)
	at sun.reflect.NativeMethodAccessorImpl.invoke0(Native Method)
	at sun.reflect.NativeMethodAccessorImpl.invoke(NativeMethodAccessorImpl.java:57)
	at sun.reflect.DelegatingMethodAccessorImpl.invoke(DelegatingMethodAccessorImpl.java:43)
	at java.lang.reflect.Method.invoke(Method.java:601)
	at org.junit.runners.model.FrameworkMethod$1.runReflectiveCall(FrameworkMethod.java:45)
	at org.junit.internal.runners.model.ReflectiveCallable.run(ReflectiveCallable.java:15)
	at org.junit.runners.model.FrameworkMethod.invokeExplosively(FrameworkMethod.java:42)
	at org.junit.internal.runners.statements.RunBefores.evaluate(RunBefores.java:27)
	at org.junit.internal.runners.statements.RunAfters.evaluate(RunAfters.java:30)
	at org.junit.runners.ParentRunner.runLeaf(ParentRunner.java:263)
	at org.junit.runners.BlockJUnit4ClassRunner.runChild(BlockJUnit4ClassRunner.java:68)
	at org.junit.runners.BlockJUnit4ClassRunner.runChild(BlockJUnit4ClassRunner.java:47)
	at org.junit.runners.ParentRunner$3.run(ParentRunner.java:231)
	at org.junit.runners.ParentRunner$1.schedule(ParentRunner.java:60)
	at org.junit.runners.ParentRunner.runChildren(ParentRunner.java:229)
	at org.junit.runners.ParentRunner.access$000(ParentRunner.java:50)
	at org.junit.runners.ParentRunner$2.evaluate(ParentRunner.java:222)
	at org.junit.internal.runners.statements.RunBefores.evaluate(RunBefores.java:28)
	at org.junit.internal.runners.statements.RunAfters.evaluate(RunAfters.java:30)
	at org.junit.runners.ParentRunner.run(ParentRunner.java:300)
	at org.apache.maven.surefire.junit4.JUnit4Provider.execute(JUnit4Provider.java:236)
	at org.apache.maven.surefire.junit4.JUnit4Provider.executeTestSet(JUnit4Provider.java:134)
	at org.apache.maven.surefire.junit4.JUnit4Provider.invoke(JUnit4Provider.java:113)
	at sun.reflect.NativeMethodAccessorImpl.invoke0(Native Method)
	at sun.reflect.NativeMethodAccessorImpl.invoke(NativeMethodAccessorImpl.java:57)
	at sun.reflect.DelegatingMethodAccessorImpl.invoke(DelegatingMethodAccessorImpl.java:43)
	at java.lang.reflect.Method.invoke(Method.java:601)
	at org.apache.maven.surefire.util.ReflectionUtils.invokeMethodWithArray(ReflectionUtils.java:189)
	at org.apache.maven.surefire.booter.ProviderFactory$ProviderProxy.invoke(ProviderFactory.java:165)
	at org.apache.maven.surefire.booter.ProviderFactory.invokeProvider(ProviderFactory.java:85)
	at org.apache.maven.surefire.booter.ForkedBooter.runSuitesInProcess(ForkedBooter.java:103)
	at org.apache.maven.surefire.booter.ForkedBooter.main(ForkedBooter.java:74)
</error>
    <system-err>31 [main] INFO org.apache.gora.store.DataStoreTestBase - setting up test
1912 [main] WARN org.apache.gora.orientdb.store.OrientDBStore - Unable to load the mapping from resource &apos;C:\Users\Nicolas\gora\gora-orientdb\src\test\resources\gora-orientdb-mapping.xml&apos; as it does not appear to exist! Trying local file.
2852 [main] INFO org.apache.gora.orientdb.store.OrientDBStore - Vertex name : Employee
4818 [main] INFO org.apache.gora.orientdb.store.OrientDBStore - Initialized Orient Store for host remote and url localhost:2424/searchDB
5404 [main] WARN org.apache.gora.orientdb.store.OrientDBStore - Class Employee has been created
5420 [main] WARN org.apache.gora.orientdb.store.OrientDBStore - Unable to load the mapping from resource &apos;C:\Users\Nicolas\gora\gora-orientdb\src\test\resources\gora-orientdb-mapping.xml&apos; as it does not appear to exist! Trying local file.
5519 [main] INFO org.apache.gora.orientdb.store.OrientDBStore - Vertex name : WebPage
5532 [main] INFO org.apache.gora.orientdb.store.OrientDBStore - Initialized Orient Store for host remote and url localhost:2424/searchDB
5717 [main] INFO org.apache.gora.store.DataStoreTestBase - tearing down test
</system-err>
  </testcase>
  <testcase time="1.79" classname="org.apache.gora.orientdb.store.OrientDBStore_Test" name="addConflictingFields1"/>
  <testcase time="1.604" classname="org.apache.gora.orientdb.store.OrientDBStore_Test" name="testDeleteByQueryFields"/>
  <testcase time="1.475" classname="org.apache.gora.orientdb.store.OrientDBStore_Test" name="testGet3UnionField"/>
  <testcase time="2.992" classname="org.apache.gora.orientdb.store.OrientDBStore_Test" name="testQueryWebPageSingleKey"/>
  <testcase time="5.593" classname="org.apache.gora.orientdb.store.OrientDBStore_Test" name="testDeleteByQuery"/>
  <testcase time="2.392" classname="org.apache.gora.orientdb.store.OrientDBStore_Test" name="testDeleteSchema"/>
  <testcase time="3.029" classname="org.apache.gora.orientdb.store.OrientDBStore_Test" name="testGetWithFields"/>
  <testcase time="1.821" classname="org.apache.gora.orientdb.store.OrientDBStore_Test" name="testGetWebPage"/>
  <testcase time="1.918" classname="org.apache.gora.orientdb.store.OrientDBStore_Test" name="testSchemaExists"/>
  <testcase time="0.054" classname="org.apache.gora.orientdb.store.OrientDBStore_Test" name="testTruncateSchema">
    <error message="Class Employee already exists in current database" type="com.orientechnologies.orient.core.exception.OSchemaException">com.orientechnologies.orient.core.exception.OSchemaException: Class Employee already exists in current database
	at com.orientechnologies.orient.core.metadata.schema.OSchemaShared$3.call(OSchemaShared.java:182)
	at com.orientechnologies.orient.core.metadata.schema.OSchemaShared$3.call(OSchemaShared.java:178)
	at com.orientechnologies.orient.core.storage.OStorageAbstract.callInLock(OStorageAbstract.java:185)
	at com.orientechnologies.orient.client.remote.OStorageRemoteThread.callInLock(OStorageRemoteThread.java:696)
	at com.orientechnologies.orient.core.metadata.schema.OSchemaShared.createClass(OSchemaShared.java:178)
	at com.orientechnologies.orient.core.metadata.schema.OSchemaShared.createClass(OSchemaShared.java:126)
	at com.orientechnologies.orient.core.metadata.schema.OSchemaShared.createClass(OSchemaShared.java:118)
	at com.orientechnologies.orient.core.metadata.schema.OSchemaShared.createClass(OSchemaShared.java:106)
	at com.orientechnologies.orient.core.metadata.schema.OSchemaProxy.createClass(OSchemaProxy.java:77)
	at org.apache.gora.orientdb.store.OrientDBStore.createSchema(OrientDBStore.java:185)
	at org.apache.gora.orientdb.store.OrientDBStore_Test.createEmployeeDataStore(OrientDBStore_Test.java:119)
	at org.apache.gora.store.DataStoreTestBase.setUp(DataStoreTestBase.java:96)
	at sun.reflect.NativeMethodAccessorImpl.invoke0(Native Method)
	at sun.reflect.NativeMethodAccessorImpl.invoke(NativeMethodAccessorImpl.java:57)
	at sun.reflect.DelegatingMethodAccessorImpl.invoke(DelegatingMethodAccessorImpl.java:43)
	at java.lang.reflect.Method.invoke(Method.java:601)
	at org.junit.runners.model.FrameworkMethod$1.runReflectiveCall(FrameworkMethod.java:45)
	at org.junit.internal.runners.model.ReflectiveCallable.run(ReflectiveCallable.java:15)
	at org.junit.runners.model.FrameworkMethod.invokeExplosively(FrameworkMethod.java:42)
	at org.junit.internal.runners.statements.RunBefores.evaluate(RunBefores.java:27)
	at org.junit.internal.runners.statements.RunAfters.evaluate(RunAfters.java:30)
	at org.junit.runners.ParentRunner.runLeaf(ParentRunner.java:263)
	at org.junit.runners.BlockJUnit4ClassRunner.runChild(BlockJUnit4ClassRunner.java:68)
	at org.junit.runners.BlockJUnit4ClassRunner.runChild(BlockJUnit4ClassRunner.java:47)
	at org.junit.runners.ParentRunner$3.run(ParentRunner.java:231)
	at org.junit.runners.ParentRunner$1.schedule(ParentRunner.java:60)
	at org.junit.runners.ParentRunner.runChildren(ParentRunner.java:229)
	at org.junit.runners.ParentRunner.access$000(ParentRunner.java:50)
	at org.junit.runners.ParentRunner$2.evaluate(ParentRunner.java:222)
	at org.junit.internal.runners.statements.RunBefores.evaluate(RunBefores.java:28)
	at org.junit.internal.runners.statements.RunAfters.evaluate(RunAfters.java:30)
	at org.junit.runners.ParentRunner.run(ParentRunner.java:300)
	at org.apache.maven.surefire.junit4.JUnit4Provider.execute(JUnit4Provider.java:236)
	at org.apache.maven.surefire.junit4.JUnit4Provider.executeTestSet(JUnit4Provider.java:134)
	at org.apache.maven.surefire.junit4.JUnit4Provider.invoke(JUnit4Provider.java:113)
	at sun.reflect.NativeMethodAccessorImpl.invoke0(Native Method)
	at sun.reflect.NativeMethodAccessorImpl.invoke(NativeMethodAccessorImpl.java:57)
	at sun.reflect.DelegatingMethodAccessorImpl.invoke(DelegatingMethodAccessorImpl.java:43)
	at java.lang.reflect.Method.invoke(Method.java:601)
	at org.apache.maven.surefire.util.ReflectionUtils.invokeMethodWithArray(ReflectionUtils.java:189)
	at org.apache.maven.surefire.booter.ProviderFactory$ProviderProxy.invoke(ProviderFactory.java:165)
	at org.apache.maven.surefire.booter.ProviderFactory.invokeProvider(ProviderFactory.java:85)
	at org.apache.maven.surefire.booter.ForkedBooter.runSuitesInProcess(ForkedBooter.java:103)
	at org.apache.maven.surefire.booter.ForkedBooter.main(ForkedBooter.java:74)
</error>
    <system-err>28377 [main] INFO org.apache.gora.store.DataStoreTestBase - setting up test
28379 [main] WARN org.apache.gora.orientdb.store.OrientDBStore - Unable to load the mapping from resource &apos;C:\Users\Nicolas\gora\gora-orientdb\src\test\resources\gora-orientdb-mapping.xml&apos; as it does not appear to exist! Trying local file.
28413 [main] INFO org.apache.gora.orientdb.store.OrientDBStore - Vertex name : Employee
28420 [main] INFO org.apache.gora.orientdb.store.OrientDBStore - Initialized Orient Store for host remote and url localhost:2424/searchDB
28427 [main] INFO org.apache.gora.store.DataStoreTestBase - tearing down test
</system-err>
  </testcase>
  <testcase time="0.072" classname="org.apache.gora.orientdb.store.OrientDBStore_Test" name="testGetRecursive">
    <error message="Class Employee already exists in current database" type="com.orientechnologies.orient.core.exception.OSchemaException">com.orientechnologies.orient.core.exception.OSchemaException: Class Employee already exists in current database
	at com.orientechnologies.orient.core.metadata.schema.OSchemaShared$3.call(OSchemaShared.java:182)
	at com.orientechnologies.orient.core.metadata.schema.OSchemaShared$3.call(OSchemaShared.java:178)
	at com.orientechnologies.orient.core.storage.OStorageAbstract.callInLock(OStorageAbstract.java:185)
	at com.orientechnologies.orient.client.remote.OStorageRemoteThread.callInLock(OStorageRemoteThread.java:696)
	at com.orientechnologies.orient.core.metadata.schema.OSchemaShared.createClass(OSchemaShared.java:178)
	at com.orientechnologies.orient.core.metadata.schema.OSchemaShared.createClass(OSchemaShared.java:126)
	at com.orientechnologies.orient.core.metadata.schema.OSchemaShared.createClass(OSchemaShared.java:118)
	at com.orientechnologies.orient.core.metadata.schema.OSchemaShared.createClass(OSchemaShared.java:106)
	at com.orientechnologies.orient.core.metadata.schema.OSchemaProxy.createClass(OSchemaProxy.java:77)
	at org.apache.gora.orientdb.store.OrientDBStore.createSchema(OrientDBStore.java:185)
	at org.apache.gora.orientdb.store.OrientDBStore_Test.createEmployeeDataStore(OrientDBStore_Test.java:119)
	at org.apache.gora.store.DataStoreTestBase.setUp(DataStoreTestBase.java:96)
	at sun.reflect.NativeMethodAccessorImpl.invoke0(Native Method)
	at sun.reflect.NativeMethodAccessorImpl.invoke(NativeMethodAccessorImpl.java:57)
	at sun.reflect.DelegatingMethodAccessorImpl.invoke(DelegatingMethodAccessorImpl.java:43)
	at java.lang.reflect.Method.invoke(Method.java:601)
	at org.junit.runners.model.FrameworkMethod$1.runReflectiveCall(FrameworkMethod.java:45)
	at org.junit.internal.runners.model.ReflectiveCallable.run(ReflectiveCallable.java:15)
	at org.junit.runners.model.FrameworkMethod.invokeExplosively(FrameworkMethod.java:42)
	at org.junit.internal.runners.statements.RunBefores.evaluate(RunBefores.java:27)
	at org.junit.internal.runners.statements.RunAfters.evaluate(RunAfters.java:30)
	at org.junit.runners.ParentRunner.runLeaf(ParentRunner.java:263)
	at org.junit.runners.BlockJUnit4ClassRunner.runChild(BlockJUnit4ClassRunner.java:68)
	at org.junit.runners.BlockJUnit4ClassRunner.runChild(BlockJUnit4ClassRunner.java:47)
	at org.junit.runners.ParentRunner$3.run(ParentRunner.java:231)
	at org.junit.runners.ParentRunner$1.schedule(ParentRunner.java:60)
	at org.junit.runners.ParentRunner.runChildren(ParentRunner.java:229)
	at org.junit.runners.ParentRunner.access$000(ParentRunner.java:50)
	at org.junit.runners.ParentRunner$2.evaluate(ParentRunner.java:222)
	at org.junit.internal.runners.statements.RunBefores.evaluate(RunBefores.java:28)
	at org.junit.internal.runners.statements.RunAfters.evaluate(RunAfters.java:30)
	at org.junit.runners.ParentRunner.run(ParentRunner.java:300)
	at org.apache.maven.surefire.junit4.JUnit4Provider.execute(JUnit4Provider.java:236)
	at org.apache.maven.surefire.junit4.JUnit4Provider.executeTestSet(JUnit4Provider.java:134)
	at org.apache.maven.surefire.junit4.JUnit4Provider.invoke(JUnit4Provider.java:113)
	at sun.reflect.NativeMethodAccessorImpl.invoke0(Native Method)
	at sun.reflect.NativeMethodAccessorImpl.invoke(NativeMethodAccessorImpl.java:57)
	at sun.reflect.DelegatingMethodAccessorImpl.invoke(DelegatingMethodAccessorImpl.java:43)
	at java.lang.reflect.Method.invoke(Method.java:601)
	at org.apache.maven.surefire.util.ReflectionUtils.invokeMethodWithArray(ReflectionUtils.java:189)
	at org.apache.maven.surefire.booter.ProviderFactory$ProviderProxy.invoke(ProviderFactory.java:165)
	at org.apache.maven.surefire.booter.ProviderFactory.invokeProvider(ProviderFactory.java:85)
	at org.apache.maven.surefire.booter.ForkedBooter.runSuitesInProcess(ForkedBooter.java:103)
	at org.apache.maven.surefire.booter.ForkedBooter.main(ForkedBooter.java:74)
</error>
    <system-err>28431 [main] INFO org.apache.gora.store.DataStoreTestBase - setting up test
28434 [main] WARN org.apache.gora.orientdb.store.OrientDBStore - Unable to load the mapping from resource &apos;C:\Users\Nicolas\gora\gora-orientdb\src\test\resources\gora-orientdb-mapping.xml&apos; as it does not appear to exist! Trying local file.
28485 [main] INFO org.apache.gora.orientdb.store.OrientDBStore - Vertex name : Employee
28492 [main] INFO org.apache.gora.orientdb.store.OrientDBStore - Initialized Orient Store for host remote and url localhost:2424/searchDB
28500 [main] INFO org.apache.gora.store.DataStoreTestBase - tearing down test
</system-err>
  </testcase>
  <testcase time="0.057" classname="org.apache.gora.orientdb.store.OrientDBStore_Test" name="testGetDoubleRecursive">
    <error message="Class Employee already exists in current database" type="com.orientechnologies.orient.core.exception.OSchemaException">com.orientechnologies.orient.core.exception.OSchemaException: Class Employee already exists in current database
	at com.orientechnologies.orient.core.metadata.schema.OSchemaShared$3.call(OSchemaShared.java:182)
	at com.orientechnologies.orient.core.metadata.schema.OSchemaShared$3.call(OSchemaShared.java:178)
	at com.orientechnologies.orient.core.storage.OStorageAbstract.callInLock(OStorageAbstract.java:185)
	at com.orientechnologies.orient.client.remote.OStorageRemoteThread.callInLock(OStorageRemoteThread.java:696)
	at com.orientechnologies.orient.core.metadata.schema.OSchemaShared.createClass(OSchemaShared.java:178)
	at com.orientechnologies.orient.core.metadata.schema.OSchemaShared.createClass(OSchemaShared.java:126)
	at com.orientechnologies.orient.core.metadata.schema.OSchemaShared.createClass(OSchemaShared.java:118)
	at com.orientechnologies.orient.core.metadata.schema.OSchemaShared.createClass(OSchemaShared.java:106)
	at com.orientechnologies.orient.core.metadata.schema.OSchemaProxy.createClass(OSchemaProxy.java:77)
	at org.apache.gora.orientdb.store.OrientDBStore.createSchema(OrientDBStore.java:185)
	at org.apache.gora.orientdb.store.OrientDBStore_Test.createEmployeeDataStore(OrientDBStore_Test.java:119)
	at org.apache.gora.store.DataStoreTestBase.setUp(DataStoreTestBase.java:96)
	at sun.reflect.NativeMethodAccessorImpl.invoke0(Native Method)
	at sun.reflect.NativeMethodAccessorImpl.invoke(NativeMethodAccessorImpl.java:57)
	at sun.reflect.DelegatingMethodAccessorImpl.invoke(DelegatingMethodAccessorImpl.java:43)
	at java.lang.reflect.Method.invoke(Method.java:601)
	at org.junit.runners.model.FrameworkMethod$1.runReflectiveCall(FrameworkMethod.java:45)
	at org.junit.internal.runners.model.ReflectiveCallable.run(ReflectiveCallable.java:15)
	at org.junit.runners.model.FrameworkMethod.invokeExplosively(FrameworkMethod.java:42)
	at org.junit.internal.runners.statements.RunBefores.evaluate(RunBefores.java:27)
	at org.junit.internal.runners.statements.RunAfters.evaluate(RunAfters.java:30)
	at org.junit.runners.ParentRunner.runLeaf(ParentRunner.java:263)
	at org.junit.runners.BlockJUnit4ClassRunner.runChild(BlockJUnit4ClassRunner.java:68)
	at org.junit.runners.BlockJUnit4ClassRunner.runChild(BlockJUnit4ClassRunner.java:47)
	at org.junit.runners.ParentRunner$3.run(ParentRunner.java:231)
	at org.junit.runners.ParentRunner$1.schedule(ParentRunner.java:60)
	at org.junit.runners.ParentRunner.runChildren(ParentRunner.java:229)
	at org.junit.runners.ParentRunner.access$000(ParentRunner.java:50)
	at org.junit.runners.ParentRunner$2.evaluate(ParentRunner.java:222)
	at org.junit.internal.runners.statements.RunBefores.evaluate(RunBefores.java:28)
	at org.junit.internal.runners.statements.RunAfters.evaluate(RunAfters.java:30)
	at org.junit.runners.ParentRunner.run(ParentRunner.java:300)
	at org.apache.maven.surefire.junit4.JUnit4Provider.execute(JUnit4Provider.java:236)
	at org.apache.maven.surefire.junit4.JUnit4Provider.executeTestSet(JUnit4Provider.java:134)
	at org.apache.maven.surefire.junit4.JUnit4Provider.invoke(JUnit4Provider.java:113)
	at sun.reflect.NativeMethodAccessorImpl.invoke0(Native Method)
	at sun.reflect.NativeMethodAccessorImpl.invoke(NativeMethodAccessorImpl.java:57)
	at sun.reflect.DelegatingMethodAccessorImpl.invoke(DelegatingMethodAccessorImpl.java:43)
	at java.lang.reflect.Method.invoke(Method.java:601)
	at org.apache.maven.surefire.util.ReflectionUtils.invokeMethodWithArray(ReflectionUtils.java:189)
	at org.apache.maven.surefire.booter.ProviderFactory$ProviderProxy.invoke(ProviderFactory.java:165)
	at org.apache.maven.surefire.booter.ProviderFactory.invokeProvider(ProviderFactory.java:85)
	at org.apache.maven.surefire.booter.ForkedBooter.runSuitesInProcess(ForkedBooter.java:103)
	at org.apache.maven.surefire.booter.ForkedBooter.main(ForkedBooter.java:74)
</error>
    <system-err>28504 [main] INFO org.apache.gora.store.DataStoreTestBase - setting up test
28505 [main] WARN org.apache.gora.orientdb.store.OrientDBStore - Unable to load the mapping from resource &apos;C:\Users\Nicolas\gora\gora-orientdb\src\test\resources\gora-orientdb-mapping.xml&apos; as it does not appear to exist! Trying local file.
28542 [main] INFO org.apache.gora.orientdb.store.OrientDBStore - Vertex name : Employee
28551 [main] INFO org.apache.gora.orientdb.store.OrientDBStore - Initialized Orient Store for host remote and url localhost:2424/searchDB
28558 [main] INFO org.apache.gora.store.DataStoreTestBase - tearing down test
</system-err>
  </testcase>
  <testcase time="0.072" classname="org.apache.gora.orientdb.store.OrientDBStore_Test" name="testGetNonExisting">
    <error message="Class Employee already exists in current database" type="com.orientechnologies.orient.core.exception.OSchemaException">com.orientechnologies.orient.core.exception.OSchemaException: Class Employee already exists in current database
	at com.orientechnologies.orient.core.metadata.schema.OSchemaShared$3.call(OSchemaShared.java:182)
	at com.orientechnologies.orient.core.metadata.schema.OSchemaShared$3.call(OSchemaShared.java:178)
	at com.orientechnologies.orient.core.storage.OStorageAbstract.callInLock(OStorageAbstract.java:185)
	at com.orientechnologies.orient.client.remote.OStorageRemoteThread.callInLock(OStorageRemoteThread.java:696)
	at com.orientechnologies.orient.core.metadata.schema.OSchemaShared.createClass(OSchemaShared.java:178)
	at com.orientechnologies.orient.core.metadata.schema.OSchemaShared.createClass(OSchemaShared.java:126)
	at com.orientechnologies.orient.core.metadata.schema.OSchemaShared.createClass(OSchemaShared.java:118)
	at com.orientechnologies.orient.core.metadata.schema.OSchemaShared.createClass(OSchemaShared.java:106)
	at com.orientechnologies.orient.core.metadata.schema.OSchemaProxy.createClass(OSchemaProxy.java:77)
	at org.apache.gora.orientdb.store.OrientDBStore.createSchema(OrientDBStore.java:185)
	at org.apache.gora.orientdb.store.OrientDBStore_Test.createEmployeeDataStore(OrientDBStore_Test.java:119)
	at org.apache.gora.store.DataStoreTestBase.setUp(DataStoreTestBase.java:96)
	at sun.reflect.NativeMethodAccessorImpl.invoke0(Native Method)
	at sun.reflect.NativeMethodAccessorImpl.invoke(NativeMethodAccessorImpl.java:57)
	at sun.reflect.DelegatingMethodAccessorImpl.invoke(DelegatingMethodAccessorImpl.java:43)
	at java.lang.reflect.Method.invoke(Method.java:601)
	at org.junit.runners.model.FrameworkMethod$1.runReflectiveCall(FrameworkMethod.java:45)
	at org.junit.internal.runners.model.ReflectiveCallable.run(ReflectiveCallable.java:15)
	at org.junit.runners.model.FrameworkMethod.invokeExplosively(FrameworkMethod.java:42)
	at org.junit.internal.runners.statements.RunBefores.evaluate(RunBefores.java:27)
	at org.junit.internal.runners.statements.RunAfters.evaluate(RunAfters.java:30)
	at org.junit.runners.ParentRunner.runLeaf(ParentRunner.java:263)
	at org.junit.runners.BlockJUnit4ClassRunner.runChild(BlockJUnit4ClassRunner.java:68)
	at org.junit.runners.BlockJUnit4ClassRunner.runChild(BlockJUnit4ClassRunner.java:47)
	at org.junit.runners.ParentRunner$3.run(ParentRunner.java:231)
	at org.junit.runners.ParentRunner$1.schedule(ParentRunner.java:60)
	at org.junit.runners.ParentRunner.runChildren(ParentRunner.java:229)
	at org.junit.runners.ParentRunner.access$000(ParentRunner.java:50)
	at org.junit.runners.ParentRunner$2.evaluate(ParentRunner.java:222)
	at org.junit.internal.runners.statements.RunBefores.evaluate(RunBefores.java:28)
	at org.junit.internal.runners.statements.RunAfters.evaluate(RunAfters.java:30)
	at org.junit.runners.ParentRunner.run(ParentRunner.java:300)
	at org.apache.maven.surefire.junit4.JUnit4Provider.execute(JUnit4Provider.java:236)
	at org.apache.maven.surefire.junit4.JUnit4Provider.executeTestSet(JUnit4Provider.java:134)
	at org.apache.maven.surefire.junit4.JUnit4Provider.invoke(JUnit4Provider.java:113)
	at sun.reflect.NativeMethodAccessorImpl.invoke0(Native Method)
	at sun.reflect.NativeMethodAccessorImpl.invoke(NativeMethodAccessorImpl.java:57)
	at sun.reflect.DelegatingMethodAccessorImpl.invoke(DelegatingMethodAccessorImpl.java:43)
	at java.lang.reflect.Method.invoke(Method.java:601)
	at org.apache.maven.surefire.util.ReflectionUtils.invokeMethodWithArray(ReflectionUtils.java:189)
	at org.apache.maven.surefire.booter.ProviderFactory$ProviderProxy.invoke(ProviderFactory.java:165)
	at org.apache.maven.surefire.booter.ProviderFactory.invokeProvider(ProviderFactory.java:85)
	at org.apache.maven.surefire.booter.ForkedBooter.runSuitesInProcess(ForkedBooter.java:103)
	at org.apache.maven.surefire.booter.ForkedBooter.main(ForkedBooter.java:74)
</error>
    <system-err>28562 [main] INFO org.apache.gora.store.DataStoreTestBase - setting up test
28563 [main] WARN org.apache.gora.orientdb.store.OrientDBStore - Unable to load the mapping from resource &apos;C:\Users\Nicolas\gora\gora-orientdb\src\test\resources\gora-orientdb-mapping.xml&apos; as it does not appear to exist! Trying local file.
28612 [main] INFO org.apache.gora.orientdb.store.OrientDBStore - Vertex name : Employee
28619 [main] INFO org.apache.gora.orientdb.store.OrientDBStore - Initialized Orient Store for host remote and url localhost:2424/searchDB
28630 [main] INFO org.apache.gora.store.DataStoreTestBase - tearing down test
</system-err>
  </testcase>
  <testcase time="0.061" classname="org.apache.gora.orientdb.store.OrientDBStore_Test" name="testQueryEndKey">
    <error message="Class Employee already exists in current database" type="com.orientechnologies.orient.core.exception.OSchemaException">com.orientechnologies.orient.core.exception.OSchemaException: Class Employee already exists in current database
	at com.orientechnologies.orient.core.metadata.schema.OSchemaShared$3.call(OSchemaShared.java:182)
	at com.orientechnologies.orient.core.metadata.schema.OSchemaShared$3.call(OSchemaShared.java:178)
	at com.orientechnologies.orient.core.storage.OStorageAbstract.callInLock(OStorageAbstract.java:185)
	at com.orientechnologies.orient.client.remote.OStorageRemoteThread.callInLock(OStorageRemoteThread.java:696)
	at com.orientechnologies.orient.core.metadata.schema.OSchemaShared.createClass(OSchemaShared.java:178)
	at com.orientechnologies.orient.core.metadata.schema.OSchemaShared.createClass(OSchemaShared.java:126)
	at com.orientechnologies.orient.core.metadata.schema.OSchemaShared.createClass(OSchemaShared.java:118)
	at com.orientechnologies.orient.core.metadata.schema.OSchemaShared.createClass(OSchemaShared.java:106)
	at com.orientechnologies.orient.core.metadata.schema.OSchemaProxy.createClass(OSchemaProxy.java:77)
	at org.apache.gora.orientdb.store.OrientDBStore.createSchema(OrientDBStore.java:185)
	at org.apache.gora.orientdb.store.OrientDBStore_Test.createEmployeeDataStore(OrientDBStore_Test.java:119)
	at org.apache.gora.store.DataStoreTestBase.setUp(DataStoreTestBase.java:96)
	at sun.reflect.NativeMethodAccessorImpl.invoke0(Native Method)
	at sun.reflect.NativeMethodAccessorImpl.invoke(NativeMethodAccessorImpl.java:57)
	at sun.reflect.DelegatingMethodAccessorImpl.invoke(DelegatingMethodAccessorImpl.java:43)
	at java.lang.reflect.Method.invoke(Method.java:601)
	at org.junit.runners.model.FrameworkMethod$1.runReflectiveCall(FrameworkMethod.java:45)
	at org.junit.internal.runners.model.ReflectiveCallable.run(ReflectiveCallable.java:15)
	at org.junit.runners.model.FrameworkMethod.invokeExplosively(FrameworkMethod.java:42)
	at org.junit.internal.runners.statements.RunBefores.evaluate(RunBefores.java:27)
	at org.junit.internal.runners.statements.RunAfters.evaluate(RunAfters.java:30)
	at org.junit.runners.ParentRunner.runLeaf(ParentRunner.java:263)
	at org.junit.runners.BlockJUnit4ClassRunner.runChild(BlockJUnit4ClassRunner.java:68)
	at org.junit.runners.BlockJUnit4ClassRunner.runChild(BlockJUnit4ClassRunner.java:47)
	at org.junit.runners.ParentRunner$3.run(ParentRunner.java:231)
	at org.junit.runners.ParentRunner$1.schedule(ParentRunner.java:60)
	at org.junit.runners.ParentRunner.runChildren(ParentRunner.java:229)
	at org.junit.runners.ParentRunner.access$000(ParentRunner.java:50)
	at org.junit.runners.ParentRunner$2.evaluate(ParentRunner.java:222)
	at org.junit.internal.runners.statements.RunBefores.evaluate(RunBefores.java:28)
	at org.junit.internal.runners.statements.RunAfters.evaluate(RunAfters.java:30)
	at org.junit.runners.ParentRunner.run(ParentRunner.java:300)
	at org.apache.maven.surefire.junit4.JUnit4Provider.execute(JUnit4Provider.java:236)
	at org.apache.maven.surefire.junit4.JUnit4Provider.executeTestSet(JUnit4Provider.java:134)
	at org.apache.maven.surefire.junit4.JUnit4Provider.invoke(JUnit4Provider.java:113)
	at sun.reflect.NativeMethodAccessorImpl.invoke0(Native Method)
	at sun.reflect.NativeMethodAccessorImpl.invoke(NativeMethodAccessorImpl.java:57)
	at sun.reflect.DelegatingMethodAccessorImpl.invoke(DelegatingMethodAccessorImpl.java:43)
	at java.lang.reflect.Method.invoke(Method.java:601)
	at org.apache.maven.surefire.util.ReflectionUtils.invokeMethodWithArray(ReflectionUtils.java:189)
	at org.apache.maven.surefire.booter.ProviderFactory$ProviderProxy.invoke(ProviderFactory.java:165)
	at org.apache.maven.surefire.booter.ProviderFactory.invokeProvider(ProviderFactory.java:85)
	at org.apache.maven.surefire.booter.ForkedBooter.runSuitesInProcess(ForkedBooter.java:103)
	at org.apache.maven.surefire.booter.ForkedBooter.main(ForkedBooter.java:74)
</error>
    <system-err>28634 [main] INFO org.apache.gora.store.DataStoreTestBase - setting up test
28636 [main] WARN org.apache.gora.orientdb.store.OrientDBStore - Unable to load the mapping from resource &apos;C:\Users\Nicolas\gora\gora-orientdb\src\test\resources\gora-orientdb-mapping.xml&apos; as it does not appear to exist! Trying local file.
28673 [main] INFO org.apache.gora.orientdb.store.OrientDBStore - Vertex name : Employee
28684 [main] INFO org.apache.gora.orientdb.store.OrientDBStore - Initialized Orient Store for host remote and url localhost:2424/searchDB
28693 [main] INFO org.apache.gora.store.DataStoreTestBase - tearing down test
</system-err>
  </testcase>
  <testcase time="0.194" classname="org.apache.gora.orientdb.store.OrientDBStore_Test" name="testCreateSchema">
    <error message="Class Employee already exists in current database" type="com.orientechnologies.orient.core.exception.OSchemaException">com.orientechnologies.orient.core.exception.OSchemaException: Class Employee already exists in current database
	at com.orientechnologies.orient.core.metadata.schema.OSchemaShared$3.call(OSchemaShared.java:182)
	at com.orientechnologies.orient.core.metadata.schema.OSchemaShared$3.call(OSchemaShared.java:178)
	at com.orientechnologies.orient.core.storage.OStorageAbstract.callInLock(OStorageAbstract.java:185)
	at com.orientechnologies.orient.client.remote.OStorageRemoteThread.callInLock(OStorageRemoteThread.java:696)
	at com.orientechnologies.orient.core.metadata.schema.OSchemaShared.createClass(OSchemaShared.java:178)
	at com.orientechnologies.orient.core.metadata.schema.OSchemaShared.createClass(OSchemaShared.java:126)
	at com.orientechnologies.orient.core.metadata.schema.OSchemaShared.createClass(OSchemaShared.java:118)
	at com.orientechnologies.orient.core.metadata.schema.OSchemaShared.createClass(OSchemaShared.java:106)
	at com.orientechnologies.orient.core.metadata.schema.OSchemaProxy.createClass(OSchemaProxy.java:77)
	at org.apache.gora.orientdb.store.OrientDBStore.createSchema(OrientDBStore.java:185)
	at org.apache.gora.orientdb.store.OrientDBStore_Test.createEmployeeDataStore(OrientDBStore_Test.java:119)
	at org.apache.gora.store.DataStoreTestBase.setUp(DataStoreTestBase.java:96)
	at sun.reflect.NativeMethodAccessorImpl.invoke0(Native Method)
	at sun.reflect.NativeMethodAccessorImpl.invoke(NativeMethodAccessorImpl.java:57)
	at sun.reflect.DelegatingMethodAccessorImpl.invoke(DelegatingMethodAccessorImpl.java:43)
	at java.lang.reflect.Method.invoke(Method.java:601)
	at org.junit.runners.model.FrameworkMethod$1.runReflectiveCall(FrameworkMethod.java:45)
	at org.junit.internal.runners.model.ReflectiveCallable.run(ReflectiveCallable.java:15)
	at org.junit.runners.model.FrameworkMethod.invokeExplosively(FrameworkMethod.java:42)
	at org.junit.internal.runners.statements.RunBefores.evaluate(RunBefores.java:27)
	at org.junit.internal.runners.statements.RunAfters.evaluate(RunAfters.java:30)
	at org.junit.runners.ParentRunner.runLeaf(ParentRunner.java:263)
	at org.junit.runners.BlockJUnit4ClassRunner.runChild(BlockJUnit4ClassRunner.java:68)
	at org.junit.runners.BlockJUnit4ClassRunner.runChild(BlockJUnit4ClassRunner.java:47)
	at org.junit.runners.ParentRunner$3.run(ParentRunner.java:231)
	at org.junit.runners.ParentRunner$1.schedule(ParentRunner.java:60)
	at org.junit.runners.ParentRunner.runChildren(ParentRunner.java:229)
	at org.junit.runners.ParentRunner.access$000(ParentRunner.java:50)
	at org.junit.runners.ParentRunner$2.evaluate(ParentRunner.java:222)
	at org.junit.internal.runners.statements.RunBefores.evaluate(RunBefores.java:28)
	at org.junit.internal.runners.statements.RunAfters.evaluate(RunAfters.java:30)
	at org.junit.runners.ParentRunner.run(ParentRunner.java:300)
	at org.apache.maven.surefire.junit4.JUnit4Provider.execute(JUnit4Provider.java:236)
	at org.apache.maven.surefire.junit4.JUnit4Provider.executeTestSet(JUnit4Provider.java:134)
	at org.apache.maven.surefire.junit4.JUnit4Provider.invoke(JUnit4Provider.java:113)
	at sun.reflect.NativeMethodAccessorImpl.invoke0(Native Method)
	at sun.reflect.NativeMethodAccessorImpl.invoke(NativeMethodAccessorImpl.java:57)
	at sun.reflect.DelegatingMethodAccessorImpl.invoke(DelegatingMethodAccessorImpl.java:43)
	at java.lang.reflect.Method.invoke(Method.java:601)
	at org.apache.maven.surefire.util.ReflectionUtils.invokeMethodWithArray(ReflectionUtils.java:189)
	at org.apache.maven.surefire.booter.ProviderFactory$ProviderProxy.invoke(ProviderFactory.java:165)
	at org.apache.maven.surefire.booter.ProviderFactory.invokeProvider(ProviderFactory.java:85)
	at org.apache.maven.surefire.booter.ForkedBooter.runSuitesInProcess(ForkedBooter.java:103)
	at org.apache.maven.surefire.booter.ForkedBooter.main(ForkedBooter.java:74)
</error>
    <system-err>28702 [main] INFO org.apache.gora.store.DataStoreTestBase - setting up test
28705 [main] WARN org.apache.gora.orientdb.store.OrientDBStore - Unable to load the mapping from resource &apos;C:\Users\Nicolas\gora\gora-orientdb\src\test\resources\gora-orientdb-mapping.xml&apos; as it does not appear to exist! Trying local file.
28866 [main] INFO org.apache.gora.orientdb.store.OrientDBStore - Vertex name : Employee
28876 [main] INFO org.apache.gora.orientdb.store.OrientDBStore - Initialized Orient Store for host remote and url localhost:2424/searchDB
28887 [main] INFO org.apache.gora.store.DataStoreTestBase - tearing down test
</system-err>
  </testcase>
  <testcase time="0.119" classname="org.apache.gora.orientdb.store.OrientDBStore_Test" name="testNewInstance">
    <error message="Class Employee already exists in current database" type="com.orientechnologies.orient.core.exception.OSchemaException">com.orientechnologies.orient.core.exception.OSchemaException: Class Employee already exists in current database
	at com.orientechnologies.orient.core.metadata.schema.OSchemaShared$3.call(OSchemaShared.java:182)
	at com.orientechnologies.orient.core.metadata.schema.OSchemaShared$3.call(OSchemaShared.java:178)
	at com.orientechnologies.orient.core.storage.OStorageAbstract.callInLock(OStorageAbstract.java:185)
	at com.orientechnologies.orient.client.remote.OStorageRemoteThread.callInLock(OStorageRemoteThread.java:696)
	at com.orientechnologies.orient.core.metadata.schema.OSchemaShared.createClass(OSchemaShared.java:178)
	at com.orientechnologies.orient.core.metadata.schema.OSchemaShared.createClass(OSchemaShared.java:126)
	at com.orientechnologies.orient.core.metadata.schema.OSchemaShared.createClass(OSchemaShared.java:118)
	at com.orientechnologies.orient.core.metadata.schema.OSchemaShared.createClass(OSchemaShared.java:106)
	at com.orientechnologies.orient.core.metadata.schema.OSchemaProxy.createClass(OSchemaProxy.java:77)
	at org.apache.gora.orientdb.store.OrientDBStore.createSchema(OrientDBStore.java:185)
	at org.apache.gora.orientdb.store.OrientDBStore_Test.createEmployeeDataStore(OrientDBStore_Test.java:119)
	at org.apache.gora.store.DataStoreTestBase.setUp(DataStoreTestBase.java:96)
	at sun.reflect.GeneratedMethodAccessor2.invoke(Unknown Source)
	at sun.reflect.DelegatingMethodAccessorImpl.invoke(DelegatingMethodAccessorImpl.java:43)
	at java.lang.reflect.Method.invoke(Method.java:601)
	at org.junit.runners.model.FrameworkMethod$1.runReflectiveCall(FrameworkMethod.java:45)
	at org.junit.internal.runners.model.ReflectiveCallable.run(ReflectiveCallable.java:15)
	at org.junit.runners.model.FrameworkMethod.invokeExplosively(FrameworkMethod.java:42)
	at org.junit.internal.runners.statements.RunBefores.evaluate(RunBefores.java:27)
	at org.junit.internal.runners.statements.RunAfters.evaluate(RunAfters.java:30)
	at org.junit.runners.ParentRunner.runLeaf(ParentRunner.java:263)
	at org.junit.runners.BlockJUnit4ClassRunner.runChild(BlockJUnit4ClassRunner.java:68)
	at org.junit.runners.BlockJUnit4ClassRunner.runChild(BlockJUnit4ClassRunner.java:47)
	at org.junit.runners.ParentRunner$3.run(ParentRunner.java:231)
	at org.junit.runners.ParentRunner$1.schedule(ParentRunner.java:60)
	at org.junit.runners.ParentRunner.runChildren(ParentRunner.java:229)
	at org.junit.runners.ParentRunner.access$000(ParentRunner.java:50)
	at org.junit.runners.ParentRunner$2.evaluate(ParentRunner.java:222)
	at org.junit.internal.runners.statements.RunBefores.evaluate(RunBefores.java:28)
	at org.junit.internal.runners.statements.RunAfters.evaluate(RunAfters.java:30)
	at org.junit.runners.ParentRunner.run(ParentRunner.java:300)
	at org.apache.maven.surefire.junit4.JUnit4Provider.execute(JUnit4Provider.java:236)
	at org.apache.maven.surefire.junit4.JUnit4Provider.executeTestSet(JUnit4Provider.java:134)
	at org.apache.maven.surefire.junit4.JUnit4Provider.invoke(JUnit4Provider.java:113)
	at sun.reflect.NativeMethodAccessorImpl.invoke0(Native Method)
	at sun.reflect.NativeMethodAccessorImpl.invoke(NativeMethodAccessorImpl.java:57)
	at sun.reflect.DelegatingMethodAccessorImpl.invoke(DelegatingMethodAccessorImpl.java:43)
	at java.lang.reflect.Method.invoke(Method.java:601)
	at org.apache.maven.surefire.util.ReflectionUtils.invokeMethodWithArray(ReflectionUtils.java:189)
	at org.apache.maven.surefire.booter.ProviderFactory$ProviderProxy.invoke(ProviderFactory.java:165)
	at org.apache.maven.surefire.booter.ProviderFactory.invokeProvider(ProviderFactory.java:85)
	at org.apache.maven.surefire.booter.ForkedBooter.runSuitesInProcess(ForkedBooter.java:103)
	at org.apache.maven.surefire.booter.ForkedBooter.main(ForkedBooter.java:74)
</error>
    <system-err>28891 [main] INFO org.apache.gora.store.DataStoreTestBase - setting up test
28893 [main] WARN org.apache.gora.orientdb.store.OrientDBStore - Unable to load the mapping from resource &apos;C:\Users\Nicolas\gora\gora-orientdb\src\test\resources\gora-orientdb-mapping.xml&apos; as it does not appear to exist! Trying local file.
28991 [main] INFO org.apache.gora.orientdb.store.OrientDBStore - Vertex name : Employee
28999 [main] INFO org.apache.gora.orientdb.store.OrientDBStore - Initialized Orient Store for host remote and url localhost:2424/searchDB
29007 [main] INFO org.apache.gora.store.DataStoreTestBase - tearing down test
</system-err>
  </testcase>
  <testcase time="0.102" classname="org.apache.gora.orientdb.store.OrientDBStore_Test" name="testAutoCreateSchema">
    <error message="Class Employee already exists in current database" type="com.orientechnologies.orient.core.exception.OSchemaException">com.orientechnologies.orient.core.exception.OSchemaException: Class Employee already exists in current database
	at com.orientechnologies.orient.core.metadata.schema.OSchemaShared$3.call(OSchemaShared.java:182)
	at com.orientechnologies.orient.core.metadata.schema.OSchemaShared$3.call(OSchemaShared.java:178)
	at com.orientechnologies.orient.core.storage.OStorageAbstract.callInLock(OStorageAbstract.java:185)
	at com.orientechnologies.orient.client.remote.OStorageRemoteThread.callInLock(OStorageRemoteThread.java:696)
	at com.orientechnologies.orient.core.metadata.schema.OSchemaShared.createClass(OSchemaShared.java:178)
	at com.orientechnologies.orient.core.metadata.schema.OSchemaShared.createClass(OSchemaShared.java:126)
	at com.orientechnologies.orient.core.metadata.schema.OSchemaShared.createClass(OSchemaShared.java:118)
	at com.orientechnologies.orient.core.metadata.schema.OSchemaShared.createClass(OSchemaShared.java:106)
	at com.orientechnologies.orient.core.metadata.schema.OSchemaProxy.createClass(OSchemaProxy.java:77)
	at org.apache.gora.orientdb.store.OrientDBStore.createSchema(OrientDBStore.java:185)
	at org.apache.gora.orientdb.store.OrientDBStore_Test.createEmployeeDataStore(OrientDBStore_Test.java:119)
	at org.apache.gora.store.DataStoreTestBase.setUp(DataStoreTestBase.java:96)
	at sun.reflect.GeneratedMethodAccessor2.invoke(Unknown Source)
	at sun.reflect.DelegatingMethodAccessorImpl.invoke(DelegatingMethodAccessorImpl.java:43)
	at java.lang.reflect.Method.invoke(Method.java:601)
	at org.junit.runners.model.FrameworkMethod$1.runReflectiveCall(FrameworkMethod.java:45)
	at org.junit.internal.runners.model.ReflectiveCallable.run(ReflectiveCallable.java:15)
	at org.junit.runners.model.FrameworkMethod.invokeExplosively(FrameworkMethod.java:42)
	at org.junit.internal.runners.statements.RunBefores.evaluate(RunBefores.java:27)
	at org.junit.internal.runners.statements.RunAfters.evaluate(RunAfters.java:30)
	at org.junit.runners.ParentRunner.runLeaf(ParentRunner.java:263)
	at org.junit.runners.BlockJUnit4ClassRunner.runChild(BlockJUnit4ClassRunner.java:68)
	at org.junit.runners.BlockJUnit4ClassRunner.runChild(BlockJUnit4ClassRunner.java:47)
	at org.junit.runners.ParentRunner$3.run(ParentRunner.java:231)
	at org.junit.runners.ParentRunner$1.schedule(ParentRunner.java:60)
	at org.junit.runners.ParentRunner.runChildren(ParentRunner.java:229)
	at org.junit.runners.ParentRunner.access$000(ParentRunner.java:50)
	at org.junit.runners.ParentRunner$2.evaluate(ParentRunner.java:222)
	at org.junit.internal.runners.statements.RunBefores.evaluate(RunBefores.java:28)
	at org.junit.internal.runners.statements.RunAfters.evaluate(RunAfters.java:30)
	at org.junit.runners.ParentRunner.run(ParentRunner.java:300)
	at org.apache.maven.surefire.junit4.JUnit4Provider.execute(JUnit4Provider.java:236)
	at org.apache.maven.surefire.junit4.JUnit4Provider.executeTestSet(JUnit4Provider.java:134)
	at org.apache.maven.surefire.junit4.JUnit4Provider.invoke(JUnit4Provider.java:113)
	at sun.reflect.NativeMethodAccessorImpl.invoke0(Native Method)
	at sun.reflect.NativeMethodAccessorImpl.invoke(NativeMethodAccessorImpl.java:57)
	at sun.reflect.DelegatingMethodAccessorImpl.invoke(DelegatingMethodAccessorImpl.java:43)
	at java.lang.reflect.Method.invoke(Method.java:601)
	at org.apache.maven.surefire.util.ReflectionUtils.invokeMethodWithArray(ReflectionUtils.java:189)
	at org.apache.maven.surefire.booter.ProviderFactory$ProviderProxy.invoke(ProviderFactory.java:165)
	at org.apache.maven.surefire.booter.ProviderFactory.invokeProvider(ProviderFactory.java:85)
	at org.apache.maven.surefire.booter.ForkedBooter.runSuitesInProcess(ForkedBooter.java:103)
	at org.apache.maven.surefire.booter.ForkedBooter.main(ForkedBooter.java:74)
</error>
    <system-err>29011 [main] INFO org.apache.gora.store.DataStoreTestBase - setting up test
29014 [main] WARN org.apache.gora.orientdb.store.OrientDBStore - Unable to load the mapping from resource &apos;C:\Users\Nicolas\gora\gora-orientdb\src\test\resources\gora-orientdb-mapping.xml&apos; as it does not appear to exist! Trying local file.
29075 [main] INFO org.apache.gora.orientdb.store.OrientDBStore - Vertex name : Employee
29087 [main] INFO org.apache.gora.orientdb.store.OrientDBStore - Initialized Orient Store for host remote and url localhost:2424/searchDB
29103 [main] INFO org.apache.gora.store.DataStoreTestBase - tearing down test
</system-err>
  </testcase>
  <testcase time="0.08" classname="org.apache.gora.orientdb.store.OrientDBStore_Test" name="testPutNested">
    <error message="Class Employee already exists in current database" type="com.orientechnologies.orient.core.exception.OSchemaException">com.orientechnologies.orient.core.exception.OSchemaException: Class Employee already exists in current database
	at com.orientechnologies.orient.core.metadata.schema.OSchemaShared$3.call(OSchemaShared.java:182)
	at com.orientechnologies.orient.core.metadata.schema.OSchemaShared$3.call(OSchemaShared.java:178)
	at com.orientechnologies.orient.core.storage.OStorageAbstract.callInLock(OStorageAbstract.java:185)
	at com.orientechnologies.orient.client.remote.OStorageRemoteThread.callInLock(OStorageRemoteThread.java:696)
	at com.orientechnologies.orient.core.metadata.schema.OSchemaShared.createClass(OSchemaShared.java:178)
	at com.orientechnologies.orient.core.metadata.schema.OSchemaShared.createClass(OSchemaShared.java:126)
	at com.orientechnologies.orient.core.metadata.schema.OSchemaShared.createClass(OSchemaShared.java:118)
	at com.orientechnologies.orient.core.metadata.schema.OSchemaShared.createClass(OSchemaShared.java:106)
	at com.orientechnologies.orient.core.metadata.schema.OSchemaProxy.createClass(OSchemaProxy.java:77)
	at org.apache.gora.orientdb.store.OrientDBStore.createSchema(OrientDBStore.java:185)
	at org.apache.gora.orientdb.store.OrientDBStore_Test.createEmployeeDataStore(OrientDBStore_Test.java:119)
	at org.apache.gora.store.DataStoreTestBase.setUp(DataStoreTestBase.java:96)
	at sun.reflect.GeneratedMethodAccessor2.invoke(Unknown Source)
	at sun.reflect.DelegatingMethodAccessorImpl.invoke(DelegatingMethodAccessorImpl.java:43)
	at java.lang.reflect.Method.invoke(Method.java:601)
	at org.junit.runners.model.FrameworkMethod$1.runReflectiveCall(FrameworkMethod.java:45)
	at org.junit.internal.runners.model.ReflectiveCallable.run(ReflectiveCallable.java:15)
	at org.junit.runners.model.FrameworkMethod.invokeExplosively(FrameworkMethod.java:42)
	at org.junit.internal.runners.statements.RunBefores.evaluate(RunBefores.java:27)
	at org.junit.internal.runners.statements.RunAfters.evaluate(RunAfters.java:30)
	at org.junit.runners.ParentRunner.runLeaf(ParentRunner.java:263)
	at org.junit.runners.BlockJUnit4ClassRunner.runChild(BlockJUnit4ClassRunner.java:68)
	at org.junit.runners.BlockJUnit4ClassRunner.runChild(BlockJUnit4ClassRunner.java:47)
	at org.junit.runners.ParentRunner$3.run(ParentRunner.java:231)
	at org.junit.runners.ParentRunner$1.schedule(ParentRunner.java:60)
	at org.junit.runners.ParentRunner.runChildren(ParentRunner.java:229)
	at org.junit.runners.ParentRunner.access$000(ParentRunner.java:50)
	at org.junit.runners.ParentRunner$2.evaluate(ParentRunner.java:222)
	at org.junit.internal.runners.statements.RunBefores.evaluate(RunBefores.java:28)
	at org.junit.internal.runners.statements.RunAfters.evaluate(RunAfters.java:30)
	at org.junit.runners.ParentRunner.run(ParentRunner.java:300)
	at org.apache.maven.surefire.junit4.JUnit4Provider.execute(JUnit4Provider.java:236)
	at org.apache.maven.surefire.junit4.JUnit4Provider.executeTestSet(JUnit4Provider.java:134)
	at org.apache.maven.surefire.junit4.JUnit4Provider.invoke(JUnit4Provider.java:113)
	at sun.reflect.NativeMethodAccessorImpl.invoke0(Native Method)
	at sun.reflect.NativeMethodAccessorImpl.invoke(NativeMethodAccessorImpl.java:57)
	at sun.reflect.DelegatingMethodAccessorImpl.invoke(DelegatingMethodAccessorImpl.java:43)
	at java.lang.reflect.Method.invoke(Method.java:601)
	at org.apache.maven.surefire.util.ReflectionUtils.invokeMethodWithArray(ReflectionUtils.java:189)
	at org.apache.maven.surefire.booter.ProviderFactory$ProviderProxy.invoke(ProviderFactory.java:165)
	at org.apache.maven.surefire.booter.ProviderFactory.invokeProvider(ProviderFactory.java:85)
	at org.apache.maven.surefire.booter.ForkedBooter.runSuitesInProcess(ForkedBooter.java:103)
	at org.apache.maven.surefire.booter.ForkedBooter.main(ForkedBooter.java:74)
</error>
    <system-err>29107 [main] INFO org.apache.gora.store.DataStoreTestBase - setting up test
29110 [main] WARN org.apache.gora.orientdb.store.OrientDBStore - Unable to load the mapping from resource &apos;C:\Users\Nicolas\gora\gora-orientdb\src\test\resources\gora-orientdb-mapping.xml&apos; as it does not appear to exist! Trying local file.
29171 [main] INFO org.apache.gora.orientdb.store.OrientDBStore - Vertex name : Employee
29181 [main] INFO org.apache.gora.orientdb.store.OrientDBStore - Initialized Orient Store for host remote and url localhost:2424/searchDB
29189 [main] INFO org.apache.gora.store.DataStoreTestBase - tearing down test
</system-err>
  </testcase>
  <testcase time="0.164" classname="org.apache.gora.orientdb.store.OrientDBStore_Test" name="testQueryKeyRange">
    <error message="Class Employee already exists in current database" type="com.orientechnologies.orient.core.exception.OSchemaException">com.orientechnologies.orient.core.exception.OSchemaException: Class Employee already exists in current database
	at com.orientechnologies.orient.core.metadata.schema.OSchemaShared$3.call(OSchemaShared.java:182)
	at com.orientechnologies.orient.core.metadata.schema.OSchemaShared$3.call(OSchemaShared.java:178)
	at com.orientechnologies.orient.core.storage.OStorageAbstract.callInLock(OStorageAbstract.java:185)
	at com.orientechnologies.orient.client.remote.OStorageRemoteThread.callInLock(OStorageRemoteThread.java:696)
	at com.orientechnologies.orient.core.metadata.schema.OSchemaShared.createClass(OSchemaShared.java:178)
	at com.orientechnologies.orient.core.metadata.schema.OSchemaShared.createClass(OSchemaShared.java:126)
	at com.orientechnologies.orient.core.metadata.schema.OSchemaShared.createClass(OSchemaShared.java:118)
	at com.orientechnologies.orient.core.metadata.schema.OSchemaShared.createClass(OSchemaShared.java:106)
	at com.orientechnologies.orient.core.metadata.schema.OSchemaProxy.createClass(OSchemaProxy.java:77)
	at org.apache.gora.orientdb.store.OrientDBStore.createSchema(OrientDBStore.java:185)
	at org.apache.gora.orientdb.store.OrientDBStore_Test.createEmployeeDataStore(OrientDBStore_Test.java:119)
	at org.apache.gora.store.DataStoreTestBase.setUp(DataStoreTestBase.java:96)
	at sun.reflect.GeneratedMethodAccessor2.invoke(Unknown Source)
	at sun.reflect.DelegatingMethodAccessorImpl.invoke(DelegatingMethodAccessorImpl.java:43)
	at java.lang.reflect.Method.invoke(Method.java:601)
	at org.junit.runners.model.FrameworkMethod$1.runReflectiveCall(FrameworkMethod.java:45)
	at org.junit.internal.runners.model.ReflectiveCallable.run(ReflectiveCallable.java:15)
	at org.junit.runners.model.FrameworkMethod.invokeExplosively(FrameworkMethod.java:42)
	at org.junit.internal.runners.statements.RunBefores.evaluate(RunBefores.java:27)
	at org.junit.internal.runners.statements.RunAfters.evaluate(RunAfters.java:30)
	at org.junit.runners.ParentRunner.runLeaf(ParentRunner.java:263)
	at org.junit.runners.BlockJUnit4ClassRunner.runChild(BlockJUnit4ClassRunner.java:68)
	at org.junit.runners.BlockJUnit4ClassRunner.runChild(BlockJUnit4ClassRunner.java:47)
	at org.junit.runners.ParentRunner$3.run(ParentRunner.java:231)
	at org.junit.runners.ParentRunner$1.schedule(ParentRunner.java:60)
	at org.junit.runners.ParentRunner.runChildren(ParentRunner.java:229)
	at org.junit.runners.ParentRunner.access$000(ParentRunner.java:50)
	at org.junit.runners.ParentRunner$2.evaluate(ParentRunner.java:222)
	at org.junit.internal.runners.statements.RunBefores.evaluate(RunBefores.java:28)
	at org.junit.internal.runners.statements.RunAfters.evaluate(RunAfters.java:30)
	at org.junit.runners.ParentRunner.run(ParentRunner.java:300)
	at org.apache.maven.surefire.junit4.JUnit4Provider.execute(JUnit4Provider.java:236)
	at org.apache.maven.surefire.junit4.JUnit4Provider.executeTestSet(JUnit4Provider.java:134)
	at org.apache.maven.surefire.junit4.JUnit4Provider.invoke(JUnit4Provider.java:113)
	at sun.reflect.NativeMethodAccessorImpl.invoke0(Native Method)
	at sun.reflect.NativeMethodAccessorImpl.invoke(NativeMethodAccessorImpl.java:57)
	at sun.reflect.DelegatingMethodAccessorImpl.invoke(DelegatingMethodAccessorImpl.java:43)
	at java.lang.reflect.Method.invoke(Method.java:601)
	at org.apache.maven.surefire.util.ReflectionUtils.invokeMethodWithArray(ReflectionUtils.java:189)
	at org.apache.maven.surefire.booter.ProviderFactory$ProviderProxy.invoke(ProviderFactory.java:165)
	at org.apache.maven.surefire.booter.ProviderFactory.invokeProvider(ProviderFactory.java:85)
	at org.apache.maven.surefire.booter.ForkedBooter.runSuitesInProcess(ForkedBooter.java:103)
	at org.apache.maven.surefire.booter.ForkedBooter.main(ForkedBooter.java:74)
</error>
    <system-err>29193 [main] INFO org.apache.gora.store.DataStoreTestBase - setting up test
29196 [main] WARN org.apache.gora.orientdb.store.OrientDBStore - Unable to load the mapping from resource &apos;C:\Users\Nicolas\gora\gora-orientdb\src\test\resources\gora-orientdb-mapping.xml&apos; as it does not appear to exist! Trying local file.
29339 [main] INFO org.apache.gora.orientdb.store.OrientDBStore - Vertex name : Employee
29350 [main] INFO org.apache.gora.orientdb.store.OrientDBStore - Initialized Orient Store for host remote and url localhost:2424/searchDB
29357 [main] INFO org.apache.gora.store.DataStoreTestBase - tearing down test
</system-err>
  </testcase>
  <testcase time="0.122" classname="org.apache.gora.orientdb.store.OrientDBStore_Test" name="testGetWebPageDefaultFields">
    <error message="Class Employee already exists in current database" type="com.orientechnologies.orient.core.exception.OSchemaException">com.orientechnologies.orient.core.exception.OSchemaException: Class Employee already exists in current database
	at com.orientechnologies.orient.core.metadata.schema.OSchemaShared$3.call(OSchemaShared.java:182)
	at com.orientechnologies.orient.core.metadata.schema.OSchemaShared$3.call(OSchemaShared.java:178)
	at com.orientechnologies.orient.core.storage.OStorageAbstract.callInLock(OStorageAbstract.java:185)
	at com.orientechnologies.orient.client.remote.OStorageRemoteThread.callInLock(OStorageRemoteThread.java:696)
	at com.orientechnologies.orient.core.metadata.schema.OSchemaShared.createClass(OSchemaShared.java:178)
	at com.orientechnologies.orient.core.metadata.schema.OSchemaShared.createClass(OSchemaShared.java:126)
	at com.orientechnologies.orient.core.metadata.schema.OSchemaShared.createClass(OSchemaShared.java:118)
	at com.orientechnologies.orient.core.metadata.schema.OSchemaShared.createClass(OSchemaShared.java:106)
	at com.orientechnologies.orient.core.metadata.schema.OSchemaProxy.createClass(OSchemaProxy.java:77)
	at org.apache.gora.orientdb.store.OrientDBStore.createSchema(OrientDBStore.java:185)
	at org.apache.gora.orientdb.store.OrientDBStore_Test.createEmployeeDataStore(OrientDBStore_Test.java:119)
	at org.apache.gora.store.DataStoreTestBase.setUp(DataStoreTestBase.java:96)
	at sun.reflect.GeneratedMethodAccessor2.invoke(Unknown Source)
	at sun.reflect.DelegatingMethodAccessorImpl.invoke(DelegatingMethodAccessorImpl.java:43)
	at java.lang.reflect.Method.invoke(Method.java:601)
	at org.junit.runners.model.FrameworkMethod$1.runReflectiveCall(FrameworkMethod.java:45)
	at org.junit.internal.runners.model.ReflectiveCallable.run(ReflectiveCallable.java:15)
	at org.junit.runners.model.FrameworkMethod.invokeExplosively(FrameworkMethod.java:42)
	at org.junit.internal.runners.statements.RunBefores.evaluate(RunBefores.java:27)
	at org.junit.internal.runners.statements.RunAfters.evaluate(RunAfters.java:30)
	at org.junit.runners.ParentRunner.runLeaf(ParentRunner.java:263)
	at org.junit.runners.BlockJUnit4ClassRunner.runChild(BlockJUnit4ClassRunner.java:68)
	at org.junit.runners.BlockJUnit4ClassRunner.runChild(BlockJUnit4ClassRunner.java:47)
	at org.junit.runners.ParentRunner$3.run(ParentRunner.java:231)
	at org.junit.runners.ParentRunner$1.schedule(ParentRunner.java:60)
	at org.junit.runners.ParentRunner.runChildren(ParentRunner.java:229)
	at org.junit.runners.ParentRunner.access$000(ParentRunner.java:50)
	at org.junit.runners.ParentRunner$2.evaluate(ParentRunner.java:222)
	at org.junit.internal.runners.statements.RunBefores.evaluate(RunBefores.java:28)
	at org.junit.internal.runners.statements.RunAfters.evaluate(RunAfters.java:30)
	at org.junit.runners.ParentRunner.run(ParentRunner.java:300)
	at org.apache.maven.surefire.junit4.JUnit4Provider.execute(JUnit4Provider.java:236)
	at org.apache.maven.surefire.junit4.JUnit4Provider.executeTestSet(JUnit4Provider.java:134)
	at org.apache.maven.surefire.junit4.JUnit4Provider.invoke(JUnit4Provider.java:113)
	at sun.reflect.NativeMethodAccessorImpl.invoke0(Native Method)
	at sun.reflect.NativeMethodAccessorImpl.invoke(NativeMethodAccessorImpl.java:57)
	at sun.reflect.DelegatingMethodAccessorImpl.invoke(DelegatingMethodAccessorImpl.java:43)
	at java.lang.reflect.Method.invoke(Method.java:601)
	at org.apache.maven.surefire.util.ReflectionUtils.invokeMethodWithArray(ReflectionUtils.java:189)
	at org.apache.maven.surefire.booter.ProviderFactory$ProviderProxy.invoke(ProviderFactory.java:165)
	at org.apache.maven.surefire.booter.ProviderFactory.invokeProvider(ProviderFactory.java:85)
	at org.apache.maven.surefire.booter.ForkedBooter.runSuitesInProcess(ForkedBooter.java:103)
	at org.apache.maven.surefire.booter.ForkedBooter.main(ForkedBooter.java:74)
</error>
    <system-err>29362 [main] INFO org.apache.gora.store.DataStoreTestBase - setting up test
29364 [main] WARN org.apache.gora.orientdb.store.OrientDBStore - Unable to load the mapping from resource &apos;C:\Users\Nicolas\gora\gora-orientdb\src\test\resources\gora-orientdb-mapping.xml&apos; as it does not appear to exist! Trying local file.
29463 [main] INFO org.apache.gora.orientdb.store.OrientDBStore - Vertex name : Employee
29472 [main] INFO org.apache.gora.orientdb.store.OrientDBStore - Initialized Orient Store for host remote and url localhost:2424/searchDB
29480 [main] INFO org.apache.gora.store.DataStoreTestBase - tearing down test
</system-err>
  </testcase>
  <testcase time="0.111" classname="org.apache.gora.orientdb.store.OrientDBStore_Test" name="testGetPartitions">
    <error message="Class Employee already exists in current database" type="com.orientechnologies.orient.core.exception.OSchemaException">com.orientechnologies.orient.core.exception.OSchemaException: Class Employee already exists in current database
	at com.orientechnologies.orient.core.metadata.schema.OSchemaShared$3.call(OSchemaShared.java:182)
	at com.orientechnologies.orient.core.metadata.schema.OSchemaShared$3.call(OSchemaShared.java:178)
	at com.orientechnologies.orient.core.storage.OStorageAbstract.callInLock(OStorageAbstract.java:185)
	at com.orientechnologies.orient.client.remote.OStorageRemoteThread.callInLock(OStorageRemoteThread.java:696)
	at com.orientechnologies.orient.core.metadata.schema.OSchemaShared.createClass(OSchemaShared.java:178)
	at com.orientechnologies.orient.core.metadata.schema.OSchemaShared.createClass(OSchemaShared.java:126)
	at com.orientechnologies.orient.core.metadata.schema.OSchemaShared.createClass(OSchemaShared.java:118)
	at com.orientechnologies.orient.core.metadata.schema.OSchemaShared.createClass(OSchemaShared.java:106)
	at com.orientechnologies.orient.core.metadata.schema.OSchemaProxy.createClass(OSchemaProxy.java:77)
	at org.apache.gora.orientdb.store.OrientDBStore.createSchema(OrientDBStore.java:185)
	at org.apache.gora.orientdb.store.OrientDBStore_Test.createEmployeeDataStore(OrientDBStore_Test.java:119)
	at org.apache.gora.store.DataStoreTestBase.setUp(DataStoreTestBase.java:96)
	at sun.reflect.GeneratedMethodAccessor2.invoke(Unknown Source)
	at sun.reflect.DelegatingMethodAccessorImpl.invoke(DelegatingMethodAccessorImpl.java:43)
	at java.lang.reflect.Method.invoke(Method.java:601)
	at org.junit.runners.model.FrameworkMethod$1.runReflectiveCall(FrameworkMethod.java:45)
	at org.junit.internal.runners.model.ReflectiveCallable.run(ReflectiveCallable.java:15)
	at org.junit.runners.model.FrameworkMethod.invokeExplosively(FrameworkMethod.java:42)
	at org.junit.internal.runners.statements.RunBefores.evaluate(RunBefores.java:27)
	at org.junit.internal.runners.statements.RunAfters.evaluate(RunAfters.java:30)
	at org.junit.runners.ParentRunner.runLeaf(ParentRunner.java:263)
	at org.junit.runners.BlockJUnit4ClassRunner.runChild(BlockJUnit4ClassRunner.java:68)
	at org.junit.runners.BlockJUnit4ClassRunner.runChild(BlockJUnit4ClassRunner.java:47)
	at org.junit.runners.ParentRunner$3.run(ParentRunner.java:231)
	at org.junit.runners.ParentRunner$1.schedule(ParentRunner.java:60)
	at org.junit.runners.ParentRunner.runChildren(ParentRunner.java:229)
	at org.junit.runners.ParentRunner.access$000(ParentRunner.java:50)
	at org.junit.runners.ParentRunner$2.evaluate(ParentRunner.java:222)
	at org.junit.internal.runners.statements.RunBefores.evaluate(RunBefores.java:28)
	at org.junit.internal.runners.statements.RunAfters.evaluate(RunAfters.java:30)
	at org.junit.runners.ParentRunner.run(ParentRunner.java:300)
	at org.apache.maven.surefire.junit4.JUnit4Provider.execute(JUnit4Provider.java:236)
	at org.apache.maven.surefire.junit4.JUnit4Provider.executeTestSet(JUnit4Provider.java:134)
	at org.apache.maven.surefire.junit4.JUnit4Provider.invoke(JUnit4Provider.java:113)
	at sun.reflect.NativeMethodAccessorImpl.invoke0(Native Method)
	at sun.reflect.NativeMethodAccessorImpl.invoke(NativeMethodAccessorImpl.java:57)
	at sun.reflect.DelegatingMethodAccessorImpl.invoke(DelegatingMethodAccessorImpl.java:43)
	at java.lang.reflect.Method.invoke(Method.java:601)
	at org.apache.maven.surefire.util.ReflectionUtils.invokeMethodWithArray(ReflectionUtils.java:189)
	at org.apache.maven.surefire.booter.ProviderFactory$ProviderProxy.invoke(ProviderFactory.java:165)
	at org.apache.maven.surefire.booter.ProviderFactory.invokeProvider(ProviderFactory.java:85)
	at org.apache.maven.surefire.booter.ForkedBooter.runSuitesInProcess(ForkedBooter.java:103)
	at org.apache.maven.surefire.booter.ForkedBooter.main(ForkedBooter.java:74)
</error>
    <system-err>29484 [main] INFO org.apache.gora.store.DataStoreTestBase - setting up test
29486 [main] WARN org.apache.gora.orientdb.store.OrientDBStore - Unable to load the mapping from resource &apos;C:\Users\Nicolas\gora\gora-orientdb\src\test\resources\gora-orientdb-mapping.xml&apos; as it does not appear to exist! Trying local file.
29536 [main] INFO org.apache.gora.orientdb.store.OrientDBStore - Vertex name : Employee
29581 [main] INFO org.apache.gora.orientdb.store.OrientDBStore - Initialized Orient Store for host remote and url localhost:2424/searchDB
29590 [main] INFO org.apache.gora.store.DataStoreTestBase - tearing down test
</system-err>
  </testcase>
  <testcase time="0.082" classname="org.apache.gora.orientdb.store.OrientDBStore_Test" name="testGetNested">
    <error message="Class Employee already exists in current database" type="com.orientechnologies.orient.core.exception.OSchemaException">com.orientechnologies.orient.core.exception.OSchemaException: Class Employee already exists in current database
	at com.orientechnologies.orient.core.metadata.schema.OSchemaShared$3.call(OSchemaShared.java:182)
	at com.orientechnologies.orient.core.metadata.schema.OSchemaShared$3.call(OSchemaShared.java:178)
	at com.orientechnologies.orient.core.storage.OStorageAbstract.callInLock(OStorageAbstract.java:185)
	at com.orientechnologies.orient.client.remote.OStorageRemoteThread.callInLock(OStorageRemoteThread.java:696)
	at com.orientechnologies.orient.core.metadata.schema.OSchemaShared.createClass(OSchemaShared.java:178)
	at com.orientechnologies.orient.core.metadata.schema.OSchemaShared.createClass(OSchemaShared.java:126)
	at com.orientechnologies.orient.core.metadata.schema.OSchemaShared.createClass(OSchemaShared.java:118)
	at com.orientechnologies.orient.core.metadata.schema.OSchemaShared.createClass(OSchemaShared.java:106)
	at com.orientechnologies.orient.core.metadata.schema.OSchemaProxy.createClass(OSchemaProxy.java:77)
	at org.apache.gora.orientdb.store.OrientDBStore.createSchema(OrientDBStore.java:185)
	at org.apache.gora.orientdb.store.OrientDBStore_Test.createEmployeeDataStore(OrientDBStore_Test.java:119)
	at org.apache.gora.store.DataStoreTestBase.setUp(DataStoreTestBase.java:96)
	at sun.reflect.GeneratedMethodAccessor2.invoke(Unknown Source)
	at sun.reflect.DelegatingMethodAccessorImpl.invoke(DelegatingMethodAccessorImpl.java:43)
	at java.lang.reflect.Method.invoke(Method.java:601)
	at org.junit.runners.model.FrameworkMethod$1.runReflectiveCall(FrameworkMethod.java:45)
	at org.junit.internal.runners.model.ReflectiveCallable.run(ReflectiveCallable.java:15)
	at org.junit.runners.model.FrameworkMethod.invokeExplosively(FrameworkMethod.java:42)
	at org.junit.internal.runners.statements.RunBefores.evaluate(RunBefores.java:27)
	at org.junit.internal.runners.statements.RunAfters.evaluate(RunAfters.java:30)
	at org.junit.runners.ParentRunner.runLeaf(ParentRunner.java:263)
	at org.junit.runners.BlockJUnit4ClassRunner.runChild(BlockJUnit4ClassRunner.java:68)
	at org.junit.runners.BlockJUnit4ClassRunner.runChild(BlockJUnit4ClassRunner.java:47)
	at org.junit.runners.ParentRunner$3.run(ParentRunner.java:231)
	at org.junit.runners.ParentRunner$1.schedule(ParentRunner.java:60)
	at org.junit.runners.ParentRunner.runChildren(ParentRunner.java:229)
	at org.junit.runners.ParentRunner.access$000(ParentRunner.java:50)
	at org.junit.runners.ParentRunner$2.evaluate(ParentRunner.java:222)
	at org.junit.internal.runners.statements.RunBefores.evaluate(RunBefores.java:28)
	at org.junit.internal.runners.statements.RunAfters.evaluate(RunAfters.java:30)
	at org.junit.runners.ParentRunner.run(ParentRunner.java:300)
	at org.apache.maven.surefire.junit4.JUnit4Provider.execute(JUnit4Provider.java:236)
	at org.apache.maven.surefire.junit4.JUnit4Provider.executeTestSet(JUnit4Provider.java:134)
	at org.apache.maven.surefire.junit4.JUnit4Provider.invoke(JUnit4Provider.java:113)
	at sun.reflect.NativeMethodAccessorImpl.invoke0(Native Method)
	at sun.reflect.NativeMethodAccessorImpl.invoke(NativeMethodAccessorImpl.java:57)
	at sun.reflect.DelegatingMethodAccessorImpl.invoke(DelegatingMethodAccessorImpl.java:43)
	at java.lang.reflect.Method.invoke(Method.java:601)
	at org.apache.maven.surefire.util.ReflectionUtils.invokeMethodWithArray(ReflectionUtils.java:189)
	at org.apache.maven.surefire.booter.ProviderFactory$ProviderProxy.invoke(ProviderFactory.java:165)
	at org.apache.maven.surefire.booter.ProviderFactory.invokeProvider(ProviderFactory.java:85)
	at org.apache.maven.surefire.booter.ForkedBooter.runSuitesInProcess(ForkedBooter.java:103)
	at org.apache.maven.surefire.booter.ForkedBooter.main(ForkedBooter.java:74)
</error>
    <system-err>29595 [main] INFO org.apache.gora.store.DataStoreTestBase - setting up test
29597 [main] WARN org.apache.gora.orientdb.store.OrientDBStore - Unable to load the mapping from resource &apos;C:\Users\Nicolas\gora\gora-orientdb\src\test\resources\gora-orientdb-mapping.xml&apos; as it does not appear to exist! Trying local file.
29651 [main] INFO org.apache.gora.orientdb.store.OrientDBStore - Vertex name : Employee
29660 [main] INFO org.apache.gora.orientdb.store.OrientDBStore - Initialized Orient Store for host remote and url localhost:2424/searchDB
29668 [main] INFO org.apache.gora.store.DataStoreTestBase - tearing down test
</system-err>
  </testcase>
  <testcase time="0.056" classname="org.apache.gora.orientdb.store.OrientDBStore_Test" name="testQueryStartKey">
    <error message="Class Employee already exists in current database" type="com.orientechnologies.orient.core.exception.OSchemaException">com.orientechnologies.orient.core.exception.OSchemaException: Class Employee already exists in current database
	at com.orientechnologies.orient.core.metadata.schema.OSchemaShared$3.call(OSchemaShared.java:182)
	at com.orientechnologies.orient.core.metadata.schema.OSchemaShared$3.call(OSchemaShared.java:178)
	at com.orientechnologies.orient.core.storage.OStorageAbstract.callInLock(OStorageAbstract.java:185)
	at com.orientechnologies.orient.client.remote.OStorageRemoteThread.callInLock(OStorageRemoteThread.java:696)
	at com.orientechnologies.orient.core.metadata.schema.OSchemaShared.createClass(OSchemaShared.java:178)
	at com.orientechnologies.orient.core.metadata.schema.OSchemaShared.createClass(OSchemaShared.java:126)
	at com.orientechnologies.orient.core.metadata.schema.OSchemaShared.createClass(OSchemaShared.java:118)
	at com.orientechnologies.orient.core.metadata.schema.OSchemaShared.createClass(OSchemaShared.java:106)
	at com.orientechnologies.orient.core.metadata.schema.OSchemaProxy.createClass(OSchemaProxy.java:77)
	at org.apache.gora.orientdb.store.OrientDBStore.createSchema(OrientDBStore.java:185)
	at org.apache.gora.orientdb.store.OrientDBStore_Test.createEmployeeDataStore(OrientDBStore_Test.java:119)
	at org.apache.gora.store.DataStoreTestBase.setUp(DataStoreTestBase.java:96)
	at sun.reflect.GeneratedMethodAccessor2.invoke(Unknown Source)
	at sun.reflect.DelegatingMethodAccessorImpl.invoke(DelegatingMethodAccessorImpl.java:43)
	at java.lang.reflect.Method.invoke(Method.java:601)
	at org.junit.runners.model.FrameworkMethod$1.runReflectiveCall(FrameworkMethod.java:45)
	at org.junit.internal.runners.model.ReflectiveCallable.run(ReflectiveCallable.java:15)
	at org.junit.runners.model.FrameworkMethod.invokeExplosively(FrameworkMethod.java:42)
	at org.junit.internal.runners.statements.RunBefores.evaluate(RunBefores.java:27)
	at org.junit.internal.runners.statements.RunAfters.evaluate(RunAfters.java:30)
	at org.junit.runners.ParentRunner.runLeaf(ParentRunner.java:263)
	at org.junit.runners.BlockJUnit4ClassRunner.runChild(BlockJUnit4ClassRunner.java:68)
	at org.junit.runners.BlockJUnit4ClassRunner.runChild(BlockJUnit4ClassRunner.java:47)
	at org.junit.runners.ParentRunner$3.run(ParentRunner.java:231)
	at org.junit.runners.ParentRunner$1.schedule(ParentRunner.java:60)
	at org.junit.runners.ParentRunner.runChildren(ParentRunner.java:229)
	at org.junit.runners.ParentRunner.access$000(ParentRunner.java:50)
	at org.junit.runners.ParentRunner$2.evaluate(ParentRunner.java:222)
	at org.junit.internal.runners.statements.RunBefores.evaluate(RunBefores.java:28)
	at org.junit.internal.runners.statements.RunAfters.evaluate(RunAfters.java:30)
	at org.junit.runners.ParentRunner.run(ParentRunner.java:300)
	at org.apache.maven.surefire.junit4.JUnit4Provider.execute(JUnit4Provider.java:236)
	at org.apache.maven.surefire.junit4.JUnit4Provider.executeTestSet(JUnit4Provider.java:134)
	at org.apache.maven.surefire.junit4.JUnit4Provider.invoke(JUnit4Provider.java:113)
	at sun.reflect.NativeMethodAccessorImpl.invoke0(Native Method)
	at sun.reflect.NativeMethodAccessorImpl.invoke(NativeMethodAccessorImpl.java:57)
	at sun.reflect.DelegatingMethodAccessorImpl.invoke(DelegatingMethodAccessorImpl.java:43)
	at java.lang.reflect.Method.invoke(Method.java:601)
	at org.apache.maven.surefire.util.ReflectionUtils.invokeMethodWithArray(ReflectionUtils.java:189)
	at org.apache.maven.surefire.booter.ProviderFactory$ProviderProxy.invoke(ProviderFactory.java:165)
	at org.apache.maven.surefire.booter.ProviderFactory.invokeProvider(ProviderFactory.java:85)
	at org.apache.maven.surefire.booter.ForkedBooter.runSuitesInProcess(ForkedBooter.java:103)
	at org.apache.maven.surefire.booter.ForkedBooter.main(ForkedBooter.java:74)
</error>
    <system-err>29673 [main] INFO org.apache.gora.store.DataStoreTestBase - setting up test
29676 [main] WARN org.apache.gora.orientdb.store.OrientDBStore - Unable to load the mapping from resource &apos;C:\Users\Nicolas\gora\gora-orientdb\src\test\resources\gora-orientdb-mapping.xml&apos; as it does not appear to exist! Trying local file.
29715 [main] INFO org.apache.gora.orientdb.store.OrientDBStore - Vertex name : Employee
29722 [main] INFO org.apache.gora.orientdb.store.OrientDBStore - Initialized Orient Store for host remote and url localhost:2424/searchDB
29729 [main] INFO org.apache.gora.store.DataStoreTestBase - tearing down test
</system-err>
  </testcase>
  <testcase time="0.068" classname="org.apache.gora.orientdb.store.OrientDBStore_Test" name="testPutBytes">
    <error message="Class Employee already exists in current database" type="com.orientechnologies.orient.core.exception.OSchemaException">com.orientechnologies.orient.core.exception.OSchemaException: Class Employee already exists in current database
	at com.orientechnologies.orient.core.metadata.schema.OSchemaShared$3.call(OSchemaShared.java:182)
	at com.orientechnologies.orient.core.metadata.schema.OSchemaShared$3.call(OSchemaShared.java:178)
	at com.orientechnologies.orient.core.storage.OStorageAbstract.callInLock(OStorageAbstract.java:185)
	at com.orientechnologies.orient.client.remote.OStorageRemoteThread.callInLock(OStorageRemoteThread.java:696)
	at com.orientechnologies.orient.core.metadata.schema.OSchemaShared.createClass(OSchemaShared.java:178)
	at com.orientechnologies.orient.core.metadata.schema.OSchemaShared.createClass(OSchemaShared.java:126)
	at com.orientechnologies.orient.core.metadata.schema.OSchemaShared.createClass(OSchemaShared.java:118)
	at com.orientechnologies.orient.core.metadata.schema.OSchemaShared.createClass(OSchemaShared.java:106)
	at com.orientechnologies.orient.core.metadata.schema.OSchemaProxy.createClass(OSchemaProxy.java:77)
	at org.apache.gora.orientdb.store.OrientDBStore.createSchema(OrientDBStore.java:185)
	at org.apache.gora.orientdb.store.OrientDBStore_Test.createEmployeeDataStore(OrientDBStore_Test.java:119)
	at org.apache.gora.store.DataStoreTestBase.setUp(DataStoreTestBase.java:96)
	at sun.reflect.GeneratedMethodAccessor2.invoke(Unknown Source)
	at sun.reflect.DelegatingMethodAccessorImpl.invoke(DelegatingMethodAccessorImpl.java:43)
	at java.lang.reflect.Method.invoke(Method.java:601)
	at org.junit.runners.model.FrameworkMethod$1.runReflectiveCall(FrameworkMethod.java:45)
	at org.junit.internal.runners.model.ReflectiveCallable.run(ReflectiveCallable.java:15)
	at org.junit.runners.model.FrameworkMethod.invokeExplosively(FrameworkMethod.java:42)
	at org.junit.internal.runners.statements.RunBefores.evaluate(RunBefores.java:27)
	at org.junit.internal.runners.statements.RunAfters.evaluate(RunAfters.java:30)
	at org.junit.runners.ParentRunner.runLeaf(ParentRunner.java:263)
	at org.junit.runners.BlockJUnit4ClassRunner.runChild(BlockJUnit4ClassRunner.java:68)
	at org.junit.runners.BlockJUnit4ClassRunner.runChild(BlockJUnit4ClassRunner.java:47)
	at org.junit.runners.ParentRunner$3.run(ParentRunner.java:231)
	at org.junit.runners.ParentRunner$1.schedule(ParentRunner.java:60)
	at org.junit.runners.ParentRunner.runChildren(ParentRunner.java:229)
	at org.junit.runners.ParentRunner.access$000(ParentRunner.java:50)
	at org.junit.runners.ParentRunner$2.evaluate(ParentRunner.java:222)
	at org.junit.internal.runners.statements.RunBefores.evaluate(RunBefores.java:28)
	at org.junit.internal.runners.statements.RunAfters.evaluate(RunAfters.java:30)
	at org.junit.runners.ParentRunner.run(ParentRunner.java:300)
	at org.apache.maven.surefire.junit4.JUnit4Provider.execute(JUnit4Provider.java:236)
	at org.apache.maven.surefire.junit4.JUnit4Provider.executeTestSet(JUnit4Provider.java:134)
	at org.apache.maven.surefire.junit4.JUnit4Provider.invoke(JUnit4Provider.java:113)
	at sun.reflect.NativeMethodAccessorImpl.invoke0(Native Method)
	at sun.reflect.NativeMethodAccessorImpl.invoke(NativeMethodAccessorImpl.java:57)
	at sun.reflect.DelegatingMethodAccessorImpl.invoke(DelegatingMethodAccessorImpl.java:43)
	at java.lang.reflect.Method.invoke(Method.java:601)
	at org.apache.maven.surefire.util.ReflectionUtils.invokeMethodWithArray(ReflectionUtils.java:189)
	at org.apache.maven.surefire.booter.ProviderFactory$ProviderProxy.invoke(ProviderFactory.java:165)
	at org.apache.maven.surefire.booter.ProviderFactory.invokeProvider(ProviderFactory.java:85)
	at org.apache.maven.surefire.booter.ForkedBooter.runSuitesInProcess(ForkedBooter.java:103)
	at org.apache.maven.surefire.booter.ForkedBooter.main(ForkedBooter.java:74)
</error>
    <system-err>29733 [main] INFO org.apache.gora.store.DataStoreTestBase - setting up test
29735 [main] WARN org.apache.gora.orientdb.store.OrientDBStore - Unable to load the mapping from resource &apos;C:\Users\Nicolas\gora\gora-orientdb\src\test\resources\gora-orientdb-mapping.xml&apos; as it does not appear to exist! Trying local file.
29770 [main] INFO org.apache.gora.orientdb.store.OrientDBStore - Vertex name : Employee
29778 [main] INFO org.apache.gora.orientdb.store.OrientDBStore - Initialized Orient Store for host remote and url localhost:2424/searchDB
29796 [main] INFO org.apache.gora.store.DataStoreTestBase - tearing down test
</system-err>
  </testcase>
  <testcase time="0.057" classname="org.apache.gora.orientdb.store.OrientDBStore_Test" name="testGet">
    <error message="Class Employee already exists in current database" type="com.orientechnologies.orient.core.exception.OSchemaException">com.orientechnologies.orient.core.exception.OSchemaException: Class Employee already exists in current database
	at com.orientechnologies.orient.core.metadata.schema.OSchemaShared$3.call(OSchemaShared.java:182)
	at com.orientechnologies.orient.core.metadata.schema.OSchemaShared$3.call(OSchemaShared.java:178)
	at com.orientechnologies.orient.core.storage.OStorageAbstract.callInLock(OStorageAbstract.java:185)
	at com.orientechnologies.orient.client.remote.OStorageRemoteThread.callInLock(OStorageRemoteThread.java:696)
	at com.orientechnologies.orient.core.metadata.schema.OSchemaShared.createClass(OSchemaShared.java:178)
	at com.orientechnologies.orient.core.metadata.schema.OSchemaShared.createClass(OSchemaShared.java:126)
	at com.orientechnologies.orient.core.metadata.schema.OSchemaShared.createClass(OSchemaShared.java:118)
	at com.orientechnologies.orient.core.metadata.schema.OSchemaShared.createClass(OSchemaShared.java:106)
	at com.orientechnologies.orient.core.metadata.schema.OSchemaProxy.createClass(OSchemaProxy.java:77)
	at org.apache.gora.orientdb.store.OrientDBStore.createSchema(OrientDBStore.java:185)
	at org.apache.gora.orientdb.store.OrientDBStore_Test.createEmployeeDataStore(OrientDBStore_Test.java:119)
	at org.apache.gora.store.DataStoreTestBase.setUp(DataStoreTestBase.java:96)
	at sun.reflect.GeneratedMethodAccessor2.invoke(Unknown Source)
	at sun.reflect.DelegatingMethodAccessorImpl.invoke(DelegatingMethodAccessorImpl.java:43)
	at java.lang.reflect.Method.invoke(Method.java:601)
	at org.junit.runners.model.FrameworkMethod$1.runReflectiveCall(FrameworkMethod.java:45)
	at org.junit.internal.runners.model.ReflectiveCallable.run(ReflectiveCallable.java:15)
	at org.junit.runners.model.FrameworkMethod.invokeExplosively(FrameworkMethod.java:42)
	at org.junit.internal.runners.statements.RunBefores.evaluate(RunBefores.java:27)
	at org.junit.internal.runners.statements.RunAfters.evaluate(RunAfters.java:30)
	at org.junit.runners.ParentRunner.runLeaf(ParentRunner.java:263)
	at org.junit.runners.BlockJUnit4ClassRunner.runChild(BlockJUnit4ClassRunner.java:68)
	at org.junit.runners.BlockJUnit4ClassRunner.runChild(BlockJUnit4ClassRunner.java:47)
	at org.junit.runners.ParentRunner$3.run(ParentRunner.java:231)
	at org.junit.runners.ParentRunner$1.schedule(ParentRunner.java:60)
[...]
	at java.lang.reflect.Method.invoke(Method.java:601)
	at org.apache.maven.surefire.util.ReflectionUtils.invokeMethodWithArray(ReflectionUtils.java:189)
	at org.apache.maven.surefire.booter.ProviderFactory$ProviderProxy.invoke(ProviderFactory.java:165)
	at org.apache.maven.surefire.booter.ProviderFactory.invokeProvider(ProviderFactory.java:85)
	at org.apache.maven.surefire.booter.ForkedBooter.runSuitesInProcess(ForkedBooter.java:103)
	at org.apache.maven.surefire.booter.ForkedBooter.main(ForkedBooter.java:74)
</error>
    <system-err>30063 [main] INFO org.apache.gora.store.DataStoreTestBase - setting up test
30065 [main] WARN org.apache.gora.orientdb.store.OrientDBStore - Unable to load the mapping from resource &apos;C:\Users\Nicolas\gora\gora-orientdb\src\test\resources\gora-orientdb-mapping.xml&apos; as it does not appear to exist! Trying local file.
30109 [main] INFO org.apache.gora.orientdb.store.OrientDBStore - Vertex name : Employee
30119 [main] INFO org.apache.gora.orientdb.store.OrientDBStore - Initialized Orient Store for host remote and url localhost:2424/searchDB
30127 [main] INFO org.apache.gora.store.DataStoreTestBase - tearing down test
</system-err>
  </testcase>
  <testcase time="0.064" classname="org.apache.gora.orientdb.store.OrientDBStore_Test" name="testUpdate">
    <error message="Class Employee already exists in current database" type="com.orientechnologies.orient.core.exception.OSchemaException">com.orientechnologies.orient.core.exception.OSchemaException: Class Employee already exists in current database
	at com.orientechnologies.orient.core.metadata.schema.OSchemaShared$3.call(OSchemaShared.java:182)
	at com.orientechnologies.orient.core.metadata.schema.OSchemaShared$3.call(OSchemaShared.java:178)
	at com.orientechnologies.orient.core.storage.OStorageAbstract.callInLock(OStorageAbstract.java:185)
	at com.orientechnologies.orient.client.remote.OStorageRemoteThread.callInLock(OStorageRemoteThread.java:696)
	at com.orientechnologies.orient.core.metadata.schema.OSchemaShared.createClass(OSchemaShared.java:178)
	at com.orientechnologies.orient.core.metadata.schema.OSchemaShared.createClass(OSchemaShared.java:126)
	at com.orientechnologies.orient.core.metadata.schema.OSchemaShared.createClass(OSchemaShared.java:118)
	at com.orientechnologies.orient.core.metadata.schema.OSchemaShared.createClass(OSchemaShared.java:106)
	at com.orientechnologies.orient.core.metadata.schema.OSchemaProxy.createClass(OSchemaProxy.java:77)
	at org.apache.gora.orientdb.store.OrientDBStore.createSchema(OrientDBStore.java:185)
	at org.apache.gora.orientdb.store.OrientDBStore_Test.createEmployeeDataStore(OrientDBStore_Test.java:119)
	at org.apache.gora.store.DataStoreTestBase.setUp(DataStoreTestBase.java:96)
	at sun.reflect.GeneratedMethodAccessor2.invoke(Unknown Source)
	at sun.reflect.DelegatingMethodAccessorImpl.invoke(DelegatingMethodAccessorImpl.java:43)
	at java.lang.reflect.Method.invoke(Method.java:601)
	at org.junit.runners.model.FrameworkMethod$1.runReflectiveCall(FrameworkMethod.java:45)
	at org.junit.internal.runners.model.ReflectiveCallable.run(ReflectiveCallable.java:15)
	at org.junit.runners.model.FrameworkMethod.invokeExplosively(FrameworkMethod.java:42)
	at org.junit.internal.runners.statements.RunBefores.evaluate(RunBefores.java:27)
	at org.junit.internal.runners.statements.RunAfters.evaluate(RunAfters.java:30)
	at org.junit.runners.ParentRunner.runLeaf(ParentRunner.java:263)
	at org.junit.runners.BlockJUnit4ClassRunner.runChild(BlockJUnit4ClassRunner.java:68)
	at org.junit.runners.BlockJUnit4ClassRunner.runChild(BlockJUnit4ClassRunner.java:47)
	at org.junit.runners.ParentRunner$3.run(ParentRunner.java:231)
	at org.junit.runners.ParentRunner$1.schedule(ParentRunner.java:60)
	at org.junit.runners.ParentRunner.runChildren(ParentRunner.java:229)
	at org.junit.runners.ParentRunner.access$000(ParentRunner.java:50)
	at org.junit.runners.ParentRunner$2.evaluate(ParentRunner.java:222)
	at org.junit.internal.runners.statements.RunBefores.evaluate(RunBefores.java:28)
	at org.junit.internal.runners.statements.RunAfters.evaluate(RunAfters.java:30)
	at org.junit.runners.ParentRunner.run(ParentRunner.java:300)
	at org.apache.maven.surefire.junit4.JUnit4Provider.execute(JUnit4Provider.java:236)
	at org.apache.maven.surefire.junit4.JUnit4Provider.executeTestSet(JUnit4Provider.java:134)
	at org.apache.maven.surefire.junit4.JUnit4Provider.invoke(JUnit4Provider.java:113)
	at sun.reflect.NativeMethodAccessorImpl.invoke0(Native Method)
	at sun.reflect.NativeMethodAccessorImpl.invoke(NativeMethodAccessorImpl.java:57)
	at sun.reflect.DelegatingMethodAccessorImpl.invoke(DelegatingMethodAccessorImpl.java:43)
	at java.lang.reflect.Method.invoke(Method.java:601)
	at org.apache.maven.surefire.util.ReflectionUtils.invokeMethodWithArray(ReflectionUtils.java:189)
	at org.apache.maven.surefire.booter.ProviderFactory$ProviderProxy.invoke(ProviderFactory.java:165)
	at org.apache.maven.surefire.booter.ProviderFactory.invokeProvider(ProviderFactory.java:85)
	at org.apache.maven.surefire.booter.ForkedBooter.runSuitesInProcess(ForkedBooter.java:103)
	at org.apache.maven.surefire.booter.ForkedBooter.main(ForkedBooter.java:74)
</error>
    <system-err>30131 [main] INFO org.apache.gora.store.DataStoreTestBase - setting up test
30133 [main] WARN org.apache.gora.orientdb.store.OrientDBStore - Unable to load the mapping from resource &apos;C:\Users\Nicolas\gora\gora-orientdb\src\test\resources\gora-orientdb-mapping.xml&apos; as it does not appear to exist! Trying local file.
30178 [main] INFO org.apache.gora.orientdb.store.OrientDBStore - Vertex name : Employee
30188 [main] INFO org.apache.gora.orientdb.store.OrientDBStore - Initialized Orient Store for host remote and url localhost:2424/searchDB
30194 [main] INFO org.apache.gora.store.DataStoreTestBase - tearing down test
</system-err>
  </testcase>
  <testcase time="0.08" classname="org.apache.gora.orientdb.store.OrientDBStore_Test" name="testPut">
    <error message="Class Employee already exists in current database" type="com.orientechnologies.orient.core.exception.OSchemaException">com.orientechnologies.orient.core.exception.OSchemaException: Class Employee already exists in current database
	at com.orientechnologies.orient.core.metadata.schema.OSchemaShared$3.call(OSchemaShared.java:182)
	at com.orientechnologies.orient.core.metadata.schema.OSchemaShared$3.call(OSchemaShared.java:178)
	at com.orientechnologies.orient.core.storage.OStorageAbstract.callInLock(OStorageAbstract.java:185)
	at com.orientechnologies.orient.client.remote.OStorageRemoteThread.callInLock(OStorageRemoteThread.java:696)
	at com.orientechnologies.orient.core.metadata.schema.OSchemaShared.createClass(OSchemaShared.java:178)
	at com.orientechnologies.orient.core.metadata.schema.OSchemaShared.createClass(OSchemaShared.java:126)
	at com.orientechnologies.orient.core.metadata.schema.OSchemaShared.createClass(OSchemaShared.java:118)
	at com.orientechnologies.orient.core.metadata.schema.OSchemaShared.createClass(OSchemaShared.java:106)
	at com.orientechnologies.orient.core.metadata.schema.OSchemaProxy.createClass(OSchemaProxy.java:77)
	at org.apache.gora.orientdb.store.OrientDBStore.createSchema(OrientDBStore.java:185)
	at org.apache.gora.orientdb.store.OrientDBStore_Test.createEmployeeDataStore(OrientDBStore_Test.java:119)
	at org.apache.gora.store.DataStoreTestBase.setUp(DataStoreTestBase.java:96)
	at sun.reflect.GeneratedMethodAccessor2.invoke(Unknown Source)
	at sun.reflect.DelegatingMethodAccessorImpl.invoke(DelegatingMethodAccessorImpl.java:43)
	at java.lang.reflect.Method.invoke(Method.java:601)
	at org.junit.runners.model.FrameworkMethod$1.runReflectiveCall(FrameworkMethod.java:45)
	at org.junit.internal.runners.model.ReflectiveCallable.run(ReflectiveCallable.java:15)
	at org.junit.runners.model.FrameworkMethod.invokeExplosively(FrameworkMethod.java:42)
	at org.junit.internal.runners.statements.RunBefores.evaluate(RunBefores.java:27)
	at org.junit.internal.runners.statements.RunAfters.evaluate(RunAfters.java:30)
	at org.junit.runners.ParentRunner.runLeaf(ParentRunner.java:263)
	at org.junit.runners.BlockJUnit4ClassRunner.runChild(BlockJUnit4ClassRunner.java:68)
	at org.junit.runners.BlockJUnit4ClassRunner.runChild(BlockJUnit4ClassRunner.java:47)
	at org.junit.runners.ParentRunner$3.run(ParentRunner.java:231)
	at org.junit.runners.ParentRunner$1.schedule(ParentRunner.java:60)
	at org.junit.runners.ParentRunner.runChildren(ParentRunner.java:229)
	at org.junit.runners.ParentRunner.access$000(ParentRunner.java:50)
	at org.junit.runners.ParentRunner$2.evaluate(ParentRunner.java:222)
	at org.junit.internal.runners.statements.RunBefores.evaluate(RunBefores.java:28)
	at org.junit.internal.runners.statements.RunAfters.evaluate(RunAfters.java:30)
	at org.junit.runners.ParentRunner.run(ParentRunner.java:300)
	at org.apache.maven.surefire.junit4.JUnit4Provider.execute(JUnit4Provider.java:236)
	at org.apache.maven.surefire.junit4.JUnit4Provider.executeTestSet(JUnit4Provider.java:134)
	at org.apache.maven.surefire.junit4.JUnit4Provider.invoke(JUnit4Provider.java:113)
	at sun.reflect.NativeMethodAccessorImpl.invoke0(Native Method)
	at sun.reflect.NativeMethodAccessorImpl.invoke(NativeMethodAccessorImpl.java:57)
	at sun.reflect.DelegatingMethodAccessorImpl.invoke(DelegatingMethodAccessorImpl.java:43)
	at java.lang.reflect.Method.invoke(Method.java:601)
	at org.apache.maven.surefire.util.ReflectionUtils.invokeMethodWithArray(ReflectionUtils.java:189)
	at org.apache.maven.surefire.booter.ProviderFactory$ProviderProxy.invoke(ProviderFactory.java:165)
	at org.apache.maven.surefire.booter.ProviderFactory.invokeProvider(ProviderFactory.java:85)
	at org.apache.maven.surefire.booter.ForkedBooter.runSuitesInProcess(ForkedBooter.java:103)
	at org.apache.maven.surefire.booter.ForkedBooter.main(ForkedBooter.java:74)
</error>
    <system-err>30196 [main] INFO org.apache.gora.store.DataStoreTestBase - setting up test
30198 [main] WARN org.apache.gora.orientdb.store.OrientDBStore - Unable to load the mapping from resource &apos;C:\Users\Nicolas\gora\gora-orientdb\src\test\resources\gora-orientdb-mapping.xml&apos; as it does not appear to exist! Trying local file.
30234 [main] INFO org.apache.gora.orientdb.store.OrientDBStore - Vertex name : Employee
30266 [main] INFO org.apache.gora.orientdb.store.OrientDBStore - Initialized Orient Store for host remote and url localhost:2424/searchDB
30274 [main] INFO org.apache.gora.store.DataStoreTestBase - tearing down test
</system-err>
  </testcase>
  <testcase time="0.1" classname="org.apache.gora.orientdb.store.OrientDBStore_Test" name="testQueryWebPageQueryEmptyResults">
    <error message="Class Employee already exists in current database" type="com.orientechnologies.orient.core.exception.OSchemaException">com.orientechnologies.orient.core.exception.OSchemaException: Class Employee already exists in current database
	at com.orientechnologies.orient.core.metadata.schema.OSchemaShared$3.call(OSchemaShared.java:182)
	at com.orientechnologies.orient.core.metadata.schema.OSchemaShared$3.call(OSchemaShared.java:178)
	at com.orientechnologies.orient.core.storage.OStorageAbstract.callInLock(OStorageAbstract.java:185)
	at com.orientechnologies.orient.client.remote.OStorageRemoteThread.callInLock(OStorageRemoteThread.java:696)
	at com.orientechnologies.orient.core.metadata.schema.OSchemaShared.createClass(OSchemaShared.java:178)
	at com.orientechnologies.orient.core.metadata.schema.OSchemaShared.createClass(OSchemaShared.java:126)
	at com.orientechnologies.orient.core.metadata.schema.OSchemaShared.createClass(OSchemaShared.java:118)
	at com.orientechnologies.orient.core.metadata.schema.OSchemaShared.createClass(OSchemaShared.java:106)
	at com.orientechnologies.orient.core.metadata.schema.OSchemaProxy.createClass(OSchemaProxy.java:77)
	at org.apache.gora.orientdb.store.OrientDBStore.createSchema(OrientDBStore.java:185)
	at org.apache.gora.orientdb.store.OrientDBStore_Test.createEmployeeDataStore(OrientDBStore_Test.java:119)
	at org.apache.gora.store.DataStoreTestBase.setUp(DataStoreTestBase.java:96)
	at sun.reflect.GeneratedMethodAccessor2.invoke(Unknown Source)
	at sun.reflect.DelegatingMethodAccessorImpl.invoke(DelegatingMethodAccessorImpl.java:43)
	at java.lang.reflect.Method.invoke(Method.java:601)
	at org.junit.runners.model.FrameworkMethod$1.runReflectiveCall(FrameworkMethod.java:45)
	at org.junit.internal.runners.model.ReflectiveCallable.run(ReflectiveCallable.java:15)
	at org.junit.runners.model.FrameworkMethod.invokeExplosively(FrameworkMethod.java:42)
	at org.junit.internal.runners.statements.RunBefores.evaluate(RunBefores.java:27)
	at org.junit.internal.runners.statements.RunAfters.evaluate(RunAfters.java:30)
	at org.junit.runners.ParentRunner.runLeaf(ParentRunner.java:263)
	at org.junit.runners.BlockJUnit4ClassRunner.runChild(BlockJUnit4ClassRunner.java:68)
	at org.junit.runners.BlockJUnit4ClassRunner.runChild(BlockJUnit4ClassRunner.java:47)
	at org.junit.runners.ParentRunner$3.run(ParentRunner.java:231)
	at org.junit.runners.ParentRunner$1.schedule(ParentRunner.java:60)
	at org.junit.runners.ParentRunner.runChildren(ParentRunner.java:229)
	at org.junit.runners.ParentRunner.access$000(ParentRunner.java:50)
	at org.junit.runners.ParentRunner$2.evaluate(ParentRunner.java:222)
	at org.junit.internal.runners.statements.RunBefores.evaluate(RunBefores.java:28)
	at org.junit.internal.runners.statements.RunAfters.evaluate(RunAfters.java:30)
	at org.junit.runners.ParentRunner.run(ParentRunner.java:300)
	at org.apache.maven.surefire.junit4.JUnit4Provider.execute(JUnit4Provider.java:236)
	at org.apache.maven.surefire.junit4.JUnit4Provider.executeTestSet(JUnit4Provider.java:134)
	at org.apache.maven.surefire.junit4.JUnit4Provider.invoke(JUnit4Provider.java:113)
	at sun.reflect.NativeMethodAccessorImpl.invoke0(Native Method)
	at sun.reflect.NativeMethodAccessorImpl.invoke(NativeMethodAccessorImpl.java:57)
	at sun.reflect.DelegatingMethodAccessorImpl.invoke(DelegatingMethodAccessorImpl.java:43)
	at java.lang.reflect.Method.invoke(Method.java:601)
	at org.apache.maven.surefire.util.ReflectionUtils.invokeMethodWithArray(ReflectionUtils.java:189)
	at org.apache.maven.surefire.booter.ProviderFactory$ProviderProxy.invoke(ProviderFactory.java:165)
	at org.apache.maven.surefire.booter.ProviderFactory.invokeProvider(ProviderFactory.java:85)
	at org.apache.maven.surefire.booter.ForkedBooter.runSuitesInProcess(ForkedBooter.java:103)
	at org.apache.maven.surefire.booter.ForkedBooter.main(ForkedBooter.java:74)
</error>
    <system-err>30277 [main] INFO org.apache.gora.store.DataStoreTestBase - setting up test
30280 [main] WARN org.apache.gora.orientdb.store.OrientDBStore - Unable to load the mapping from resource &apos;C:\Users\Nicolas\gora\gora-orientdb\src\test\resources\gora-orientdb-mapping.xml&apos; as it does not appear to exist! Trying local file.
30358 [main] INFO org.apache.gora.orientdb.store.OrientDBStore - Vertex name : Employee
30367 [main] INFO org.apache.gora.orientdb.store.OrientDBStore - Initialized Orient Store for host remote and url localhost:2424/searchDB
30374 [main] INFO org.apache.gora.store.DataStoreTestBase - tearing down test
</system-err>
  </testcase>
  <testcase time="0.079" classname="org.apache.gora.orientdb.store.OrientDBStore_Test" name="testQueryWebPageSingleKeyDefaultFields">
    <error message="Class Employee already exists in current database" type="com.orientechnologies.orient.core.exception.OSchemaException">com.orientechnologies.orient.core.exception.OSchemaException: Class Employee already exists in current database
	at com.orientechnologies.orient.core.metadata.schema.OSchemaShared$3.call(OSchemaShared.java:182)
	at com.orientechnologies.orient.core.metadata.schema.OSchemaShared$3.call(OSchemaShared.java:178)
	at com.orientechnologies.orient.core.storage.OStorageAbstract.callInLock(OStorageAbstract.java:185)
	at com.orientechnologies.orient.client.remote.OStorageRemoteThread.callInLock(OStorageRemoteThread.java:696)
	at com.orientechnologies.orient.core.metadata.schema.OSchemaShared.createClass(OSchemaShared.java:178)
	at com.orientechnologies.orient.core.metadata.schema.OSchemaShared.createClass(OSchemaShared.java:126)
	at com.orientechnologies.orient.core.metadata.schema.OSchemaShared.createClass(OSchemaShared.java:118)
	at com.orientechnologies.orient.core.metadata.schema.OSchemaShared.createClass(OSchemaShared.java:106)
	at com.orientechnologies.orient.core.metadata.schema.OSchemaProxy.createClass(OSchemaProxy.java:77)
	at org.apache.gora.orientdb.store.OrientDBStore.createSchema(OrientDBStore.java:185)
	at org.apache.gora.orientdb.store.OrientDBStore_Test.createEmployeeDataStore(OrientDBStore_Test.java:119)
	at org.apache.gora.store.DataStoreTestBase.setUp(DataStoreTestBase.java:96)
	at sun.reflect.GeneratedMethodAccessor2.invoke(Unknown Source)
	at sun.reflect.DelegatingMethodAccessorImpl.invoke(DelegatingMethodAccessorImpl.java:43)
	at java.lang.reflect.Method.invoke(Method.java:601)
	at org.junit.runners.model.FrameworkMethod$1.runReflectiveCall(FrameworkMethod.java:45)
	at org.junit.internal.runners.model.ReflectiveCallable.run(ReflectiveCallable.java:15)
	at org.junit.runners.model.FrameworkMethod.invokeExplosively(FrameworkMethod.java:42)
	at org.junit.internal.runners.statements.RunBefores.evaluate(RunBefores.java:27)
	at org.junit.internal.runners.statements.RunAfters.evaluate(RunAfters.java:30)
	at org.junit.runners.ParentRunner.runLeaf(ParentRunner.java:263)
	at org.junit.runners.BlockJUnit4ClassRunner.runChild(BlockJUnit4ClassRunner.java:68)
	at org.junit.runners.BlockJUnit4ClassRunner.runChild(BlockJUnit4ClassRunner.java:47)
	at org.junit.runners.ParentRunner$3.run(ParentRunner.java:231)
	at org.junit.runners.ParentRunner$1.schedule(ParentRunner.java:60)
	at org.junit.runners.ParentRunner.runChildren(ParentRunner.java:229)
	at org.junit.runners.ParentRunner.access$000(ParentRunner.java:50)
	at org.junit.runners.ParentRunner$2.evaluate(ParentRunner.java:222)
	at org.junit.internal.runners.statements.RunBefores.evaluate(RunBefores.java:28)
	at org.junit.internal.runners.statements.RunAfters.evaluate(RunAfters.java:30)
	at org.junit.runners.ParentRunner.run(ParentRunner.java:300)
	at org.apache.maven.surefire.junit4.JUnit4Provider.execute(JUnit4Provider.java:236)
	at org.apache.maven.surefire.junit4.JUnit4Provider.executeTestSet(JUnit4Provider.java:134)
	at org.apache.maven.surefire.junit4.JUnit4Provider.invoke(JUnit4Provider.java:113)
	at sun.reflect.NativeMethodAccessorImpl.invoke0(Native Method)
	at sun.reflect.NativeMethodAccessorImpl.invoke(NativeMethodAccessorImpl.java:57)
	at sun.reflect.DelegatingMethodAccessorImpl.invoke(DelegatingMethodAccessorImpl.java:43)
	at java.lang.reflect.Method.invoke(Method.java:601)
	at org.apache.maven.surefire.util.ReflectionUtils.invokeMethodWithArray(ReflectionUtils.java:189)
	at org.apache.maven.surefire.booter.ProviderFactory$ProviderProxy.invoke(ProviderFactory.java:165)
	at org.apache.maven.surefire.booter.ProviderFactory.invokeProvider(ProviderFactory.java:85)
	at org.apache.maven.surefire.booter.ForkedBooter.runSuitesInProcess(ForkedBooter.java:103)
	at org.apache.maven.surefire.booter.ForkedBooter.main(ForkedBooter.java:74)
</error>
    <system-err>30377 [main] INFO org.apache.gora.store.DataStoreTestBase - setting up test
30379 [main] WARN org.apache.gora.orientdb.store.OrientDBStore - Unable to load the mapping from resource &apos;C:\Users\Nicolas\gora\gora-orientdb\src\test\resources\gora-orientdb-mapping.xml&apos; as it does not appear to exist! Trying local file.
30431 [main] INFO org.apache.gora.orientdb.store.OrientDBStore - Vertex name : Employee
30440 [main] INFO org.apache.gora.orientdb.store.OrientDBStore - Initialized Orient Store for host remote and url localhost:2424/searchDB
30453 [main] INFO org.apache.gora.store.DataStoreTestBase - tearing down test
</system-err>
  </testcase>
</testsuite>