<?xml version="1.0" encoding="UTF-8" ?>
<testsuite failures="1" time="198.466" errors="0" skipped="2" tests="34" name="org.apache.gora.orientdb.store.OrientDBStore_Test">
  <properties>
[...]
</properties>
  <testcase time="0.185" classname="org.apache.gora.orientdb.store.OrientDBStore_Test" name="testComplexGraphInsert">
    <skipped/>
  </testcase>
  <testcase time="0.193" classname="org.apache.gora.orientdb.store.OrientDBStore_Test" name="testGraphInsert">
    <skipped/>
  </testcase>
  <testcase time="11.034" classname="org.apache.gora.orientdb.store.OrientDBStore_Test" name="testQueryWebPageQueryEmptyResults"/>
  <testcase time="3.23" classname="org.apache.gora.orientdb.store.OrientDBStore_Test" name="testDeleteByQueryFields"/>
  <testcase time="3.982" classname="org.apache.gora.orientdb.store.OrientDBStore_Test" name="testGet3UnionField"/>
  <testcase time="4.075" classname="org.apache.gora.orientdb.store.OrientDBStore_Test" name="testPutNested"/>
  <testcase time="5.515" classname="org.apache.gora.orientdb.store.OrientDBStore_Test" name="testGetWebPageDefaultFields"/>
  <testcase time="8.783" classname="org.apache.gora.orientdb.store.OrientDBStore_Test" name="testTruncateSchema"/>
  <testcase time="4.164" classname="org.apache.gora.orientdb.store.OrientDBStore_Test" name="testSchemaExists"/>
  <testcase time="9.547" classname="org.apache.gora.orientdb.store.OrientDBStore_Test" name="testDeleteSchema"/>
  <testcase time="3.92" classname="org.apache.gora.orientdb.store.OrientDBStore_Test" name="testGetRecursive"/>
  <testcase time="4.797" classname="org.apache.gora.orientdb.store.OrientDBStore_Test" name="testGetDoubleRecursive"/>
  <testcase time="5.428" classname="org.apache.gora.orientdb.store.OrientDBStore_Test" name="testGetNested"/>
  <testcase time="9.919" classname="org.apache.gora.orientdb.store.OrientDBStore_Test" name="testGetWithFields"/>
  <testcase time="6.405" classname="org.apache.gora.orientdb.store.OrientDBStore_Test" name="testGetWebPage"/>
  <testcase time="5.521" classname="org.apache.gora.orientdb.store.OrientDBStore_Test" name="testCreateSchema"/>
  <testcase time="3.959" classname="org.apache.gora.orientdb.store.OrientDBStore_Test" name="testAutoCreateSchema"/>
  <testcase time="4.114" classname="org.apache.gora.orientdb.store.OrientDBStore_Test" name="testGetNonExisting"/>
  <testcase time="6.636" classname="org.apache.gora.orientdb.store.OrientDBStore_Test" name="testQueryStartKey"/>
  <testcase time="4.326" classname="org.apache.gora.orientdb.store.OrientDBStore_Test" name="testNewInstance"/>
  <testcase time="6.086" classname="org.apache.gora.orientdb.store.OrientDBStore_Test" name="testQueryEndKey"/>
  <testcase time="9.332" classname="org.apache.gora.orientdb.store.OrientDBStore_Test" name="testDeleteByQuery">
    <failure message="expected:&lt;0&gt; but was:&lt;10&gt;" type="java.lang.AssertionError">java.lang.AssertionError: expected:&lt;0&gt; but was:&lt;10&gt;
	at org.junit.Assert.fail(Assert.java:93)
	at org.junit.Assert.failNotEquals(Assert.java:647)
	at org.junit.Assert.assertEquals(Assert.java:128)
	at org.junit.Assert.assertEquals(Assert.java:472)
	at org.junit.Assert.assertEquals(Assert.java:456)
	at org.apache.gora.store.DataStoreTestUtil.assertNumResults(DataStoreTestUtil.java:880)
	at org.apache.gora.store.DataStoreTestUtil.assertEmptyResults(DataStoreTestUtil.java:869)
	at org.apache.gora.store.DataStoreTestUtil.testDeleteByQuery(DataStoreTestUtil.java:983)
	at org.apache.gora.store.DataStoreTestBase.testDeleteByQuery(DataStoreTestBase.java:354)
	at sun.reflect.NativeMethodAccessorImpl.invoke0(Native Method)
	at sun.reflect.NativeMethodAccessorImpl.invoke(NativeMethodAccessorImpl.java:57)
	at sun.reflect.DelegatingMethodAccessorImpl.invoke(DelegatingMethodAccessorImpl.java:43)
	at java.lang.reflect.Method.invoke(Method.java:601)
	at org.junit.runners.model.FrameworkMethod$1.runReflectiveCall(FrameworkMethod.java:45)
	at org.junit.internal.runners.model.ReflectiveCallable.run(ReflectiveCallable.java:15)
	at org.junit.runners.model.FrameworkMethod.invokeExplosively(FrameworkMethod.java:42)
	at org.junit.internal.runners.statements.InvokeMethod.evaluate(InvokeMethod.java:20)
	at org.junit.internal.runners.statements.RunBefores.evaluate(RunBefores.java:28)
	at org.junit.internal.runners.statements.RunAfters.evaluate(RunAfters.java:30)
	at org.junit.runners.ParentRunner.runLeaf(ParentRunner.java:263)
	at org.junit.runners.BlockJUnit4ClassRunner.runChild(BlockJUnit4ClassRunner.java:68)
	at org.junit.runners.BlockJUnit4ClassRunner.runChild(BlockJUnit4ClassRunner.java:47)
	at org.junit.runners.ParentRunner$3.run(ParentRunner.java:231)
	at org.junit.runners.ParentRunner$1.schedule(ParentRunner.java:60)
	at org.junit.runners.ParentRunner.runChildren(ParentRunner.java:229)
	at org.junit.runners.ParentRunner.access$000(ParentRunner.java:50)
	at org.junit.runners.ParentRunner$2.evaluate(ParentRunner.java:222)
	at org.junit.internal.runners.statements.RunBefores.evaluate(RunBefores.java:28)
	at org.junit.internal.runners.statements.RunAfters.evaluate(RunAfters.java:30)
	at org.junit.runners.ParentRunner.run(ParentRunner.java:300)
	at org.apache.maven.surefire.junit4.JUnit4Provider.execute(JUnit4Provider.java:236)
	at org.apache.maven.surefire.junit4.JUnit4Provider.executeTestSet(JUnit4Provider.java:134)
	at org.apache.maven.surefire.junit4.JUnit4Provider.invoke(JUnit4Provider.java:113)
	at sun.reflect.NativeMethodAccessorImpl.invoke0(Native Method)
	at sun.reflect.NativeMethodAccessorImpl.invoke(NativeMethodAccessorImpl.java:57)
	at sun.reflect.DelegatingMethodAccessorImpl.invoke(DelegatingMethodAccessorImpl.java:43)
	at java.lang.reflect.Method.invoke(Method.java:601)
	at org.apache.maven.surefire.util.ReflectionUtils.invokeMethodWithArray(ReflectionUtils.java:189)
	at org.apache.maven.surefire.booter.ProviderFactory$ProviderProxy.invoke(ProviderFactory.java:165)
	at org.apache.maven.surefire.booter.ProviderFactory.invokeProvider(ProviderFactory.java:85)
	at org.apache.maven.surefire.booter.ForkedBooter.runSuitesInProcess(ForkedBooter.java:103)
	at org.apache.maven.surefire.booter.ForkedBooter.main(ForkedBooter.java:74)
</failure>
    <system-err>111461 [main] INFO org.apache.gora.store.DataStoreTestBase - setting up test
111463 [main] WARN org.apache.gora.orientdb.store.OrientDBStore - Unable to load the mapping from resource &apos;C:\Users\Nicolas\gora\gora-orientdb\src\test\resources\gora-orientdb-mapping.xml&apos; as it does not appear to exist! Trying local file.
111499 [main] INFO org.apache.gora.orientdb.store.OrientDBStore - Vertex name : Employee
111516 [main] INFO org.apache.gora.orientdb.store.OrientDBStore - Initialized Orient Store for host remote and url [localhost:2424/testDB, localhost:2425/testDB]
111516 [main] INFO org.apache.gora.orientdb.store.OrientDBStore - Schema exists : true    Exist class Employee: true
111516 [main] WARN org.apache.gora.orientdb.store.OrientDBStore - Class Employee and internEmployee has been created
111519 [main] WARN org.apache.gora.orientdb.store.OrientDBStore - Unable to load the mapping from resource &apos;C:\Users\Nicolas\gora\gora-orientdb\src\test\resources\gora-orientdb-mapping.xml&apos; as it does not appear to exist! Trying local file.
111550 [main] INFO org.apache.gora.orientdb.store.OrientDBStore - Vertex name : WebPage
111566 [main] INFO org.apache.gora.orientdb.store.OrientDBStore - Initialized Orient Store for host remote and url [localhost:2424/testDB, localhost:2425/testDB]
111566 [main] INFO org.apache.gora.orientdb.store.OrientDBStore - Schema exists : true    Exist class Employee: true
111566 [main] WARN org.apache.gora.orientdb.store.OrientDBStore - Class WebPage and internWebPage has been created
111566 [main] INFO org.apache.gora.orientdb.store.OrientDBStore - Schema exists : true    Exist class Employee: true
112048 [main] INFO org.apache.gora.orientdb.store.OrientDBStore - Schema exists : false    Exist class Employee: false
113161 [main] INFO org.mortbay.log - Selection strategyround-robin
113307 [main] WARN org.apache.gora.orientdb.store.OrientDBStore - Class Employee and internEmployee has been created
113307 [main] INFO org.apache.gora.orientdb.store.OrientDBStore - Schema exists : true    Exist class Employee: true
114617 [main] INFO org.apache.gora.orientdb.store.OrientDBStore - Schema exists : false    Exist class Employee: false
116108 [main] INFO org.mortbay.log - Selection strategyround-robin
116254 [main] WARN org.apache.gora.orientdb.store.OrientDBStore - Class WebPage and internWebPage has been created
116254 [main] INFO org.apache.gora.store.DataStoreTestBase - test method: testDeleteByQuery
116254 [main] INFO org.apache.gora.examples.WebPageDataCreator - creating web page data
116255 [main] INFO org.apache.gora.orientdb.store.OrientDBStore - Url of databaselocalhost:2425/testDB
116294 [main] INFO org.apache.gora.orientdb.store.OrientDBStore - Schema exists : true    Exist class Employee: true
116295 [main] INFO org.apache.gora.orientdb.store.OrientDBStore - internal fields new docurl
116295 [main] INFO org.apache.gora.orientdb.store.OrientDBStore - internal fields new doccontent
116295 [main] INFO org.apache.gora.orientdb.store.OrientDBStore - internal fields new docparsedContent
116295 [main] INFO org.apache.gora.orientdb.store.OrientDBStore - internal fields new docoutlinks
116296 [main] INFO org.apache.gora.orientdb.store.OrientDBStore - Get mapKey : http://bazbar·com
116296 [main] INFO org.apache.gora.orientdb.store.OrientDBStore - Get mapKey : http://bar·com/3·jsp
116296 [main] INFO org.apache.gora.orientdb.store.OrientDBStore - Get mapKey : http://foo·com/1·html
116296 [main] INFO org.apache.gora.orientdb.store.OrientDBStore - Get mapKey : http://foo·com/2·html
116297 [main] INFO org.apache.gora.orientdb.store.OrientDBStore - internal fields new docheaders
116297 [main] INFO org.apache.gora.orientdb.store.OrientDBStore - internal fields new docmetadata
116297 [main] INFO org.apache.gora.orientdb.store.OrientDBStore - Get mapKey : metakey
116330 [main] INFO org.apache.gora.orientdb.store.OrientDBStore - The object  with key : http://foo.com/  is added to the db
116365 [main] INFO org.apache.gora.orientdb.store.OrientDBStore - Schema exists : true    Exist class Employee: true
116365 [main] INFO org.apache.gora.orientdb.store.OrientDBStore - internal fields new docurl
116366 [main] INFO org.apache.gora.orientdb.store.OrientDBStore - internal fields new doccontent
116366 [main] INFO org.apache.gora.orientdb.store.OrientDBStore - internal fields new docparsedContent
116366 [main] INFO org.apache.gora.orientdb.store.OrientDBStore - internal fields new docoutlinks
116366 [main] INFO org.apache.gora.orientdb.store.OrientDBStore - Get mapKey : http://bazbar·com
116367 [main] INFO org.apache.gora.orientdb.store.OrientDBStore - Get mapKey : http://bar·com/3·jsp
116367 [main] INFO org.apache.gora.orientdb.store.OrientDBStore - internal fields new docheaders
116367 [main] INFO org.apache.gora.orientdb.store.OrientDBStore - internal fields new docmetadata
116367 [main] INFO org.apache.gora.orientdb.store.OrientDBStore - Get mapKey : metakey
116395 [main] INFO org.apache.gora.orientdb.store.OrientDBStore - The object  with key : http://foo.com/1.html  is added to the db
116396 [main] INFO org.apache.gora.orientdb.store.OrientDBStore - Url of databaselocalhost:2425/testDB
116420 [main] INFO org.apache.gora.orientdb.store.OrientDBStore - Schema exists : true    Exist class Employee: true
116421 [main] INFO org.apache.gora.orientdb.store.OrientDBStore - internal fields new docurl
116421 [main] INFO org.apache.gora.orientdb.store.OrientDBStore - internal fields new doccontent
116421 [main] INFO org.apache.gora.orientdb.store.OrientDBStore - internal fields new docparsedContent
116422 [main] INFO org.apache.gora.orientdb.store.OrientDBStore - internal fields new docoutlinks
116422 [main] INFO org.apache.gora.orientdb.store.OrientDBStore - internal fields new docheaders
116422 [main] INFO org.apache.gora.orientdb.store.OrientDBStore - internal fields new docmetadata
116422 [main] INFO org.apache.gora.orientdb.store.OrientDBStore - Get mapKey : metakey
116460 [main] INFO org.apache.gora.orientdb.store.OrientDBStore - The object  with key : http://foo.com/2.html  is added to the db
116492 [main] INFO org.apache.gora.orientdb.store.OrientDBStore - Schema exists : true    Exist class Employee: true
116492 [main] INFO org.apache.gora.orientdb.store.OrientDBStore - internal fields new docurl
116492 [main] INFO org.apache.gora.orientdb.store.OrientDBStore - internal fields new doccontent
116493 [main] INFO org.apache.gora.orientdb.store.OrientDBStore - internal fields new docparsedContent
116493 [main] INFO org.apache.gora.orientdb.store.OrientDBStore - internal fields new docoutlinks
116493 [main] INFO org.apache.gora.orientdb.store.OrientDBStore - Get mapKey : http://bazbar·com
116494 [main] INFO org.apache.gora.orientdb.store.OrientDBStore - internal fields new docheaders
116494 [main] INFO org.apache.gora.orientdb.store.OrientDBStore - internal fields new docmetadata
116494 [main] INFO org.apache.gora.orientdb.store.OrientDBStore - Get mapKey : metakey
116524 [main] INFO org.apache.gora.orientdb.store.OrientDBStore - The object  with key : http://bar.com/3.jsp  is added to the db
116525 [main] INFO org.apache.gora.orientdb.store.OrientDBStore - Url of databaselocalhost:2425/testDB
116548 [main] INFO org.apache.gora.orientdb.store.OrientDBStore - Schema exists : true    Exist class Employee: true
116549 [main] INFO org.apache.gora.orientdb.store.OrientDBStore - internal fields new docurl
116549 [main] INFO org.apache.gora.orientdb.store.OrientDBStore - internal fields new doccontent
116549 [main] INFO org.apache.gora.orientdb.store.OrientDBStore - internal fields new docparsedContent
116550 [main] INFO org.apache.gora.orientdb.store.OrientDBStore - internal fields new docoutlinks
116550 [main] INFO org.apache.gora.orientdb.store.OrientDBStore - Get mapKey : http://bar·com/
116550 [main] INFO org.apache.gora.orientdb.store.OrientDBStore - internal fields new docheaders
116550 [main] INFO org.apache.gora.orientdb.store.OrientDBStore - internal fields new docmetadata
116551 [main] INFO org.apache.gora.orientdb.store.OrientDBStore - Get mapKey : metakey
116602 [main] INFO org.apache.gora.orientdb.store.OrientDBStore - The object  with key : http://bar.com/1.html  is added to the db
116638 [main] INFO org.apache.gora.orientdb.store.OrientDBStore - Schema exists : true    Exist class Employee: true
116639 [main] INFO org.apache.gora.orientdb.store.OrientDBStore - internal fields new docurl
116639 [main] INFO org.apache.gora.orientdb.store.OrientDBStore - internal fields new doccontent
116639 [main] INFO org.apache.gora.orientdb.store.OrientDBStore - internal fields new docparsedContent
116640 [main] INFO org.apache.gora.orientdb.store.OrientDBStore - internal fields new docoutlinks
116640 [main] INFO org.apache.gora.orientdb.store.OrientDBStore - Get mapKey : http://bazbar·com
116640 [main] INFO org.apache.gora.orientdb.store.OrientDBStore - Get mapKey : http://baz·com/1·jsp&amp;q=foo
116641 [main] INFO org.apache.gora.orientdb.store.OrientDBStore - Get mapKey : http://foo·com/2·html
116641 [main] INFO org.apache.gora.orientdb.store.OrientDBStore - Get mapKey : http://bar·com/3·jsp
116641 [main] INFO org.apache.gora.orientdb.store.OrientDBStore - Get mapKey : http://baz·com/1·jsp&amp;q=barbaz&amp;p=foo
116641 [main] INFO org.apache.gora.orientdb.store.OrientDBStore - Get mapKey : http://baz·com/1·jsp&amp;q=barbaz
116642 [main] INFO org.apache.gora.orientdb.store.OrientDBStore - Get mapKey : http://bar·com/1·html
116642 [main] INFO org.apache.gora.orientdb.store.OrientDBStore - Get mapKey : http://foo·com/1·html
116642 [main] INFO org.apache.gora.orientdb.store.OrientDBStore - internal fields new docheaders
116642 [main] INFO org.apache.gora.orientdb.store.OrientDBStore - internal fields new docmetadata
116643 [main] INFO org.apache.gora.orientdb.store.OrientDBStore - Get mapKey : metakey
116672 [main] INFO org.apache.gora.orientdb.store.OrientDBStore - The object  with key : http://bar.com/  is added to the db
116673 [main] INFO org.apache.gora.orientdb.store.OrientDBStore - Url of databaselocalhost:2425/testDB
116697 [main] INFO org.apache.gora.orientdb.store.OrientDBStore - Schema exists : true    Exist class Employee: true
116697 [main] INFO org.apache.gora.orientdb.store.OrientDBStore - internal fields new docurl
116698 [main] INFO org.apache.gora.orientdb.store.OrientDBStore - internal fields new doccontent
116698 [main] INFO org.apache.gora.orientdb.store.OrientDBStore - internal fields new docparsedContent
116698 [main] INFO org.apache.gora.orientdb.store.OrientDBStore - internal fields new docoutlinks
116699 [main] INFO org.apache.gora.orientdb.store.OrientDBStore - Get mapKey : http://foo·com/1·html
116699 [main] INFO org.apache.gora.orientdb.store.OrientDBStore - internal fields new docheaders
116699 [main] INFO org.apache.gora.orientdb.store.OrientDBStore - internal fields new docmetadata
116700 [main] INFO org.apache.gora.orientdb.store.OrientDBStore - Get mapKey : metakey
116736 [main] INFO org.apache.gora.orientdb.store.OrientDBStore - The object  with key : http://baz.com/1.jsp&amp;q=barbaz  is added to the db
116773 [main] INFO org.apache.gora.orientdb.store.OrientDBStore - Schema exists : true    Exist class Employee: true
116774 [main] INFO org.apache.gora.orientdb.store.OrientDBStore - internal fields new docurl
116774 [main] INFO org.apache.gora.orientdb.store.OrientDBStore - internal fields new doccontent
116774 [main] INFO org.apache.gora.orientdb.store.OrientDBStore - internal fields new docparsedContent
116774 [main] INFO org.apache.gora.orientdb.store.OrientDBStore - internal fields new docoutlinks
116775 [main] INFO org.apache.gora.orientdb.store.OrientDBStore - Get mapKey : http://foo·com/2·html
116775 [main] INFO org.apache.gora.orientdb.store.OrientDBStore - internal fields new docheaders
116775 [main] INFO org.apache.gora.orientdb.store.OrientDBStore - internal fields new docmetadata
116775 [main] INFO org.apache.gora.orientdb.store.OrientDBStore - Get mapKey : metakey
116805 [main] INFO org.apache.gora.orientdb.store.OrientDBStore - The object  with key : http://baz.com/1.jsp&amp;q=barbaz&amp;p=foo  is added to the db
116806 [main] INFO org.apache.gora.orientdb.store.OrientDBStore - Url of databaselocalhost:2425/testDB
116830 [main] INFO org.apache.gora.orientdb.store.OrientDBStore - Schema exists : true    Exist class Employee: true
116831 [main] INFO org.apache.gora.orientdb.store.OrientDBStore - internal fields new docurl
116831 [main] INFO org.apache.gora.orientdb.store.OrientDBStore - internal fields new doccontent
116832 [main] INFO org.apache.gora.orientdb.store.OrientDBStore - internal fields new docparsedContent
116832 [main] INFO org.apache.gora.orientdb.store.OrientDBStore - internal fields new docoutlinks
116832 [main] INFO org.apache.gora.orientdb.store.OrientDBStore - Get mapKey : http://bar·com/3·jsp
116832 [main] INFO org.apache.gora.orientdb.store.OrientDBStore - internal fields new docheaders
116833 [main] INFO org.apache.gora.orientdb.store.OrientDBStore - internal fields new docmetadata
116833 [main] INFO org.apache.gora.orientdb.store.OrientDBStore - Get mapKey : metakey
116869 [main] INFO org.apache.gora.orientdb.store.OrientDBStore - The object  with key : http://baz.com/1.jsp&amp;q=foo  is added to the db
116900 [main] INFO org.apache.gora.orientdb.store.OrientDBStore - Schema exists : true    Exist class Employee: true
116900 [main] INFO org.apache.gora.orientdb.store.OrientDBStore - internal fields new docurl
116900 [main] INFO org.apache.gora.orientdb.store.OrientDBStore - internal fields new doccontent
116900 [main] INFO org.apache.gora.orientdb.store.OrientDBStore - internal fields new docparsedContent
116901 [main] INFO org.apache.gora.orientdb.store.OrientDBStore - internal fields new docoutlinks
116901 [main] INFO org.apache.gora.orientdb.store.OrientDBStore - Get mapKey : http://baz·com/1·jsp&amp;q=foo
116901 [main] INFO org.apache.gora.orientdb.store.OrientDBStore - Get mapKey : http://foo·com/1·html
116902 [main] INFO org.apache.gora.orientdb.store.OrientDBStore - internal fields new docheaders
116902 [main] INFO org.apache.gora.orientdb.store.OrientDBStore - internal fields new docmetadata
116902 [main] INFO org.apache.gora.orientdb.store.OrientDBStore - Get mapKey : metakey
116931 [main] INFO org.apache.gora.orientdb.store.OrientDBStore - The object  with key : http://bazbar.com  is added to the db
116931 [main] INFO org.apache.gora.examples.WebPageDataCreator - finished creating web page data
117060 [main] INFO org.apache.gora.orientdb.store.OrientDBStore - TEMPORARY!!! url
117060 [main] INFO org.apache.gora.orientdb.store.OrientDBStore - Vertf: url
117061 [main] INFO org.apache.gora.orientdb.store.OrientDBStore - Field: url
117061 [main] INFO org.apache.gora.orientdb.store.OrientDBStore - TEMPORARY!! result!=null add to the persistent
117061 [main] INFO org.apache.gora.orientdb.store.OrientDBStore - TEMPORARY!!! content
117061 [main] INFO org.apache.gora.orientdb.store.OrientDBStore - Vertf: content
117061 [main] INFO org.apache.gora.orientdb.store.OrientDBStore - Field: content
117061 [main] INFO org.apache.gora.orientdb.store.OrientDBStore - TEMPORARY!! result!=null add to the persistent
117061 [main] INFO org.apache.gora.orientdb.store.OrientDBStore - TEMPORARY!!! parsedContent
117061 [main] INFO org.apache.gora.orientdb.store.OrientDBStore - Vertf: parsedContent
117061 [main] INFO org.apache.gora.orientdb.store.OrientDBStore - Field: parsedContent
117062 [main] INFO org.apache.gora.orientdb.store.OrientDBStore - TEMPORARY!! INside fromDBObject 
117062 [main] INFO org.apache.gora.orientdb.store.OrientDBStore - Temporary inside fromDBArray fields: parsedContent
117062 [main] INFO org.apache.gora.orientdb.store.OrientDBStore - TEMPORARY!! result!=null add to the persistent
117062 [main] INFO org.apache.gora.orientdb.store.OrientDBStore - TEMPORARY!!! outlinks
117062 [main] INFO org.apache.gora.orientdb.store.OrientDBStore - Vertf: outlinks
117062 [main] INFO org.apache.gora.orientdb.store.OrientDBStore - Field: outlinks
117063 [main] INFO org.apache.gora.orientdb.store.OrientDBStore - TEMPORARY!! result!=null add to the persistent
117063 [main] INFO org.apache.gora.orientdb.store.OrientDBStore - TEMPORARY!!! headers
117064 [main] INFO org.apache.gora.orientdb.store.OrientDBStore - Vertf: headers
117064 [main] INFO org.apache.gora.orientdb.store.OrientDBStore - Field: headers
117064 [main] INFO org.apache.gora.orientdb.store.OrientDBStore - TEMPORARY!!! metadata
117064 [main] INFO org.apache.gora.orientdb.store.OrientDBStore - Vertf: mt
117064 [main] INFO org.apache.gora.orientdb.store.OrientDBStore - Field: metadata
117065 [main] INFO org.apache.gora.orientdb.store.OrientDBStore - TEMPORARY!!!!  1
117065 [main] INFO org.apache.gora.orientdb.store.OrientDBStore - TEMPORARY!! result!=null add to the persistent
117065 [main] INFO org.apache.gora.orientdb.query.OrientDBResult - Retrieving record with key :http://bar.com/
117066 [main] INFO org.apache.gora.orientdb.store.OrientDBStore - TEMPORARY!!! url
117066 [main] INFO org.apache.gora.orientdb.store.OrientDBStore - Vertf: url
117066 [main] INFO org.apache.gora.orientdb.store.OrientDBStore - Field: url
117067 [main] INFO org.apache.gora.orientdb.store.OrientDBStore - TEMPORARY!! result!=null add to the persistent
117067 [main] INFO org.apache.gora.orientdb.store.OrientDBStore - TEMPORARY!!! content
117067 [main] INFO org.apache.gora.orientdb.store.OrientDBStore - Vertf: content
117067 [main] INFO org.apache.gora.orientdb.store.OrientDBStore - Field: content
117067 [main] INFO org.apache.gora.orientdb.store.OrientDBStore - TEMPORARY!! result!=null add to the persistent
117067 [main] INFO org.apache.gora.orientdb.store.OrientDBStore - TEMPORARY!!! parsedContent
117067 [main] INFO org.apache.gora.orientdb.store.OrientDBStore - Vertf: parsedContent
117067 [main] INFO org.apache.gora.orientdb.store.OrientDBStore - Field: parsedContent
117068 [main] INFO org.apache.gora.orientdb.store.OrientDBStore - TEMPORARY!! INside fromDBObject 
117068 [main] INFO org.apache.gora.orientdb.store.OrientDBStore - Temporary inside fromDBArray fields: parsedContent
117068 [main] INFO org.apache.gora.orientdb.store.OrientDBStore - TEMPORARY!! result!=null add to the persistent
117068 [main] INFO org.apache.gora.orientdb.store.OrientDBStore - TEMPORARY!!! outlinks
117068 [main] INFO org.apache.gora.orientdb.store.OrientDBStore - Vertf: outlinks
117069 [main] INFO org.apache.gora.orientdb.store.OrientDBStore - Field: outlinks
117069 [main] INFO org.apache.gora.orientdb.store.OrientDBStore - TEMPORARY!! result!=null add to the persistent
117069 [main] INFO org.apache.gora.orientdb.store.OrientDBStore - TEMPORARY!!! headers
117069 [main] INFO org.apache.gora.orientdb.store.OrientDBStore - Vertf: headers
117069 [main] INFO org.apache.gora.orientdb.store.OrientDBStore - Field: headers
117069 [main] INFO org.apache.gora.orientdb.store.OrientDBStore - TEMPORARY!!! metadata
117070 [main] INFO org.apache.gora.orientdb.store.OrientDBStore - Vertf: mt
117070 [main] INFO org.apache.gora.orientdb.store.OrientDBStore - Field: metadata
117082 [main] INFO org.apache.gora.orientdb.store.OrientDBStore - TEMPORARY!!!!  1
117083 [main] INFO org.apache.gora.orientdb.store.OrientDBStore - TEMPORARY!! result!=null add to the persistent
117083 [main] INFO org.apache.gora.orientdb.query.OrientDBResult - Retrieving record with key :http://bar.com/1.html
117084 [main] INFO org.apache.gora.orientdb.store.OrientDBStore - TEMPORARY!!! url
117084 [main] INFO org.apache.gora.orientdb.store.OrientDBStore - Vertf: url
117084 [main] INFO org.apache.gora.orientdb.store.OrientDBStore - Field: url
117084 [main] INFO org.apache.gora.orientdb.store.OrientDBStore - TEMPORARY!! result!=null add to the persistent
117084 [main] INFO org.apache.gora.orientdb.store.OrientDBStore - TEMPORARY!!! content
117085 [main] INFO org.apache.gora.orientdb.store.OrientDBStore - Vertf: content
117085 [main] INFO org.apache.gora.orientdb.store.OrientDBStore - Field: content
117085 [main] INFO org.apache.gora.orientdb.store.OrientDBStore - TEMPORARY!! result!=null add to the persistent
117085 [main] INFO org.apache.gora.orientdb.store.OrientDBStore - TEMPORARY!!! parsedContent
117085 [main] INFO org.apache.gora.orientdb.store.OrientDBStore - Vertf: parsedContent
117085 [main] INFO org.apache.gora.orientdb.store.OrientDBStore - Field: parsedContent
117085 [main] INFO org.apache.gora.orientdb.store.OrientDBStore - TEMPORARY!! INside fromDBObject 
117085 [main] INFO org.apache.gora.orientdb.store.OrientDBStore - Temporary inside fromDBArray fields: parsedContent
117086 [main] INFO org.apache.gora.orientdb.store.OrientDBStore - TEMPORARY!! result!=null add to the persistent
117086 [main] INFO org.apache.gora.orientdb.store.OrientDBStore - TEMPORARY!!! outlinks
117086 [main] INFO org.apache.gora.orientdb.store.OrientDBStore - Vertf: outlinks
117086 [main] INFO org.apache.gora.orientdb.store.OrientDBStore - Field: outlinks
117086 [main] INFO org.apache.gora.orientdb.store.OrientDBStore - TEMPORARY!! result!=null add to the persistent
117086 [main] INFO org.apache.gora.orientdb.store.OrientDBStore - TEMPORARY!!! headers
117087 [main] INFO org.apache.gora.orientdb.store.OrientDBStore - Vertf: headers
117087 [main] INFO org.apache.gora.orientdb.store.OrientDBStore - Field: headers
117087 [main] INFO org.apache.gora.orientdb.store.OrientDBStore - TEMPORARY!!! metadata
117087 [main] INFO org.apache.gora.orientdb.store.OrientDBStore - Vertf: mt
117087 [main] INFO org.apache.gora.orientdb.store.OrientDBStore - Field: metadata
117088 [main] INFO org.apache.gora.orientdb.store.OrientDBStore - TEMPORARY!!!!  1
117088 [main] INFO org.apache.gora.orientdb.store.OrientDBStore - TEMPORARY!! result!=null add to the persistent
117088 [main] INFO org.apache.gora.orientdb.query.OrientDBResult - Retrieving record with key :http://bar.com/3.jsp
117089 [main] INFO org.apache.gora.orientdb.store.OrientDBStore - TEMPORARY!!! url
117089 [main] INFO org.apache.gora.orientdb.store.OrientDBStore - Vertf: url
117089 [main] INFO org.apache.gora.orientdb.store.OrientDBStore - Field: url
117089 [main] INFO org.apache.gora.orientdb.store.OrientDBStore - TEMPORARY!! result!=null add to the persistent
117090 [main] INFO org.apache.gora.orientdb.store.OrientDBStore - TEMPORARY!!! content
117090 [main] INFO org.apache.gora.orientdb.store.OrientDBStore - Vertf: content
117090 [main] INFO org.apache.gora.orientdb.store.OrientDBStore - Field: content
117090 [main] INFO org.apache.gora.orientdb.store.OrientDBStore - TEMPORARY!! result!=null add to the persistent
117090 [main] INFO org.apache.gora.orientdb.store.OrientDBStore - TEMPORARY!!! parsedContent
117090 [main] INFO org.apache.gora.orientdb.store.OrientDBStore - Vertf: parsedContent
117090 [main] INFO org.apache.gora.orientdb.store.OrientDBStore - Field: parsedContent
117090 [main] INFO org.apache.gora.orientdb.store.OrientDBStore - TEMPORARY!! INside fromDBObject 
117091 [main] INFO org.apache.gora.orientdb.store.OrientDBStore - Temporary inside fromDBArray fields: parsedContent
117091 [main] INFO org.apache.gora.orientdb.store.OrientDBStore - TEMPORARY!! result!=null add to the persistent
117091 [main] INFO org.apache.gora.orientdb.store.OrientDBStore - TEMPORARY!!! outlinks
117091 [main] INFO org.apache.gora.orientdb.store.OrientDBStore - Vertf: outlinks
117091 [main] INFO org.apache.gora.orientdb.store.OrientDBStore - Field: outlinks
117091 [main] INFO org.apache.gora.orientdb.store.OrientDBStore - TEMPORARY!! result!=null add to the persistent
117092 [main] INFO org.apache.gora.orientdb.store.OrientDBStore - TEMPORARY!!! headers
117092 [main] INFO org.apache.gora.orientdb.store.OrientDBStore - Vertf: headers
117092 [main] INFO org.apache.gora.orientdb.store.OrientDBStore - Field: headers
117092 [main] INFO org.apache.gora.orientdb.store.OrientDBStore - TEMPORARY!!! metadata
117092 [main] INFO org.apache.gora.orientdb.store.OrientDBStore - Vertf: mt
117092 [main] INFO org.apache.gora.orientdb.store.OrientDBStore - Field: metadata
117103 [main] INFO org.apache.gora.orientdb.store.OrientDBStore - TEMPORARY!!!!  1
117104 [main] INFO org.apache.gora.orientdb.store.OrientDBStore - TEMPORARY!! result!=null add to the persistent
117104 [main] INFO org.apache.gora.orientdb.query.OrientDBResult - Retrieving record with key :http://baz.com/1.jsp&amp;q=barbaz
117105 [main] INFO org.apache.gora.orientdb.store.OrientDBStore - TEMPORARY!!! url
117105 [main] INFO org.apache.gora.orientdb.store.OrientDBStore - Vertf: url
117105 [main] INFO org.apache.gora.orientdb.store.OrientDBStore - Field: url
117105 [main] INFO org.apache.gora.orientdb.store.OrientDBStore - TEMPORARY!! result!=null add to the persistent
117105 [main] INFO org.apache.gora.orientdb.store.OrientDBStore - TEMPORARY!!! content
117106 [main] INFO org.apache.gora.orientdb.store.OrientDBStore - Vertf: content
117106 [main] INFO org.apache.gora.orientdb.store.OrientDBStore - Field: content
117106 [main] INFO org.apache.gora.orientdb.store.OrientDBStore - TEMPORARY!! result!=null add to the persistent
117106 [main] INFO org.apache.gora.orientdb.store.OrientDBStore - TEMPORARY!!! parsedContent
117106 [main] INFO org.apache.gora.orientdb.store.OrientDBStore - Vertf: parsedContent
117106 [main] INFO org.apache.gora.orientdb.store.OrientDBStore - Field: parsedContent
117106 [main] INFO org.apache.gora.orientdb.store.OrientDBStore - TEMPORARY!! INside fromDBObject 
117106 [main] INFO org.apache.gora.orientdb.store.OrientDBStore - Temporary inside fromDBArray fields: parsedContent
117107 [main] INFO org.apache.gora.orientdb.store.OrientDBStore - TEMPORARY!! result!=null add to the persistent
117107 [main] INFO org.apache.gora.orientdb.store.OrientDBStore - TEMPORARY!!! outlinks
117107 [main] INFO org.apache.gora.orientdb.store.OrientDBStore - Vertf: outlinks
117107 [main] INFO org.apache.gora.orientdb.store.OrientDBStore - Field: outlinks
117107 [main] INFO org.apache.gora.orientdb.store.OrientDBStore - TEMPORARY!! result!=null add to the persistent
117108 [main] INFO org.apache.gora.orientdb.store.OrientDBStore - TEMPORARY!!! headers
117108 [main] INFO org.apache.gora.orientdb.store.OrientDBStore - Vertf: headers
117108 [main] INFO org.apache.gora.orientdb.store.OrientDBStore - Field: headers
117108 [main] INFO org.apache.gora.orientdb.store.OrientDBStore - TEMPORARY!!! metadata
117108 [main] INFO org.apache.gora.orientdb.store.OrientDBStore - Vertf: mt
117108 [main] INFO org.apache.gora.orientdb.store.OrientDBStore - Field: metadata
117109 [main] INFO org.apache.gora.orientdb.store.OrientDBStore - TEMPORARY!!!!  1
117109 [main] INFO org.apache.gora.orientdb.store.OrientDBStore - TEMPORARY!! result!=null add to the persistent
117109 [main] INFO org.apache.gora.orientdb.query.OrientDBResult - Retrieving record with key :http://baz.com/1.jsp&amp;q=barbaz&amp;p=foo
117110 [main] INFO org.apache.gora.orientdb.store.OrientDBStore - TEMPORARY!!! url
117110 [main] INFO org.apache.gora.orientdb.store.OrientDBStore - Vertf: url
117110 [main] INFO org.apache.gora.orientdb.store.OrientDBStore - Field: url
117111 [main] INFO org.apache.gora.orientdb.store.OrientDBStore - TEMPORARY!! result!=null add to the persistent
117111 [main] INFO org.apache.gora.orientdb.store.OrientDBStore - TEMPORARY!!! content
117111 [main] INFO org.apache.gora.orientdb.store.OrientDBStore - Vertf: content
117111 [main] INFO org.apache.gora.orientdb.store.OrientDBStore - Field: content
117111 [main] INFO org.apache.gora.orientdb.store.OrientDBStore - TEMPORARY!! result!=null add to the persistent
117111 [main] INFO org.apache.gora.orientdb.store.OrientDBStore - TEMPORARY!!! parsedContent
117111 [main] INFO org.apache.gora.orientdb.store.OrientDBStore - Vertf: parsedContent
117111 [main] INFO org.apache.gora.orientdb.store.OrientDBStore - Field: parsedContent
117112 [main] INFO org.apache.gora.orientdb.store.OrientDBStore - TEMPORARY!! INside fromDBObject 
117112 [main] INFO org.apache.gora.orientdb.store.OrientDBStore - Temporary inside fromDBArray fields: parsedContent
117112 [main] INFO org.apache.gora.orientdb.store.OrientDBStore - TEMPORARY!! result!=null add to the persistent
117112 [main] INFO org.apache.gora.orientdb.store.OrientDBStore - TEMPORARY!!! outlinks
117112 [main] INFO org.apache.gora.orientdb.store.OrientDBStore - Vertf: outlinks
117112 [main] INFO org.apache.gora.orientdb.store.OrientDBStore - Field: outlinks
117112 [main] INFO org.apache.gora.orientdb.store.OrientDBStore - TEMPORARY!! result!=null add to the persistent
117113 [main] INFO org.apache.gora.orientdb.store.OrientDBStore - TEMPORARY!!! headers
117113 [main] INFO org.apache.gora.orientdb.store.OrientDBStore - Vertf: headers
117113 [main] INFO org.apache.gora.orientdb.store.OrientDBStore - Field: headers
117113 [main] INFO org.apache.gora.orientdb.store.OrientDBStore - TEMPORARY!!! metadata
117113 [main] INFO org.apache.gora.orientdb.store.OrientDBStore - Vertf: mt
117113 [main] INFO org.apache.gora.orientdb.store.OrientDBStore - Field: metadata
117124 [main] INFO org.apache.gora.orientdb.store.OrientDBStore - TEMPORARY!!!!  1
117125 [main] INFO org.apache.gora.orientdb.store.OrientDBStore - TEMPORARY!! result!=null add to the persistent
117125 [main] INFO org.apache.gora.orientdb.query.OrientDBResult - Retrieving record with key :http://baz.com/1.jsp&amp;q=foo
117126 [main] INFO org.apache.gora.orientdb.store.OrientDBStore - TEMPORARY!!! url
117126 [main] INFO org.apache.gora.orientdb.store.OrientDBStore - Vertf: url
117126 [main] INFO org.apache.gora.orientdb.store.OrientDBStore - Field: url
117126 [main] INFO org.apache.gora.orientdb.store.OrientDBStore - TEMPORARY!! result!=null add to the persistent
117126 [main] INFO org.apache.gora.orientdb.store.OrientDBStore - TEMPORARY!!! content
117126 [main] INFO org.apache.gora.orientdb.store.OrientDBStore - Vertf: content
117127 [main] INFO org.apache.gora.orientdb.store.OrientDBStore - Field: content
117127 [main] INFO org.apache.gora.orientdb.store.OrientDBStore - TEMPORARY!! result!=null add to the persistent
117127 [main] INFO org.apache.gora.orientdb.store.OrientDBStore - TEMPORARY!!! parsedContent
117127 [main] INFO org.apache.gora.orientdb.store.OrientDBStore - Vertf: parsedContent
117127 [main] INFO org.apache.gora.orientdb.store.OrientDBStore - Field: parsedContent
117127 [main] INFO org.apache.gora.orientdb.store.OrientDBStore - TEMPORARY!! INside fromDBObject 
117127 [main] INFO org.apache.gora.orientdb.store.OrientDBStore - Temporary inside fromDBArray fields: parsedContent
117128 [main] INFO org.apache.gora.orientdb.store.OrientDBStore - TEMPORARY!! result!=null add to the persistent
117128 [main] INFO org.apache.gora.orientdb.store.OrientDBStore - TEMPORARY!!! outlinks
117128 [main] INFO org.apache.gora.orientdb.store.OrientDBStore - Vertf: outlinks
117128 [main] INFO org.apache.gora.orientdb.store.OrientDBStore - Field: outlinks
117128 [main] INFO org.apache.gora.orientdb.store.OrientDBStore - TEMPORARY!! result!=null add to the persistent
117129 [main] INFO org.apache.gora.orientdb.store.OrientDBStore - TEMPORARY!!! headers
117129 [main] INFO org.apache.gora.orientdb.store.OrientDBStore - Vertf: headers
117129 [main] INFO org.apache.gora.orientdb.store.OrientDBStore - Field: headers
117129 [main] INFO org.apache.gora.orientdb.store.OrientDBStore - TEMPORARY!!! metadata
117129 [main] INFO org.apache.gora.orientdb.store.OrientDBStore - Vertf: mt
117129 [main] INFO org.apache.gora.orientdb.store.OrientDBStore - Field: metadata
117130 [main] INFO org.apache.gora.orientdb.store.OrientDBStore - TEMPORARY!!!!  1
117130 [main] INFO org.apache.gora.orientdb.store.OrientDBStore - TEMPORARY!! result!=null add to the persistent
117130 [main] INFO org.apache.gora.orientdb.query.OrientDBResult - Retrieving record with key :http://bazbar.com
117131 [main] INFO org.apache.gora.orientdb.store.OrientDBStore - TEMPORARY!!! url
117131 [main] INFO org.apache.gora.orientdb.store.OrientDBStore - Vertf: url
117131 [main] INFO org.apache.gora.orientdb.store.OrientDBStore - Field: url
117131 [main] INFO org.apache.gora.orientdb.store.OrientDBStore - TEMPORARY!! result!=null add to the persistent
117131 [main] INFO org.apache.gora.orientdb.store.OrientDBStore - TEMPORARY!!! content
117132 [main] INFO org.apache.gora.orientdb.store.OrientDBStore - Vertf: content
117132 [main] INFO org.apache.gora.orientdb.store.OrientDBStore - Field: content
117132 [main] INFO org.apache.gora.orientdb.store.OrientDBStore - TEMPORARY!!! parsedContent
117132 [main] INFO org.apache.gora.orientdb.store.OrientDBStore - Vertf: parsedContent
117132 [main] INFO org.apache.gora.orientdb.store.OrientDBStore - Field: parsedContent
117132 [main] INFO org.apache.gora.orientdb.store.OrientDBStore - TEMPORARY!! INside fromDBObject 
117132 [main] INFO org.apache.gora.orientdb.store.OrientDBStore - Temporary inside fromDBArray fields: parsedContent
117132 [main] INFO org.apache.gora.orientdb.store.OrientDBStore - TEMPORARY!! result!=null add to the persistent
117132 [main] INFO org.apache.gora.orientdb.store.OrientDBStore - TEMPORARY!!! outlinks
117133 [main] INFO org.apache.gora.orientdb.store.OrientDBStore - Vertf: outlinks
117133 [main] INFO org.apache.gora.orientdb.store.OrientDBStore - Field: outlinks
117133 [main] INFO org.apache.gora.orientdb.store.OrientDBStore - TEMPORARY!! result!=null add to the persistent
117134 [main] INFO org.apache.gora.orientdb.store.OrientDBStore - TEMPORARY!!! headers
117134 [main] INFO org.apache.gora.orientdb.store.OrientDBStore - Vertf: headers
117134 [main] INFO org.apache.gora.orientdb.store.OrientDBStore - Field: headers
117134 [main] INFO org.apache.gora.orientdb.store.OrientDBStore - TEMPORARY!!! metadata
117134 [main] INFO org.apache.gora.orientdb.store.OrientDBStore - Vertf: mt
117134 [main] INFO org.apache.gora.orientdb.store.OrientDBStore - Field: metadata
117145 [main] INFO org.apache.gora.orientdb.store.OrientDBStore - TEMPORARY!!!!  1
117145 [main] INFO org.apache.gora.orientdb.store.OrientDBStore - TEMPORARY!! result!=null add to the persistent
117146 [main] INFO org.apache.gora.orientdb.query.OrientDBResult - Retrieving record with key :http://foo.com/
117146 [main] INFO org.apache.gora.orientdb.store.OrientDBStore - TEMPORARY!!! url
117146 [main] INFO org.apache.gora.orientdb.store.OrientDBStore - Vertf: url
117147 [main] INFO org.apache.gora.orientdb.store.OrientDBStore - Field: url
117147 [main] INFO org.apache.gora.orientdb.store.OrientDBStore - TEMPORARY!! result!=null add to the persistent
117147 [main] INFO org.apache.gora.orientdb.store.OrientDBStore - TEMPORARY!!! content
117147 [main] INFO org.apache.gora.orientdb.store.OrientDBStore - Vertf: content
117147 [main] INFO org.apache.gora.orientdb.store.OrientDBStore - Field: content
117147 [main] INFO org.apache.gora.orientdb.store.OrientDBStore - TEMPORARY!! result!=null add to the persistent
117147 [main] INFO org.apache.gora.orientdb.store.OrientDBStore - TEMPORARY!!! parsedContent
117147 [main] INFO org.apache.gora.orientdb.store.OrientDBStore - Vertf: parsedContent
117147 [main] INFO org.apache.gora.orientdb.store.OrientDBStore - Field: parsedContent
117148 [main] INFO org.apache.gora.orientdb.store.OrientDBStore - TEMPORARY!! INside fromDBObject 
117148 [main] INFO org.apache.gora.orientdb.store.OrientDBStore - Temporary inside fromDBArray fields: parsedContent
117148 [main] INFO org.apache.gora.orientdb.store.OrientDBStore - TEMPORARY!! result!=null add to the persistent
117148 [main] INFO org.apache.gora.orientdb.store.OrientDBStore - TEMPORARY!!! outlinks
117148 [main] INFO org.apache.gora.orientdb.store.OrientDBStore - Vertf: outlinks
117148 [main] INFO org.apache.gora.orientdb.store.OrientDBStore - Field: outlinks
117149 [main] INFO org.apache.gora.orientdb.store.OrientDBStore - TEMPORARY!! result!=null add to the persistent
117149 [main] INFO org.apache.gora.orientdb.store.OrientDBStore - TEMPORARY!!! headers
117149 [main] INFO org.apache.gora.orientdb.store.OrientDBStore - Vertf: headers
117149 [main] INFO org.apache.gora.orientdb.store.OrientDBStore - Field: headers
117149 [main] INFO org.apache.gora.orientdb.store.OrientDBStore - TEMPORARY!!! metadata
117149 [main] INFO org.apache.gora.orientdb.store.OrientDBStore - Vertf: mt
117149 [main] INFO org.apache.gora.orientdb.store.OrientDBStore - Field: metadata
117150 [main] INFO org.apache.gora.orientdb.store.OrientDBStore - TEMPORARY!!!!  1
117150 [main] INFO org.apache.gora.orientdb.store.OrientDBStore - TEMPORARY!! result!=null add to the persistent
117151 [main] INFO org.apache.gora.orientdb.query.OrientDBResult - Retrieving record with key :http://foo.com/1.html
117151 [main] INFO org.apache.gora.orientdb.store.OrientDBStore - TEMPORARY!!! url
117152 [main] INFO org.apache.gora.orientdb.store.OrientDBStore - Vertf: url
117152 [main] INFO org.apache.gora.orientdb.store.OrientDBStore - Field: url
117152 [main] INFO org.apache.gora.orientdb.store.OrientDBStore - TEMPORARY!! result!=null add to the persistent
117152 [main] INFO org.apache.gora.orientdb.store.OrientDBStore - TEMPORARY!!! content
117152 [main] INFO org.apache.gora.orientdb.store.OrientDBStore - Vertf: content
117152 [main] INFO org.apache.gora.orientdb.store.OrientDBStore - Field: content
117153 [main] INFO org.apache.gora.orientdb.store.OrientDBStore - TEMPORARY!! result!=null add to the persistent
117153 [main] INFO org.apache.gora.orientdb.store.OrientDBStore - TEMPORARY!!! parsedContent
117153 [main] INFO org.apache.gora.orientdb.store.OrientDBStore - Vertf: parsedContent
117153 [main] INFO org.apache.gora.orientdb.store.OrientDBStore - Field: parsedContent
117154 [main] INFO org.apache.gora.orientdb.store.OrientDBStore - TEMPORARY!! INside fromDBObject 
117154 [main] INFO org.apache.gora.orientdb.store.OrientDBStore - Temporary inside fromDBArray fields: parsedContent
117154 [main] INFO org.apache.gora.orientdb.store.OrientDBStore - TEMPORARY!! result!=null add to the persistent
117154 [main] INFO org.apache.gora.orientdb.store.OrientDBStore - TEMPORARY!!! outlinks
117154 [main] INFO org.apache.gora.orientdb.store.OrientDBStore - Vertf: outlinks
117154 [main] INFO org.apache.gora.orientdb.store.OrientDBStore - Field: outlinks
117154 [main] INFO org.apache.gora.orientdb.store.OrientDBStore - TEMPORARY!!! headers
117154 [main] INFO org.apache.gora.orientdb.store.OrientDBStore - Vertf: headers
117155 [main] INFO org.apache.gora.orientdb.store.OrientDBStore - Field: headers
117155 [main] INFO org.apache.gora.orientdb.store.OrientDBStore - TEMPORARY!!! metadata
117155 [main] INFO org.apache.gora.orientdb.store.OrientDBStore - Vertf: mt
117155 [main] INFO org.apache.gora.orientdb.store.OrientDBStore - Field: metadata
117166 [main] INFO org.apache.gora.orientdb.store.OrientDBStore - TEMPORARY!!!!  1
117166 [main] INFO org.apache.gora.orientdb.store.OrientDBStore - TEMPORARY!! result!=null add to the persistent
117166 [main] INFO org.apache.gora.orientdb.query.OrientDBResult - Retrieving record with key :http://foo.com/2.html
117288 [main] INFO org.apache.gora.orientdb.store.OrientDBStore - TEMPORARY!!! url
117288 [main] INFO org.apache.gora.orientdb.store.OrientDBStore - Vertf: url
117288 [main] INFO org.apache.gora.orientdb.store.OrientDBStore - Field: url
117288 [main] INFO org.apache.gora.orientdb.store.OrientDBStore - TEMPORARY!! result!=null add to the persistent
117288 [main] INFO org.apache.gora.orientdb.store.OrientDBStore - TEMPORARY!!! content
117288 [main] INFO org.apache.gora.orientdb.store.OrientDBStore - Vertf: content
117289 [main] INFO org.apache.gora.orientdb.store.OrientDBStore - Field: content
117289 [main] INFO org.apache.gora.orientdb.store.OrientDBStore - TEMPORARY!! result!=null add to the persistent
117289 [main] INFO org.apache.gora.orientdb.store.OrientDBStore - TEMPORARY!!! parsedContent
117289 [main] INFO org.apache.gora.orientdb.store.OrientDBStore - Vertf: parsedContent
117289 [main] INFO org.apache.gora.orientdb.store.OrientDBStore - Field: parsedContent
117290 [main] INFO org.apache.gora.orientdb.store.OrientDBStore - TEMPORARY!! INside fromDBObject 
117290 [main] INFO org.apache.gora.orientdb.store.OrientDBStore - Temporary inside fromDBArray fields: parsedContent
117290 [main] INFO org.apache.gora.orientdb.store.OrientDBStore - TEMPORARY!! result!=null add to the persistent
117290 [main] INFO org.apache.gora.orientdb.store.OrientDBStore - TEMPORARY!!! outlinks
117290 [main] INFO org.apache.gora.orientdb.store.OrientDBStore - Vertf: outlinks
117290 [main] INFO org.apache.gora.orientdb.store.OrientDBStore - Field: outlinks
117292 [main] INFO org.apache.gora.orientdb.store.OrientDBStore - TEMPORARY!! result!=null add to the persistent
117292 [main] INFO org.apache.gora.orientdb.store.OrientDBStore - TEMPORARY!!! headers
117292 [main] INFO org.apache.gora.orientdb.store.OrientDBStore - Vertf: headers
117292 [main] INFO org.apache.gora.orientdb.store.OrientDBStore - Field: headers
117292 [main] INFO org.apache.gora.orientdb.store.OrientDBStore - TEMPORARY!!! metadata
117293 [main] INFO org.apache.gora.orientdb.store.OrientDBStore - Vertf: mt
117293 [main] INFO org.apache.gora.orientdb.store.OrientDBStore - Field: metadata
117294 [main] INFO org.apache.gora.orientdb.store.OrientDBStore - TEMPORARY!!!!  1
117294 [main] INFO org.apache.gora.orientdb.store.OrientDBStore - TEMPORARY!! result!=null add to the persistent
117294 [main] INFO org.apache.gora.orientdb.query.OrientDBResult - Retrieving record with key :http://bar.com/
117295 [main] INFO org.apache.gora.orientdb.store.OrientDBStore - TEMPORARY!!! url
117295 [main] INFO org.apache.gora.orientdb.store.OrientDBStore - Vertf: url
117295 [main] INFO org.apache.gora.orientdb.store.OrientDBStore - Field: url
117296 [main] INFO org.apache.gora.orientdb.store.OrientDBStore - TEMPORARY!! result!=null add to the persistent
117296 [main] INFO org.apache.gora.orientdb.store.OrientDBStore - TEMPORARY!!! content
117296 [main] INFO org.apache.gora.orientdb.store.OrientDBStore - Vertf: content
117296 [main] INFO org.apache.gora.orientdb.store.OrientDBStore - Field: content
117296 [main] INFO org.apache.gora.orientdb.store.OrientDBStore - TEMPORARY!! result!=null add to the persistent
117296 [main] INFO org.apache.gora.orientdb.store.OrientDBStore - TEMPORARY!!! parsedContent
117296 [main] INFO org.apache.gora.orientdb.store.OrientDBStore - Vertf: parsedContent
117296 [main] INFO org.apache.gora.orientdb.store.OrientDBStore - Field: parsedContent
117297 [main] INFO org.apache.gora.orientdb.store.OrientDBStore - TEMPORARY!! INside fromDBObject 
117297 [main] INFO org.apache.gora.orientdb.store.OrientDBStore - Temporary inside fromDBArray fields: parsedContent
117297 [main] INFO org.apache.gora.orientdb.store.OrientDBStore - TEMPORARY!! result!=null add to the persistent
117297 [main] INFO org.apache.gora.orientdb.store.OrientDBStore - TEMPORARY!!! outlinks
117297 [main] INFO org.apache.gora.orientdb.store.OrientDBStore - Vertf: outlinks
117297 [main] INFO org.apache.gora.orientdb.store.OrientDBStore - Field: outlinks
117297 [main] INFO org.apache.gora.orientdb.store.OrientDBStore - TEMPORARY!! result!=null add to the persistent
117298 [main] INFO org.apache.gora.orientdb.store.OrientDBStore - TEMPORARY!!! headers
117298 [main] INFO org.apache.gora.orientdb.store.OrientDBStore - Vertf: headers
117298 [main] INFO org.apache.gora.orientdb.store.OrientDBStore - Field: headers
117298 [main] INFO org.apache.gora.orientdb.store.OrientDBStore - TEMPORARY!!! metadata
117298 [main] INFO org.apache.gora.orientdb.store.OrientDBStore - Vertf: mt
117298 [main] INFO org.apache.gora.orientdb.store.OrientDBStore - Field: metadata
117299 [main] INFO org.apache.gora.orientdb.store.OrientDBStore - TEMPORARY!!!!  1
117299 [main] INFO org.apache.gora.orientdb.store.OrientDBStore - TEMPORARY!! result!=null add to the persistent
117299 [main] INFO org.apache.gora.orientdb.query.OrientDBResult - Retrieving record with key :http://bar.com/1.html
117300 [main] INFO org.apache.gora.orientdb.store.OrientDBStore - TEMPORARY!!! url
117300 [main] INFO org.apache.gora.orientdb.store.OrientDBStore - Vertf: url
117300 [main] INFO org.apache.gora.orientdb.store.OrientDBStore - Field: url
117301 [main] INFO org.apache.gora.orientdb.store.OrientDBStore - TEMPORARY!! result!=null add to the persistent
117301 [main] INFO org.apache.gora.orientdb.store.OrientDBStore - TEMPORARY!!! content
117301 [main] INFO org.apache.gora.orientdb.store.OrientDBStore - Vertf: content
117301 [main] INFO org.apache.gora.orientdb.store.OrientDBStore - Field: content
117301 [main] INFO org.apache.gora.orientdb.store.OrientDBStore - TEMPORARY!! result!=null add to the persistent
117301 [main] INFO org.apache.gora.orientdb.store.OrientDBStore - TEMPORARY!!! parsedContent
117301 [main] INFO org.apache.gora.orientdb.store.OrientDBStore - Vertf: parsedContent
117301 [main] INFO org.apache.gora.orientdb.store.OrientDBStore - Field: parsedContent
117301 [main] INFO org.apache.gora.orientdb.store.OrientDBStore - TEMPORARY!! INside fromDBObject 
117302 [main] INFO org.apache.gora.orientdb.store.OrientDBStore - Temporary inside fromDBArray fields: parsedContent
117302 [main] INFO org.apache.gora.orientdb.store.OrientDBStore - TEMPORARY!! result!=null add to the persistent
117302 [main] INFO org.apache.gora.orientdb.store.OrientDBStore - TEMPORARY!!! outlinks
117302 [main] INFO org.apache.gora.orientdb.store.OrientDBStore - Vertf: outlinks
117302 [main] INFO org.apache.gora.orientdb.store.OrientDBStore - Field: outlinks
117303 [main] INFO org.apache.gora.orientdb.store.OrientDBStore - TEMPORARY!! result!=null add to the persistent
117303 [main] INFO org.apache.gora.orientdb.store.OrientDBStore - TEMPORARY!!! headers
117303 [main] INFO org.apache.gora.orientdb.store.OrientDBStore - Vertf: headers
117303 [main] INFO org.apache.gora.orientdb.store.OrientDBStore - Field: headers
117303 [main] INFO org.apache.gora.orientdb.store.OrientDBStore - TEMPORARY!!! metadata
117303 [main] INFO org.apache.gora.orientdb.store.OrientDBStore - Vertf: mt
117304 [main] INFO org.apache.gora.orientdb.store.OrientDBStore - Field: metadata
117304 [main] INFO org.apache.gora.orientdb.store.OrientDBStore - TEMPORARY!!!!  1
117305 [main] INFO org.apache.gora.orientdb.store.OrientDBStore - TEMPORARY!! result!=null add to the persistent
117305 [main] INFO org.apache.gora.orientdb.query.OrientDBResult - Retrieving record with key :http://bar.com/3.jsp
117306 [main] INFO org.apache.gora.orientdb.store.OrientDBStore - TEMPORARY!!! url
117306 [main] INFO org.apache.gora.orientdb.store.OrientDBStore - Vertf: url
117306 [main] INFO org.apache.gora.orientdb.store.OrientDBStore - Field: url
117306 [main] INFO org.apache.gora.orientdb.store.OrientDBStore - TEMPORARY!! result!=null add to the persistent
117306 [main] INFO org.apache.gora.orientdb.store.OrientDBStore - TEMPORARY!!! content
117306 [main] INFO org.apache.gora.orientdb.store.OrientDBStore - Vertf: content
117307 [main] INFO org.apache.gora.orientdb.store.OrientDBStore - Field: content
117307 [main] INFO org.apache.gora.orientdb.store.OrientDBStore - TEMPORARY!! result!=null add to the persistent
117307 [main] INFO org.apache.gora.orientdb.store.OrientDBStore - TEMPORARY!!! parsedContent
117307 [main] INFO org.apache.gora.orientdb.store.OrientDBStore - Vertf: parsedContent
117307 [main] INFO org.apache.gora.orientdb.store.OrientDBStore - Field: parsedContent
117307 [main] INFO org.apache.gora.orientdb.store.OrientDBStore - TEMPORARY!! INside fromDBObject 
117307 [main] INFO org.apache.gora.orientdb.store.OrientDBStore - Temporary inside fromDBArray fields: parsedContent
117308 [main] INFO org.apache.gora.orientdb.store.OrientDBStore - TEMPORARY!! result!=null add to the persistent
117308 [main] INFO org.apache.gora.orientdb.store.OrientDBStore - TEMPORARY!!! outlinks
117308 [main] INFO org.apache.gora.orientdb.store.OrientDBStore - Vertf: outlinks
117308 [main] INFO org.apache.gora.orientdb.store.OrientDBStore - Field: outlinks
117309 [main] INFO org.apache.gora.orientdb.store.OrientDBStore - TEMPORARY!! result!=null add to the persistent
117309 [main] INFO org.apache.gora.orientdb.store.OrientDBStore - TEMPORARY!!! headers
117310 [main] INFO org.apache.gora.orientdb.store.OrientDBStore - Vertf: headers
117310 [main] INFO org.apache.gora.orientdb.store.OrientDBStore - Field: headers
117310 [main] INFO org.apache.gora.orientdb.store.OrientDBStore - TEMPORARY!!! metadata
117310 [main] INFO org.apache.gora.orientdb.store.OrientDBStore - Vertf: mt
117310 [main] INFO org.apache.gora.orientdb.store.OrientDBStore - Field: metadata
117311 [main] INFO org.apache.gora.orientdb.store.OrientDBStore - TEMPORARY!!!!  1
117311 [main] INFO org.apache.gora.orientdb.store.OrientDBStore - TEMPORARY!! result!=null add to the persistent
117311 [main] INFO org.apache.gora.orientdb.query.OrientDBResult - Retrieving record with key :http://baz.com/1.jsp&amp;q=barbaz
117312 [main] INFO org.apache.gora.orientdb.store.OrientDBStore - TEMPORARY!!! url
117313 [main] INFO org.apache.gora.orientdb.store.OrientDBStore - Vertf: url
117313 [main] INFO org.apache.gora.orientdb.store.OrientDBStore - Field: url
117313 [main] INFO org.apache.gora.orientdb.store.OrientDBStore - TEMPORARY!! result!=null add to the persistent
117313 [main] INFO org.apache.gora.orientdb.store.OrientDBStore - TEMPORARY!!! content
117313 [main] INFO org.apache.gora.orientdb.store.OrientDBStore - Vertf: content
117313 [main] INFO org.apache.gora.orientdb.store.OrientDBStore - Field: content
117314 [main] INFO org.apache.gora.orientdb.store.OrientDBStore - TEMPORARY!! result!=null add to the persistent
117314 [main] INFO org.apache.gora.orientdb.store.OrientDBStore - TEMPORARY!!! parsedContent
117314 [main] INFO org.apache.gora.orientdb.store.OrientDBStore - Vertf: parsedContent
117314 [main] INFO org.apache.gora.orientdb.store.OrientDBStore - Field: parsedContent
117314 [main] INFO org.apache.gora.orientdb.store.OrientDBStore - TEMPORARY!! INside fromDBObject 
117314 [main] INFO org.apache.gora.orientdb.store.OrientDBStore - Temporary inside fromDBArray fields: parsedContent
117315 [main] INFO org.apache.gora.orientdb.store.OrientDBStore - TEMPORARY!! result!=null add to the persistent
117315 [main] INFO org.apache.gora.orientdb.store.OrientDBStore - TEMPORARY!!! outlinks
117315 [main] INFO org.apache.gora.orientdb.store.OrientDBStore - Vertf: outlinks
117315 [main] INFO org.apache.gora.orientdb.store.OrientDBStore - Field: outlinks
117315 [main] INFO org.apache.gora.orientdb.store.OrientDBStore - TEMPORARY!! result!=null add to the persistent
117316 [main] INFO org.apache.gora.orientdb.store.OrientDBStore - TEMPORARY!!! headers
117316 [main] INFO org.apache.gora.orientdb.store.OrientDBStore - Vertf: headers
117316 [main] INFO org.apache.gora.orientdb.store.OrientDBStore - Field: headers
117316 [main] INFO org.apache.gora.orientdb.store.OrientDBStore - TEMPORARY!!! metadata
117316 [main] INFO org.apache.gora.orientdb.store.OrientDBStore - Vertf: mt
117316 [main] INFO org.apache.gora.orientdb.store.OrientDBStore - Field: metadata
117317 [main] INFO org.apache.gora.orientdb.store.OrientDBStore - TEMPORARY!!!!  1
117317 [main] INFO org.apache.gora.orientdb.store.OrientDBStore - TEMPORARY!! result!=null add to the persistent
117317 [main] INFO org.apache.gora.orientdb.query.OrientDBResult - Retrieving record with key :http://baz.com/1.jsp&amp;q=barbaz&amp;p=foo
117319 [main] INFO org.apache.gora.orientdb.store.OrientDBStore - TEMPORARY!!! url
117319 [main] INFO org.apache.gora.orientdb.store.OrientDBStore - Vertf: url
117319 [main] INFO org.apache.gora.orientdb.store.OrientDBStore - Field: url
117319 [main] INFO org.apache.gora.orientdb.store.OrientDBStore - TEMPORARY!! result!=null add to the persistent
117319 [main] INFO org.apache.gora.orientdb.store.OrientDBStore - TEMPORARY!!! content
117319 [main] INFO org.apache.gora.orientdb.store.OrientDBStore - Vertf: content
117320 [main] INFO org.apache.gora.orientdb.store.OrientDBStore - Field: content
117320 [main] INFO org.apache.gora.orientdb.store.OrientDBStore - TEMPORARY!! result!=null add to the persistent
117320 [main] INFO org.apache.gora.orientdb.store.OrientDBStore - TEMPORARY!!! parsedContent
117320 [main] INFO org.apache.gora.orientdb.store.OrientDBStore - Vertf: parsedContent
117320 [main] INFO org.apache.gora.orientdb.store.OrientDBStore - Field: parsedContent
117320 [main] INFO org.apache.gora.orientdb.store.OrientDBStore - TEMPORARY!! INside fromDBObject 
117321 [main] INFO org.apache.gora.orientdb.store.OrientDBStore - Temporary inside fromDBArray fields: parsedContent
117321 [main] INFO org.apache.gora.orientdb.store.OrientDBStore - TEMPORARY!! result!=null add to the persistent
117321 [main] INFO org.apache.gora.orientdb.store.OrientDBStore - TEMPORARY!!! outlinks
117321 [main] INFO org.apache.gora.orientdb.store.OrientDBStore - Vertf: outlinks
117321 [main] INFO org.apache.gora.orientdb.store.OrientDBStore - Field: outlinks
117321 [main] INFO org.apache.gora.orientdb.store.OrientDBStore - TEMPORARY!! result!=null add to the persistent
117322 [main] INFO org.apache.gora.orientdb.store.OrientDBStore - TEMPORARY!!! headers
117322 [main] INFO org.apache.gora.orientdb.store.OrientDBStore - Vertf: headers
117322 [main] INFO org.apache.gora.orientdb.store.OrientDBStore - Field: headers
117322 [main] INFO org.apache.gora.orientdb.store.OrientDBStore - TEMPORARY!!! metadata
117322 [main] INFO org.apache.gora.orientdb.store.OrientDBStore - Vertf: mt
117322 [main] INFO org.apache.gora.orientdb.store.OrientDBStore - Field: metadata
117323 [main] INFO org.apache.gora.orientdb.store.OrientDBStore - TEMPORARY!!!!  1
117324 [main] INFO org.apache.gora.orientdb.store.OrientDBStore - TEMPORARY!! result!=null add to the persistent
117324 [main] INFO org.apache.gora.orientdb.query.OrientDBResult - Retrieving record with key :http://baz.com/1.jsp&amp;q=foo
117326 [main] INFO org.apache.gora.orientdb.store.OrientDBStore - TEMPORARY!!! url
117326 [main] INFO org.apache.gora.orientdb.store.OrientDBStore - Vertf: url
117326 [main] INFO org.apache.gora.orientdb.store.OrientDBStore - Field: url
117326 [main] INFO org.apache.gora.orientdb.store.OrientDBStore - TEMPORARY!! result!=null add to the persistent
117326 [main] INFO org.apache.gora.orientdb.store.OrientDBStore - TEMPORARY!!! content
117326 [main] INFO org.apache.gora.orientdb.store.OrientDBStore - Vertf: content
117326 [main] INFO org.apache.gora.orientdb.store.OrientDBStore - Field: content
117327 [main] INFO org.apache.gora.orientdb.store.OrientDBStore - TEMPORARY!! result!=null add to the persistent
117327 [main] INFO org.apache.gora.orientdb.store.OrientDBStore - TEMPORARY!!! parsedContent
117327 [main] INFO org.apache.gora.orientdb.store.OrientDBStore - Vertf: parsedContent
117327 [main] INFO org.apache.gora.orientdb.store.OrientDBStore - Field: parsedContent
117327 [main] INFO org.apache.gora.orientdb.store.OrientDBStore - TEMPORARY!! INside fromDBObject 
117327 [main] INFO org.apache.gora.orientdb.store.OrientDBStore - Temporary inside fromDBArray fields: parsedContent
117327 [main] INFO org.apache.gora.orientdb.store.OrientDBStore - TEMPORARY!! result!=null add to the persistent
117328 [main] INFO org.apache.gora.orientdb.store.OrientDBStore - TEMPORARY!!! outlinks
117328 [main] INFO org.apache.gora.orientdb.store.OrientDBStore - Vertf: outlinks
117328 [main] INFO org.apache.gora.orientdb.store.OrientDBStore - Field: outlinks
117329 [main] INFO org.apache.gora.orientdb.store.OrientDBStore - TEMPORARY!! result!=null add to the persistent
117329 [main] INFO org.apache.gora.orientdb.store.OrientDBStore - TEMPORARY!!! headers
117329 [main] INFO org.apache.gora.orientdb.store.OrientDBStore - Vertf: headers
117329 [main] INFO org.apache.gora.orientdb.store.OrientDBStore - Field: headers
117329 [main] INFO org.apache.gora.orientdb.store.OrientDBStore - TEMPORARY!!! metadata
117329 [main] INFO org.apache.gora.orientdb.store.OrientDBStore - Vertf: mt
117329 [main] INFO org.apache.gora.orientdb.store.OrientDBStore - Field: metadata
117331 [main] INFO org.apache.gora.orientdb.store.OrientDBStore - TEMPORARY!!!!  1
117331 [main] INFO org.apache.gora.orientdb.store.OrientDBStore - TEMPORARY!! result!=null add to the persistent
117331 [main] INFO org.apache.gora.orientdb.query.OrientDBResult - Retrieving record with key :http://bazbar.com
117332 [main] INFO org.apache.gora.orientdb.store.OrientDBStore - TEMPORARY!!! url
117332 [main] INFO org.apache.gora.orientdb.store.OrientDBStore - Vertf: url
117332 [main] INFO org.apache.gora.orientdb.store.OrientDBStore - Field: url
117333 [main] INFO org.apache.gora.orientdb.store.OrientDBStore - TEMPORARY!! result!=null add to the persistent
117333 [main] INFO org.apache.gora.orientdb.store.OrientDBStore - TEMPORARY!!! content
117333 [main] INFO org.apache.gora.orientdb.store.OrientDBStore - Vertf: content
117333 [main] INFO org.apache.gora.orientdb.store.OrientDBStore - Field: content
117333 [main] INFO org.apache.gora.orientdb.store.OrientDBStore - TEMPORARY!!! parsedContent
117333 [main] INFO org.apache.gora.orientdb.store.OrientDBStore - Vertf: parsedContent
117333 [main] INFO org.apache.gora.orientdb.store.OrientDBStore - Field: parsedContent
117333 [main] INFO org.apache.gora.orientdb.store.OrientDBStore - TEMPORARY!! INside fromDBObject 
117334 [main] INFO org.apache.gora.orientdb.store.OrientDBStore - Temporary inside fromDBArray fields: parsedContent
117334 [main] INFO org.apache.gora.orientdb.store.OrientDBStore - TEMPORARY!! result!=null add to the persistent
117334 [main] INFO org.apache.gora.orientdb.store.OrientDBStore - TEMPORARY!!! outlinks
117334 [main] INFO org.apache.gora.orientdb.store.OrientDBStore - Vertf: outlinks
117334 [main] INFO org.apache.gora.orientdb.store.OrientDBStore - Field: outlinks
117335 [main] INFO org.apache.gora.orientdb.store.OrientDBStore - TEMPORARY!! result!=null add to the persistent
117335 [main] INFO org.apache.gora.orientdb.store.OrientDBStore - TEMPORARY!!! headers
117335 [main] INFO org.apache.gora.orientdb.store.OrientDBStore - Vertf: headers
117335 [main] INFO org.apache.gora.orientdb.store.OrientDBStore - Field: headers
117335 [main] INFO org.apache.gora.orientdb.store.OrientDBStore - TEMPORARY!!! metadata
117335 [main] INFO org.apache.gora.orientdb.store.OrientDBStore - Vertf: mt
117336 [main] INFO org.apache.gora.orientdb.store.OrientDBStore - Field: metadata
117336 [main] INFO org.apache.gora.orientdb.store.OrientDBStore - TEMPORARY!!!!  1
117336 [main] INFO org.apache.gora.orientdb.store.OrientDBStore - TEMPORARY!! result!=null add to the persistent
117337 [main] INFO org.apache.gora.orientdb.query.OrientDBResult - Retrieving record with key :http://foo.com/
117338 [main] INFO org.apache.gora.orientdb.store.OrientDBStore - TEMPORARY!!! url
117338 [main] INFO org.apache.gora.orientdb.store.OrientDBStore - Vertf: url
117338 [main] INFO org.apache.gora.orientdb.store.OrientDBStore - Field: url
117338 [main] INFO org.apache.gora.orientdb.store.OrientDBStore - TEMPORARY!! result!=null add to the persistent
117338 [main] INFO org.apache.gora.orientdb.store.OrientDBStore - TEMPORARY!!! content
117339 [main] INFO org.apache.gora.orientdb.store.OrientDBStore - Vertf: content
117339 [main] INFO org.apache.gora.orientdb.store.OrientDBStore - Field: content
117339 [main] INFO org.apache.gora.orientdb.store.OrientDBStore - TEMPORARY!! result!=null add to the persistent
117340 [main] INFO org.apache.gora.orientdb.store.OrientDBStore - TEMPORARY!!! parsedContent
117340 [main] INFO org.apache.gora.orientdb.store.OrientDBStore - Vertf: parsedContent
117340 [main] INFO org.apache.gora.orientdb.store.OrientDBStore - Field: parsedContent
117341 [main] INFO org.apache.gora.orientdb.store.OrientDBStore - TEMPORARY!! INside fromDBObject 
117341 [main] INFO org.apache.gora.orientdb.store.OrientDBStore - Temporary inside fromDBArray fields: parsedContent
117341 [main] INFO org.apache.gora.orientdb.store.OrientDBStore - TEMPORARY!! result!=null add to the persistent
117341 [main] INFO org.apache.gora.orientdb.store.OrientDBStore - TEMPORARY!!! outlinks
117342 [main] INFO org.apache.gora.orientdb.store.OrientDBStore - Vertf: outlinks
117342 [main] INFO org.apache.gora.orientdb.store.OrientDBStore - Field: outlinks
117342 [main] INFO org.apache.gora.orientdb.store.OrientDBStore - TEMPORARY!! result!=null add to the persistent
117342 [main] INFO org.apache.gora.orientdb.store.OrientDBStore - TEMPORARY!!! headers
117343 [main] INFO org.apache.gora.orientdb.store.OrientDBStore - Vertf: headers
117343 [main] INFO org.apache.gora.orientdb.store.OrientDBStore - Field: headers
117343 [main] INFO org.apache.gora.orientdb.store.OrientDBStore - TEMPORARY!!! metadata
117343 [main] INFO org.apache.gora.orientdb.store.OrientDBStore - Vertf: mt
117343 [main] INFO org.apache.gora.orientdb.store.OrientDBStore - Field: metadata
117344 [main] INFO org.apache.gora.orientdb.store.OrientDBStore - TEMPORARY!!!!  1
117344 [main] INFO org.apache.gora.orientdb.store.OrientDBStore - TEMPORARY!! result!=null add to the persistent
117344 [main] INFO org.apache.gora.orientdb.query.OrientDBResult - Retrieving record with key :http://foo.com/1.html
117346 [main] INFO org.apache.gora.orientdb.store.OrientDBStore - TEMPORARY!!! url
117346 [main] INFO org.apache.gora.orientdb.store.OrientDBStore - Vertf: url
117346 [main] INFO org.apache.gora.orientdb.store.OrientDBStore - Field: url
117346 [main] INFO org.apache.gora.orientdb.store.OrientDBStore - TEMPORARY!! result!=null add to the persistent
117346 [main] INFO org.apache.gora.orientdb.store.OrientDBStore - TEMPORARY!!! content
117347 [main] INFO org.apache.gora.orientdb.store.OrientDBStore - Vertf: content
117347 [main] INFO org.apache.gora.orientdb.store.OrientDBStore - Field: content
117347 [main] INFO org.apache.gora.orientdb.store.OrientDBStore - TEMPORARY!! result!=null add to the persistent
117347 [main] INFO org.apache.gora.orientdb.store.OrientDBStore - TEMPORARY!!! parsedContent
117347 [main] INFO org.apache.gora.orientdb.store.OrientDBStore - Vertf: parsedContent
117347 [main] INFO org.apache.gora.orientdb.store.OrientDBStore - Field: parsedContent
117347 [main] INFO org.apache.gora.orientdb.store.OrientDBStore - TEMPORARY!! INside fromDBObject 
117347 [main] INFO org.apache.gora.orientdb.store.OrientDBStore - Temporary inside fromDBArray fields: parsedContent
117347 [main] INFO org.apache.gora.orientdb.store.OrientDBStore - TEMPORARY!! result!=null add to the persistent
117348 [main] INFO org.apache.gora.orientdb.store.OrientDBStore - TEMPORARY!!! outlinks
117348 [main] INFO org.apache.gora.orientdb.store.OrientDBStore - Vertf: outlinks
117348 [main] INFO org.apache.gora.orientdb.store.OrientDBStore - Field: outlinks
117348 [main] INFO org.apache.gora.orientdb.store.OrientDBStore - TEMPORARY!!! headers
117348 [main] INFO org.apache.gora.orientdb.store.OrientDBStore - Vertf: headers
117348 [main] INFO org.apache.gora.orientdb.store.OrientDBStore - Field: headers
117348 [main] INFO org.apache.gora.orientdb.store.OrientDBStore - TEMPORARY!!! metadata
117348 [main] INFO org.apache.gora.orientdb.store.OrientDBStore - Vertf: mt
117348 [main] INFO org.apache.gora.orientdb.store.OrientDBStore - Field: metadata
117349 [main] INFO org.apache.gora.orientdb.store.OrientDBStore - TEMPORARY!!!!  1
117349 [main] INFO org.apache.gora.orientdb.store.OrientDBStore - TEMPORARY!! result!=null add to the persistent
117349 [main] INFO org.apache.gora.orientdb.query.OrientDBResult - Retrieving record with key :http://foo.com/2.html
120509 [main] ERROR org.apache.gora.orientdb.store.OrientDBStore - Error on freezing databaseError on committing distributed transaction
com.orientechnologies.orient.core.exception.OTransactionException: Error on committing distributed transaction
	at org.apache.gora.orientdb.store.OrientDBStore.flush(OrientDBStore.java:415)
	at org.apache.gora.store.DataStoreTestUtil.testDeleteByQuery(DataStoreTestUtil.java:982)
	at org.apache.gora.store.DataStoreTestBase.testDeleteByQuery(DataStoreTestBase.java:354)
	at sun.reflect.NativeMethodAccessorImpl.invoke0(Native Method)
	at sun.reflect.NativeMethodAccessorImpl.invoke(NativeMethodAccessorImpl.java:57)
	at sun.reflect.DelegatingMethodAccessorImpl.invoke(DelegatingMethodAccessorImpl.java:43)
	at java.lang.reflect.Method.invoke(Method.java:601)
	at org.junit.runners.model.FrameworkMethod$1.runReflectiveCall(FrameworkMethod.java:45)
	at org.junit.internal.runners.model.ReflectiveCallable.run(ReflectiveCallable.java:15)
	at org.junit.runners.model.FrameworkMethod.invokeExplosively(FrameworkMethod.java:42)
	at org.junit.internal.runners.statements.InvokeMethod.evaluate(InvokeMethod.java:20)
	at org.junit.internal.runners.statements.RunBefores.evaluate(RunBefores.java:28)
	at org.junit.internal.runners.statements.RunAfters.evaluate(RunAfters.java:30)
	at org.junit.runners.ParentRunner.runLeaf(ParentRunner.java:263)
	at org.junit.runners.BlockJUnit4ClassRunner.runChild(BlockJUnit4ClassRunner.java:68)
	at org.junit.runners.BlockJUnit4ClassRunner.runChild(BlockJUnit4ClassRunner.java:47)
	at org.junit.runners.ParentRunner$3.run(ParentRunner.java:231)
	at org.junit.runners.ParentRunner$1.schedule(ParentRunner.java:60)
	at org.junit.runners.ParentRunner.runChildren(ParentRunner.java:229)
	at org.junit.runners.ParentRunner.access$000(ParentRunner.java:50)
	at org.junit.runners.ParentRunner$2.evaluate(ParentRunner.java:222)
	at org.junit.internal.runners.statements.RunBefores.evaluate(RunBefores.java:28)
	at org.junit.internal.runners.statements.RunAfters.evaluate(RunAfters.java:30)
	at org.junit.runners.ParentRunner.run(ParentRunner.java:300)
	at org.apache.maven.surefire.junit4.JUnit4Provider.execute(JUnit4Provider.java:236)
	at org.apache.maven.surefire.junit4.JUnit4Provider.executeTestSet(JUnit4Provider.java:134)
	at org.apache.maven.surefire.junit4.JUnit4Provider.invoke(JUnit4Provider.java:113)
	at sun.reflect.NativeMethodAccessorImpl.invoke0(Native Method)
	at sun.reflect.NativeMethodAccessorImpl.invoke(NativeMethodAccessorImpl.java:57)
	at sun.reflect.DelegatingMethodAccessorImpl.invoke(DelegatingMethodAccessorImpl.java:43)
	at java.lang.reflect.Method.invoke(Method.java:601)
	at org.apache.maven.surefire.util.ReflectionUtils.invokeMethodWithArray(ReflectionUtils.java:189)
	at org.apache.maven.surefire.booter.ProviderFactory$ProviderProxy.invoke(ProviderFactory.java:165)
	at org.apache.maven.surefire.booter.ProviderFactory.invokeProvider(ProviderFactory.java:85)
	at org.apache.maven.surefire.booter.ForkedBooter.runSuitesInProcess(ForkedBooter.java:103)
	at org.apache.maven.surefire.booter.ForkedBooter.main(ForkedBooter.java:74)
Caused by: com.orientechnologies.orient.core.exception.ODatabaseException: Error on retrieving record #24:32 (cluster: webpage_0)
	at com.orientechnologies.orient.core.db.document.ODatabaseDocumentTx.executeReadRecord(ODatabaseDocumentTx.java:1606)
	at com.orientechnologies.orient.core.tx.OTransactionOptimistic.loadRecord(OTransactionOptimistic.java:226)
	at com.orientechnologies.orient.core.db.document.ODatabaseDocumentTx.load(ODatabaseDocumentTx.java:1425)
	at com.orientechnologies.orient.server.distributed.task.ODeleteRecordTask.execute(ODeleteRecordTask.java:67)
	at com.orientechnologies.orient.server.distributed.task.OTxTask.execute(OTxTask.java:109)
	at com.orientechnologies.orient.server.hazelcast.OHazelcastPlugin.executeOnLocalNode(OHazelcastPlugin.java:757)
	at com.orientechnologies.orient.server.hazelcast.ODistributedWorker.onMessage(ODistributedWorker.java:300)
	at com.orientechnologies.orient.server.hazelcast.ODistributedWorker.run(ODistributedWorker.java:121)
Caused by: com.orientechnologies.orient.server.distributed.ODistributedException: Error on executing distributed request (id=3209 from=node2 task=record_read userName=) against database &apos;testDB.[webpage_0]&apos; to nodes [node1]
	at com.orientechnologies.orient.server.hazelcast.OHazelcastDistributedDatabase.send2Nodes(OHazelcastDistributedDatabase.java:194)
	at com.orientechnologies.orient.server.hazelcast.OHazelcastPlugin.sendRequest(OHazelcastPlugin.java:350)
	at com.orientechnologies.orient.server.distributed.ODistributedStorage.readRecord(ODistributedStorage.java:551)
	at com.orientechnologies.orient.core.db.document.ODatabaseDocumentTx.executeReadRecord(ODatabaseDocumentTx.java:1573)
	... 7 more
Caused by: com.orientechnologies.orient.server.distributed.ODistributedException: Quorum 1 not reached for request (id=3209 from=node2 task=record_read userName=). Timeout=3012ms No server in conflict. Received: {node1=waiting-for-response}
	at com.orientechnologies.orient.server.distributed.ODistributedResponseManager.manageConflicts(ODistributedResponseManager.java:576)
	at com.orientechnologies.orient.server.distributed.ODistributedResponseManager.getFinalResponse(ODistributedResponseManager.java:340)
	at com.orientechnologies.orient.server.hazelcast.OHazelcastDistributedDatabase.waitForResponse(OHazelcastDistributedDatabase.java:364)
	at com.orientechnologies.orient.server.hazelcast.OHazelcastDistributedDatabase.send2Nodes(OHazelcastDistributedDatabase.java:191)
	... 10 more
120648 [main] INFO org.apache.gora.orientdb.store.OrientDBStore - TEMPORARY!!! url
120649 [main] INFO org.apache.gora.orientdb.store.OrientDBStore - Vertf: url
120649 [main] INFO org.apache.gora.orientdb.store.OrientDBStore - Field: url
120649 [main] INFO org.apache.gora.orientdb.store.OrientDBStore - TEMPORARY!! result!=null add to the persistent
120649 [main] INFO org.apache.gora.orientdb.store.OrientDBStore - TEMPORARY!!! content
120649 [main] INFO org.apache.gora.orientdb.store.OrientDBStore - Vertf: content
120649 [main] INFO org.apache.gora.orientdb.store.OrientDBStore - Field: content
120649 [main] INFO org.apache.gora.orientdb.store.OrientDBStore - TEMPORARY!! result!=null add to the persistent
120649 [main] INFO org.apache.gora.orientdb.store.OrientDBStore - TEMPORARY!!! parsedContent
120650 [main] INFO org.apache.gora.orientdb.store.OrientDBStore - Vertf: parsedContent
120650 [main] INFO org.apache.gora.orientdb.store.OrientDBStore - Field: parsedContent
120650 [main] INFO org.apache.gora.orientdb.store.OrientDBStore - TEMPORARY!! INside fromDBObject 
120650 [main] INFO org.apache.gora.orientdb.store.OrientDBStore - Temporary inside fromDBArray fields: parsedContent
120650 [main] INFO org.apache.gora.orientdb.store.OrientDBStore - TEMPORARY!! result!=null add to the persistent
120650 [main] INFO org.apache.gora.orientdb.store.OrientDBStore - TEMPORARY!!! outlinks
120650 [main] INFO org.apache.gora.orientdb.store.OrientDBStore - Vertf: outlinks
120650 [main] INFO org.apache.gora.orientdb.store.OrientDBStore - Field: outlinks
120651 [main] INFO org.apache.gora.orientdb.store.OrientDBStore - TEMPORARY!! result!=null add to the persistent
120651 [main] INFO org.apache.gora.orientdb.store.OrientDBStore - TEMPORARY!!! headers
120651 [main] INFO org.apache.gora.orientdb.store.OrientDBStore - Vertf: headers
120651 [main] INFO org.apache.gora.orientdb.store.OrientDBStore - Field: headers
120651 [main] INFO org.apache.gora.orientdb.store.OrientDBStore - TEMPORARY!!! metadata
120652 [main] INFO org.apache.gora.orientdb.store.OrientDBStore - Vertf: mt
120652 [main] INFO org.apache.gora.orientdb.store.OrientDBStore - Field: metadata
120654 [main] INFO org.apache.gora.orientdb.store.OrientDBStore - TEMPORARY!!!!  1
120655 [main] INFO org.apache.gora.orientdb.store.OrientDBStore - TEMPORARY!! result!=null add to the persistent
120655 [main] INFO org.apache.gora.orientdb.query.OrientDBResult - Retrieving record with key :http://bar.com/
120655 [main] INFO org.apache.gora.orientdb.store.OrientDBStore - TEMPORARY!!! url
120655 [main] INFO org.apache.gora.orientdb.store.OrientDBStore - Vertf: url
120656 [main] INFO org.apache.gora.orientdb.store.OrientDBStore - Field: url
120656 [main] INFO org.apache.gora.orientdb.store.OrientDBStore - TEMPORARY!! result!=null add to the persistent
120656 [main] INFO org.apache.gora.orientdb.store.OrientDBStore - TEMPORARY!!! content
120656 [main] INFO org.apache.gora.orientdb.store.OrientDBStore - Vertf: content
120656 [main] INFO org.apache.gora.orientdb.store.OrientDBStore - Field: content
120656 [main] INFO org.apache.gora.orientdb.store.OrientDBStore - TEMPORARY!! result!=null add to the persistent
120656 [main] INFO org.apache.gora.orientdb.store.OrientDBStore - TEMPORARY!!! parsedContent
120657 [main] INFO org.apache.gora.orientdb.store.OrientDBStore - Vertf: parsedContent
120657 [main] INFO org.apache.gora.orientdb.store.OrientDBStore - Field: parsedContent
120657 [main] INFO org.apache.gora.orientdb.store.OrientDBStore - TEMPORARY!! INside fromDBObject 
120657 [main] INFO org.apache.gora.orientdb.store.OrientDBStore - Temporary inside fromDBArray fields: parsedContent
120657 [main] INFO org.apache.gora.orientdb.store.OrientDBStore - TEMPORARY!! result!=null add to the persistent
120657 [main] INFO org.apache.gora.orientdb.store.OrientDBStore - TEMPORARY!!! outlinks
120657 [main] INFO org.apache.gora.orientdb.store.OrientDBStore - Vertf: outlinks
120657 [main] INFO org.apache.gora.orientdb.store.OrientDBStore - Field: outlinks
120658 [main] INFO org.apache.gora.orientdb.store.OrientDBStore - TEMPORARY!! result!=null add to the persistent
120658 [main] INFO org.apache.gora.orientdb.store.OrientDBStore - TEMPORARY!!! headers
120658 [main] INFO org.apache.gora.orientdb.store.OrientDBStore - Vertf: headers
120658 [main] INFO org.apache.gora.orientdb.store.OrientDBStore - Field: headers
[...]
120672 [main] INFO org.apache.gora.orientdb.store.OrientDBStore - TEMPORARY!! result!=null add to the persistent
120672 [main] INFO org.apache.gora.orientdb.store.OrientDBStore - TEMPORARY!!! outlinks
120673 [main] INFO org.apache.gora.orientdb.store.OrientDBStore - Vertf: outlinks
120673 [main] INFO org.apache.gora.orientdb.store.OrientDBStore - Field: outlinks
120673 [main] INFO org.apache.gora.orientdb.store.OrientDBStore - TEMPORARY!! result!=null add to the persistent
120673 [main] INFO org.apache.gora.orientdb.store.OrientDBStore - TEMPORARY!!! headers
120673 [main] INFO org.apache.gora.orientdb.store.OrientDBStore - Vertf: headers
120673 [main] INFO org.apache.gora.orientdb.store.OrientDBStore - Field: headers
120673 [main] INFO org.apache.gora.orientdb.store.OrientDBStore - TEMPORARY!!! metadata
120674 [main] INFO org.apache.gora.orientdb.store.OrientDBStore - Vertf: mt
120674 [main] INFO org.apache.gora.orientdb.store.OrientDBStore - Field: metadata
120676 [main] INFO org.apache.gora.orientdb.store.OrientDBStore - TEMPORARY!!!!  1
120677 [main] INFO org.apache.gora.orientdb.store.OrientDBStore - TEMPORARY!! result!=null add to the persistent
120677 [main] INFO org.apache.gora.orientdb.query.OrientDBResult - Retrieving record with key :http://bar.com/3.jsp
120678 [main] INFO org.apache.gora.orientdb.store.OrientDBStore - TEMPORARY!!! url
120678 [main] INFO org.apache.gora.orientdb.store.OrientDBStore - Vertf: url
120678 [main] INFO org.apache.gora.orientdb.store.OrientDBStore - Field: url
120678 [main] INFO org.apache.gora.orientdb.store.OrientDBStore - TEMPORARY!! result!=null add to the persistent
120678 [main] INFO org.apache.gora.orientdb.store.OrientDBStore - TEMPORARY!!! content
120678 [main] INFO org.apache.gora.orientdb.store.OrientDBStore - Vertf: content
120678 [main] INFO org.apache.gora.orientdb.store.OrientDBStore - Field: content
120678 [main] INFO org.apache.gora.orientdb.store.OrientDBStore - TEMPORARY!! result!=null add to the persistent
120679 [main] INFO org.apache.gora.orientdb.store.OrientDBStore - TEMPORARY!!! parsedContent
120679 [main] INFO org.apache.gora.orientdb.store.OrientDBStore - Vertf: parsedContent
120679 [main] INFO org.apache.gora.orientdb.store.OrientDBStore - Field: parsedContent
120679 [main] INFO org.apache.gora.orientdb.store.OrientDBStore - TEMPORARY!! INside fromDBObject 
120679 [main] INFO org.apache.gora.orientdb.store.OrientDBStore - Temporary inside fromDBArray fields: parsedContent
120679 [main] INFO org.apache.gora.orientdb.store.OrientDBStore - TEMPORARY!! result!=null add to the persistent
120679 [main] INFO org.apache.gora.orientdb.store.OrientDBStore - TEMPORARY!!! outlinks
120679 [main] INFO org.apache.gora.orientdb.store.OrientDBStore - Vertf: outlinks
120679 [main] INFO org.apache.gora.orientdb.store.OrientDBStore - Field: outlinks
120680 [main] INFO org.apache.gora.orientdb.store.OrientDBStore - TEMPORARY!! result!=null add to the persistent
120680 [main] INFO org.apache.gora.orientdb.store.OrientDBStore - TEMPORARY!!! headers
120680 [main] INFO org.apache.gora.orientdb.store.OrientDBStore - Vertf: headers
120680 [main] INFO org.apache.gora.orientdb.store.OrientDBStore - Field: headers
120680 [main] INFO org.apache.gora.orientdb.store.OrientDBStore - TEMPORARY!!! metadata
120680 [main] INFO org.apache.gora.orientdb.store.OrientDBStore - Vertf: mt
120680 [main] INFO org.apache.gora.orientdb.store.OrientDBStore - Field: metadata
120693 [main] INFO org.apache.gora.orientdb.store.OrientDBStore - TEMPORARY!!!!  1
120694 [main] INFO org.apache.gora.orientdb.store.OrientDBStore - TEMPORARY!! result!=null add to the persistent
120694 [main] INFO org.apache.gora.orientdb.query.OrientDBResult - Retrieving record with key :http://baz.com/1.jsp&amp;q=barbaz
120695 [main] INFO org.apache.gora.orientdb.store.OrientDBStore - TEMPORARY!!! url
120695 [main] INFO org.apache.gora.orientdb.store.OrientDBStore - Vertf: url
120695 [main] INFO org.apache.gora.orientdb.store.OrientDBStore - Field: url
120695 [main] INFO org.apache.gora.orientdb.store.OrientDBStore - TEMPORARY!! result!=null add to the persistent
120695 [main] INFO org.apache.gora.orientdb.store.OrientDBStore - TEMPORARY!!! content
120695 [main] INFO org.apache.gora.orientdb.store.OrientDBStore - Vertf: content
120695 [main] INFO org.apache.gora.orientdb.store.OrientDBStore - Field: content
120695 [main] INFO org.apache.gora.orientdb.store.OrientDBStore - TEMPORARY!! result!=null add to the persistent
120696 [main] INFO org.apache.gora.orientdb.store.OrientDBStore - TEMPORARY!!! parsedContent
120696 [main] INFO org.apache.gora.orientdb.store.OrientDBStore - Vertf: parsedContent
120696 [main] INFO org.apache.gora.orientdb.store.OrientDBStore - Field: parsedContent
120696 [main] INFO org.apache.gora.orientdb.store.OrientDBStore - TEMPORARY!! INside fromDBObject 
120696 [main] INFO org.apache.gora.orientdb.store.OrientDBStore - Temporary inside fromDBArray fields: parsedContent
120696 [main] INFO org.apache.gora.orientdb.store.OrientDBStore - TEMPORARY!! result!=null add to the persistent
120696 [main] INFO org.apache.gora.orientdb.store.OrientDBStore - TEMPORARY!!! outlinks
120696 [main] INFO org.apache.gora.orientdb.store.OrientDBStore - Vertf: outlinks
120696 [main] INFO org.apache.gora.orientdb.store.OrientDBStore - Field: outlinks
120697 [main] INFO org.apache.gora.orientdb.store.OrientDBStore - TEMPORARY!! result!=null add to the persistent
120697 [main] INFO org.apache.gora.orientdb.store.OrientDBStore - TEMPORARY!!! headers
120697 [main] INFO org.apache.gora.orientdb.store.OrientDBStore - Vertf: headers
120697 [main] INFO org.apache.gora.orientdb.store.OrientDBStore - Field: headers
120697 [main] INFO org.apache.gora.orientdb.store.OrientDBStore - TEMPORARY!!! metadata
120697 [main] INFO org.apache.gora.orientdb.store.OrientDBStore - Vertf: mt
120697 [main] INFO org.apache.gora.orientdb.store.OrientDBStore - Field: metadata
120700 [main] INFO org.apache.gora.orientdb.store.OrientDBStore - TEMPORARY!!!!  1
120700 [main] INFO org.apache.gora.orientdb.store.OrientDBStore - TEMPORARY!! result!=null add to the persistent
120700 [main] INFO org.apache.gora.orientdb.query.OrientDBResult - Retrieving record with key :http://baz.com/1.jsp&amp;q=barbaz&amp;p=foo
120701 [main] INFO org.apache.gora.orientdb.store.OrientDBStore - TEMPORARY!!! url
120701 [main] INFO org.apache.gora.orientdb.store.OrientDBStore - Vertf: url
120701 [main] INFO org.apache.gora.orientdb.store.OrientDBStore - Field: url
120701 [main] INFO org.apache.gora.orientdb.store.OrientDBStore - TEMPORARY!! result!=null add to the persistent
120701 [main] INFO org.apache.gora.orientdb.store.OrientDBStore - TEMPORARY!!! content
120702 [main] INFO org.apache.gora.orientdb.store.OrientDBStore - Vertf: content
120702 [main] INFO org.apache.gora.orientdb.store.OrientDBStore - Field: content
120702 [main] INFO org.apache.gora.orientdb.store.OrientDBStore - TEMPORARY!! result!=null add to the persistent
120702 [main] INFO org.apache.gora.orientdb.store.OrientDBStore - TEMPORARY!!! parsedContent
120702 [main] INFO org.apache.gora.orientdb.store.OrientDBStore - Vertf: parsedContent
120702 [main] INFO org.apache.gora.orientdb.store.OrientDBStore - Field: parsedContent
120702 [main] INFO org.apache.gora.orientdb.store.OrientDBStore - TEMPORARY!! INside fromDBObject 
120702 [main] INFO org.apache.gora.orientdb.store.OrientDBStore - Temporary inside fromDBArray fields: parsedContent
120703 [main] INFO org.apache.gora.orientdb.store.OrientDBStore - TEMPORARY!! result!=null add to the persistent
120703 [main] INFO org.apache.gora.orientdb.store.OrientDBStore - TEMPORARY!!! outlinks
120703 [main] INFO org.apache.gora.orientdb.store.OrientDBStore - Vertf: outlinks
120703 [main] INFO org.apache.gora.orientdb.store.OrientDBStore - Field: outlinks
120703 [main] INFO org.apache.gora.orientdb.store.OrientDBStore - TEMPORARY!! result!=null add to the persistent
120703 [main] INFO org.apache.gora.orientdb.store.OrientDBStore - TEMPORARY!!! headers
120703 [main] INFO org.apache.gora.orientdb.store.OrientDBStore - Vertf: headers
120703 [main] INFO org.apache.gora.orientdb.store.OrientDBStore - Field: headers
120704 [main] INFO org.apache.gora.orientdb.store.OrientDBStore - TEMPORARY!!! metadata
120704 [main] INFO org.apache.gora.orientdb.store.OrientDBStore - Vertf: mt
120704 [main] INFO org.apache.gora.orientdb.store.OrientDBStore - Field: metadata
120715 [main] INFO org.apache.gora.orientdb.store.OrientDBStore - TEMPORARY!!!!  1
120716 [main] INFO org.apache.gora.orientdb.store.OrientDBStore - TEMPORARY!! result!=null add to the persistent
120716 [main] INFO org.apache.gora.orientdb.query.OrientDBResult - Retrieving record with key :http://baz.com/1.jsp&amp;q=foo
120717 [main] INFO org.apache.gora.orientdb.store.OrientDBStore - TEMPORARY!!! url
120717 [main] INFO org.apache.gora.orientdb.store.OrientDBStore - Vertf: url
120717 [main] INFO org.apache.gora.orientdb.store.OrientDBStore - Field: url
120717 [main] INFO org.apache.gora.orientdb.store.OrientDBStore - TEMPORARY!! result!=null add to the persistent
120717 [main] INFO org.apache.gora.orientdb.store.OrientDBStore - TEMPORARY!!! content
120717 [main] INFO org.apache.gora.orientdb.store.OrientDBStore - Vertf: content
120717 [main] INFO org.apache.gora.orientdb.store.OrientDBStore - Field: content
120718 [main] INFO org.apache.gora.orientdb.store.OrientDBStore - TEMPORARY!! result!=null add to the persistent
120718 [main] INFO org.apache.gora.orientdb.store.OrientDBStore - TEMPORARY!!! parsedContent
120718 [main] INFO org.apache.gora.orientdb.store.OrientDBStore - Vertf: parsedContent
120718 [main] INFO org.apache.gora.orientdb.store.OrientDBStore - Field: parsedContent
120718 [main] INFO org.apache.gora.orientdb.store.OrientDBStore - TEMPORARY!! INside fromDBObject 
120718 [main] INFO org.apache.gora.orientdb.store.OrientDBStore - Temporary inside fromDBArray fields: parsedContent
120718 [main] INFO org.apache.gora.orientdb.store.OrientDBStore - TEMPORARY!! result!=null add to the persistent
120719 [main] INFO org.apache.gora.orientdb.store.OrientDBStore - TEMPORARY!!! outlinks
120719 [main] INFO org.apache.gora.orientdb.store.OrientDBStore - Vertf: outlinks
120719 [main] INFO org.apache.gora.orientdb.store.OrientDBStore - Field: outlinks
120719 [main] INFO org.apache.gora.orientdb.store.OrientDBStore - TEMPORARY!! result!=null add to the persistent
120719 [main] INFO org.apache.gora.orientdb.store.OrientDBStore - TEMPORARY!!! headers
120719 [main] INFO org.apache.gora.orientdb.store.OrientDBStore - Vertf: headers
120719 [main] INFO org.apache.gora.orientdb.store.OrientDBStore - Field: headers
120720 [main] INFO org.apache.gora.orientdb.store.OrientDBStore - TEMPORARY!!! metadata
120720 [main] INFO org.apache.gora.orientdb.store.OrientDBStore - Vertf: mt
120720 [main] INFO org.apache.gora.orientdb.store.OrientDBStore - Field: metadata
120722 [main] INFO org.apache.gora.orientdb.store.OrientDBStore - TEMPORARY!!!!  1
120723 [main] INFO org.apache.gora.orientdb.store.OrientDBStore - TEMPORARY!! result!=null add to the persistent
120723 [main] INFO org.apache.gora.orientdb.query.OrientDBResult - Retrieving record with key :http://bazbar.com
120724 [main] INFO org.apache.gora.orientdb.store.OrientDBStore - TEMPORARY!!! url
120724 [main] INFO org.apache.gora.orientdb.store.OrientDBStore - Vertf: url
120724 [main] INFO org.apache.gora.orientdb.store.OrientDBStore - Field: url
120724 [main] INFO org.apache.gora.orientdb.store.OrientDBStore - TEMPORARY!! result!=null add to the persistent
120724 [main] INFO org.apache.gora.orientdb.store.OrientDBStore - TEMPORARY!!! content
120724 [main] INFO org.apache.gora.orientdb.store.OrientDBStore - Vertf: content
120724 [main] INFO org.apache.gora.orientdb.store.OrientDBStore - Field: content
120724 [main] INFO org.apache.gora.orientdb.store.OrientDBStore - TEMPORARY!!! parsedContent
120725 [main] INFO org.apache.gora.orientdb.store.OrientDBStore - Vertf: parsedContent
120725 [main] INFO org.apache.gora.orientdb.store.OrientDBStore - Field: parsedContent
120725 [main] INFO org.apache.gora.orientdb.store.OrientDBStore - TEMPORARY!! INside fromDBObject 
120725 [main] INFO org.apache.gora.orientdb.store.OrientDBStore - Temporary inside fromDBArray fields: parsedContent
120725 [main] INFO org.apache.gora.orientdb.store.OrientDBStore - TEMPORARY!! result!=null add to the persistent
120725 [main] INFO org.apache.gora.orientdb.store.OrientDBStore - TEMPORARY!!! outlinks
120725 [main] INFO org.apache.gora.orientdb.store.OrientDBStore - Vertf: outlinks
120725 [main] INFO org.apache.gora.orientdb.store.OrientDBStore - Field: outlinks
120726 [main] INFO org.apache.gora.orientdb.store.OrientDBStore - TEMPORARY!! result!=null add to the persistent
120726 [main] INFO org.apache.gora.orientdb.store.OrientDBStore - TEMPORARY!!! headers
120726 [main] INFO org.apache.gora.orientdb.store.OrientDBStore - Vertf: headers
120726 [main] INFO org.apache.gora.orientdb.store.OrientDBStore - Field: headers
120726 [main] INFO org.apache.gora.orientdb.store.OrientDBStore - TEMPORARY!!! metadata
120727 [main] INFO org.apache.gora.orientdb.store.OrientDBStore - Vertf: mt
120727 [main] INFO org.apache.gora.orientdb.store.OrientDBStore - Field: metadata
120739 [main] INFO org.apache.gora.orientdb.store.OrientDBStore - TEMPORARY!!!!  1
120739 [main] INFO org.apache.gora.orientdb.store.OrientDBStore - TEMPORARY!! result!=null add to the persistent
120739 [main] INFO org.apache.gora.orientdb.query.OrientDBResult - Retrieving record with key :http://foo.com/
120740 [main] INFO org.apache.gora.orientdb.store.OrientDBStore - TEMPORARY!!! url
120740 [main] INFO org.apache.gora.orientdb.store.OrientDBStore - Vertf: url
120740 [main] INFO org.apache.gora.orientdb.store.OrientDBStore - Field: url
120740 [main] INFO org.apache.gora.orientdb.store.OrientDBStore - TEMPORARY!! result!=null add to the persistent
120741 [main] INFO org.apache.gora.orientdb.store.OrientDBStore - TEMPORARY!!! content
120741 [main] INFO org.apache.gora.orientdb.store.OrientDBStore - Vertf: content
120741 [main] INFO org.apache.gora.orientdb.store.OrientDBStore - Field: content
120741 [main] INFO org.apache.gora.orientdb.store.OrientDBStore - TEMPORARY!! result!=null add to the persistent
120741 [main] INFO org.apache.gora.orientdb.store.OrientDBStore - TEMPORARY!!! parsedContent
120741 [main] INFO org.apache.gora.orientdb.store.OrientDBStore - Vertf: parsedContent
120741 [main] INFO org.apache.gora.orientdb.store.OrientDBStore - Field: parsedContent
120741 [main] INFO org.apache.gora.orientdb.store.OrientDBStore - TEMPORARY!! INside fromDBObject 
120742 [main] INFO org.apache.gora.orientdb.store.OrientDBStore - Temporary inside fromDBArray fields: parsedContent
120742 [main] INFO org.apache.gora.orientdb.store.OrientDBStore - TEMPORARY!! result!=null add to the persistent
120742 [main] INFO org.apache.gora.orientdb.store.OrientDBStore - TEMPORARY!!! outlinks
120742 [main] INFO org.apache.gora.orientdb.store.OrientDBStore - Vertf: outlinks
120742 [main] INFO org.apache.gora.orientdb.store.OrientDBStore - Field: outlinks
120743 [main] INFO org.apache.gora.orientdb.store.OrientDBStore - TEMPORARY!! result!=null add to the persistent
120743 [main] INFO org.apache.gora.orientdb.store.OrientDBStore - TEMPORARY!!! headers
120743 [main] INFO org.apache.gora.orientdb.store.OrientDBStore - Vertf: headers
120743 [main] INFO org.apache.gora.orientdb.store.OrientDBStore - Field: headers
120743 [main] INFO org.apache.gora.orientdb.store.OrientDBStore - TEMPORARY!!! metadata
120743 [main] INFO org.apache.gora.orientdb.store.OrientDBStore - Vertf: mt
120743 [main] INFO org.apache.gora.orientdb.store.OrientDBStore - Field: metadata
120746 [main] INFO org.apache.gora.orientdb.store.OrientDBStore - TEMPORARY!!!!  1
120747 [main] INFO org.apache.gora.orientdb.store.OrientDBStore - TEMPORARY!! result!=null add to the persistent
120747 [main] INFO org.apache.gora.orientdb.query.OrientDBResult - Retrieving record with key :http://foo.com/1.html
120748 [main] INFO org.apache.gora.orientdb.store.OrientDBStore - TEMPORARY!!! url
120748 [main] INFO org.apache.gora.orientdb.store.OrientDBStore - Vertf: url
120748 [main] INFO org.apache.gora.orientdb.store.OrientDBStore - Field: url
120749 [main] INFO org.apache.gora.orientdb.store.OrientDBStore - TEMPORARY!! result!=null add to the persistent
120749 [main] INFO org.apache.gora.orientdb.store.OrientDBStore - TEMPORARY!!! content
120749 [main] INFO org.apache.gora.orientdb.store.OrientDBStore - Vertf: content
120749 [main] INFO org.apache.gora.orientdb.store.OrientDBStore - Field: content
120750 [main] INFO org.apache.gora.orientdb.store.OrientDBStore - TEMPORARY!! result!=null add to the persistent
120750 [main] INFO org.apache.gora.orientdb.store.OrientDBStore - TEMPORARY!!! parsedContent
120750 [main] INFO org.apache.gora.orientdb.store.OrientDBStore - Vertf: parsedContent
120750 [main] INFO org.apache.gora.orientdb.store.OrientDBStore - Field: parsedContent
120751 [main] INFO org.apache.gora.orientdb.store.OrientDBStore - TEMPORARY!! INside fromDBObject 
120751 [main] INFO org.apache.gora.orientdb.store.OrientDBStore - Temporary inside fromDBArray fields: parsedContent
120751 [main] INFO org.apache.gora.orientdb.store.OrientDBStore - TEMPORARY!! result!=null add to the persistent
120751 [main] INFO org.apache.gora.orientdb.store.OrientDBStore - TEMPORARY!!! outlinks
120751 [main] INFO org.apache.gora.orientdb.store.OrientDBStore - Vertf: outlinks
120752 [main] INFO org.apache.gora.orientdb.store.OrientDBStore - Field: outlinks
120752 [main] INFO org.apache.gora.orientdb.store.OrientDBStore - TEMPORARY!!! headers
120752 [main] INFO org.apache.gora.orientdb.store.OrientDBStore - Vertf: headers
120752 [main] INFO org.apache.gora.orientdb.store.OrientDBStore - Field: headers
120752 [main] INFO org.apache.gora.orientdb.store.OrientDBStore - TEMPORARY!!! metadata
120752 [main] INFO org.apache.gora.orientdb.store.OrientDBStore - Vertf: mt
120752 [main] INFO org.apache.gora.orientdb.store.OrientDBStore - Field: metadata
120766 [main] INFO org.apache.gora.orientdb.store.OrientDBStore - TEMPORARY!!!!  1
120767 [main] INFO org.apache.gora.orientdb.store.OrientDBStore - TEMPORARY!! result!=null add to the persistent
120767 [main] INFO org.apache.gora.orientdb.query.OrientDBResult - Retrieving record with key :http://foo.com/2.html
120768 [main] INFO org.apache.gora.store.DataStoreTestBase - tearing down test
</system-err>
  </testcase>
  <testcase time="6.965" classname="org.apache.gora.orientdb.store.OrientDBStore_Test" name="testQueryWebPageSingleKey"/>
  <testcase time="11.026" classname="org.apache.gora.orientdb.store.OrientDBStore_Test" name="testQueryKeyRange"/>
  <testcase time="6.841" classname="org.apache.gora.orientdb.store.OrientDBStore_Test" name="testGetPartitions"/>
  <testcase time="6.265" classname="org.apache.gora.orientdb.store.OrientDBStore_Test" name="testQueryWebPageSingleKeyDefaultFields"/>
  <testcase time="5.547" classname="org.apache.gora.orientdb.store.OrientDBStore_Test" name="testGet"/>
  <testcase time="5.107" classname="org.apache.gora.orientdb.store.OrientDBStore_Test" name="testUpdate"/>
  <testcase time="5.021" classname="org.apache.gora.orientdb.store.OrientDBStore_Test" name="testPut"/>
  <testcase time="4.878" classname="org.apache.gora.orientdb.store.OrientDBStore_Test" name="testPutArray"/>
  <testcase time="4.932" classname="org.apache.gora.orientdb.store.OrientDBStore_Test" name="testPutBytes"/>
  <testcase time="6.258" classname="org.apache.gora.orientdb.store.OrientDBStore_Test" name="testPutMap"/>
  <testcase time="6.409" classname="org.apache.gora.orientdb.store.OrientDBStore_Test" name="testQuery"/>
  <testcase time="8.066" classname="org.apache.gora.orientdb.store.OrientDBStore_Test" name="testDelete"/>
</testsuite>